Log file open, 08/18/16 14:43:42
LogInit:Display: Running engine for game: ProjectOne
LogPlatformFile: Not using cached read wrapper
LogInit:Display: RandInit(1680655291) SRandInit(1680655293).
LogTaskGraph: Started task graph with 4 named threads and 7 total threads.
LogStats: Stats thread started at 0.082409
LogInit: Version: 4.11.2-2946394+++UE4+Release-4.11
LogInit: API Version: 2927265
LogInit: Compiled (64-bit): Apr 18 2016 02:18:46
LogInit: Compiled with Visual C++: 19.00.23026.00
LogInit: Build Configuration: Development
LogInit: Branch Name: ++UE4+Release-4.11
LogInit: Command line:  /Temp/Autosaves/Game/Levels/UEDPCOverworldLevel -game -PIEVIACONSOLE -ResX=1280 -ResY=720  -Multiprocess -messaging -SessionName="Play in Standalone Game" 
LogInit: Base directory: C:/Program Files/Epic Games/4.11/Engine/Binaries/Win64/
LogInit: Installed Engine Build: 1
LogInit: Using libcurl 7.41.0
LogInit:  - built for x86_64-pc-win32
LogInit:  - supports SSL with WinSSL
LogInit:  - other features:
LogInit:      CURL_VERSION_SSL
LogInit:      CURL_VERSION_IPV6
LogInit:      CURL_VERSION_ASYNCHDNS
LogInit:      CURL_VERSION_LARGEFILE
LogInit:      CURL_VERSION_IDN
LogInit:  CurlRequestOptions (configurable via config and command line):
LogInit:  - bVerifyPeer = true  - Libcurl will verify peer certificate
LogInit:  - bUseHttpProxy = false  - Libcurl will NOT use HTTP proxy
LogInit:  - bDontReuseConnections = false  - Libcurl will reuse connections
LogInit:  - CertBundlePath = nullptr  - Libcurl will use whatever was configured at build time.
LogInit: Presizing for max 16777216 objects, including 0 objects not considered by GC, pre-allocating 0 bytes for permanent pool.
LogInit: Object subsystem initialized
[2016.08.18-18.43.42:524][  0]LogInit: Selected Device Profile: [Windows]
[2016.08.18-18.43.42:524][  0]LogInit: Applying CVar settings loaded from the selected device profile: [Windows]
[2016.08.18-18.43.42:541][  0]LogInit: Computer: FAHAD-PC
[2016.08.18-18.43.42:541][  0]LogInit: User: Fahad
[2016.08.18-18.43.42:541][  0]LogInit: CPU Page size=65536, Cores=4
[2016.08.18-18.43.42:541][  0]LogInit: High frequency timer resolution =3.215352 MHz
[2016.08.18-18.43.42:541][  0]LogMemory: Memory total: Physical=8.0GB (8GB approx)
[2016.08.18-18.43.42:541][  0]LogMemory: Platform Memory Stats for Windows
[2016.08.18-18.43.42:541][  0]LogMemory: Process Physical Memory: 313.47 MB used, 313.47 MB peak
[2016.08.18-18.43.42:541][  0]LogMemory: Process Virtual Memory: 315.82 MB used, 315.82 MB peak
[2016.08.18-18.43.42:541][  0]LogMemory: Physical Memory: 7031.42 MB used, 8174.67 MB total
[2016.08.18-18.43.42:541][  0]LogMemory: Virtual Memory: 652.82 MB used, 134217728.00 MB total
[2016.08.18-18.43.42:595][  0]LogTextLocalizationManager: No specific translations for ('en-US') exist, so ('en') translations will be used.
[2016.08.18-18.43.43:004][  0]LogD3D11RHI: D3D11 adapters:
[2016.08.18-18.43.43:039][  0]LogD3D11RHI:    0. 'NVIDIA GeForce GTX 970' (Feature Level 11_0)
[2016.08.18-18.43.43:039][  0]LogD3D11RHI:       4007MB of dedicated video memory, 0MB of dedicated system memory, and 4087MB of shared system memory, 2 output[s]
[2016.08.18-18.43.43:041][  0]LogD3D11RHI:    1. 'Microsoft Basic Render Driver' (Feature Level 11_0)
[2016.08.18-18.43.43:041][  0]LogD3D11RHI:       0MB of dedicated video memory, 0MB of dedicated system memory, and 4087MB of shared system memory, 0 output[s]
[2016.08.18-18.43.43:041][  0]LogD3D11RHI: Chosen D3D11 Adapter: 0
[2016.08.18-18.43.43:045][  0]LogD3D11RHI: Creating new Direct3DDevice
[2016.08.18-18.43.43:045][  0]LogD3D11RHI:     Adapter Name: NVIDIA GeForce GTX 970
[2016.08.18-18.43.43:045][  0]LogD3D11RHI:   Driver Version: 10.18.13.6510 (internal 10.18.13.6510)
[2016.08.18-18.43.43:045][  0]LogD3D11RHI:      Driver Date: 4-27-2016
[2016.08.18-18.43.43:045][  0]LogRHI: Texture pool is 1361 MB (70% of 1945 MB)
[2016.08.18-18.43.43:060][  0]LogD3D11RHI: Async texture creation enabled
[2016.08.18-18.43.43:548][  0]LogShaderCompilers: Guid format shader working directory is -48 characters bigger than the processId version (../../../../../../Users/Fahad/Desktop/MX2 Game Suite/GitHub Directory/project-1-mx2/ProjectOne/Intermediate/Shaders/WorkingDirectory/6340/).
[2016.08.18-18.43.43:548][  0]LogShaderCompilers: Cleaned the shader compiler working directory 'C:/Users/Fahad/AppData/Local/Temp/UnrealShaderWorkingDir/90F4AF6846BB2BC803D8F1BED9358AC2/'.
[2016.08.18-18.43.43:548][  0]LogShaderCompilers:Display: Using Local Shader Compiler.
[2016.08.18-18.43.44:631][  0]LogTemp:Display: Loaded TP AllDesktopTargetPlatform
[2016.08.18-18.43.44:638][  0]LogTemp:Display: Loaded TP WindowsClientTargetPlatform
[2016.08.18-18.43.44:645][  0]LogTemp:Display: Loaded TP WindowsNoEditorTargetPlatform
[2016.08.18-18.43.44:652][  0]LogTemp:Display: Loaded TP WindowsServerTargetPlatform
[2016.08.18-18.43.44:658][  0]LogTemp:Display: Loaded TP WindowsTargetPlatform
[2016.08.18-18.43.44:663][  0]LogTemp:Display: Loaded TP AndroidTargetPlatform
[2016.08.18-18.43.44:667][  0]LogTemp:Display: Loaded TP Android_ASTCTargetPlatform
[2016.08.18-18.43.44:671][  0]LogTemp:Display: Loaded TP Android_ATCTargetPlatform
[2016.08.18-18.43.44:676][  0]LogTemp:Display: Loaded TP Android_DXTTargetPlatform
[2016.08.18-18.43.44:680][  0]LogTemp:Display: Loaded TP Android_ETC1TargetPlatform
[2016.08.18-18.43.44:683][  0]LogTemp:Display: Loaded TP Android_ETC2TargetPlatform
[2016.08.18-18.43.44:692][  0]LogTemp:Display: Loaded TP Android_MultiTargetPlatform
[2016.08.18-18.43.44:692][  0]LogTemp:Display: Loaded TP Android_PVRTCTargetPlatform
[2016.08.18-18.43.44:693][  0]LogTemp:Display: Loaded TP HTML5TargetPlatform
[2016.08.18-18.43.44:713][  0]LogTemp:Display: Loaded TP IOSTargetPlatform
[2016.08.18-18.43.44:716][  0]LogTemp:Display: Loaded TP TVOSTargetPlatform
[2016.08.18-18.43.44:720][  0]LogTemp:Display: Loaded TP LinuxNoEditorTargetPlatform
[2016.08.18-18.43.44:723][  0]LogTemp:Display: Loaded TP LinuxServerTargetPlatform
[2016.08.18-18.43.44:727][  0]LogTemp:Display: Loaded TP LinuxTargetPlatform
[2016.08.18-18.43.44:727][  0]LogTargetPlatformManager:Display: Building Assets For Windows
[2016.08.18-18.43.44:840][  0]LogDerivedDataCache:Display: Max Cache Size: 512 MB
[2016.08.18-18.43.44:909][  0]LogDerivedDataCache: Loaded boot cache 0.07s 65MB C:/Users/Fahad/AppData/Local/UnrealEngine/4.11/DerivedDataCache/Boot.ddc.
[2016.08.18-18.43.44:909][  0]LogDerivedDataCache:Display: Loaded Boot cache: C:/Users/Fahad/AppData/Local/UnrealEngine/4.11/DerivedDataCache/Boot.ddc
[2016.08.18-18.43.44:909][  0]LogDerivedDataCache: FDerivedDataBackendGraph:  Pak pak cache file ../../../../../../Users/Fahad/Desktop/MX2 Game Suite/GitHub Directory/project-1-mx2/ProjectOne/DerivedDataCache/DDC.ddp not found, will not use a pak cache.
[2016.08.18-18.43.44:910][  0]LogDerivedDataCache: Unable to find inner node Pak for hierarchical cache Hierarchy.
[2016.08.18-18.43.44:910][  0]LogDerivedDataCache: FDerivedDataBackendGraph:  CompressedPak pak cache file ../../../../../../Users/Fahad/Desktop/MX2 Game Suite/GitHub Directory/project-1-mx2/ProjectOne/DerivedDataCache/Compressed.ddp not found, will not use a pak cache.
[2016.08.18-18.43.44:910][  0]LogDerivedDataCache: Unable to find inner node CompressedPak for hierarchical cache Hierarchy.
[2016.08.18-18.43.44:926][  0]LogDerivedDataCache:Display: Pak cache opened for reading ../../../Engine/DerivedDataCache/Compressed.ddp.
[2016.08.18-18.43.44:939][  0]LogDerivedDataCache: Using Local data cache path C:/Users/Fahad/AppData/Local/UnrealEngine/Common/DerivedDataCache: Writable
[2016.08.18-18.43.45:177][  0]LogInit: Selected Device Profile: [Windows]
[2016.08.18-18.43.45:184][  0]LogMaterial: Uniform references updated for custom material expression Custom.
[2016.08.18-18.43.45:184][  0]LogContentStreaming: Texture pool size is 1000.00 MB
[2016.08.18-18.43.45:323][  0]LogMeshUtilities: No automatic mesh reduction module available
[2016.08.18-18.43.45:323][  0]LogMeshUtilities: No automatic mesh merging module available
[2016.08.18-18.43.45:323][  0]LogMeshUtilities: No distributed automatic mesh merging module available
[2016.08.18-18.43.45:568][  0]LogInit: WinSock: version 1.1 (2.2), MaxSocks=32767, MaxUdp=65467
[2016.08.18-18.43.45:673][  0]LogSlate: SlateFontCache - WITH_FREETYPE: 1, WITH_HARFBUZZ: 1
[2016.08.18-18.43.45:673][  0]LogSlate: SlateFontCache - WITH_FREETYPE: 1, WITH_HARFBUZZ: 1
[2016.08.18-18.43.45:875][  0]LogWindowsMoviePlayer: Unable to load movie: ../../../../../../Users/Fahad/Desktop/MX2 Game Suite/GitHub Directory/project-1-mx2/ProjectOne/Content/Movies/Default_Startup.mp4
[2016.08.18-18.43.45:966][  0]LogUdpMessaging: Initializing bridge on interface 0.0.0.0:0 to multicast group 230.0.0.1:6666.
[2016.08.18-18.43.46:033][  0]LogTemp:Warning: No World
[2016.08.18-18.43.46:052][  0]SourceControl: Info Source control is disabled
[2016.08.18-18.43.46:052][  0]SourceControl: Info Source control is disabled
[2016.08.18-18.43.46:065][  0]SourceControl: Info Source control is disabled
[2016.08.18-18.43.46:207][  0]LogHMD: Failed to initialize OpenVR with code 108
[2016.08.18-18.43.46:235][  0]LogUObjectArray: 29307 objects as part of root set at end of initial load.
[2016.08.18-18.43.46:235][  0]LogUObjectAllocator: 6107216 out of 0 bytes used by permanent object pool.
[2016.08.18-18.43.46:235][  0]LogUObjectArray: CloseDisregardForGC: 0/0 objects in disregard for GC pool
[2016.08.18-18.43.46:296][  0]LogEngine: Initializing Engine...
[2016.08.18-18.43.46:983][  0]LogInit: XAudio2 using 'Speakers (5- Logitech USB Headset)' : 2 channels at 44.1 kHz using 16 bits per sample (channel mask 0x3)
[2016.08.18-18.43.46:995][  0]LogInit: FAudioDevice initialized.
[2016.08.18-18.43.47:004][  0]LogInit: Texture streaming: Enabled
[2016.08.18-18.43.47:089][  0]LogNet: Browse: /Temp/Autosaves/Game/Levels/UEDPCOverworldLevel?Name=Player
[2016.08.18-18.43.47:090][  0]LogLoad: LoadMap: /Temp/Autosaves/Game/Levels/UEDPCOverworldLevel?Name=Player
[2016.08.18-18.43.47:122][  0]LogMemory: Platform Memory Stats for Windows
[2016.08.18-18.43.47:122][  0]LogMemory: Process Physical Memory: 766.09 MB used, 790.69 MB peak
[2016.08.18-18.43.47:122][  0]LogMemory: Process Virtual Memory: 894.12 MB used, 894.13 MB peak
[2016.08.18-18.43.47:122][  0]LogMemory: Physical Memory: 6950.82 MB used, 8174.67 MB total
[2016.08.18-18.43.47:122][  0]LogMemory: Virtual Memory: 1466.70 MB used, 134217728.00 MB total
[2016.08.18-18.43.47:122][  0]LogMemory: 
[2016.08.18-18.43.47:122][  0]Allocator Stats for TBB: (not implemented)
[2016.08.18-18.43.47:127][  0]LogTemp:Warning: No World
[2016.08.18-18.43.47:223][  0]LogAssetRegistry: FAssetRegistry took 0.0001 seconds to start up
[2016.08.18-18.43.47:470][  0]LogTemp:Warning: No World
[2016.08.18-18.43.47:567][  0]LogTemp:Warning: No World
[2016.08.18-18.43.47:622][  0]LogAIModule: Creating AISystem for world OverworldLevel
[2016.08.18-18.43.47:622][  0]LogWorld: Game class is 'BattleGameMode_BP_C'
[2016.08.18-18.43.47:625][  0]LogWorld: Bringing World /Temp/Autosaves/Game/Levels/UEDPCOverworldLevel.OverworldLevel up for play (max tick rate 0) at 2016.08.18-14.43.47
[2016.08.18-18.43.47:625][  0]LogWorld: Bringing up level for play took: 0.002497
[2016.08.18-18.43.47:627][  0]LogInit:Display: Game Engine Initialized.
[2016.08.18-18.43.47:849][  0]LogLoad: Full Startup: 6.20 seconds (BP compile: 0.36 seconds)
[2016.08.18-18.43.47:849][  0]LogExternalProfiler: Found external profiler: VSPerf
[2016.08.18-18.43.47:849][  0]LogExternalProfiler: Using external profiler: VSPerf
[2016.08.18-18.43.47:868][  0]LogWindowsTextInputMethodSystem:Display: IME system now deactivated.
[2016.08.18-18.43.47:869][  0]LogOcInput: OculusInput pre-init called
[2016.08.18-18.43.47:982][  2]LogRenderer: Reallocating scene render targets to support 1280x720 (Frame:2).
[2016.08.18-18.43.51:091][191]LogTemp:Warning: got player controller successfully
[2016.08.18-18.43.51:091][191]LogTemp:Warning: Entity #:0: Entity Name: Beck
[2016.08.18-18.43.51:091][191]LogTemp:Warning: Entity #:1: Entity Name: Sluagh
[2016.08.18-18.43.51:091][191]LogTemp:Warning: Entity #:2: Entity Name: Sluagh2
[2016.08.18-18.43.51:091][191]LogTemp:Warning: Entity #:3: Entity Name: Beck
[2016.08.18-18.43.51:091][191]LogTemp:Warning: Entity #:4: Entity Name: Sluagh
[2016.08.18-18.43.51:091][191]LogTemp:Warning: Entity #:5: Entity Name: Sluagh2
[2016.08.18-18.43.51:091][191]LogTemp:Warning: Entity #:6: Entity Name: Beck
[2016.08.18-18.43.51:251][201]LogTemp:Warning: Round: 6	Entity: Beck
[2016.08.18-18.43.51:251][201]LogTemp:Warning: Entity #:0: Entity Name: Beck
[2016.08.18-18.43.51:251][201]LogTemp:Warning: Entity #:1: Entity Name: Sluagh
[2016.08.18-18.43.51:251][201]LogTemp:Warning: Entity #:2: Entity Name: Sluagh2
[2016.08.18-18.43.51:251][201]LogTemp:Warning: Entity #:3: Entity Name: Beck
[2016.08.18-18.43.51:251][201]LogTemp:Warning: Entity #:4: Entity Name: Sluagh
[2016.08.18-18.43.51:251][201]LogTemp:Warning: Entity #:5: Entity Name: Sluagh2
[2016.08.18-18.43.51:251][201]LogTemp:Warning: Entity #:6: Entity Name: Beck
[2016.08.18-18.43.52:185][259]LogBlueprintUserMessages: [BattleGameMode_BP_C_0] Animation
[2016.08.18-18.43.52:187][259]LogTemp:Warning: Round: 6	Entity: Sluagh
[2016.08.18-18.43.52:187][259]LogTemp:Warning: Entity #:0: Entity Name: Sluagh
[2016.08.18-18.43.52:187][259]LogTemp:Warning: Entity #:1: Entity Name: Sluagh2
[2016.08.18-18.43.52:187][259]LogTemp:Warning: Entity #:2: Entity Name: Beck
[2016.08.18-18.43.52:187][259]LogTemp:Warning: Entity #:3: Entity Name: Sluagh
[2016.08.18-18.43.52:187][259]LogTemp:Warning: Entity #:4: Entity Name: Sluagh2
[2016.08.18-18.43.52:187][259]LogTemp:Warning: Entity #:5: Entity Name: Beck
[2016.08.18-18.43.52:187][259]LogTemp:Warning: Entity #:6: Entity Name: Sluagh
[2016.08.18-18.43.52:187][259]LogTemp:Warning: Sluagh Timer Active.
[2016.08.18-18.43.53:203][322]LogBlueprintUserMessages: [AttackBroadcaster_BP] Attack Time Set
[2016.08.18-18.43.53:300][328]LogBlueprintUserMessages: [OrbPattern_Sluagh1_BP_C_0] Floor
[2016.08.18-18.43.53:801][359]LogBlueprintUserMessages: [OrbPattern_Sluagh1_BP_C_0] Floor
[2016.08.18-18.43.54:303][390]LogBlueprintUserMessages: [OrbPattern_Sluagh1_BP_C_0] Floor
[2016.08.18-18.43.54:801][421]LogBlueprintUserMessages: [OrbPattern_Sluagh1_BP_C_0] Floor
[2016.08.18-18.43.55:303][452]LogBlueprintUserMessages: [OrbPattern_Sluagh1_BP_C_0] Floor
[2016.08.18-18.43.55:799][483]LogBlueprintUserMessages: [OrbPattern_Sluagh1_BP_C_0] Floor
[2016.08.18-18.43.56:299][514]LogBlueprintUserMessages: [OrbPattern_Sluagh1_BP_C_0] Floor
[2016.08.18-18.43.56:800][545]LogBlueprintUserMessages: [OrbPattern_Sluagh1_BP_C_0] Floor
[2016.08.18-18.43.57:303][576]LogBlueprintUserMessages: [OrbPattern_Sluagh1_BP_C_0] Floor
[2016.08.18-18.43.57:801][607]LogBlueprintUserMessages: [OrbPattern_Sluagh1_BP_C_0] Floor
[2016.08.18-18.43.58:299][638]LogBlueprintUserMessages: [OrbPattern_Sluagh1_BP_C_0] Floor
[2016.08.18-18.43.59:235][696]LogBlueprintUserMessages: [BattleGameMode_BP_C_0] Animation
[2016.08.18-18.43.59:235][696]LogTemp:Warning: Round: 6	Entity: Sluagh2
[2016.08.18-18.43.59:235][696]LogTemp:Warning: Entity #:0: Entity Name: Sluagh2
[2016.08.18-18.43.59:235][696]LogTemp:Warning: Entity #:1: Entity Name: Beck
[2016.08.18-18.43.59:235][696]LogTemp:Warning: Entity #:2: Entity Name: Sluagh
[2016.08.18-18.43.59:235][696]LogTemp:Warning: Entity #:3: Entity Name: Sluagh2
[2016.08.18-18.43.59:235][696]LogTemp:Warning: Entity #:4: Entity Name: Beck
[2016.08.18-18.43.59:235][696]LogTemp:Warning: Entity #:5: Entity Name: Sluagh
[2016.08.18-18.43.59:235][696]LogTemp:Warning: Entity #:6: Entity Name: Sluagh2
[2016.08.18-18.43.59:235][696]LogTemp:Warning: Sluagh Timer Active.
[2016.08.18-18.44.00:254][759]LogBlueprintUserMessages: [AttackBroadcaster_BP] Attack Time Set
[2016.08.18-18.44.00:349][765]LogBlueprintUserMessages: [OrbPattern_Sluagh1_BP_C_1] Floor
[2016.08.18-18.44.00:850][796]LogBlueprintUserMessages: [OrbPattern_Sluagh1_BP_C_1] Floor
[2016.08.18-18.44.01:349][827]LogBlueprintUserMessages: [OrbPattern_Sluagh1_BP_C_1] Floor
[2016.08.18-18.44.01:850][858]LogBlueprintUserMessages: [OrbPattern_Sluagh1_BP_C_1] Floor
[2016.08.18-18.44.02:348][889]LogBlueprintUserMessages: [OrbPattern_Sluagh1_BP_C_1] Floor
[2016.08.18-18.44.02:850][920]LogBlueprintUserMessages: [OrbPattern_Sluagh1_BP_C_1] Floor
[2016.08.18-18.44.03:349][951]LogBlueprintUserMessages: [OrbPattern_Sluagh1_BP_C_1] Floor
[2016.08.18-18.44.03:849][982]LogBlueprintUserMessages: [OrbPattern_Sluagh1_BP_C_1] Floor
[2016.08.18-18.44.04:349][ 13]LogBlueprintUserMessages: [OrbPattern_Sluagh1_BP_C_1] OrbReticle_BP1
[2016.08.18-18.44.04:801][ 41]LogBlueprintUserMessages: [SoulOrb_BP_C_21] X=-268.234 Y=169.063 Z=630.000
[2016.08.18-18.44.04:849][ 44]LogBlueprintUserMessages: [OrbPattern_Sluagh1_BP_C_1] Floor
[2016.08.18-18.44.05:350][ 75]LogBlueprintUserMessages: [OrbPattern_Sluagh1_BP_C_1] Floor
[2016.08.18-18.44.06:284][133]LogBlueprintUserMessages: [BattleGameMode_BP_C_0] Animation
[2016.08.18-18.44.06:478][145]LogTemp:Warning: Round: 12	Entity: Beck
[2016.08.18-18.44.06:478][145]LogTemp:Warning: Entity #:0: Entity Name: Beck
[2016.08.18-18.44.06:478][145]LogTemp:Warning: Entity #:1: Entity Name: Sluagh
[2016.08.18-18.44.06:478][145]LogTemp:Warning: Entity #:2: Entity Name: Sluagh2
[2016.08.18-18.44.06:478][145]LogTemp:Warning: Entity #:3: Entity Name: Beck
[2016.08.18-18.44.06:478][145]LogTemp:Warning: Entity #:4: Entity Name: Sluagh
[2016.08.18-18.44.06:478][145]LogTemp:Warning: Entity #:5: Entity Name: Sluagh2
[2016.08.18-18.44.06:478][145]LogTemp:Warning: Entity #:6: Entity Name: Beck
[2016.08.18-18.44.08:945][298]LogBlueprintUserMessages: [BattleGameMode_BP_C_0] Animation
[2016.08.18-18.44.08:945][298]LogTemp:Warning: Round: 12	Entity: Sluagh
[2016.08.18-18.44.08:945][298]LogTemp:Warning: Entity #:0: Entity Name: Sluagh
[2016.08.18-18.44.08:945][298]LogTemp:Warning: Entity #:1: Entity Name: Sluagh2
[2016.08.18-18.44.08:945][298]LogTemp:Warning: Entity #:2: Entity Name: Beck
[2016.08.18-18.44.08:945][298]LogTemp:Warning: Entity #:3: Entity Name: Sluagh
[2016.08.18-18.44.08:945][298]LogTemp:Warning: Entity #:4: Entity Name: Sluagh2
[2016.08.18-18.44.08:945][298]LogTemp:Warning: Entity #:5: Entity Name: Beck
[2016.08.18-18.44.08:945][298]LogTemp:Warning: Entity #:6: Entity Name: Sluagh
[2016.08.18-18.44.08:945][298]LogTemp:Warning: Sluagh Timer Active.
[2016.08.18-18.44.09:962][361]LogBlueprintUserMessages: [AttackBroadcaster_BP] Attack Time Set
[2016.08.18-18.44.10:058][367]LogBlueprintUserMessages: [OrbPattern_Sluagh1_BP_C_2] OrbReticle_BP2
[2016.08.18-18.44.10:558][398]LogBlueprintUserMessages: [OrbPattern_Sluagh1_BP_C_2] OrbReticle_BP2
[2016.08.18-18.44.11:058][429]LogBlueprintUserMessages: [OrbPattern_Sluagh1_BP_C_2] OrbReticle_BP2
[2016.08.18-18.44.11:558][460]LogBlueprintUserMessages: [OrbPattern_Sluagh1_BP_C_2] OrbReticle_BP2
[2016.08.18-18.44.12:059][491]LogBlueprintUserMessages: [OrbPattern_Sluagh1_BP_C_2] OrbReticle_BP2
[2016.08.18-18.44.12:558][522]LogBlueprintUserMessages: [OrbPattern_Sluagh1_BP_C_2] OrbReticle_BP2
[2016.08.18-18.44.13:058][553]LogBlueprintUserMessages: [OrbPattern_Sluagh1_BP_C_2] OrbReticle_BP2
[2016.08.18-18.44.13:558][584]LogBlueprintUserMessages: [OrbPattern_Sluagh1_BP_C_2] OrbReticle_BP2
[2016.08.18-18.44.14:059][615]LogBlueprintUserMessages: [OrbPattern_Sluagh1_BP_C_2] OrbReticle_BP2
[2016.08.18-18.44.14:559][646]LogBlueprintUserMessages: [OrbPattern_Sluagh1_BP_C_2] OrbReticle_BP2
[2016.08.18-18.44.15:059][677]LogBlueprintUserMessages: [OrbPattern_Sluagh1_BP_C_2] OrbReticle_BP2
[2016.08.18-18.44.15:994][735]LogBlueprintUserMessages: [BattleGameMode_BP_C_0] Animation
[2016.08.18-18.44.15:995][735]LogTemp:Warning: Round: 12	Entity: Sluagh2
[2016.08.18-18.44.15:995][735]LogTemp:Warning: Entity #:0: Entity Name: Sluagh2
[2016.08.18-18.44.15:995][735]LogTemp:Warning: Entity #:1: Entity Name: Beck
[2016.08.18-18.44.15:995][735]LogTemp:Warning: Entity #:2: Entity Name: Sluagh
[2016.08.18-18.44.15:995][735]LogTemp:Warning: Entity #:3: Entity Name: Sluagh2
[2016.08.18-18.44.15:995][735]LogTemp:Warning: Entity #:4: Entity Name: Beck
[2016.08.18-18.44.15:995][735]LogTemp:Warning: Entity #:5: Entity Name: Sluagh
[2016.08.18-18.44.15:995][735]LogTemp:Warning: Entity #:6: Entity Name: Sluagh2
[2016.08.18-18.44.15:995][735]LogTemp:Warning: Sluagh Timer Active.
[2016.08.18-18.44.17:011][798]LogBlueprintUserMessages: [AttackBroadcaster_BP] Attack Time Set
[2016.08.18-18.44.17:107][804]LogBlueprintUserMessages: [OrbPattern_Sluagh1_BP_C_3] OrbReticle_BP3
[2016.08.18-18.44.17:609][835]LogBlueprintUserMessages: [OrbPattern_Sluagh1_BP_C_3] Floor
[2016.08.18-18.44.17:867][851]LogBlueprintUserMessages: [SoulOrb_BP_C_35] X=-271.484 Y=164.781 Z=630.000
[2016.08.18-18.44.18:109][866]LogBlueprintUserMessages: [OrbPattern_Sluagh1_BP_C_3] Floor
[2016.08.18-18.44.18:608][897]LogBlueprintUserMessages: [OrbPattern_Sluagh1_BP_C_3] Floor
[2016.08.18-18.44.19:107][928]LogBlueprintUserMessages: [OrbPattern_Sluagh1_BP_C_3] Floor
[2016.08.18-18.44.19:607][959]LogBlueprintUserMessages: [OrbPattern_Sluagh1_BP_C_3] Floor
[2016.08.18-18.44.20:107][990]LogBlueprintUserMessages: [OrbPattern_Sluagh1_BP_C_3] Floor
[2016.08.18-18.44.20:608][ 21]LogBlueprintUserMessages: [OrbPattern_Sluagh1_BP_C_3] Floor
[2016.08.18-18.44.21:107][ 52]LogBlueprintUserMessages: [OrbPattern_Sluagh1_BP_C_3] OrbReticle_BP3
[2016.08.18-18.44.21:608][ 83]LogBlueprintUserMessages: [OrbPattern_Sluagh1_BP_C_3] Floor
[2016.08.18-18.44.21:625][ 84]LogBlueprintUserMessages: [SoulOrb_BP_C_43] X=-268.000 Y=168.719 Z=630.000
[2016.08.18-18.44.22:110][114]LogBlueprintUserMessages: [OrbPattern_Sluagh1_BP_C_3] Floor
[2016.08.18-18.44.23:042][172]LogBlueprintUserMessages: [BattleGameMode_BP_C_0] Animation
[2016.08.18-18.44.23:237][184]LogTemp:Warning: Round: 18	Entity: Beck
[2016.08.18-18.44.23:237][184]LogTemp:Warning: Entity #:0: Entity Name: Beck
[2016.08.18-18.44.23:237][184]LogTemp:Warning: Entity #:1: Entity Name: Sluagh
[2016.08.18-18.44.23:237][184]LogTemp:Warning: Entity #:2: Entity Name: Sluagh2
[2016.08.18-18.44.23:237][184]LogTemp:Warning: Entity #:3: Entity Name: Beck
[2016.08.18-18.44.23:237][184]LogTemp:Warning: Entity #:4: Entity Name: Sluagh
[2016.08.18-18.44.23:237][184]LogTemp:Warning: Entity #:5: Entity Name: Sluagh2
[2016.08.18-18.44.23:237][184]LogTemp:Warning: Entity #:6: Entity Name: Beck
[2016.08.18-18.44.24:322][243]LogWindowsTextInputMethodSystem:Display: IME system now deactivated.
[2016.08.18-18.44.24:335][243]LogEngine: All Windows Closed
[2016.08.18-18.44.24:335][243]LogWindows: FPlatformMisc::RequestExit(0)
[2016.08.18-18.44.25:312][244]LogExit: Preparing to exit.
[2016.08.18-18.44.26:119][244]LogExit: Game engine shut down
[2016.08.18-18.44.26:251][244]LogObj: Freed 0b from 0 cluster array pools.
[2016.08.18-18.44.26:252][244]LogExit: Object subsystem successfully closed.
[2016.08.18-18.44.26:271][244]LogD3D11RHI: Shutdown
[2016.08.18-18.44.26:271][244]LogD3D11RHI: CleanupD3DDevice
[2016.08.18-18.44.26:342][244]LogD3D11RHI: ~FD3D11DynamicRHI
[2016.08.18-18.44.26:455][244]LogDerivedDataCache: Shutdown
[2016.08.18-18.44.26:456][244]LogModuleManager: Shutting down and abandoning module AndroidDeviceDetection (126)
[2016.08.18-18.44.26:878][244]LogModuleManager: Shutting down and abandoning module AutomationController (125)
[2016.08.18-18.44.26:878][244]LogModuleManager: Shutting down and abandoning module AutomationWorker (124)
[2016.08.18-18.44.26:878][244]LogModuleManager: Shutting down and abandoning module CharacterAI (123)
[2016.08.18-18.44.26:878][244]LogModuleManager: Shutting down and abandoning module AITestSuite (122)
[2016.08.18-18.44.26:878][244]LogModuleManager: Shutting down and abandoning module GameplayDebugger (121)
[2016.08.18-18.44.26:878][244]LogModuleManager: Shutting down and abandoning module AIModule (120)
[2016.08.18-18.44.26:878][244]LogModuleManager: Shutting down and abandoning module AssetRegistry (119)
[2016.08.18-18.44.26:878][244]LogModuleManager: Shutting down and abandoning module MovieSceneCapture (118)
[2016.08.18-18.44.26:878][244]LogModuleManager: Shutting down and abandoning module StreamingPauseRendering (117)
[2016.08.18-18.44.26:878][244]LogModuleManager: Shutting down and abandoning module PortalServices (116)
[2016.08.18-18.44.26:878][244]LogModuleManager: Shutting down and abandoning module PortalRpc (115)
[2016.08.18-18.44.26:878][244]LogModuleManager: Shutting down and abandoning module MessagingRpc (114)
[2016.08.18-18.44.26:878][244]LogModuleManager: Shutting down and abandoning module ProfilerService (113)
[2016.08.18-18.44.27:039][244]LogModuleManager: Shutting down and abandoning module TaskGraph (112)
[2016.08.18-18.44.27:039][244]LogModuleManager: Shutting down and abandoning module SlateRemote (111)
[2016.08.18-18.44.27:040][244]LogModuleManager: Shutting down and abandoning module SteamVRController (110)
[2016.08.18-18.44.27:040][244]LogModuleManager: Shutting down and abandoning module SteamVR (109)
[2016.08.18-18.44.27:040][244]LogModuleManager: Shutting down and abandoning module ProceduralMeshComponent (108)
[2016.08.18-18.44.27:040][244]LogModuleManager: Shutting down and abandoning module OculusLibrary (107)
[2016.08.18-18.44.27:040][244]LogModuleManager: Shutting down and abandoning module OculusInput (106)
[2016.08.18-18.44.27:040][244]LogModuleManager: Shutting down and abandoning module CustomMeshComponent (105)
[2016.08.18-18.44.27:040][244]LogModuleManager: Shutting down and abandoning module CableComponent (104)
[2016.08.18-18.44.27:040][244]LogModuleManager: Shutting down and abandoning module ArchVisCharacter (103)
[2016.08.18-18.44.27:040][244]LogModuleManager: Shutting down and abandoning module HTML5Networking (102)
[2016.08.18-18.44.27:040][244]LogModuleManager: Shutting down and abandoning module DesktopPlatform (101)
[2016.08.18-18.44.27:040][244]LogModuleManager: Shutting down and abandoning module DirectoryWatcher (100)
[2016.08.18-18.44.27:040][244]LogModuleManager: Shutting down and abandoning module HotReload (99)
[2016.08.18-18.44.27:040][244]LogModuleManager: Shutting down and abandoning module VisualStudioSourceCodeAccess (98)
[2016.08.18-18.44.27:040][244]LogModuleManager: Shutting down and abandoning module UObjectPlugin (97)
[2016.08.18-18.44.27:040][244]LogModuleManager: Shutting down and abandoning module SubversionSourceControl (96)
[2016.08.18-18.44.27:040][244]LogModuleManager: Shutting down and abandoning module SourceControl (95)
[2016.08.18-18.44.27:040][244]LogModuleManager: Shutting down and abandoning module PerforceSourceControl (94)
[2016.08.18-18.44.27:040][244]LogModuleManager: Shutting down and abandoning module ProjectOne (93)
[2016.08.18-18.44.27:040][244]LogModuleManager: Shutting down and abandoning module UdpMessaging (92)
[2016.08.18-18.44.27:140][244]LogModuleManager: Shutting down and abandoning module LightPropagationVolumeRuntime (91)
[2016.08.18-18.44.27:140][244]LogModuleManager: Shutting down and abandoning module Paper2D (90)
[2016.08.18-18.44.27:140][244]LogModuleManager: Shutting down and abandoning module WindowsMoviePlayer (89)
[2016.08.18-18.44.27:140][244]LogModuleManager: Shutting down and abandoning module Media (88)
[2016.08.18-18.44.27:140][244]LogModuleManager: Shutting down and abandoning module WmfMedia (87)
[2016.08.18-18.44.27:140][244]LogModuleManager: Shutting down and abandoning module MediaAssets (86)
[2016.08.18-18.44.27:140][244]LogModuleManager: Shutting down and abandoning module GameLiveStreaming (85)
[2016.08.18-18.44.27:140][244]LogModuleManager: Shutting down and abandoning module GameplayTagsEditor (84)
[2016.08.18-18.44.27:140][244]LogModuleManager: Shutting down and abandoning module OnlineBlueprintSupport (83)
[2016.08.18-18.44.27:140][244]LogModuleManager: Shutting down and abandoning module GameplayTasksEditor (82)
[2016.08.18-18.44.27:140][244]LogModuleManager: Shutting down and abandoning module PropertyEditor (81)
[2016.08.18-18.44.27:140][244]LogModuleManager: Shutting down and abandoning module BehaviorTreeEditor (80)
[2016.08.18-18.44.27:140][244]LogModuleManager: Shutting down and abandoning module FunctionalTesting (79)
[2016.08.18-18.44.27:140][244]LogModuleManager: Shutting down and abandoning module CollisionAnalyzer (78)
[2016.08.18-18.44.27:140][244]LogModuleManager: Shutting down and abandoning module WorkspaceMenuStructure (77)
[2016.08.18-18.44.27:140][244]LogModuleManager: Shutting down and abandoning module MessageLog (76)
[2016.08.18-18.44.27:141][244]LogModuleManager: Shutting down and abandoning module Sequencer (75)
[2016.08.18-18.44.27:141][244]LogModuleManager: Shutting down and abandoning module AssetTools (74)
[2016.08.18-18.44.27:141][244]LogModuleManager: Shutting down and abandoning module UMGEditor (73)
[2016.08.18-18.44.27:141][244]LogModuleManager: Shutting down and abandoning module UMG (72)
[2016.08.18-18.44.27:141][244]LogModuleManager: Shutting down and abandoning module SlateReflector (71)
[2016.08.18-18.44.27:141][244]LogModuleManager: Shutting down and abandoning module Slate (70)
[2016.08.18-18.44.27:141][244]LogModuleManager: Shutting down and abandoning module EditorStyle (69)
[2016.08.18-18.44.27:142][244]LogModuleManager: Shutting down and abandoning module SessionServices (68)
[2016.08.18-18.44.27:142][244]LogModuleManager: Shutting down and abandoning module SourceCodeAccess (67)
[2016.08.18-18.44.27:142][244]LogModuleManager: Shutting down and abandoning module HeadMountedDisplay (66)
[2016.08.18-18.44.27:142][244]LogModuleManager: Shutting down and abandoning module XAudio2 (65)
[2016.08.18-18.44.27:142][244]LogModuleManager: Shutting down and abandoning module Networking (63)
[2016.08.18-18.44.27:142][244]LogModuleManager: Shutting down and abandoning module Core (62)
[2016.08.18-18.44.27:142][244]LogModuleManager: Shutting down and abandoning module KismetCompiler (61)
[2016.08.18-18.44.27:142][244]LogModuleManager: Shutting down and abandoning module PhysXFormats (60)
[2016.08.18-18.44.27:142][244]LogModuleManager: Shutting down and abandoning module MeshUtilities (59)
[2016.08.18-18.44.27:143][244]LogModuleManager: Shutting down and abandoning module CookingStats (58)
[2016.08.18-18.44.27:143][244]LogModuleManager: Shutting down and abandoning module DerivedDataCache (57)
[2016.08.18-18.44.27:143][244]LogDerivedDataCache: Shutdown
[2016.08.18-18.44.27:143][244]LogModuleManager: Shutting down and abandoning module ShaderFormatOpenGL (56)
[2016.08.18-18.44.27:143][244]LogModuleManager: Shutting down and abandoning module ShaderFormatD3D (55)
[2016.08.18-18.44.27:143][244]LogModuleManager: Shutting down and abandoning module MetalShaderFormat (54)
[2016.08.18-18.44.27:143][244]LogModuleManager: Shutting down and abandoning module TextureFormatUncompressed (53)
[2016.08.18-18.44.27:143][244]LogModuleManager: Shutting down and abandoning module TextureFormatPVR (52)
[2016.08.18-18.44.27:143][244]LogModuleManager: Shutting down and abandoning module TextureFormatIntelISPCTexComp (51)
[2016.08.18-18.44.27:143][244]LogModuleManager: Shutting down and abandoning module TextureFormatDXT (50)
[2016.08.18-18.44.27:143][244]LogModuleManager: Shutting down and abandoning module ImageWrapper (49)
[2016.08.18-18.44.27:143][244]LogModuleManager: Shutting down and abandoning module TextureFormatASTC (48)
[2016.08.18-18.44.27:143][244]LogModuleManager: Shutting down and abandoning module TextureFormatAndroid (47)
[2016.08.18-18.44.27:143][244]LogModuleManager: Shutting down and abandoning module AudioFormatOpus (46)
[2016.08.18-18.44.27:143][244]LogModuleManager: Shutting down and abandoning module AudioFormatOgg (45)
[2016.08.18-18.44.27:143][244]LogModuleManager: Shutting down and abandoning module AudioFormatADPCM (44)
[2016.08.18-18.44.27:143][244]LogModuleManager: Shutting down and abandoning module LinuxTargetPlatform (43)
[2016.08.18-18.44.27:143][244]LogModuleManager: Shutting down and abandoning module LinuxServerTargetPlatform (42)
[2016.08.18-18.44.27:143][244]LogModuleManager: Shutting down and abandoning module LinuxNoEditorTargetPlatform (41)
[2016.08.18-18.44.27:143][244]LogModuleManager: Shutting down and abandoning module TVOSTargetPlatform (40)
[2016.08.18-18.44.27:143][244]LogModuleManager: Shutting down and abandoning module Messaging (39)
[2016.08.18-18.44.27:143][244]LogModuleManager: Shutting down and abandoning module IOSTargetPlatform (38)
[2016.08.18-18.44.27:143][244]LogModuleManager: Shutting down and abandoning module HTML5TargetPlatform (37)
[2016.08.18-18.44.27:143][244]LogModuleManager: Shutting down and abandoning module Android_PVRTCTargetPlatform (36)
[2016.08.18-18.44.27:143][244]LogModuleManager: Shutting down and abandoning module Android_MultiTargetPlatform (35)
[2016.08.18-18.44.27:143][244]LogModuleManager: Shutting down and abandoning module Android_ETC2TargetPlatform (34)
[2016.08.18-18.44.27:143][244]LogModuleManager: Shutting down and abandoning module Android_ETC1TargetPlatform (33)
[2016.08.18-18.44.27:143][244]LogModuleManager: Shutting down and abandoning module Android_DXTTargetPlatform (32)
[2016.08.18-18.44.27:143][244]LogModuleManager: Shutting down and abandoning module Android_ATCTargetPlatform (31)
[2016.08.18-18.44.27:143][244]LogModuleManager: Shutting down and abandoning module Android_ASTCTargetPlatform (30)
[2016.08.18-18.44.27:143][244]LogModuleManager: Shutting down and abandoning module AndroidTargetPlatform (29)
[2016.08.18-18.44.27:143][244]LogModuleManager: Shutting down and abandoning module WindowsTargetPlatform (28)
[2016.08.18-18.44.27:143][244]LogModuleManager: Shutting down and abandoning module WindowsServerTargetPlatform (27)
[2016.08.18-18.44.27:143][244]LogModuleManager: Shutting down and abandoning module WindowsNoEditorTargetPlatform (26)
[2016.08.18-18.44.27:143][244]LogModuleManager: Shutting down and abandoning module WindowsClientTargetPlatform (25)
[2016.08.18-18.44.27:143][244]LogModuleManager: Shutting down and abandoning module AllDesktopTargetPlatform (24)
[2016.08.18-18.44.27:143][244]LogModuleManager: Shutting down and abandoning module TargetPlatform (23)
[2016.08.18-18.44.27:143][244]LogModuleManager: Shutting down and abandoning module InputCore (22)
[2016.08.18-18.44.27:143][244]LogModuleManager: Shutting down and abandoning module Settings (21)
[2016.08.18-18.44.27:143][244]LogModuleManager: Shutting down and abandoning module OnlineSubsystem (19)
[2016.08.18-18.44.27:143][244]LogModuleManager: Shutting down and abandoning module HTTP (18)
[2016.08.18-18.44.27:143][244]LogModuleManager: Shutting down and abandoning module XMPP (17)
[2016.08.18-18.44.27:143][244]LogModuleManager: Shutting down and abandoning module OculusRift (16)
[2016.08.18-18.44.27:143][244]LogModuleManager: Shutting down and abandoning module ExampleDeviceProfileSelector (15)
[2016.08.18-18.44.27:143][244]LogModuleManager: Shutting down and abandoning module TextureCompressor (14)
[2016.08.18-18.44.27:143][244]LogModuleManager: Shutting down and abandoning module ShaderCore (13)
[2016.08.18-18.44.27:143][244]LogModuleManager: Shutting down and abandoning module Landscape (12)
[2016.08.18-18.44.27:143][244]LogModuleManager: Shutting down and abandoning module SlateRHIRenderer (11)
[2016.08.18-18.44.27:143][244]LogModuleManager: Shutting down and abandoning module OpenGLDrv (10)
[2016.08.18-18.44.27:143][244]LogModuleManager: Shutting down and abandoning module D3D11RHI (9)
[2016.08.18-18.44.27:143][244]LogModuleManager: Shutting down and abandoning module AnimGraphRuntime (8)
[2016.08.18-18.44.27:143][244]LogModuleManager: Shutting down and abandoning module Renderer (7)
[2016.08.18-18.44.27:143][244]LogModuleManager: Shutting down and abandoning module Engine (6)
[2016.08.18-18.44.27:143][244]LogModuleManager: Shutting down and abandoning module CoreUObject (5)
[2016.08.18-18.44.27:143][244]LogModuleManager: Shutting down and abandoning module NetworkFile (4)
[2016.08.18-18.44.27:143][244]LogModuleManager: Shutting down and abandoning module StreamingFile (3)
[2016.08.18-18.44.27:143][244]LogModuleManager: Shutting down and abandoning module SandboxFile (2)
[2016.08.18-18.44.27:143][244]LogModuleManager: Shutting down and abandoning module PakFile (1)
[2016.08.18-18.44.27:144][244]LogExit: Exiting.
[2016.08.18-18.44.27:146][244]Log file closed, 08/18/16 14:44:27
