Log file open, 08/18/16 18:34:50
LogInit:Display: Running engine for game: ProjectOne
LogPlatformFile: Not using cached read wrapper
LogInit:Display: RandInit(-974556179) SRandInit(-974556177).
LogTaskGraph: Started task graph with 4 named threads and 7 total threads.
LogStats: Stats thread started at 0.089575
LogInit: Version: 4.11.2-2946394+++UE4+Release-4.11
LogInit: API Version: 2927265
LogInit: Compiled (64-bit): Apr 18 2016 02:18:46
LogInit: Compiled with Visual C++: 19.00.23026.00
LogInit: Build Configuration: Development
LogInit: Branch Name: ++UE4+Release-4.11
LogInit: Command line:  /Temp/Autosaves/Game/Levels/UEDPCOverworldLevel -game -PIEVIACONSOLE -ResX=1280 -ResY=720  -Multiprocess -messaging -SessionName="Play in Standalone Game" 
LogInit: Base directory: C:/Program Files/Epic Games/4.11/Engine/Binaries/Win64/
LogInit: Installed Engine Build: 1
LogInit: Using libcurl 7.41.0
LogInit:  - built for x86_64-pc-win32
LogInit:  - supports SSL with WinSSL
LogInit:  - other features:
LogInit:      CURL_VERSION_SSL
LogInit:      CURL_VERSION_IPV6
LogInit:      CURL_VERSION_ASYNCHDNS
LogInit:      CURL_VERSION_LARGEFILE
LogInit:      CURL_VERSION_IDN
LogInit:  CurlRequestOptions (configurable via config and command line):
LogInit:  - bVerifyPeer = true  - Libcurl will verify peer certificate
LogInit:  - bUseHttpProxy = false  - Libcurl will NOT use HTTP proxy
LogInit:  - bDontReuseConnections = false  - Libcurl will reuse connections
LogInit:  - CertBundlePath = nullptr  - Libcurl will use whatever was configured at build time.
LogInit: Presizing for max 16777216 objects, including 0 objects not considered by GC, pre-allocating 0 bytes for permanent pool.
LogInit: Object subsystem initialized
[2016.08.18-22.34.50:199][  0]LogInit: Selected Device Profile: [Windows]
[2016.08.18-22.34.50:199][  0]LogInit: Applying CVar settings loaded from the selected device profile: [Windows]
[2016.08.18-22.34.50:204][  0]LogInit: Computer: FAHAD-PC
[2016.08.18-22.34.50:204][  0]LogInit: User: Fahad
[2016.08.18-22.34.50:204][  0]LogInit: CPU Page size=65536, Cores=4
[2016.08.18-22.34.50:204][  0]LogInit: High frequency timer resolution =3.215352 MHz
[2016.08.18-22.34.50:204][  0]LogMemory: Memory total: Physical=8.0GB (8GB approx)
[2016.08.18-22.34.50:204][  0]LogMemory: Platform Memory Stats for Windows
[2016.08.18-22.34.50:204][  0]LogMemory: Process Physical Memory: 313.62 MB used, 313.62 MB peak
[2016.08.18-22.34.50:204][  0]LogMemory: Process Virtual Memory: 314.88 MB used, 314.88 MB peak
[2016.08.18-22.34.50:204][  0]LogMemory: Physical Memory: 5816.06 MB used, 8174.67 MB total
[2016.08.18-22.34.50:204][  0]LogMemory: Virtual Memory: 651.88 MB used, 134217728.00 MB total
[2016.08.18-22.34.50:258][  0]LogTextLocalizationManager: No specific translations for ('en-US') exist, so ('en') translations will be used.
[2016.08.18-22.34.50:669][  0]LogD3D11RHI: D3D11 adapters:
[2016.08.18-22.34.50:696][  0]LogD3D11RHI:    0. 'NVIDIA GeForce GTX 970' (Feature Level 11_0)
[2016.08.18-22.34.50:696][  0]LogD3D11RHI:       4007MB of dedicated video memory, 0MB of dedicated system memory, and 4087MB of shared system memory, 2 output[s]
[2016.08.18-22.34.50:698][  0]LogD3D11RHI:    1. 'Microsoft Basic Render Driver' (Feature Level 11_0)
[2016.08.18-22.34.50:698][  0]LogD3D11RHI:       0MB of dedicated video memory, 0MB of dedicated system memory, and 4087MB of shared system memory, 0 output[s]
[2016.08.18-22.34.50:698][  0]LogD3D11RHI: Chosen D3D11 Adapter: 0
[2016.08.18-22.34.50:703][  0]LogD3D11RHI: Creating new Direct3DDevice
[2016.08.18-22.34.50:704][  0]LogD3D11RHI:     Adapter Name: NVIDIA GeForce GTX 970
[2016.08.18-22.34.50:704][  0]LogD3D11RHI:   Driver Version: 10.18.13.6510 (internal 10.18.13.6510)
[2016.08.18-22.34.50:704][  0]LogD3D11RHI:      Driver Date: 4-27-2016
[2016.08.18-22.34.50:704][  0]LogRHI: Texture pool is 1361 MB (70% of 1945 MB)
[2016.08.18-22.34.50:718][  0]LogD3D11RHI: Async texture creation enabled
[2016.08.18-22.34.51:186][  0]LogShaderCompilers: Guid format shader working directory is -48 characters bigger than the processId version (../../../../../../Users/Fahad/Desktop/MX2 Game Suite/GitHub Directory/project-1-mx2/ProjectOne/Intermediate/Shaders/WorkingDirectory/1188/).
[2016.08.18-22.34.51:186][  0]LogShaderCompilers: Cleaned the shader compiler working directory 'C:/Users/Fahad/AppData/Local/Temp/UnrealShaderWorkingDir/9183B18944E0CAE4F27A30BC8BFECD07/'.
[2016.08.18-22.34.51:186][  0]LogShaderCompilers:Display: Using Local Shader Compiler.
[2016.08.18-22.34.52:252][  0]LogTemp:Display: Loaded TP AllDesktopTargetPlatform
[2016.08.18-22.34.52:258][  0]LogTemp:Display: Loaded TP WindowsClientTargetPlatform
[2016.08.18-22.34.52:265][  0]LogTemp:Display: Loaded TP WindowsNoEditorTargetPlatform
[2016.08.18-22.34.52:272][  0]LogTemp:Display: Loaded TP WindowsServerTargetPlatform
[2016.08.18-22.34.52:278][  0]LogTemp:Display: Loaded TP WindowsTargetPlatform
[2016.08.18-22.34.52:283][  0]LogTemp:Display: Loaded TP AndroidTargetPlatform
[2016.08.18-22.34.52:287][  0]LogTemp:Display: Loaded TP Android_ASTCTargetPlatform
[2016.08.18-22.34.52:291][  0]LogTemp:Display: Loaded TP Android_ATCTargetPlatform
[2016.08.18-22.34.52:294][  0]LogTemp:Display: Loaded TP Android_DXTTargetPlatform
[2016.08.18-22.34.52:299][  0]LogTemp:Display: Loaded TP Android_ETC1TargetPlatform
[2016.08.18-22.34.52:303][  0]LogTemp:Display: Loaded TP Android_ETC2TargetPlatform
[2016.08.18-22.34.52:311][  0]LogTemp:Display: Loaded TP Android_MultiTargetPlatform
[2016.08.18-22.34.52:311][  0]LogTemp:Display: Loaded TP Android_PVRTCTargetPlatform
[2016.08.18-22.34.52:313][  0]LogTemp:Display: Loaded TP HTML5TargetPlatform
[2016.08.18-22.34.52:332][  0]LogTemp:Display: Loaded TP IOSTargetPlatform
[2016.08.18-22.34.52:335][  0]LogTemp:Display: Loaded TP TVOSTargetPlatform
[2016.08.18-22.34.52:339][  0]LogTemp:Display: Loaded TP LinuxNoEditorTargetPlatform
[2016.08.18-22.34.52:343][  0]LogTemp:Display: Loaded TP LinuxServerTargetPlatform
[2016.08.18-22.34.52:346][  0]LogTemp:Display: Loaded TP LinuxTargetPlatform
[2016.08.18-22.34.52:346][  0]LogTargetPlatformManager:Display: Building Assets For Windows
[2016.08.18-22.34.52:463][  0]LogDerivedDataCache:Display: Max Cache Size: 512 MB
[2016.08.18-22.34.52:536][  0]LogDerivedDataCache: Loaded boot cache 0.07s 65MB C:/Users/Fahad/AppData/Local/UnrealEngine/4.11/DerivedDataCache/Boot.ddc.
[2016.08.18-22.34.52:536][  0]LogDerivedDataCache:Display: Loaded Boot cache: C:/Users/Fahad/AppData/Local/UnrealEngine/4.11/DerivedDataCache/Boot.ddc
[2016.08.18-22.34.52:536][  0]LogDerivedDataCache: FDerivedDataBackendGraph:  Pak pak cache file ../../../../../../Users/Fahad/Desktop/MX2 Game Suite/GitHub Directory/project-1-mx2/ProjectOne/DerivedDataCache/DDC.ddp not found, will not use a pak cache.
[2016.08.18-22.34.52:536][  0]LogDerivedDataCache: Unable to find inner node Pak for hierarchical cache Hierarchy.
[2016.08.18-22.34.52:536][  0]LogDerivedDataCache: FDerivedDataBackendGraph:  CompressedPak pak cache file ../../../../../../Users/Fahad/Desktop/MX2 Game Suite/GitHub Directory/project-1-mx2/ProjectOne/DerivedDataCache/Compressed.ddp not found, will not use a pak cache.
[2016.08.18-22.34.52:536][  0]LogDerivedDataCache: Unable to find inner node CompressedPak for hierarchical cache Hierarchy.
[2016.08.18-22.34.52:552][  0]LogDerivedDataCache:Display: Pak cache opened for reading ../../../Engine/DerivedDataCache/Compressed.ddp.
[2016.08.18-22.34.52:564][  0]LogDerivedDataCache: Using Local data cache path C:/Users/Fahad/AppData/Local/UnrealEngine/Common/DerivedDataCache: Writable
[2016.08.18-22.34.52:811][  0]LogInit: Selected Device Profile: [Windows]
[2016.08.18-22.34.52:817][  0]LogMaterial: Uniform references updated for custom material expression Custom.
[2016.08.18-22.34.52:818][  0]LogContentStreaming: Texture pool size is 1000.00 MB
[2016.08.18-22.34.52:960][  0]LogMeshUtilities: No automatic mesh reduction module available
[2016.08.18-22.34.52:960][  0]LogMeshUtilities: No automatic mesh merging module available
[2016.08.18-22.34.52:960][  0]LogMeshUtilities: No distributed automatic mesh merging module available
[2016.08.18-22.34.53:200][  0]LogInit: WinSock: version 1.1 (2.2), MaxSocks=32767, MaxUdp=65467
[2016.08.18-22.34.53:306][  0]LogSlate: SlateFontCache - WITH_FREETYPE: 1, WITH_HARFBUZZ: 1
[2016.08.18-22.34.53:306][  0]LogSlate: SlateFontCache - WITH_FREETYPE: 1, WITH_HARFBUZZ: 1
[2016.08.18-22.34.53:486][  0]LogWindowsMoviePlayer: Unable to load movie: ../../../../../../Users/Fahad/Desktop/MX2 Game Suite/GitHub Directory/project-1-mx2/ProjectOne/Content/Movies/Default_Startup.mp4
[2016.08.18-22.34.53:574][  0]LogUdpMessaging: Initializing bridge on interface 0.0.0.0:0 to multicast group 230.0.0.1:6666.
[2016.08.18-22.34.53:643][  0]LogTemp:Warning: No World
[2016.08.18-22.34.53:662][  0]SourceControl: Info Source control is disabled
[2016.08.18-22.34.53:663][  0]SourceControl: Info Source control is disabled
[2016.08.18-22.34.53:676][  0]SourceControl: Info Source control is disabled
[2016.08.18-22.34.53:820][  0]LogHMD: Failed to initialize OpenVR with code 108
[2016.08.18-22.34.53:849][  0]LogUObjectArray: 29307 objects as part of root set at end of initial load.
[2016.08.18-22.34.53:849][  0]LogUObjectAllocator: 6107224 out of 0 bytes used by permanent object pool.
[2016.08.18-22.34.53:849][  0]LogUObjectArray: CloseDisregardForGC: 0/0 objects in disregard for GC pool
[2016.08.18-22.34.53:909][  0]LogEngine: Initializing Engine...
[2016.08.18-22.34.54:664][  0]LogInit: XAudio2 using 'Speakers (5- Logitech USB Headset)' : 2 channels at 44.1 kHz using 16 bits per sample (channel mask 0x3)
[2016.08.18-22.34.54:681][  0]LogInit: FAudioDevice initialized.
[2016.08.18-22.34.54:692][  0]LogInit: Texture streaming: Enabled
[2016.08.18-22.34.54:791][  0]LogNet: Browse: /Temp/Autosaves/Game/Levels/UEDPCOverworldLevel?Name=Player
[2016.08.18-22.34.54:791][  0]LogLoad: LoadMap: /Temp/Autosaves/Game/Levels/UEDPCOverworldLevel?Name=Player
[2016.08.18-22.34.54:830][  0]LogMemory: Platform Memory Stats for Windows
[2016.08.18-22.34.54:830][  0]LogMemory: Process Physical Memory: 759.17 MB used, 781.58 MB peak
[2016.08.18-22.34.54:830][  0]LogMemory: Process Virtual Memory: 869.67 MB used, 869.68 MB peak
[2016.08.18-22.34.54:830][  0]LogMemory: Physical Memory: 6177.00 MB used, 8174.67 MB total
[2016.08.18-22.34.54:830][  0]LogMemory: Virtual Memory: 1443.10 MB used, 134217728.00 MB total
[2016.08.18-22.34.54:830][  0]LogMemory: 
[2016.08.18-22.34.54:830][  0]Allocator Stats for TBB: (not implemented)
[2016.08.18-22.34.54:834][  0]LogTemp:Warning: No World
[2016.08.18-22.34.54:968][  0]LogAssetRegistry: FAssetRegistry took 0.0001 seconds to start up
[2016.08.18-22.34.55:264][  0]LogTemp:Warning: No World
[2016.08.18-22.34.55:404][  0]LogTemp:Warning: No World
[2016.08.18-22.34.55:467][  0]LogAIModule: Creating AISystem for world OverworldLevel
[2016.08.18-22.34.55:468][  0]LogWorld: Game class is 'BattleGameMode_BP_C'
[2016.08.18-22.34.55:470][  0]LogWorld: Bringing World /Temp/Autosaves/Game/Levels/UEDPCOverworldLevel.OverworldLevel up for play (max tick rate 0) at 2016.08.18-18.34.55
[2016.08.18-22.34.55:471][  0]LogWorld: Bringing up level for play took: 0.002551
[2016.08.18-22.34.55:473][  0]LogInit:Display: Game Engine Initialized.
[2016.08.18-22.34.55:696][  0]LogLoad: Full Startup: 6.39 seconds (BP compile: 0.44 seconds)
[2016.08.18-22.34.55:696][  0]LogExternalProfiler: Found external profiler: VSPerf
[2016.08.18-22.34.55:696][  0]LogExternalProfiler: Using external profiler: VSPerf
[2016.08.18-22.34.55:713][  0]LogWindowsTextInputMethodSystem:Display: IME system now deactivated.
[2016.08.18-22.34.55:714][  0]LogOcInput: OculusInput pre-init called
[2016.08.18-22.34.55:761][  1]PIE:Warning: Warning Mobility of OrbReticleFadeOut_BP_2 : RenderComponent has to be 'Movable' if you'd like to move. 
[2016.08.18-22.34.55:830][  2]LogRenderer: Reallocating scene render targets to support 1280x720 (Frame:2).
[2016.08.18-22.35.12:301][ 19]LogWindowsTextInputMethodSystem:Display: IME system now deactivated.
