Log file open, 08/18/16 18:37:24
LogInit:Display: Running engine for game: ProjectOne
LogPlatformFile: Not using cached read wrapper
LogInit:Display: RandInit(-478500452) SRandInit(-478500450).
LogTaskGraph: Started task graph with 4 named threads and 7 total threads.
LogStats: Stats thread started at 0.085003
LogInit: Version: 4.11.2-2946394+++UE4+Release-4.11
LogInit: API Version: 2927265
LogInit: Compiled (64-bit): Apr 18 2016 02:18:46
LogInit: Compiled with Visual C++: 19.00.23026.00
LogInit: Build Configuration: Development
LogInit: Branch Name: ++UE4+Release-4.11
LogInit: Command line:  /Temp/Autosaves/Game/Levels/UEDPCOverworldLevel -game -PIEVIACONSOLE -ResX=1280 -ResY=720  -Multiprocess -messaging -SessionName="Play in Standalone Game" 
LogInit: Base directory: C:/Program Files/Epic Games/4.11/Engine/Binaries/Win64/
LogInit: Installed Engine Build: 1
LogInit: Using libcurl 7.41.0
LogInit:  - built for x86_64-pc-win32
LogInit:  - supports SSL with WinSSL
LogInit:  - other features:
LogInit:      CURL_VERSION_SSL
LogInit:      CURL_VERSION_IPV6
LogInit:      CURL_VERSION_ASYNCHDNS
LogInit:      CURL_VERSION_LARGEFILE
LogInit:      CURL_VERSION_IDN
LogInit:  CurlRequestOptions (configurable via config and command line):
LogInit:  - bVerifyPeer = true  - Libcurl will verify peer certificate
LogInit:  - bUseHttpProxy = false  - Libcurl will NOT use HTTP proxy
LogInit:  - bDontReuseConnections = false  - Libcurl will reuse connections
LogInit:  - CertBundlePath = nullptr  - Libcurl will use whatever was configured at build time.
LogInit: Presizing for max 16777216 objects, including 0 objects not considered by GC, pre-allocating 0 bytes for permanent pool.
LogInit: Object subsystem initialized
[2016.08.18-22.37.24:464][  0]LogInit: Selected Device Profile: [Windows]
[2016.08.18-22.37.24:464][  0]LogInit: Applying CVar settings loaded from the selected device profile: [Windows]
[2016.08.18-22.37.24:468][  0]LogInit: Computer: FAHAD-PC
[2016.08.18-22.37.24:468][  0]LogInit: User: Fahad
[2016.08.18-22.37.24:468][  0]LogInit: CPU Page size=65536, Cores=4
[2016.08.18-22.37.24:468][  0]LogInit: High frequency timer resolution =3.215352 MHz
[2016.08.18-22.37.24:468][  0]LogMemory: Memory total: Physical=8.0GB (8GB approx)
[2016.08.18-22.37.24:468][  0]LogMemory: Platform Memory Stats for Windows
[2016.08.18-22.37.24:468][  0]LogMemory: Process Physical Memory: 313.69 MB used, 313.69 MB peak
[2016.08.18-22.37.24:468][  0]LogMemory: Process Virtual Memory: 314.92 MB used, 314.92 MB peak
[2016.08.18-22.37.24:468][  0]LogMemory: Physical Memory: 5779.86 MB used, 8174.67 MB total
[2016.08.18-22.37.24:468][  0]LogMemory: Virtual Memory: 651.88 MB used, 134217728.00 MB total
[2016.08.18-22.37.24:521][  0]LogTextLocalizationManager: No specific translations for ('en-US') exist, so ('en') translations will be used.
[2016.08.18-22.37.24:922][  0]LogD3D11RHI: D3D11 adapters:
[2016.08.18-22.37.24:948][  0]LogD3D11RHI:    0. 'NVIDIA GeForce GTX 970' (Feature Level 11_0)
[2016.08.18-22.37.24:948][  0]LogD3D11RHI:       4007MB of dedicated video memory, 0MB of dedicated system memory, and 4087MB of shared system memory, 2 output[s]
[2016.08.18-22.37.24:950][  0]LogD3D11RHI:    1. 'Microsoft Basic Render Driver' (Feature Level 11_0)
[2016.08.18-22.37.24:950][  0]LogD3D11RHI:       0MB of dedicated video memory, 0MB of dedicated system memory, and 4087MB of shared system memory, 0 output[s]
[2016.08.18-22.37.24:950][  0]LogD3D11RHI: Chosen D3D11 Adapter: 0
[2016.08.18-22.37.24:955][  0]LogD3D11RHI: Creating new Direct3DDevice
[2016.08.18-22.37.24:955][  0]LogD3D11RHI:     Adapter Name: NVIDIA GeForce GTX 970
[2016.08.18-22.37.24:955][  0]LogD3D11RHI:   Driver Version: 10.18.13.6510 (internal 10.18.13.6510)
[2016.08.18-22.37.24:955][  0]LogD3D11RHI:      Driver Date: 4-27-2016
[2016.08.18-22.37.24:955][  0]LogRHI: Texture pool is 1361 MB (70% of 1945 MB)
[2016.08.18-22.37.24:970][  0]LogD3D11RHI: Async texture creation enabled
[2016.08.18-22.37.25:433][  0]LogShaderCompilers: Guid format shader working directory is -48 characters bigger than the processId version (../../../../../../Users/Fahad/Desktop/MX2 Game Suite/GitHub Directory/project-1-mx2/ProjectOne/Intermediate/Shaders/WorkingDirectory/8680/).
[2016.08.18-22.37.25:433][  0]LogShaderCompilers: Cleaned the shader compiler working directory 'C:/Users/Fahad/AppData/Local/Temp/UnrealShaderWorkingDir/69E13D8B4E7FAB8D9C96C1BE2ACF2530/'.
[2016.08.18-22.37.25:433][  0]LogShaderCompilers:Display: Using Local Shader Compiler.
[2016.08.18-22.37.26:482][  0]LogTemp:Display: Loaded TP AllDesktopTargetPlatform
[2016.08.18-22.37.26:488][  0]LogTemp:Display: Loaded TP WindowsClientTargetPlatform
[2016.08.18-22.37.26:495][  0]LogTemp:Display: Loaded TP WindowsNoEditorTargetPlatform
[2016.08.18-22.37.26:502][  0]LogTemp:Display: Loaded TP WindowsServerTargetPlatform
[2016.08.18-22.37.26:508][  0]LogTemp:Display: Loaded TP WindowsTargetPlatform
[2016.08.18-22.37.26:513][  0]LogTemp:Display: Loaded TP AndroidTargetPlatform
[2016.08.18-22.37.26:517][  0]LogTemp:Display: Loaded TP Android_ASTCTargetPlatform
[2016.08.18-22.37.26:521][  0]LogTemp:Display: Loaded TP Android_ATCTargetPlatform
[2016.08.18-22.37.26:525][  0]LogTemp:Display: Loaded TP Android_DXTTargetPlatform
[2016.08.18-22.37.26:529][  0]LogTemp:Display: Loaded TP Android_ETC1TargetPlatform
[2016.08.18-22.37.26:534][  0]LogTemp:Display: Loaded TP Android_ETC2TargetPlatform
[2016.08.18-22.37.26:542][  0]LogTemp:Display: Loaded TP Android_MultiTargetPlatform
[2016.08.18-22.37.26:542][  0]LogTemp:Display: Loaded TP Android_PVRTCTargetPlatform
[2016.08.18-22.37.26:543][  0]LogTemp:Display: Loaded TP HTML5TargetPlatform
[2016.08.18-22.37.26:563][  0]LogTemp:Display: Loaded TP IOSTargetPlatform
[2016.08.18-22.37.26:566][  0]LogTemp:Display: Loaded TP TVOSTargetPlatform
[2016.08.18-22.37.26:570][  0]LogTemp:Display: Loaded TP LinuxNoEditorTargetPlatform
[2016.08.18-22.37.26:574][  0]LogTemp:Display: Loaded TP LinuxServerTargetPlatform
[2016.08.18-22.37.26:578][  0]LogTemp:Display: Loaded TP LinuxTargetPlatform
[2016.08.18-22.37.26:578][  0]LogTargetPlatformManager:Display: Building Assets For Windows
[2016.08.18-22.37.26:693][  0]LogDerivedDataCache:Display: Max Cache Size: 512 MB
[2016.08.18-22.37.26:763][  0]LogDerivedDataCache: Loaded boot cache 0.07s 65MB C:/Users/Fahad/AppData/Local/UnrealEngine/4.11/DerivedDataCache/Boot.ddc.
[2016.08.18-22.37.26:763][  0]LogDerivedDataCache:Display: Loaded Boot cache: C:/Users/Fahad/AppData/Local/UnrealEngine/4.11/DerivedDataCache/Boot.ddc
[2016.08.18-22.37.26:763][  0]LogDerivedDataCache: FDerivedDataBackendGraph:  Pak pak cache file ../../../../../../Users/Fahad/Desktop/MX2 Game Suite/GitHub Directory/project-1-mx2/ProjectOne/DerivedDataCache/DDC.ddp not found, will not use a pak cache.
[2016.08.18-22.37.26:763][  0]LogDerivedDataCache: Unable to find inner node Pak for hierarchical cache Hierarchy.
[2016.08.18-22.37.26:763][  0]LogDerivedDataCache: FDerivedDataBackendGraph:  CompressedPak pak cache file ../../../../../../Users/Fahad/Desktop/MX2 Game Suite/GitHub Directory/project-1-mx2/ProjectOne/DerivedDataCache/Compressed.ddp not found, will not use a pak cache.
[2016.08.18-22.37.26:763][  0]LogDerivedDataCache: Unable to find inner node CompressedPak for hierarchical cache Hierarchy.
[2016.08.18-22.37.26:779][  0]LogDerivedDataCache:Display: Pak cache opened for reading ../../../Engine/DerivedDataCache/Compressed.ddp.
[2016.08.18-22.37.26:792][  0]LogDerivedDataCache: Using Local data cache path C:/Users/Fahad/AppData/Local/UnrealEngine/Common/DerivedDataCache: Writable
[2016.08.18-22.37.27:031][  0]LogInit: Selected Device Profile: [Windows]
[2016.08.18-22.37.27:037][  0]LogMaterial: Uniform references updated for custom material expression Custom.
[2016.08.18-22.37.27:037][  0]LogContentStreaming: Texture pool size is 1000.00 MB
[2016.08.18-22.37.27:173][  0]LogMeshUtilities: No automatic mesh reduction module available
[2016.08.18-22.37.27:173][  0]LogMeshUtilities: No automatic mesh merging module available
[2016.08.18-22.37.27:173][  0]LogMeshUtilities: No distributed automatic mesh merging module available
[2016.08.18-22.37.27:416][  0]LogInit: WinSock: version 1.1 (2.2), MaxSocks=32767, MaxUdp=65467
[2016.08.18-22.37.27:522][  0]LogSlate: SlateFontCache - WITH_FREETYPE: 1, WITH_HARFBUZZ: 1
[2016.08.18-22.37.27:522][  0]LogSlate: SlateFontCache - WITH_FREETYPE: 1, WITH_HARFBUZZ: 1
[2016.08.18-22.37.27:700][  0]LogWindowsMoviePlayer: Unable to load movie: ../../../../../../Users/Fahad/Desktop/MX2 Game Suite/GitHub Directory/project-1-mx2/ProjectOne/Content/Movies/Default_Startup.mp4
[2016.08.18-22.37.27:787][  0]LogUdpMessaging: Initializing bridge on interface 0.0.0.0:0 to multicast group 230.0.0.1:6666.
[2016.08.18-22.37.27:855][  0]LogTemp:Warning: No World
[2016.08.18-22.37.27:872][  0]SourceControl: Info Source control is disabled
[2016.08.18-22.37.27:872][  0]SourceControl: Info Source control is disabled
[2016.08.18-22.37.27:886][  0]SourceControl: Info Source control is disabled
[2016.08.18-22.37.28:035][  0]LogHMD: Failed to initialize OpenVR with code 108
[2016.08.18-22.37.28:064][  0]LogUObjectArray: 29307 objects as part of root set at end of initial load.
[2016.08.18-22.37.28:064][  0]LogUObjectAllocator: 6107224 out of 0 bytes used by permanent object pool.
[2016.08.18-22.37.28:064][  0]LogUObjectArray: CloseDisregardForGC: 0/0 objects in disregard for GC pool
[2016.08.18-22.37.28:125][  0]LogEngine: Initializing Engine...
[2016.08.18-22.37.28:820][  0]LogInit: XAudio2 using 'Speakers (5- Logitech USB Headset)' : 2 channels at 44.1 kHz using 16 bits per sample (channel mask 0x3)
[2016.08.18-22.37.28:832][  0]LogInit: FAudioDevice initialized.
[2016.08.18-22.37.28:841][  0]LogInit: Texture streaming: Enabled
[2016.08.18-22.37.28:926][  0]LogNet: Browse: /Temp/Autosaves/Game/Levels/UEDPCOverworldLevel?Name=Player
[2016.08.18-22.37.28:927][  0]LogLoad: LoadMap: /Temp/Autosaves/Game/Levels/UEDPCOverworldLevel?Name=Player
[2016.08.18-22.37.28:960][  0]LogMemory: Platform Memory Stats for Windows
[2016.08.18-22.37.28:960][  0]LogMemory: Process Physical Memory: 767.52 MB used, 788.21 MB peak
[2016.08.18-22.37.28:960][  0]LogMemory: Process Virtual Memory: 895.44 MB used, 895.45 MB peak
[2016.08.18-22.37.28:960][  0]LogMemory: Physical Memory: 6174.32 MB used, 8174.67 MB total
[2016.08.18-22.37.28:960][  0]LogMemory: Virtual Memory: 1464.82 MB used, 134217728.00 MB total
[2016.08.18-22.37.28:960][  0]LogMemory: 
[2016.08.18-22.37.28:960][  0]Allocator Stats for TBB: (not implemented)
[2016.08.18-22.37.28:964][  0]LogTemp:Warning: No World
[2016.08.18-22.37.29:089][  0]LogAssetRegistry: FAssetRegistry took 0.0001 seconds to start up
[2016.08.18-22.37.29:334][  0]LogTemp:Warning: No World
[2016.08.18-22.37.29:446][  0]LogTemp:Warning: No World
[2016.08.18-22.37.29:502][  0]LogAIModule: Creating AISystem for world OverworldLevel
[2016.08.18-22.37.29:502][  0]LogWorld: Game class is 'BattleGameMode_BP_C'
[2016.08.18-22.37.29:505][  0]LogWorld: Bringing World /Temp/Autosaves/Game/Levels/UEDPCOverworldLevel.OverworldLevel up for play (max tick rate 0) at 2016.08.18-18.37.29
[2016.08.18-22.37.29:505][  0]LogWorld: Bringing up level for play took: 0.002221
[2016.08.18-22.37.29:507][  0]LogInit:Display: Game Engine Initialized.
[2016.08.18-22.37.29:729][  0]LogLoad: Full Startup: 6.14 seconds (BP compile: 0.39 seconds)
[2016.08.18-22.37.29:729][  0]LogExternalProfiler: Found external profiler: VSPerf
[2016.08.18-22.37.29:729][  0]LogExternalProfiler: Using external profiler: VSPerf
[2016.08.18-22.37.29:748][  0]LogWindowsTextInputMethodSystem:Display: IME system now deactivated.
[2016.08.18-22.37.29:748][  0]LogOcInput: OculusInput pre-init called
[2016.08.18-22.37.29:797][  1]LogBlueprintUserMessages: [OrbReticleFadeOut_BP_2] 0.897702
[2016.08.18-22.37.29:864][  2]LogRenderer: Reallocating scene render targets to support 1280x720 (Frame:2).
[2016.08.18-22.37.29:902][  2]LogBlueprintUserMessages: [OrbReticleFadeOut_BP_2] 0.738343
[2016.08.18-22.37.29:937][  3]LogBlueprintUserMessages: [OrbReticleFadeOut_BP_2] 0.773323
[2016.08.18-22.37.29:958][  4]LogBlueprintUserMessages: [OrbReticleFadeOut_BP_2] 0.766211
[2016.08.18-22.37.29:974][  5]LogBlueprintUserMessages: [OrbReticleFadeOut_BP_2] 0.755077
[2016.08.18-22.37.29:991][  6]LogBlueprintUserMessages: [OrbReticleFadeOut_BP_2] 0.737038
[2016.08.18-22.37.30:009][  7]LogBlueprintUserMessages: [OrbReticleFadeOut_BP_2] 0.717723
[2016.08.18-22.37.30:028][  8]LogBlueprintUserMessages: [OrbReticleFadeOut_BP_2] 0.69899
[2016.08.18-22.37.30:047][  9]LogBlueprintUserMessages: [OrbReticleFadeOut_BP_2] 0.67955
[2016.08.18-22.37.30:064][ 10]LogBlueprintUserMessages: [OrbReticleFadeOut_BP_2] 0.664311
[2016.08.18-22.37.30:080][ 11]LogBlueprintUserMessages: [OrbReticleFadeOut_BP_2] 0.649148
[2016.08.18-22.37.30:096][ 12]LogBlueprintUserMessages: [OrbReticleFadeOut_BP_2] 0.633019
[2016.08.18-22.37.30:112][ 13]LogBlueprintUserMessages: [OrbReticleFadeOut_BP_2] 0.61689
[2016.08.18-22.37.30:128][ 14]LogBlueprintUserMessages: [OrbReticleFadeOut_BP_2] 0.600761
[2016.08.18-22.37.30:145][ 15]LogBlueprintUserMessages: [OrbReticleFadeOut_BP_2] 0.584632
[2016.08.18-22.37.30:161][ 16]LogBlueprintUserMessages: [OrbReticleFadeOut_BP_2] 0.568502
[2016.08.18-22.37.30:177][ 17]LogBlueprintUserMessages: [OrbReticleFadeOut_BP_2] 0.552373
[2016.08.18-22.37.30:193][ 18]LogBlueprintUserMessages: [OrbReticleFadeOut_BP_2] 0.536244
[2016.08.18-22.37.30:209][ 19]LogBlueprintUserMessages: [OrbReticleFadeOut_BP_2] 0.520115
[2016.08.18-22.37.30:225][ 20]LogBlueprintUserMessages: [OrbReticleFadeOut_BP_2] 0.503986
[2016.08.18-22.37.30:242][ 21]LogBlueprintUserMessages: [OrbReticleFadeOut_BP_2] 0.487856
[2016.08.18-22.37.30:258][ 22]LogBlueprintUserMessages: [OrbReticleFadeOut_BP_2] 0.471727
[2016.08.18-22.37.30:274][ 23]LogBlueprintUserMessages: [OrbReticleFadeOut_BP_2] 0.455598
[2016.08.18-22.37.30:290][ 24]LogBlueprintUserMessages: [OrbReticleFadeOut_BP_2] 0.439469
[2016.08.18-22.37.30:308][ 25]LogBlueprintUserMessages: [OrbReticleFadeOut_BP_2] 0.42334
[2016.08.18-22.37.30:323][ 26]LogBlueprintUserMessages: [OrbReticleFadeOut_BP_2] 0.40721
[2016.08.18-22.37.30:339][ 27]LogBlueprintUserMessages: [OrbReticleFadeOut_BP_2] 0.391081
[2016.08.18-22.37.30:355][ 28]LogBlueprintUserMessages: [OrbReticleFadeOut_BP_2] 0.374952
[2016.08.18-22.37.30:371][ 29]LogBlueprintUserMessages: [OrbReticleFadeOut_BP_2] 0.358823
[2016.08.18-22.37.30:387][ 30]LogBlueprintUserMessages: [OrbReticleFadeOut_BP_2] 0.342694
[2016.08.18-22.37.30:404][ 31]LogBlueprintUserMessages: [OrbReticleFadeOut_BP_2] 0.326564
[2016.08.18-22.37.30:420][ 32]LogBlueprintUserMessages: [OrbReticleFadeOut_BP_2] 0.310435
[2016.08.18-22.37.30:437][ 33]LogBlueprintUserMessages: [OrbReticleFadeOut_BP_2] 0.294306
[2016.08.18-22.37.30:453][ 34]LogBlueprintUserMessages: [OrbReticleFadeOut_BP_2] 0.278177
[2016.08.18-22.37.30:469][ 35]LogBlueprintUserMessages: [OrbReticleFadeOut_BP_2] 0.262048
[2016.08.18-22.37.30:484][ 36]LogBlueprintUserMessages: [OrbReticleFadeOut_BP_2] 0.245919
[2016.08.18-22.37.30:501][ 37]LogBlueprintUserMessages: [OrbReticleFadeOut_BP_2] 0.229789
[2016.08.18-22.37.30:516][ 38]LogBlueprintUserMessages: [OrbReticleFadeOut_BP_2] 0.21366
[2016.08.18-22.37.30:532][ 39]LogBlueprintUserMessages: [OrbReticleFadeOut_BP_2] 0.197531
[2016.08.18-22.37.30:548][ 40]LogBlueprintUserMessages: [OrbReticleFadeOut_BP_2] 0.181402
[2016.08.18-22.37.30:566][ 41]LogBlueprintUserMessages: [OrbReticleFadeOut_BP_2] 0.165273
[2016.08.18-22.37.30:580][ 42]LogBlueprintUserMessages: [OrbReticleFadeOut_BP_2] 0.149143
[2016.08.18-22.37.30:596][ 43]LogBlueprintUserMessages: [OrbReticleFadeOut_BP_2] 0.132968
[2016.08.18-22.37.30:612][ 44]LogBlueprintUserMessages: [OrbReticleFadeOut_BP_2] 0.116862
[2016.08.18-22.37.30:628][ 45]LogBlueprintUserMessages: [OrbReticleFadeOut_BP_2] 0.100733
[2016.08.18-22.37.30:645][ 46]LogBlueprintUserMessages: [OrbReticleFadeOut_BP_2] 0.084604
[2016.08.18-22.37.30:661][ 47]LogBlueprintUserMessages: [OrbReticleFadeOut_BP_2] 0.068475
[2016.08.18-22.37.30:677][ 48]LogBlueprintUserMessages: [OrbReticleFadeOut_BP_2] 0.052345
[2016.08.18-22.37.30:693][ 49]LogBlueprintUserMessages: [OrbReticleFadeOut_BP_2] 0.036216
[2016.08.18-22.37.30:709][ 50]LogBlueprintUserMessages: [OrbReticleFadeOut_BP_2] 0.020087
[2016.08.18-22.37.30:726][ 51]LogBlueprintUserMessages: [OrbReticleFadeOut_BP_2] 0.003958
[2016.08.18-22.37.30:742][ 52]LogBlueprintUserMessages: [OrbReticleFadeOut_BP_2] -0.012171
[2016.08.18-22.37.30:758][ 53]LogBlueprintUserMessages: [OrbReticleFadeOut_BP_2] -0.028301
[2016.08.18-22.37.30:775][ 54]LogBlueprintUserMessages: [OrbReticleFadeOut_BP_2] -0.04443
[2016.08.18-22.37.30:791][ 55]LogBlueprintUserMessages: [OrbReticleFadeOut_BP_2] -0.060559
[2016.08.18-22.37.30:807][ 56]LogBlueprintUserMessages: [OrbReticleFadeOut_BP_2] -0.076688
[2016.08.18-22.37.30:823][ 57]LogBlueprintUserMessages: [OrbReticleFadeOut_BP_2] -0.092817
[2016.08.18-22.37.30:840][ 58]LogBlueprintUserMessages: [OrbReticleFadeOut_BP_2] -0.108946
[2016.08.18-22.37.30:855][ 59]LogBlueprintUserMessages: [OrbReticleFadeOut_BP_2] -0.125076
[2016.08.18-22.37.30:872][ 60]LogBlueprintUserMessages: [OrbReticleFadeOut_BP_2] -0.141205
[2016.08.18-22.37.30:888][ 61]LogBlueprintUserMessages: [OrbReticleFadeOut_BP_2] -0.157334
[2016.08.18-22.37.30:905][ 62]LogBlueprintUserMessages: [OrbReticleFadeOut_BP_2] -0.173463
[2016.08.18-22.37.30:920][ 63]LogBlueprintUserMessages: [OrbReticleFadeOut_BP_2] -0.189592
[2016.08.18-22.37.30:937][ 64]LogBlueprintUserMessages: [OrbReticleFadeOut_BP_2] -0.205722
[2016.08.18-22.37.30:951][ 65]LogBlueprintUserMessages: [OrbReticleFadeOut_BP_2] -0.221851
[2016.08.18-22.37.30:967][ 66]LogBlueprintUserMessages: [OrbReticleFadeOut_BP_2] -0.23798
[2016.08.18-22.37.30:983][ 67]LogBlueprintUserMessages: [OrbReticleFadeOut_BP_2] -0.254109
[2016.08.18-22.37.30:999][ 68]LogBlueprintUserMessages: [OrbReticleFadeOut_BP_2] -0.270238
[2016.08.18-22.37.31:016][ 69]LogBlueprintUserMessages: [OrbReticleFadeOut_BP_2] -0.286367
[2016.08.18-22.37.31:032][ 70]LogBlueprintUserMessages: [OrbReticleFadeOut_BP_2] -0.302497
[2016.08.18-22.37.31:048][ 71]LogBlueprintUserMessages: [OrbReticleFadeOut_BP_2] -0.318626
[2016.08.18-22.37.31:064][ 72]LogBlueprintUserMessages: [OrbReticleFadeOut_BP_2] -0.334755
[2016.08.18-22.37.31:080][ 73]LogBlueprintUserMessages: [OrbReticleFadeOut_BP_2] -0.350884
[2016.08.18-22.37.31:096][ 74]LogBlueprintUserMessages: [OrbReticleFadeOut_BP_2] -0.367013
[2016.08.18-22.37.31:112][ 75]LogBlueprintUserMessages: [OrbReticleFadeOut_BP_2] -0.383143
[2016.08.18-22.37.31:128][ 76]LogBlueprintUserMessages: [OrbReticleFadeOut_BP_2] -0.399272
[2016.08.18-22.37.31:144][ 77]LogBlueprintUserMessages: [OrbReticleFadeOut_BP_2] -0.415401
[2016.08.18-22.37.31:161][ 78]LogBlueprintUserMessages: [OrbReticleFadeOut_BP_2] -0.43153
[2016.08.18-22.37.31:177][ 79]LogBlueprintUserMessages: [OrbReticleFadeOut_BP_2] -0.447659
[2016.08.18-22.37.31:193][ 80]LogBlueprintUserMessages: [OrbReticleFadeOut_BP_2] -0.463789
[2016.08.18-22.37.31:209][ 81]LogBlueprintUserMessages: [OrbReticleFadeOut_BP_2] -0.479918
[2016.08.18-22.37.31:226][ 82]LogBlueprintUserMessages: [OrbReticleFadeOut_BP_2] -0.496047
[2016.08.18-22.37.31:242][ 83]LogBlueprintUserMessages: [OrbReticleFadeOut_BP_2] -0.512176
[2016.08.18-22.37.31:258][ 84]LogBlueprintUserMessages: [OrbReticleFadeOut_BP_2] -0.528305
[2016.08.18-22.37.31:274][ 85]LogBlueprintUserMessages: [OrbReticleFadeOut_BP_2] -0.544435
[2016.08.18-22.37.31:290][ 86]LogBlueprintUserMessages: [OrbReticleFadeOut_BP_2] -0.560564
[2016.08.18-22.37.31:306][ 87]LogBlueprintUserMessages: [OrbReticleFadeOut_BP_2] -0.576693
[2016.08.18-22.37.31:323][ 88]LogBlueprintUserMessages: [OrbReticleFadeOut_BP_2] -0.592822
[2016.08.18-22.37.31:339][ 89]LogBlueprintUserMessages: [OrbReticleFadeOut_BP_2] -0.608951
[2016.08.18-22.37.31:355][ 90]LogBlueprintUserMessages: [OrbReticleFadeOut_BP_2] -0.625081
[2016.08.18-22.37.31:372][ 91]LogBlueprintUserMessages: [OrbReticleFadeOut_BP_2] -0.64121
[2016.08.18-22.37.31:388][ 92]LogBlueprintUserMessages: [OrbReticleFadeOut_BP_2] -0.657339
[2016.08.18-22.37.31:404][ 93]LogBlueprintUserMessages: [OrbReticleFadeOut_BP_2] -0.673468
[2016.08.18-22.37.31:421][ 94]LogBlueprintUserMessages: [OrbReticleFadeOut_BP_2] -0.689597
[2016.08.18-22.37.31:437][ 95]LogBlueprintUserMessages: [OrbReticleFadeOut_BP_2] -0.705727
[2016.08.18-22.37.31:453][ 96]LogBlueprintUserMessages: [OrbReticleFadeOut_BP_2] -0.721856
[2016.08.18-22.37.31:468][ 97]LogBlueprintUserMessages: [OrbReticleFadeOut_BP_2] -0.737985
[2016.08.18-22.37.31:485][ 98]LogBlueprintUserMessages: [OrbReticleFadeOut_BP_2] -0.754114
[2016.08.18-22.37.31:501][ 99]LogBlueprintUserMessages: [OrbReticleFadeOut_BP_2] -0.770243
[2016.08.18-22.37.31:517][100]LogBlueprintUserMessages: [OrbReticleFadeOut_BP_2] -0.786373
[2016.08.18-22.37.31:532][101]LogBlueprintUserMessages: [OrbReticleFadeOut_BP_2] -0.802502
[2016.08.18-22.37.31:548][102]LogBlueprintUserMessages: [OrbReticleFadeOut_BP_2] -0.818631
[2016.08.18-22.37.31:564][103]LogBlueprintUserMessages: [OrbReticleFadeOut_BP_2] -0.83476
[2016.08.18-22.37.31:580][104]LogBlueprintUserMessages: [OrbReticleFadeOut_BP_2] -0.850889
[2016.08.18-22.37.31:596][105]LogBlueprintUserMessages: [OrbReticleFadeOut_BP_2] -0.867019
[2016.08.18-22.37.31:612][106]LogBlueprintUserMessages: [OrbReticleFadeOut_BP_2] -0.883148
[2016.08.18-22.37.31:629][107]LogBlueprintUserMessages: [OrbReticleFadeOut_BP_2] -0.899277
[2016.08.18-22.37.31:644][108]LogBlueprintUserMessages: [OrbReticleFadeOut_BP_2] -0.915406
[2016.08.18-22.37.31:661][109]LogBlueprintUserMessages: [OrbReticleFadeOut_BP_2] -0.931535
[2016.08.18-22.37.31:677][110]LogBlueprintUserMessages: [OrbReticleFadeOut_BP_2] -0.947664
[2016.08.18-22.37.31:693][111]LogBlueprintUserMessages: [OrbReticleFadeOut_BP_2] -0.963794
[2016.08.18-22.37.31:709][112]LogBlueprintUserMessages: [OrbReticleFadeOut_BP_2] -0.979923
[2016.08.18-22.37.31:725][113]LogBlueprintUserMessages: [OrbReticleFadeOut_BP_2] -0.996052
[2016.08.18-22.37.31:742][114]LogBlueprintUserMessages: [OrbReticleFadeOut_BP_2] -1.012181
[2016.08.18-22.37.31:758][115]LogBlueprintUserMessages: [OrbReticleFadeOut_BP_2] -1.02831
[2016.08.18-22.37.31:774][116]LogBlueprintUserMessages: [OrbReticleFadeOut_BP_2] -1.04444
[2016.08.18-22.37.31:790][117]LogBlueprintUserMessages: [OrbReticleFadeOut_BP_2] -1.060569
[2016.08.18-22.37.31:806][118]LogBlueprintUserMessages: [OrbReticleFadeOut_BP_2] -1.076698
[2016.08.18-22.37.31:822][119]LogBlueprintUserMessages: [OrbReticleFadeOut_BP_2] -1.092827
[2016.08.18-22.37.31:838][120]LogBlueprintUserMessages: [OrbReticleFadeOut_BP_2] -1.108956
[2016.08.18-22.37.31:854][121]LogBlueprintUserMessages: [OrbReticleFadeOut_BP_2] -1.125085
[2016.08.18-22.37.31:871][122]LogBlueprintUserMessages: [OrbReticleFadeOut_BP_2] -1.141214
[2016.08.18-22.37.31:887][123]LogBlueprintUserMessages: [OrbReticleFadeOut_BP_2] -1.157344
[2016.08.18-22.37.31:903][124]LogBlueprintUserMessages: [OrbReticleFadeOut_BP_2] -1.173473
[2016.08.18-22.37.31:919][125]LogBlueprintUserMessages: [OrbReticleFadeOut_BP_2] -1.189602
[2016.08.18-22.37.31:935][126]LogBlueprintUserMessages: [OrbReticleFadeOut_BP_2] -1.205731
[2016.08.18-22.37.31:951][127]LogBlueprintUserMessages: [OrbReticleFadeOut_BP_2] -1.22186
[2016.08.18-22.37.31:967][128]LogBlueprintUserMessages: [OrbReticleFadeOut_BP_2] -1.237989
[2016.08.18-22.37.31:983][129]LogBlueprintUserMessages: [OrbReticleFadeOut_BP_2] -1.254118
[2016.08.18-22.37.32:000][130]LogBlueprintUserMessages: [OrbReticleFadeOut_BP_2] -1.270247
[2016.08.18-22.37.32:016][131]LogBlueprintUserMessages: [OrbReticleFadeOut_BP_2] -1.286377
[2016.08.18-22.37.32:032][132]LogBlueprintUserMessages: [OrbReticleFadeOut_BP_2] -1.302506
[2016.08.18-22.37.32:048][133]LogBlueprintUserMessages: [OrbReticleFadeOut_BP_2] -1.318635
[2016.08.18-22.37.32:064][134]LogBlueprintUserMessages: [OrbReticleFadeOut_BP_2] -1.334764
[2016.08.18-22.37.32:080][135]LogBlueprintUserMessages: [OrbReticleFadeOut_BP_2] -1.350893
[2016.08.18-22.37.32:096][136]LogBlueprintUserMessages: [OrbReticleFadeOut_BP_2] -1.367022
[2016.08.18-22.37.32:112][137]LogBlueprintUserMessages: [OrbReticleFadeOut_BP_2] -1.383151
[2016.08.18-22.37.32:128][138]LogBlueprintUserMessages: [OrbReticleFadeOut_BP_2] -1.399281
[2016.08.18-22.37.32:145][139]LogBlueprintUserMessages: [OrbReticleFadeOut_BP_2] -1.41541
[2016.08.18-22.37.32:161][140]LogBlueprintUserMessages: [OrbReticleFadeOut_BP_2] -1.431539
[2016.08.18-22.37.32:177][141]LogBlueprintUserMessages: [OrbReticleFadeOut_BP_2] -1.447668
[2016.08.18-22.37.32:193][142]LogBlueprintUserMessages: [OrbReticleFadeOut_BP_2] -1.463797
[2016.08.18-22.37.32:209][143]LogBlueprintUserMessages: [OrbReticleFadeOut_BP_2] -1.479926
[2016.08.18-22.37.32:225][144]LogBlueprintUserMessages: [OrbReticleFadeOut_BP_2] -1.496055
[2016.08.18-22.37.32:242][145]LogBlueprintUserMessages: [OrbReticleFadeOut_BP_2] -1.512185
[2016.08.18-22.37.32:258][146]LogBlueprintUserMessages: [OrbReticleFadeOut_BP_2] -1.528314
[2016.08.18-22.37.32:274][147]LogBlueprintUserMessages: [OrbReticleFadeOut_BP_2] -1.544443
[2016.08.18-22.37.32:290][148]LogBlueprintUserMessages: [OrbReticleFadeOut_BP_2] -1.560572
[2016.08.18-22.37.32:306][149]LogBlueprintUserMessages: [OrbReticleFadeOut_BP_2] -1.576725
[2016.08.18-22.37.32:322][150]LogBlueprintUserMessages: [OrbReticleFadeOut_BP_2] -1.592842
[2016.08.18-22.37.32:340][151]LogBlueprintUserMessages: [OrbReticleFadeOut_BP_2] -1.608971
[2016.08.18-22.37.32:355][152]LogBlueprintUserMessages: [OrbReticleFadeOut_BP_2] -1.6251
[2016.08.18-22.37.32:371][153]LogBlueprintUserMessages: [OrbReticleFadeOut_BP_2] -1.64123
[2016.08.18-22.37.32:388][154]LogBlueprintUserMessages: [OrbReticleFadeOut_BP_2] -1.657359
[2016.08.18-22.37.32:404][155]LogBlueprintUserMessages: [OrbReticleFadeOut_BP_2] -1.673488
[2016.08.18-22.37.32:420][156]LogBlueprintUserMessages: [OrbReticleFadeOut_BP_2] -1.689617
[2016.08.18-22.37.32:437][157]LogBlueprintUserMessages: [OrbReticleFadeOut_BP_2] -1.705746
[2016.08.18-22.37.32:453][158]LogBlueprintUserMessages: [OrbReticleFadeOut_BP_2] -1.721875
[2016.08.18-22.37.32:469][159]LogBlueprintUserMessages: [OrbReticleFadeOut_BP_2] -1.738004
[2016.08.18-22.37.32:484][160]LogBlueprintUserMessages: [OrbReticleFadeOut_BP_2] -1.754133
[2016.08.18-22.37.32:501][161]LogBlueprintUserMessages: [OrbReticleFadeOut_BP_2] -1.770263
[2016.08.18-22.37.32:517][162]LogBlueprintUserMessages: [OrbReticleFadeOut_BP_2] -1.786392
[2016.08.18-22.37.32:533][163]LogBlueprintUserMessages: [OrbReticleFadeOut_BP_2] -1.802521
[2016.08.18-22.37.32:549][164]LogBlueprintUserMessages: [OrbReticleFadeOut_BP_2] -1.81865
[2016.08.18-22.37.32:565][165]LogBlueprintUserMessages: [OrbReticleFadeOut_BP_2] -1.834779
[2016.08.18-22.37.32:581][166]LogBlueprintUserMessages: [OrbReticleFadeOut_BP_2] -1.850908
[2016.08.18-22.37.32:598][167]LogBlueprintUserMessages: [OrbReticleFadeOut_BP_2] -1.867037
[2016.08.18-22.37.32:614][168]LogBlueprintUserMessages: [OrbReticleFadeOut_BP_2] -1.883167
[2016.08.18-22.37.32:630][169]LogBlueprintUserMessages: [OrbReticleFadeOut_BP_2] -1.899296
[2016.08.18-22.37.32:646][170]LogBlueprintUserMessages: [OrbReticleFadeOut_BP_2] -1.915425
[2016.08.18-22.37.32:662][171]LogBlueprintUserMessages: [OrbReticleFadeOut_BP_2] -1.931554
[2016.08.18-22.37.32:678][172]LogBlueprintUserMessages: [OrbReticleFadeOut_BP_2] -1.947683
[2016.08.18-22.37.32:694][173]LogBlueprintUserMessages: [OrbReticleFadeOut_BP_2] -1.963812
[2016.08.18-22.37.32:710][174]LogBlueprintUserMessages: [OrbReticleFadeOut_BP_2] -1.979941
[2016.08.18-22.37.32:726][175]LogBlueprintUserMessages: [OrbReticleFadeOut_BP_2] -1.996071
[2016.08.18-22.37.32:742][176]LogBlueprintUserMessages: [OrbReticleFadeOut_BP_2] -2.0122
[2016.08.18-22.37.32:759][177]LogBlueprintUserMessages: [OrbReticleFadeOut_BP_2] -2.028329
[2016.08.18-22.37.32:774][178]LogBlueprintUserMessages: [OrbReticleFadeOut_BP_2] -2.044458
[2016.08.18-22.37.32:791][179]LogBlueprintUserMessages: [OrbReticleFadeOut_BP_2] -2.060587
[2016.08.18-22.37.32:807][180]LogBlueprintUserMessages: [OrbReticleFadeOut_BP_2] -2.076717
[2016.08.18-22.37.32:824][181]LogBlueprintUserMessages: [OrbReticleFadeOut_BP_2] -2.092846
[2016.08.18-22.37.32:840][182]LogBlueprintUserMessages: [OrbReticleFadeOut_BP_2] -2.109001
[2016.08.18-22.37.32:855][183]LogBlueprintUserMessages: [OrbReticleFadeOut_BP_2] -2.125117
[2016.08.18-22.37.32:872][184]LogBlueprintUserMessages: [OrbReticleFadeOut_BP_2] -2.141247
[2016.08.18-22.37.32:888][185]LogBlueprintUserMessages: [OrbReticleFadeOut_BP_2] -2.157376
[2016.08.18-22.37.32:904][186]LogBlueprintUserMessages: [OrbReticleFadeOut_BP_2] -2.173505
[2016.08.18-22.37.32:920][187]LogBlueprintUserMessages: [OrbReticleFadeOut_BP_2] -2.189634
[2016.08.18-22.37.32:937][188]LogBlueprintUserMessages: [OrbReticleFadeOut_BP_2] -2.205764
[2016.08.18-22.37.32:953][189]LogBlueprintUserMessages: [OrbReticleFadeOut_BP_2] -2.221893
[2016.08.18-22.37.32:969][190]LogBlueprintUserMessages: [OrbReticleFadeOut_BP_2] -2.238022
[2016.08.18-22.37.32:985][191]LogBlueprintUserMessages: [OrbReticleFadeOut_BP_2] -2.254151
[2016.08.18-22.37.33:001][192]LogBlueprintUserMessages: [OrbReticleFadeOut_BP_2] -2.270281
[2016.08.18-22.37.33:017][193]LogBlueprintUserMessages: [OrbReticleFadeOut_BP_2] -2.28641
[2016.08.18-22.37.33:033][194]LogBlueprintUserMessages: [OrbReticleFadeOut_BP_2] -2.302539
[2016.08.18-22.37.33:048][195]LogBlueprintUserMessages: [OrbReticleFadeOut_BP_2] -2.318668
[2016.08.18-22.37.33:065][196]LogBlueprintUserMessages: [OrbReticleFadeOut_BP_2] -2.334798
[2016.08.18-22.37.33:081][197]LogBlueprintUserMessages: [OrbReticleFadeOut_BP_2] -2.350927
[2016.08.18-22.37.33:098][198]LogBlueprintUserMessages: [OrbReticleFadeOut_BP_2] -2.367056
[2016.08.18-22.37.33:112][199]LogBlueprintUserMessages: [OrbReticleFadeOut_BP_2] -2.383185
[2016.08.18-22.37.33:129][200]LogBlueprintUserMessages: [OrbReticleFadeOut_BP_2] -2.399315
[2016.08.18-22.37.33:145][201]LogBlueprintUserMessages: [OrbReticleFadeOut_BP_2] -2.415444
[2016.08.18-22.37.33:161][202]LogBlueprintUserMessages: [OrbReticleFadeOut_BP_2] -2.431573
[2016.08.18-22.37.33:177][203]LogBlueprintUserMessages: [OrbReticleFadeOut_BP_2] -2.447702
[2016.08.18-22.37.33:193][204]LogBlueprintUserMessages: [OrbReticleFadeOut_BP_2] -2.463832
[2016.08.18-22.37.33:209][205]LogBlueprintUserMessages: [OrbReticleFadeOut_BP_2] -2.479961
[2016.08.18-22.37.33:226][206]LogBlueprintUserMessages: [OrbReticleFadeOut_BP_2] -2.49609
[2016.08.18-22.37.33:243][207]LogBlueprintUserMessages: [OrbReticleFadeOut_BP_2] -2.512244
[2016.08.18-22.37.33:259][208]LogBlueprintUserMessages: [OrbReticleFadeOut_BP_2] -2.528361
[2016.08.18-22.37.33:275][209]LogBlueprintUserMessages: [OrbReticleFadeOut_BP_2] -2.54449
[2016.08.18-22.37.33:291][210]LogBlueprintUserMessages: [OrbReticleFadeOut_BP_2] -2.560619
[2016.08.18-22.37.33:308][211]LogBlueprintUserMessages: [OrbReticleFadeOut_BP_2] -2.576749
[2016.08.18-22.37.33:323][212]LogBlueprintUserMessages: [OrbReticleFadeOut_BP_2] -2.592878
[2016.08.18-22.37.33:338][213]LogBlueprintUserMessages: [OrbReticleFadeOut_BP_2] -2.609007
[2016.08.18-22.37.33:354][214]LogBlueprintUserMessages: [OrbReticleFadeOut_BP_2] -2.625136
[2016.08.18-22.37.33:371][215]LogBlueprintUserMessages: [OrbReticleFadeOut_BP_2] -2.641266
[2016.08.18-22.37.33:387][216]LogBlueprintUserMessages: [OrbReticleFadeOut_BP_2] -2.657395
[2016.08.18-22.37.33:403][217]LogBlueprintUserMessages: [OrbReticleFadeOut_BP_2] -2.673524
[2016.08.18-22.37.33:419][218]LogBlueprintUserMessages: [OrbReticleFadeOut_BP_2] -2.689653
[2016.08.18-22.37.33:435][219]LogBlueprintUserMessages: [OrbReticleFadeOut_BP_2] -2.705783
[2016.08.18-22.37.33:451][220]LogBlueprintUserMessages: [OrbReticleFadeOut_BP_2] -2.721912
[2016.08.18-22.37.33:467][221]LogBlueprintUserMessages: [OrbReticleFadeOut_BP_2] -2.738041
[2016.08.18-22.37.33:484][222]LogBlueprintUserMessages: [OrbReticleFadeOut_BP_2] -2.75417
[2016.08.18-22.37.33:500][223]LogBlueprintUserMessages: [OrbReticleFadeOut_BP_2] -2.7703
[2016.08.18-22.37.33:515][224]LogBlueprintUserMessages: [OrbReticleFadeOut_BP_2] -2.786429
[2016.08.18-22.37.33:532][225]LogBlueprintUserMessages: [OrbReticleFadeOut_BP_2] -2.802558
[2016.08.18-22.37.33:549][226]LogBlueprintUserMessages: [OrbReticleFadeOut_BP_2] -2.818769
[2016.08.18-22.37.33:565][227]LogBlueprintUserMessages: [OrbReticleFadeOut_BP_2] -2.834858
[2016.08.18-22.37.33:581][228]LogBlueprintUserMessages: [OrbReticleFadeOut_BP_2] -2.850987
[2016.08.18-22.37.33:597][229]LogBlueprintUserMessages: [OrbReticleFadeOut_BP_2] -2.867116
[2016.08.18-22.37.33:613][230]LogBlueprintUserMessages: [OrbReticleFadeOut_BP_2] -2.883245
[2016.08.18-22.37.33:630][231]LogBlueprintUserMessages: [OrbReticleFadeOut_BP_2] -2.899375
[2016.08.18-22.37.33:645][232]LogBlueprintUserMessages: [OrbReticleFadeOut_BP_2] -2.915504
[2016.08.18-22.37.33:663][233]LogBlueprintUserMessages: [OrbReticleFadeOut_BP_2] -2.931633
[2016.08.18-22.37.33:677][234]LogBlueprintUserMessages: [OrbReticleFadeOut_BP_2] -2.947762
[2016.08.18-22.37.33:693][235]LogBlueprintUserMessages: [OrbReticleFadeOut_BP_2] -2.963892
[2016.08.18-22.37.33:709][236]LogBlueprintUserMessages: [OrbReticleFadeOut_BP_2] -2.980021
[2016.08.18-22.37.33:725][237]LogBlueprintUserMessages: [OrbReticleFadeOut_BP_2] -2.99615
[2016.08.18-22.37.33:742][238]LogBlueprintUserMessages: [OrbReticleFadeOut_BP_2] -3.01228
[2016.08.18-22.37.33:758][239]LogBlueprintUserMessages: [OrbReticleFadeOut_BP_2] -3.028409
[2016.08.18-22.37.33:776][240]LogBlueprintUserMessages: [OrbReticleFadeOut_BP_2] -3.044538
[2016.08.18-22.37.33:790][241]LogBlueprintUserMessages: [OrbReticleFadeOut_BP_2] -3.060668
[2016.08.18-22.37.33:808][242]LogBlueprintUserMessages: [OrbReticleFadeOut_BP_2] -3.076797
[2016.08.18-22.37.33:824][243]LogBlueprintUserMessages: [OrbReticleFadeOut_BP_2] -3.092926
[2016.08.18-22.37.33:840][244]LogBlueprintUserMessages: [OrbReticleFadeOut_BP_2] -3.109056
[2016.08.18-22.37.33:855][245]LogBlueprintUserMessages: [OrbReticleFadeOut_BP_2] -3.125185
[2016.08.18-22.37.33:872][246]LogBlueprintUserMessages: [OrbReticleFadeOut_BP_2] -3.141314
[2016.08.18-22.37.33:888][247]LogBlueprintUserMessages: [OrbReticleFadeOut_BP_2] -3.157443
[2016.08.18-22.37.33:905][248]LogBlueprintUserMessages: [OrbReticleFadeOut_BP_2] -3.173573
[2016.08.18-22.37.33:920][249]LogBlueprintUserMessages: [OrbReticleFadeOut_BP_2] -3.189702
[2016.08.18-22.37.33:935][250]LogBlueprintUserMessages: [OrbReticleFadeOut_BP_2] -3.205831
[2016.08.18-22.37.33:953][251]LogBlueprintUserMessages: [OrbReticleFadeOut_BP_2] -3.221993
[2016.08.18-22.37.33:967][252]LogBlueprintUserMessages: [OrbReticleFadeOut_BP_2] -3.238106
[2016.08.18-22.37.33:983][253]LogBlueprintUserMessages: [OrbReticleFadeOut_BP_2] -3.254235
[2016.08.18-22.37.34:127][254]LogWindowsTextInputMethodSystem:Display: IME system now deactivated.
[2016.08.18-22.37.34:139][254]LogEngine: All Windows Closed
[2016.08.18-22.37.34:139][254]LogWindows: FPlatformMisc::RequestExit(0)
[2016.08.18-22.37.35:131][255]LogExit: Preparing to exit.
[2016.08.18-22.37.35:929][255]LogExit: Game engine shut down
[2016.08.18-22.37.36:046][255]LogObj: Freed 0b from 0 cluster array pools.
[2016.08.18-22.37.36:046][255]LogExit: Object subsystem successfully closed.
[2016.08.18-22.37.36:061][255]LogD3D11RHI: Shutdown
[2016.08.18-22.37.36:061][255]LogD3D11RHI: CleanupD3DDevice
[2016.08.18-22.37.36:122][255]LogD3D11RHI: ~FD3D11DynamicRHI
[2016.08.18-22.37.36:288][255]LogDerivedDataCache: Shutdown
[2016.08.18-22.37.36:288][255]LogModuleManager: Shutting down and abandoning module AndroidDeviceDetection (126)
[2016.08.18-22.37.36:746][255]LogModuleManager: Shutting down and abandoning module AutomationController (125)
[2016.08.18-22.37.36:746][255]LogModuleManager: Shutting down and abandoning module AutomationWorker (124)
[2016.08.18-22.37.36:746][255]LogModuleManager: Shutting down and abandoning module CharacterAI (123)
[2016.08.18-22.37.36:746][255]LogModuleManager: Shutting down and abandoning module AITestSuite (122)
[2016.08.18-22.37.36:746][255]LogModuleManager: Shutting down and abandoning module GameplayDebugger (121)
[2016.08.18-22.37.36:746][255]LogModuleManager: Shutting down and abandoning module AIModule (120)
[2016.08.18-22.37.36:746][255]LogModuleManager: Shutting down and abandoning module AssetRegistry (119)
[2016.08.18-22.37.36:746][255]LogModuleManager: Shutting down and abandoning module MovieSceneCapture (118)
[2016.08.18-22.37.36:746][255]LogModuleManager: Shutting down and abandoning module StreamingPauseRendering (117)
[2016.08.18-22.37.36:746][255]LogModuleManager: Shutting down and abandoning module PortalServices (116)
[2016.08.18-22.37.36:746][255]LogModuleManager: Shutting down and abandoning module PortalRpc (115)
[2016.08.18-22.37.36:746][255]LogModuleManager: Shutting down and abandoning module MessagingRpc (114)
[2016.08.18-22.37.36:746][255]LogModuleManager: Shutting down and abandoning module ProfilerService (113)
[2016.08.18-22.37.36:836][255]LogModuleManager: Shutting down and abandoning module TaskGraph (112)
[2016.08.18-22.37.36:836][255]LogModuleManager: Shutting down and abandoning module SlateRemote (111)
[2016.08.18-22.37.36:836][255]LogModuleManager: Shutting down and abandoning module SteamVRController (110)
[2016.08.18-22.37.36:836][255]LogModuleManager: Shutting down and abandoning module SteamVR (109)
[2016.08.18-22.37.36:836][255]LogModuleManager: Shutting down and abandoning module ProceduralMeshComponent (108)
[2016.08.18-22.37.36:836][255]LogModuleManager: Shutting down and abandoning module OculusLibrary (107)
[2016.08.18-22.37.36:836][255]LogModuleManager: Shutting down and abandoning module OculusInput (106)
[2016.08.18-22.37.36:836][255]LogModuleManager: Shutting down and abandoning module CustomMeshComponent (105)
[2016.08.18-22.37.36:836][255]LogModuleManager: Shutting down and abandoning module CableComponent (104)
[2016.08.18-22.37.36:836][255]LogModuleManager: Shutting down and abandoning module ArchVisCharacter (103)
[2016.08.18-22.37.36:836][255]LogModuleManager: Shutting down and abandoning module HTML5Networking (102)
[2016.08.18-22.37.36:836][255]LogModuleManager: Shutting down and abandoning module DesktopPlatform (101)
[2016.08.18-22.37.36:836][255]LogModuleManager: Shutting down and abandoning module DirectoryWatcher (100)
[2016.08.18-22.37.36:836][255]LogModuleManager: Shutting down and abandoning module HotReload (99)
[2016.08.18-22.37.36:837][255]LogModuleManager: Shutting down and abandoning module VisualStudioSourceCodeAccess (98)
[2016.08.18-22.37.36:837][255]LogModuleManager: Shutting down and abandoning module UObjectPlugin (97)
[2016.08.18-22.37.36:837][255]LogModuleManager: Shutting down and abandoning module SubversionSourceControl (96)
[2016.08.18-22.37.36:837][255]LogModuleManager: Shutting down and abandoning module SourceControl (95)
[2016.08.18-22.37.36:837][255]LogModuleManager: Shutting down and abandoning module PerforceSourceControl (94)
[2016.08.18-22.37.36:837][255]LogModuleManager: Shutting down and abandoning module ProjectOne (93)
[2016.08.18-22.37.36:837][255]LogModuleManager: Shutting down and abandoning module UdpMessaging (92)
[2016.08.18-22.37.36:937][255]LogModuleManager: Shutting down and abandoning module LightPropagationVolumeRuntime (91)
[2016.08.18-22.37.36:937][255]LogModuleManager: Shutting down and abandoning module Paper2D (90)
[2016.08.18-22.37.36:937][255]LogModuleManager: Shutting down and abandoning module WindowsMoviePlayer (89)
[2016.08.18-22.37.36:937][255]LogModuleManager: Shutting down and abandoning module Media (88)
[2016.08.18-22.37.36:937][255]LogModuleManager: Shutting down and abandoning module WmfMedia (87)
[2016.08.18-22.37.36:937][255]LogModuleManager: Shutting down and abandoning module MediaAssets (86)
[2016.08.18-22.37.36:937][255]LogModuleManager: Shutting down and abandoning module GameLiveStreaming (85)
[2016.08.18-22.37.36:937][255]LogModuleManager: Shutting down and abandoning module GameplayTagsEditor (84)
[2016.08.18-22.37.36:937][255]LogModuleManager: Shutting down and abandoning module OnlineBlueprintSupport (83)
[2016.08.18-22.37.36:937][255]LogModuleManager: Shutting down and abandoning module GameplayTasksEditor (82)
[2016.08.18-22.37.36:937][255]LogModuleManager: Shutting down and abandoning module PropertyEditor (81)
[2016.08.18-22.37.36:937][255]LogModuleManager: Shutting down and abandoning module BehaviorTreeEditor (80)
[2016.08.18-22.37.36:938][255]LogModuleManager: Shutting down and abandoning module FunctionalTesting (79)
[2016.08.18-22.37.36:938][255]LogModuleManager: Shutting down and abandoning module CollisionAnalyzer (78)
[2016.08.18-22.37.36:938][255]LogModuleManager: Shutting down and abandoning module WorkspaceMenuStructure (77)
[2016.08.18-22.37.36:938][255]LogModuleManager: Shutting down and abandoning module MessageLog (76)
[2016.08.18-22.37.36:938][255]LogModuleManager: Shutting down and abandoning module Sequencer (75)
[2016.08.18-22.37.36:938][255]LogModuleManager: Shutting down and abandoning module AssetTools (74)
[2016.08.18-22.37.36:938][255]LogModuleManager: Shutting down and abandoning module UMGEditor (73)
[2016.08.18-22.37.36:938][255]LogModuleManager: Shutting down and abandoning module UMG (72)
[2016.08.18-22.37.36:938][255]LogModuleManager: Shutting down and abandoning module SlateReflector (71)
[2016.08.18-22.37.36:938][255]LogModuleManager: Shutting down and abandoning module Slate (70)
[2016.08.18-22.37.36:938][255]LogModuleManager: Shutting down and abandoning module EditorStyle (69)
[2016.08.18-22.37.36:940][255]LogModuleManager: Shutting down and abandoning module SessionServices (68)
[2016.08.18-22.37.36:940][255]LogModuleManager: Shutting down and abandoning module SourceCodeAccess (67)
[2016.08.18-22.37.36:940][255]LogModuleManager: Shutting down and abandoning module HeadMountedDisplay (66)
[2016.08.18-22.37.36:940][255]LogModuleManager: Shutting down and abandoning module XAudio2 (65)
[2016.08.18-22.37.36:940][255]LogModuleManager: Shutting down and abandoning module Networking (63)
[2016.08.18-22.37.36:940][255]LogModuleManager: Shutting down and abandoning module Core (62)
[2016.08.18-22.37.36:940][255]LogModuleManager: Shutting down and abandoning module KismetCompiler (61)
[2016.08.18-22.37.36:940][255]LogModuleManager: Shutting down and abandoning module PhysXFormats (60)
[2016.08.18-22.37.36:940][255]LogModuleManager: Shutting down and abandoning module MeshUtilities (59)
[2016.08.18-22.37.36:940][255]LogModuleManager: Shutting down and abandoning module CookingStats (58)
[2016.08.18-22.37.36:940][255]LogModuleManager: Shutting down and abandoning module DerivedDataCache (57)
[2016.08.18-22.37.36:940][255]LogDerivedDataCache: Shutdown
[2016.08.18-22.37.36:940][255]LogModuleManager: Shutting down and abandoning module ShaderFormatOpenGL (56)
[2016.08.18-22.37.36:940][255]LogModuleManager: Shutting down and abandoning module ShaderFormatD3D (55)
[2016.08.18-22.37.36:940][255]LogModuleManager: Shutting down and abandoning module MetalShaderFormat (54)
[2016.08.18-22.37.36:940][255]LogModuleManager: Shutting down and abandoning module TextureFormatUncompressed (53)
[2016.08.18-22.37.36:940][255]LogModuleManager: Shutting down and abandoning module TextureFormatPVR (52)
[2016.08.18-22.37.36:940][255]LogModuleManager: Shutting down and abandoning module TextureFormatIntelISPCTexComp (51)
[2016.08.18-22.37.36:940][255]LogModuleManager: Shutting down and abandoning module TextureFormatDXT (50)
[2016.08.18-22.37.36:940][255]LogModuleManager: Shutting down and abandoning module ImageWrapper (49)
[2016.08.18-22.37.36:940][255]LogModuleManager: Shutting down and abandoning module TextureFormatASTC (48)
[2016.08.18-22.37.36:940][255]LogModuleManager: Shutting down and abandoning module TextureFormatAndroid (47)
[2016.08.18-22.37.36:940][255]LogModuleManager: Shutting down and abandoning module AudioFormatOpus (46)
[2016.08.18-22.37.36:940][255]LogModuleManager: Shutting down and abandoning module AudioFormatOgg (45)
[2016.08.18-22.37.36:940][255]LogModuleManager: Shutting down and abandoning module AudioFormatADPCM (44)
[2016.08.18-22.37.36:940][255]LogModuleManager: Shutting down and abandoning module LinuxTargetPlatform (43)
[2016.08.18-22.37.36:940][255]LogModuleManager: Shutting down and abandoning module LinuxServerTargetPlatform (42)
[2016.08.18-22.37.36:940][255]LogModuleManager: Shutting down and abandoning module LinuxNoEditorTargetPlatform (41)
[2016.08.18-22.37.36:940][255]LogModuleManager: Shutting down and abandoning module TVOSTargetPlatform (40)
[2016.08.18-22.37.36:940][255]LogModuleManager: Shutting down and abandoning module Messaging (39)
[2016.08.18-22.37.36:940][255]LogModuleManager: Shutting down and abandoning module IOSTargetPlatform (38)
[2016.08.18-22.37.36:940][255]LogModuleManager: Shutting down and abandoning module HTML5TargetPlatform (37)
[2016.08.18-22.37.36:940][255]LogModuleManager: Shutting down and abandoning module Android_PVRTCTargetPlatform (36)
[2016.08.18-22.37.36:940][255]LogModuleManager: Shutting down and abandoning module Android_MultiTargetPlatform (35)
[2016.08.18-22.37.36:940][255]LogModuleManager: Shutting down and abandoning module Android_ETC2TargetPlatform (34)
[2016.08.18-22.37.36:940][255]LogModuleManager: Shutting down and abandoning module Android_ETC1TargetPlatform (33)
[2016.08.18-22.37.36:940][255]LogModuleManager: Shutting down and abandoning module Android_DXTTargetPlatform (32)
[2016.08.18-22.37.36:940][255]LogModuleManager: Shutting down and abandoning module Android_ATCTargetPlatform (31)
[2016.08.18-22.37.36:940][255]LogModuleManager: Shutting down and abandoning module Android_ASTCTargetPlatform (30)
[2016.08.18-22.37.36:940][255]LogModuleManager: Shutting down and abandoning module AndroidTargetPlatform (29)
[2016.08.18-22.37.36:940][255]LogModuleManager: Shutting down and abandoning module WindowsTargetPlatform (28)
[2016.08.18-22.37.36:940][255]LogModuleManager: Shutting down and abandoning module WindowsServerTargetPlatform (27)
[2016.08.18-22.37.36:940][255]LogModuleManager: Shutting down and abandoning module WindowsNoEditorTargetPlatform (26)
[2016.08.18-22.37.36:940][255]LogModuleManager: Shutting down and abandoning module WindowsClientTargetPlatform (25)
[2016.08.18-22.37.36:940][255]LogModuleManager: Shutting down and abandoning module AllDesktopTargetPlatform (24)
[2016.08.18-22.37.36:941][255]LogModuleManager: Shutting down and abandoning module TargetPlatform (23)
[2016.08.18-22.37.36:941][255]LogModuleManager: Shutting down and abandoning module InputCore (22)
[2016.08.18-22.37.36:941][255]LogModuleManager: Shutting down and abandoning module Settings (21)
[2016.08.18-22.37.36:941][255]LogModuleManager: Shutting down and abandoning module OnlineSubsystem (19)
[2016.08.18-22.37.36:941][255]LogModuleManager: Shutting down and abandoning module HTTP (18)
[2016.08.18-22.37.36:941][255]LogModuleManager: Shutting down and abandoning module XMPP (17)
[2016.08.18-22.37.36:941][255]LogModuleManager: Shutting down and abandoning module OculusRift (16)
[2016.08.18-22.37.36:941][255]LogModuleManager: Shutting down and abandoning module ExampleDeviceProfileSelector (15)
[2016.08.18-22.37.36:941][255]LogModuleManager: Shutting down and abandoning module TextureCompressor (14)
[2016.08.18-22.37.36:941][255]LogModuleManager: Shutting down and abandoning module ShaderCore (13)
[2016.08.18-22.37.36:941][255]LogModuleManager: Shutting down and abandoning module Landscape (12)
[2016.08.18-22.37.36:941][255]LogModuleManager: Shutting down and abandoning module SlateRHIRenderer (11)
[2016.08.18-22.37.36:941][255]LogModuleManager: Shutting down and abandoning module OpenGLDrv (10)
[2016.08.18-22.37.36:941][255]LogModuleManager: Shutting down and abandoning module D3D11RHI (9)
[2016.08.18-22.37.36:941][255]LogModuleManager: Shutting down and abandoning module AnimGraphRuntime (8)
[2016.08.18-22.37.36:941][255]LogModuleManager: Shutting down and abandoning module Renderer (7)
[2016.08.18-22.37.36:941][255]LogModuleManager: Shutting down and abandoning module Engine (6)
[2016.08.18-22.37.36:941][255]LogModuleManager: Shutting down and abandoning module CoreUObject (5)
[2016.08.18-22.37.36:941][255]LogModuleManager: Shutting down and abandoning module NetworkFile (4)
[2016.08.18-22.37.36:941][255]LogModuleManager: Shutting down and abandoning module StreamingFile (3)
[2016.08.18-22.37.36:941][255]LogModuleManager: Shutting down and abandoning module SandboxFile (2)
[2016.08.18-22.37.36:941][255]LogModuleManager: Shutting down and abandoning module PakFile (1)
[2016.08.18-22.37.36:942][255]LogExit: Exiting.
[2016.08.18-22.37.36:943][255]Log file closed, 08/18/16 18:37:36
