Log file open, 09/01/16 14:21:10
LogInit:Display: Running engine for game: ProjectOne
LogPlatformFile: Not using cached read wrapper
LogInit:Display: RandInit(98358722) SRandInit(98358723).
LogTaskGraph: Started task graph with 4 named threads and 7 total threads.
LogStats: Stats thread started at 0.084119
LogInit: Version: 4.11.2-2946394+++UE4+Release-4.11
LogInit: API Version: 2927265
LogInit: Compiled (64-bit): Apr 18 2016 02:18:46
LogInit: Compiled with Visual C++: 19.00.23026.00
LogInit: Build Configuration: Development
LogInit: Branch Name: ++UE4+Release-4.11
LogInit: Command line:  
LogInit: Base directory: C:/Program Files/Epic Games/4.11/Engine/Binaries/Win64/
LogInit: Installed Engine Build: 1
LogInit: Using libcurl 7.41.0
LogInit:  - built for x86_64-pc-win32
LogInit:  - supports SSL with WinSSL
LogInit:  - other features:
LogInit:      CURL_VERSION_SSL
LogInit:      CURL_VERSION_IPV6
LogInit:      CURL_VERSION_ASYNCHDNS
LogInit:      CURL_VERSION_LARGEFILE
LogInit:      CURL_VERSION_IDN
LogInit:  CurlRequestOptions (configurable via config and command line):
LogInit:  - bVerifyPeer = true  - Libcurl will verify peer certificate
LogInit:  - bUseHttpProxy = false  - Libcurl will NOT use HTTP proxy
LogInit:  - bDontReuseConnections = false  - Libcurl will reuse connections
LogInit:  - CertBundlePath = nullptr  - Libcurl will use whatever was configured at build time.
LogInit: Presizing for max 16777216 objects, including 0 objects not considered by GC, pre-allocating 0 bytes for permanent pool.
LogInit: Object subsystem initialized
[2016.09.01-18.21.10:960][  0]LogInit: Selected Device Profile: [Windows]
[2016.09.01-18.21.10:960][  0]LogInit: Applying CVar settings loaded from the selected device profile: [Windows]
[2016.09.01-18.21.10:969][  0]LogInit: Computer: FAHAD-PC
[2016.09.01-18.21.10:969][  0]LogInit: User: Fahad
[2016.09.01-18.21.10:969][  0]LogInit: CPU Page size=65536, Cores=4
[2016.09.01-18.21.10:969][  0]LogInit: High frequency timer resolution =3.215354 MHz
[2016.09.01-18.21.10:969][  0]LogMemory: Memory total: Physical=8.0GB (8GB approx)
[2016.09.01-18.21.10:969][  0]LogMemory: Platform Memory Stats for Windows
[2016.09.01-18.21.10:970][  0]LogMemory: Process Physical Memory: 313.89 MB used, 313.89 MB peak
[2016.09.01-18.21.10:970][  0]LogMemory: Process Virtual Memory: 314.80 MB used, 314.80 MB peak
[2016.09.01-18.21.10:970][  0]LogMemory: Physical Memory: 5099.79 MB used, 8174.67 MB total
[2016.09.01-18.21.10:970][  0]LogMemory: Virtual Memory: 651.88 MB used, 134217728.00 MB total
[2016.09.01-18.21.11:053][  0]LogTextLocalizationManager: No specific translations for ('en-US') exist, so ('en') translations will be used.
[2016.09.01-18.21.11:517][  0]LogD3D11RHI: D3D11 adapters:
[2016.09.01-18.21.11:551][  0]LogD3D11RHI:    0. 'NVIDIA GeForce GTX 970' (Feature Level 11_0)
[2016.09.01-18.21.11:551][  0]LogD3D11RHI:       4007MB of dedicated video memory, 0MB of dedicated system memory, and 4087MB of shared system memory, 2 output[s]
[2016.09.01-18.21.11:555][  0]LogD3D11RHI:    1. 'Microsoft Basic Render Driver' (Feature Level 11_0)
[2016.09.01-18.21.11:555][  0]LogD3D11RHI:       0MB of dedicated video memory, 0MB of dedicated system memory, and 4087MB of shared system memory, 0 output[s]
[2016.09.01-18.21.11:555][  0]LogD3D11RHI: Chosen D3D11 Adapter: 0
[2016.09.01-18.21.11:560][  0]LogD3D11RHI: Creating new Direct3DDevice
[2016.09.01-18.21.11:560][  0]LogD3D11RHI:     Adapter Name: NVIDIA GeForce GTX 970
[2016.09.01-18.21.11:560][  0]LogD3D11RHI:   Driver Version: 10.18.13.6510 (internal 10.18.13.6510)
[2016.09.01-18.21.11:560][  0]LogD3D11RHI:      Driver Date: 4-27-2016
[2016.09.01-18.21.11:560][  0]LogRHI: Texture pool is 1361 MB (70% of 1945 MB)
[2016.09.01-18.21.11:573][  0]LogD3D11RHI: Async texture creation enabled
[2016.09.01-18.21.12:107][  0]LogShaderCompilers: Guid format shader working directory is -48 characters bigger than the processId version (../../../../../../Users/Fahad/Desktop/MX2 Game Suite/GitHub Directory/project-1-mx2/ProjectOne/Intermediate/Shaders/WorkingDirectory/7332/).
[2016.09.01-18.21.12:107][  0]LogShaderCompilers: Cleaned the shader compiler working directory 'C:/Users/Fahad/AppData/Local/Temp/UnrealShaderWorkingDir/4239A45843CE17AAFB537798EBDD9905/'.
[2016.09.01-18.21.12:107][  0]LogShaderCompilers:Display: Using Local Shader Compiler.
[2016.09.01-18.21.13:292][  0]LogTemp:Display: Loaded TP AllDesktopTargetPlatform
[2016.09.01-18.21.13:299][  0]LogTemp:Display: Loaded TP WindowsClientTargetPlatform
[2016.09.01-18.21.13:306][  0]LogTemp:Display: Loaded TP WindowsNoEditorTargetPlatform
[2016.09.01-18.21.13:312][  0]LogTemp:Display: Loaded TP WindowsServerTargetPlatform
[2016.09.01-18.21.13:320][  0]LogTemp:Display: Loaded TP WindowsTargetPlatform
[2016.09.01-18.21.13:340][  0]LogTemp:Display: Loaded TP AndroidTargetPlatform
[2016.09.01-18.21.13:347][  0]LogTemp:Display: Loaded TP Android_ASTCTargetPlatform
[2016.09.01-18.21.13:352][  0]LogTemp:Display: Loaded TP Android_ATCTargetPlatform
[2016.09.01-18.21.13:356][  0]LogTemp:Display: Loaded TP Android_DXTTargetPlatform
[2016.09.01-18.21.13:360][  0]LogTemp:Display: Loaded TP Android_ETC1TargetPlatform
[2016.09.01-18.21.13:364][  0]LogTemp:Display: Loaded TP Android_ETC2TargetPlatform
[2016.09.01-18.21.13:373][  0]LogTemp:Display: Loaded TP Android_MultiTargetPlatform
[2016.09.01-18.21.13:373][  0]LogTemp:Display: Loaded TP Android_PVRTCTargetPlatform
[2016.09.01-18.21.13:375][  0]LogTemp:Display: Loaded TP HTML5TargetPlatform
[2016.09.01-18.21.13:395][  0]LogTemp:Display: Loaded TP IOSTargetPlatform
[2016.09.01-18.21.13:398][  0]LogTemp:Display: Loaded TP TVOSTargetPlatform
[2016.09.01-18.21.13:402][  0]LogTemp:Display: Loaded TP LinuxNoEditorTargetPlatform
[2016.09.01-18.21.13:406][  0]LogTemp:Display: Loaded TP LinuxServerTargetPlatform
[2016.09.01-18.21.13:438][  0]LogTemp:Display: Loaded TP LinuxTargetPlatform
[2016.09.01-18.21.13:438][  0]LogTargetPlatformManager:Display: Building Assets For Windows
[2016.09.01-18.21.13:572][  0]LogDerivedDataCache:Display: Max Cache Size: 512 MB
[2016.09.01-18.21.13:650][  0]LogDerivedDataCache: Loaded boot cache 0.08s 65MB C:/Users/Fahad/AppData/Local/UnrealEngine/4.11/DerivedDataCache/Boot.ddc.
[2016.09.01-18.21.13:650][  0]LogDerivedDataCache:Display: Loaded Boot cache: C:/Users/Fahad/AppData/Local/UnrealEngine/4.11/DerivedDataCache/Boot.ddc
[2016.09.01-18.21.13:650][  0]LogDerivedDataCache: FDerivedDataBackendGraph:  Pak pak cache file ../../../../../../Users/Fahad/Desktop/MX2 Game Suite/GitHub Directory/project-1-mx2/ProjectOne/DerivedDataCache/DDC.ddp not found, will not use a pak cache.
[2016.09.01-18.21.13:650][  0]LogDerivedDataCache: Unable to find inner node Pak for hierarchical cache Hierarchy.
[2016.09.01-18.21.13:650][  0]LogDerivedDataCache: FDerivedDataBackendGraph:  CompressedPak pak cache file ../../../../../../Users/Fahad/Desktop/MX2 Game Suite/GitHub Directory/project-1-mx2/ProjectOne/DerivedDataCache/Compressed.ddp not found, will not use a pak cache.
[2016.09.01-18.21.13:650][  0]LogDerivedDataCache: Unable to find inner node CompressedPak for hierarchical cache Hierarchy.
[2016.09.01-18.21.13:666][  0]LogDerivedDataCache:Display: Pak cache opened for reading ../../../Engine/DerivedDataCache/Compressed.ddp.
[2016.09.01-18.21.13:679][  0]LogDerivedDataCache: Using Local data cache path C:/Users/Fahad/AppData/Local/UnrealEngine/Common/DerivedDataCache: Writable
[2016.09.01-18.21.13:910][  0]LogInit: Selected Device Profile: [Windows]
[2016.09.01-18.21.13:911][  0]LogContentStreaming: Texture pool size is 0.00 MB
[2016.09.01-18.21.13:959][  0]LogMaterial: Uniform references updated for custom material expression Custom.
[2016.09.01-18.21.14:108][  0]LogMeshUtilities: No automatic mesh reduction module available
[2016.09.01-18.21.14:108][  0]LogMeshUtilities: No automatic mesh merging module available
[2016.09.01-18.21.14:108][  0]LogMeshUtilities: No distributed automatic mesh merging module available
[2016.09.01-18.21.14:388][  0]LogUObjectArray: 27679 objects as part of root set at end of initial load.
[2016.09.01-18.21.14:389][  0]LogUObjectAllocator: 5591592 out of 0 bytes used by permanent object pool.
[2016.09.01-18.21.14:389][  0]LogUObjectArray: CloseDisregardForGC: 0/0 objects in disregard for GC pool
[2016.09.01-18.21.14:399][  0]LogInit: WinSock: version 1.1 (2.2), MaxSocks=32767, MaxUdp=65467
[2016.09.01-18.21.14:580][  0]LogSlate: SlateFontCache - WITH_FREETYPE: 1, WITH_HARFBUZZ: 1
[2016.09.01-18.21.14:580][  0]LogSlate: SlateFontCache - WITH_FREETYPE: 1, WITH_HARFBUZZ: 1
[2016.09.01-18.21.14:755][  0]LogStreaming:Warning: Failed to read file '../../../Engine/Content/Editor/Slate/Common/Selection_16x.png' error.
[2016.09.01-18.21.14:755][  0]LogSlate: Could not find file for Slate resource: ../../../Engine/Content/Editor/Slate/Common/Selection_16x.png
[2016.09.01-18.21.14:756][  0]LogStreaming:Warning: Failed to read file '../../../Engine/Content/Editor/Slate/Common/Selection_16x.png' error.
[2016.09.01-18.21.14:756][  0]LogSlate: Could not find file for Slate resource: ../../../Engine/Content/Editor/Slate/Common/Selection_16x.png
[2016.09.01-18.21.14:756][  0]LogStreaming:Warning: Failed to read file '../../../Engine/Content/Editor/Slate/Common/Selection_16x.png' error.
[2016.09.01-18.21.14:756][  0]LogSlate: Could not find file for Slate resource: ../../../Engine/Content/Editor/Slate/Common/Selection_16x.png
[2016.09.01-18.21.15:647][  0]LogUdpMessaging: Initializing bridge on interface 0.0.0.0:0 to multicast group 230.0.0.1:6666.
[2016.09.01-18.21.15:717][  0]LogTemp:Warning: No World
[2016.09.01-18.21.15:789][  0]LogAssetRegistry: FAssetRegistry took 0.0217 seconds to start up
[2016.09.01-18.21.16:019][  0]SourceControl: Info Source control is disabled
[2016.09.01-18.21.16:070][  0]SourceControl: Info Source control is disabled
[2016.09.01-18.21.16:085][  0]SourceControl: Info Source control is disabled
[2016.09.01-18.21.16:099][  0]SourceControl: Info Source control is disabled
[2016.09.01-18.21.16:303][  0]LogHMD: Failed to initialize OpenVR with code 108
[2016.09.01-18.21.16:393][  0]LogEngine: Initializing Engine...
[2016.09.01-18.21.17:570][  0]LogAIModule: Creating AISystem for world NewWorld
[2016.09.01-18.21.17:580][  0]LogInit: XAudio2 using 'Speakers (5- Logitech USB Headset)' : 2 channels at 44.1 kHz using 16 bits per sample (channel mask 0x3)
[2016.09.01-18.21.17:591][  0]LogInit: FAudioDevice initialized.
[2016.09.01-18.21.17:643][  0]LogDerivedDataCache: Saved boot cache 0.05s 65MB C:/Users/Fahad/AppData/Local/UnrealEngine/4.11/DerivedDataCache/Boot.ddc.
[2016.09.01-18.21.17:654][  0]LogInit: Texture streaming: Enabled
[2016.09.01-18.21.17:699][  0]LogInit: Transaction tracking system initialized
[2016.09.01-18.21.17:737][  0]BlueprintLog: New page: Editor Load
[2016.09.01-18.21.17:883][  0]LocalizationService: Info Localization service is disabled
[2016.09.01-18.21.17:992][  0]LogConsoleResponse:Display: 
[2016.09.01-18.21.18:116][  0]LogCook:Display: Max memory allowance for cook 8192mb
[2016.09.01-18.21.18:116][  0]LogCook:Display: Mobile HDR setting 1
[2016.09.01-18.21.18:116][  0]LogCook:Display: Done creating registry. It took  0.00s.
[2016.09.01-18.21.18:208][  0]LogFileCache: Scanning file cache for directory 'C:/Users/Fahad/Desktop/MX2 Game Suite/GitHub Directory/project-1-mx2/ProjectOne/Content/' took 0.02s
[2016.09.01-18.21.18:208][  0]SourceControl: Info Source control is disabled
[2016.09.01-18.21.18:208][  0]Cmd: MAP LOAD FILE="../../../../../../Users/Fahad/Desktop/MX2 Game Suite/GitHub Directory/project-1-mx2/ProjectOne/Content/Levels/OverworldLevel.umap" TEMPLATE=0 SHOWPROGRESS=1 FEATURELEVEL=3
[2016.09.01-18.21.18:209][  0]LightingResults: New page: Lighting Build
[2016.09.01-18.21.18:213][  0]MapCheck: New page: Map Check
[2016.09.01-18.21.18:213][  0]LightingResults: New page: Lighting Build
[2016.09.01-18.21.18:825][  0]LogTemp:Warning: No World
[2016.09.01-18.21.18:841][  0]LogTemp:Warning: No World
[2016.09.01-18.21.18:854][  0]LogTemp:Warning: No World
[2016.09.01-18.21.19:070][  0]LogAIModule: Creating AISystem for world OverworldLevel
[2016.09.01-18.21.19:078][  0]LogEditorServer: Finished looking for orphan Actors (0.000 secs)
[2016.09.01-18.21.19:078][  0]Cmd: MAP CHECKDEP NOCLEARLOG
[2016.09.01-18.21.19:189][  0]MapCheck: Info Map check complete: 0 Error(s), 0 Warning(s), took 111.214ms to complete.
[2016.09.01-18.21.19:189][  0]LogFileHelpers: Loading map 'OverworldLevel' took 0.981
[2016.09.01-18.21.19:321][  0]LogCollectionManager: Loaded 0 collections in 0.003181 seconds
[2016.09.01-18.21.19:364][  0]LogFileCache: Scanning file cache for directory 'C:/Users/Fahad/Desktop/MX2 Game Suite/GitHub Directory/project-1-mx2/ProjectOne/Saved/Collections/' took 0.01s
[2016.09.01-18.21.19:364][  0]LogFileCache: Scanning file cache for directory 'C:/Users/Fahad/Desktop/MX2 Game Suite/GitHub Directory/project-1-mx2/ProjectOne/Content/Developers/Fahad/Collections/' took 0.01s
[2016.09.01-18.21.19:364][  0]LogFileCache: Scanning file cache for directory 'C:/Users/Fahad/Desktop/MX2 Game Suite/GitHub Directory/project-1-mx2/ProjectOne/Content/Collections/' took 0.01s
[2016.09.01-18.21.19:364][  0]LogCollectionManager: Rebuilt the GUID cache for 0 collections in 0.000003 seconds
[2016.09.01-18.21.19:373][  0]LogContentBrowser: Native class hierarchy populated in 0.0092 seconds. Added 1991 classes and 347 folders.
[2016.09.01-18.21.19:377][  0]LogStats: UGameplayTagsManager::ConstructGameplayTagTree: Construct from data asset -  0.000 s
[2016.09.01-18.21.19:377][  0]LogStats: UGameplayTagsManager::ConstructGameplayTagTree: GameplayTagTreeChangedEvent.Broadcast -  0.000 s
[2016.09.01-18.21.19:379][  0]LogContentBrowser: Native class hierarchy updated for 'GameplayTags' in 0.0019 seconds. Added 12 classes and 0 folders.
[2016.09.01-18.21.19:389][  0]LogContentBrowser: Native class hierarchy updated for 'WidgetCarousel' in 0.0018 seconds. Added 0 classes and 0 folders.
[2016.09.01-18.21.19:401][  0]LogContentBrowser: Native class hierarchy updated for 'SuperSearch' in 0.0021 seconds. Added 1 classes and 2 folders.
[2016.09.01-18.21.19:464][  0]LogContentBrowser: Native class hierarchy updated for 'AddContentDialog' in 0.0018 seconds. Added 0 classes and 0 folders.
[2016.09.01-18.21.19:518][  0]LogCrashTracker: Crashtracker disabled due to settings.
[2016.09.01-18.21.19:529][  0]LogUObjectGlobals:Warning: Failed to find object 'Class None.'
[2016.09.01-18.21.19:558][  0]LogContentBrowser: Native class hierarchy updated for 'HierarchicalLODOutliner' in 0.0018 seconds. Added 1 classes and 2 folders.
[2016.09.01-18.21.19:558][  0]LogLoad: Full Startup: 9.63 seconds (BP compile: 0.49 seconds)
[2016.09.01-18.21.19:558][  0]LogExternalProfiler: Found external profiler: VSPerf
[2016.09.01-18.21.19:558][  0]LogExternalProfiler: Using external profiler: VSPerf
[2016.09.01-18.21.19:568][  0]LogWindowsTextInputMethodSystem:Display: IME system now deactivated.
[2016.09.01-18.21.19:569][  0]LogWindowsTextInputMethodSystem:Display: IME system now deactivated.
[2016.09.01-18.21.19:570][  0]LogOcInput: OculusInput pre-init called
[2016.09.01-18.21.19:623][  0]LogContentStreaming: Texture pool size now 1000 MB
[2016.09.01-18.21.19:818][  0]LogRenderer: Reallocating scene render targets to support 1248x636 (Frame:2).
[2016.09.01-18.21.19:894][  1]LogAssetRegistry: Asset discovery search completed in 4.1272 seconds
[2016.09.01-18.21.19:894][  1]LogCollectionManager: Rebuilt the object cache for 0 collections in 0.000001 seconds (found 0 objects)
[2016.09.01-18.21.19:894][  1]LogCollectionManager: Fixed up redirectors for 0 collections in 0.000030 seconds (updated 0 objects)
[2016.09.01-18.22.28:240][383]LogEditorFactories: Performing atomic reimport of [C:/Users/Fahad/Desktop/MX2 Game Suite/Art/sluagh_idle_0.png]
[2016.09.01-18.22.28:242][383]LogFactory: FactoryCreateBinary: Texture2D with ReimportTextureFactory (0 0 C:/Users/Fahad/Desktop/MX2 Game Suite/Art/sluagh_idle_0.png)
[2016.09.01-18.22.28:368][383]LogTexture:Display: Building textures: sluagh_idle_0 (AutoDXT)
[2016.09.01-18.22.28:498][383]LogEditorFactories: -- imported successfully
[2016.09.01-18.22.28:523][383]LogEditorFactories: Performing atomic reimport of [C:/Users/Fahad/Desktop/MX2 Game Suite/Art/sluagh_idle_1.png]
[2016.09.01-18.22.28:524][383]LogFactory: FactoryCreateBinary: Texture2D with ReimportTextureFactory (0 0 C:/Users/Fahad/Desktop/MX2 Game Suite/Art/sluagh_idle_1.png)
[2016.09.01-18.22.28:535][383]LogTexture:Display: Building textures: sluagh_idle_1 (AutoDXT)
[2016.09.01-18.22.28:561][383]LogEditorFactories: -- imported successfully
[2016.09.01-18.22.28:572][383]LogEditorFactories: Performing atomic reimport of [C:/Users/Fahad/Desktop/MX2 Game Suite/Art/sluagh_idle_2.png]
[2016.09.01-18.22.28:572][383]LogFactory: FactoryCreateBinary: Texture2D with ReimportTextureFactory (0 0 C:/Users/Fahad/Desktop/MX2 Game Suite/Art/sluagh_idle_2.png)
[2016.09.01-18.22.28:583][383]LogTexture:Display: Building textures: sluagh_idle_2 (AutoDXT)
[2016.09.01-18.22.28:609][383]LogEditorFactories: -- imported successfully
[2016.09.01-18.22.28:619][383]LogEditorFactories: Performing atomic reimport of [C:/Users/Fahad/Desktop/MX2 Game Suite/Art/sluagh_idle_3.png]
[2016.09.01-18.22.28:619][383]LogFactory: FactoryCreateBinary: Texture2D with ReimportTextureFactory (0 0 C:/Users/Fahad/Desktop/MX2 Game Suite/Art/sluagh_idle_3.png)
[2016.09.01-18.22.28:630][383]LogTexture:Display: Building textures: sluagh_idle_3 (AutoDXT)
[2016.09.01-18.22.28:656][383]LogEditorFactories: -- imported successfully
[2016.09.01-18.22.28:665][383]LogEditorFactories: Performing atomic reimport of [C:/Users/Fahad/Desktop/MX2 Game Suite/Art/sluagh_idle_4.png]
[2016.09.01-18.22.28:665][383]LogFactory: FactoryCreateBinary: Texture2D with ReimportTextureFactory (0 0 C:/Users/Fahad/Desktop/MX2 Game Suite/Art/sluagh_idle_4.png)
[2016.09.01-18.22.28:676][383]LogTexture:Display: Building textures: sluagh_idle_4 (AutoDXT)
[2016.09.01-18.22.28:701][383]LogEditorFactories: -- imported successfully
[2016.09.01-18.22.36:852][141]LogContentBrowser: Native class hierarchy updated for 'TextureEditor' in 0.0021 seconds. Added 1 classes and 2 folders.
[2016.09.01-18.24.08:772][636]LogSavePackage: Save=50.97ms
[2016.09.01-18.24.08:772][636]LogSavePackage: Moving '../../../../../../Users/Fahad/Desktop/MX2 Game Suite/GitHub Directory/project-1-mx2/ProjectOne/Saved/sluagh_idle_5_SpriteD1E08DCF479F70AA2CFEAC98E54101E4.tmp' to '../../../../../../Users/Fahad/Desktop/MX2 Game Suite/GitHub Directory/project-1-mx2/ProjectOne/Content/Assets/Textures/sluagh_idle_5_Sprite.uasset'
[2016.09.01-18.24.08:786][636]LogSavePackage: Total save time: 76.40ms
[2016.09.01-18.24.08:786][636]LogSavePackage:Display: Finished SavePackage ../../../../../../Users/Fahad/Desktop/MX2 Game Suite/GitHub Directory/project-1-mx2/ProjectOne/Content/Assets/Textures/sluagh_idle_5_Sprite.uasset
[2016.09.01-18.24.21:404][ 13]LogSavePackage: Save=6.37ms
[2016.09.01-18.24.21:404][ 13]LogSavePackage: Moving '../../../../../../Users/Fahad/Desktop/MX2 Game Suite/GitHub Directory/project-1-mx2/ProjectOne/Saved/sluagh_idle_6_Sprite9DE691154DC1FD0410F32B83F91207E9.tmp' to '../../../../../../Users/Fahad/Desktop/MX2 Game Suite/GitHub Directory/project-1-mx2/ProjectOne/Content/Assets/Textures/sluagh_idle_6_Sprite.uasset'
[2016.09.01-18.24.21:408][ 13]LogSavePackage: Total save time: 10.03ms
[2016.09.01-18.24.21:408][ 13]LogSavePackage:Display: Finished SavePackage ../../../../../../Users/Fahad/Desktop/MX2 Game Suite/GitHub Directory/project-1-mx2/ProjectOne/Content/Assets/Textures/sluagh_idle_6_Sprite.uasset
[2016.09.01-18.24.29:523][889]LogSavePackage: Save=6.64ms
[2016.09.01-18.24.29:523][889]LogSavePackage: Moving '../../../../../../Users/Fahad/Desktop/MX2 Game Suite/GitHub Directory/project-1-mx2/ProjectOne/Saved/sluagh_idle_7_SpriteC90FFBDB4507297C285D4DB7C24A2018.tmp' to '../../../../../../Users/Fahad/Desktop/MX2 Game Suite/GitHub Directory/project-1-mx2/ProjectOne/Content/Assets/Textures/sluagh_idle_7_Sprite.uasset'
[2016.09.01-18.24.29:526][889]LogSavePackage: Total save time: 10.35ms
[2016.09.01-18.24.29:526][889]LogSavePackage:Display: Finished SavePackage ../../../../../../Users/Fahad/Desktop/MX2 Game Suite/GitHub Directory/project-1-mx2/ProjectOne/Content/Assets/Textures/sluagh_idle_7_Sprite.uasset
[2016.09.01-18.24.47:093][581]LogRenderer: Reallocating scene render targets to support 1528x800 (Frame:13112).
[2016.09.01-18.31.55:188][600]LogFileHelpers: Editor autosave (incl. sublevels) for '/Game/Levels/OverworldLevel' took 0.011
[2016.09.01-18.31.55:200][600]OBJ SavePackage: Generating thumbnails for [1] asset(s) in package [/Game/Assets/Textures/sluagh_idle_0] ([1] browsable assets)...
[2016.09.01-18.31.55:213][600]OBJ SavePackage:     Rendered thumbnail for [Texture2D /Game/Assets/Textures/sluagh_idle_0.sluagh_idle_0]
[2016.09.01-18.31.55:213][600]OBJ SavePackage: Finished generating thumbnails for package [/Game/Assets/Textures/sluagh_idle_0]
[2016.09.01-18.31.55:227][600]LogSavePackage: Save=6.90ms
[2016.09.01-18.31.55:227][600]LogSavePackage: Moving '../../../../../../Users/Fahad/Desktop/MX2 Game Suite/GitHub Directory/project-1-mx2/ProjectOne/Saved/sluagh_idle_0_Auto14423EB8B472EC603AB3B7CA0466179A4.tmp' to '../../../../../../Users/Fahad/Desktop/MX2 Game Suite/GitHub Directory/project-1-mx2/ProjectOne/Saved/Autosaves/Game/Assets/Textures/sluagh_idle_0_Auto1.uasset'
[2016.09.01-18.31.55:229][600]LogSavePackage: Total save time: 14.26ms
[2016.09.01-18.31.55:229][600]LogSavePackage:Display: Finished SavePackage ../../../../../../Users/Fahad/Desktop/MX2 Game Suite/GitHub Directory/project-1-mx2/ProjectOne/Saved/Autosaves/Game/Assets/Textures/sluagh_idle_0_Auto1.uasset
[2016.09.01-18.31.55:232][600]OBJ SavePackage: Generating thumbnails for [1] asset(s) in package [/Game/Assets/Textures/sluagh_idle_1] ([1] browsable assets)...
[2016.09.01-18.31.55:239][600]OBJ SavePackage:     Rendered thumbnail for [Texture2D /Game/Assets/Textures/sluagh_idle_1.sluagh_idle_1]
[2016.09.01-18.31.55:239][600]OBJ SavePackage: Finished generating thumbnails for package [/Game/Assets/Textures/sluagh_idle_1]
[2016.09.01-18.31.55:250][600]LogSavePackage: Save=5.20ms
[2016.09.01-18.31.55:250][600]LogSavePackage: Moving '../../../../../../Users/Fahad/Desktop/MX2 Game Suite/GitHub Directory/project-1-mx2/ProjectOne/Saved/sluagh_idle_1_Auto16524D46B450817BD71927EBBC2A9908B.tmp' to '../../../../../../Users/Fahad/Desktop/MX2 Game Suite/GitHub Directory/project-1-mx2/ProjectOne/Saved/Autosaves/Game/Assets/Textures/sluagh_idle_1_Auto1.uasset'
[2016.09.01-18.31.55:254][600]LogSavePackage: Total save time: 12.38ms
[2016.09.01-18.31.55:254][600]LogSavePackage:Display: Finished SavePackage ../../../../../../Users/Fahad/Desktop/MX2 Game Suite/GitHub Directory/project-1-mx2/ProjectOne/Saved/Autosaves/Game/Assets/Textures/sluagh_idle_1_Auto1.uasset
[2016.09.01-18.31.55:257][600]OBJ SavePackage: Generating thumbnails for [1] asset(s) in package [/Game/Assets/Textures/sluagh_idle_2] ([1] browsable assets)...
[2016.09.01-18.31.55:265][600]OBJ SavePackage:     Rendered thumbnail for [Texture2D /Game/Assets/Textures/sluagh_idle_2.sluagh_idle_2]
[2016.09.01-18.31.55:265][600]OBJ SavePackage: Finished generating thumbnails for package [/Game/Assets/Textures/sluagh_idle_2]
[2016.09.01-18.31.55:277][600]LogSavePackage: Save=6.74ms
[2016.09.01-18.31.55:277][600]LogSavePackage: Moving '../../../../../../Users/Fahad/Desktop/MX2 Game Suite/GitHub Directory/project-1-mx2/ProjectOne/Saved/sluagh_idle_2_Auto12B3AC5AB46E79D4E6B98D887E6014019.tmp' to '../../../../../../Users/Fahad/Desktop/MX2 Game Suite/GitHub Directory/project-1-mx2/ProjectOne/Saved/Autosaves/Game/Assets/Textures/sluagh_idle_2_Auto1.uasset'
[2016.09.01-18.31.55:281][600]LogSavePackage: Total save time: 13.65ms
[2016.09.01-18.31.55:281][600]LogSavePackage:Display: Finished SavePackage ../../../../../../Users/Fahad/Desktop/MX2 Game Suite/GitHub Directory/project-1-mx2/ProjectOne/Saved/Autosaves/Game/Assets/Textures/sluagh_idle_2_Auto1.uasset
[2016.09.01-18.31.55:284][600]OBJ SavePackage: Generating thumbnails for [1] asset(s) in package [/Game/Assets/Textures/sluagh_idle_3] ([1] browsable assets)...
[2016.09.01-18.31.55:291][600]OBJ SavePackage:     Rendered thumbnail for [Texture2D /Game/Assets/Textures/sluagh_idle_3.sluagh_idle_3]
[2016.09.01-18.31.55:291][600]OBJ SavePackage: Finished generating thumbnails for package [/Game/Assets/Textures/sluagh_idle_3]
[2016.09.01-18.31.55:303][600]LogSavePackage: Save=5.49ms
[2016.09.01-18.31.55:303][600]LogSavePackage: Moving '../../../../../../Users/Fahad/Desktop/MX2 Game Suite/GitHub Directory/project-1-mx2/ProjectOne/Saved/sluagh_idle_3_Auto1042CBBE741FB0FB8266F1FBB14F91871.tmp' to '../../../../../../Users/Fahad/Desktop/MX2 Game Suite/GitHub Directory/project-1-mx2/ProjectOne/Saved/Autosaves/Game/Assets/Textures/sluagh_idle_3_Auto1.uasset'
[2016.09.01-18.31.55:307][600]LogSavePackage: Total save time: 13.19ms
[2016.09.01-18.31.55:307][600]LogSavePackage:Display: Finished SavePackage ../../../../../../Users/Fahad/Desktop/MX2 Game Suite/GitHub Directory/project-1-mx2/ProjectOne/Saved/Autosaves/Game/Assets/Textures/sluagh_idle_3_Auto1.uasset
[2016.09.01-18.31.55:310][600]OBJ SavePackage: Generating thumbnails for [1] asset(s) in package [/Game/Assets/Textures/sluagh_idle_4] ([1] browsable assets)...
[2016.09.01-18.31.55:316][600]OBJ SavePackage:     Rendered thumbnail for [Texture2D /Game/Assets/Textures/sluagh_idle_4.sluagh_idle_4]
[2016.09.01-18.31.55:316][600]OBJ SavePackage: Finished generating thumbnails for package [/Game/Assets/Textures/sluagh_idle_4]
[2016.09.01-18.31.55:340][600]LogSavePackage: Save=7.22ms
[2016.09.01-18.31.55:340][600]LogSavePackage: Moving '../../../../../../Users/Fahad/Desktop/MX2 Game Suite/GitHub Directory/project-1-mx2/ProjectOne/Saved/sluagh_idle_4_Auto1408B37DC4D2E725B8D90F0BCEC055F2A.tmp' to '../../../../../../Users/Fahad/Desktop/MX2 Game Suite/GitHub Directory/project-1-mx2/ProjectOne/Saved/Autosaves/Game/Assets/Textures/sluagh_idle_4_Auto1.uasset'
[2016.09.01-18.31.55:343][600]LogSavePackage: Total save time: 14.17ms
[2016.09.01-18.31.55:344][600]LogSavePackage:Display: Finished SavePackage ../../../../../../Users/Fahad/Desktop/MX2 Game Suite/GitHub Directory/project-1-mx2/ProjectOne/Saved/Autosaves/Game/Assets/Textures/sluagh_idle_4_Auto1.uasset
[2016.09.01-18.31.55:346][600]OBJ SavePackage: Generating thumbnails for [1] asset(s) in package [/Game/Assets/Textures/sluagh_idle_4_Sprite] ([1] browsable assets)...
[2016.09.01-18.31.55:357][600]OBJ SavePackage:     Rendered thumbnail for [PaperSprite /Game/Assets/Textures/sluagh_idle_4_Sprite.sluagh_idle_4_Sprite]
[2016.09.01-18.31.55:358][600]OBJ SavePackage: Finished generating thumbnails for package [/Game/Assets/Textures/sluagh_idle_4_Sprite]
[2016.09.01-18.31.55:366][600]LogSavePackage: Save=6.17ms
[2016.09.01-18.31.55:366][600]LogSavePackage: Moving '../../../../../../Users/Fahad/Desktop/MX2 Game Suite/GitHub Directory/project-1-mx2/ProjectOne/Saved/sluagh_idle_4_Sprite_Auto150719D4C4DCF7D29F30E7ABCFC3A4C55.tmp' to '../../../../../../Users/Fahad/Desktop/MX2 Game Suite/GitHub Directory/project-1-mx2/ProjectOne/Saved/Autosaves/Game/Assets/Textures/sluagh_idle_4_Sprite_Auto1.uasset'
[2016.09.01-18.31.55:368][600]LogSavePackage: Total save time: 8.48ms
[2016.09.01-18.31.55:368][600]LogSavePackage:Display: Finished SavePackage ../../../../../../Users/Fahad/Desktop/MX2 Game Suite/GitHub Directory/project-1-mx2/ProjectOne/Saved/Autosaves/Game/Assets/Textures/sluagh_idle_4_Sprite_Auto1.uasset
[2016.09.01-18.31.55:371][600]OBJ SavePackage: Generating thumbnails for [1] asset(s) in package [/Game/Assets/Textures/sluagh_idle_3_Sprite] ([1] browsable assets)...
[2016.09.01-18.31.55:383][600]OBJ SavePackage:     Rendered thumbnail for [PaperSprite /Game/Assets/Textures/sluagh_idle_3_Sprite.sluagh_idle_3_Sprite]
[2016.09.01-18.31.55:383][600]OBJ SavePackage: Finished generating thumbnails for package [/Game/Assets/Textures/sluagh_idle_3_Sprite]
[2016.09.01-18.31.55:393][600]LogSavePackage: Save=7.82ms
[2016.09.01-18.31.55:393][600]LogSavePackage: Moving '../../../../../../Users/Fahad/Desktop/MX2 Game Suite/GitHub Directory/project-1-mx2/ProjectOne/Saved/sluagh_idle_3_Sprite_Auto13C3804BC4D313638D2D12383004C8E4D.tmp' to '../../../../../../Users/Fahad/Desktop/MX2 Game Suite/GitHub Directory/project-1-mx2/ProjectOne/Saved/Autosaves/Game/Assets/Textures/sluagh_idle_3_Sprite_Auto1.uasset'
[2016.09.01-18.31.55:395][600]LogSavePackage: Total save time: 9.94ms
[2016.09.01-18.31.55:395][600]LogSavePackage:Display: Finished SavePackage ../../../../../../Users/Fahad/Desktop/MX2 Game Suite/GitHub Directory/project-1-mx2/ProjectOne/Saved/Autosaves/Game/Assets/Textures/sluagh_idle_3_Sprite_Auto1.uasset
[2016.09.01-18.31.55:398][600]OBJ SavePackage: Generating thumbnails for [1] asset(s) in package [/Game/Assets/Textures/sluagh_idle_2_Sprite] ([1] browsable assets)...
[2016.09.01-18.31.55:410][600]OBJ SavePackage:     Rendered thumbnail for [PaperSprite /Game/Assets/Textures/sluagh_idle_2_Sprite.sluagh_idle_2_Sprite]
[2016.09.01-18.31.55:410][600]OBJ SavePackage: Finished generating thumbnails for package [/Game/Assets/Textures/sluagh_idle_2_Sprite]
[2016.09.01-18.31.55:419][600]LogSavePackage: Save=6.48ms
[2016.09.01-18.31.55:419][600]LogSavePackage: Moving '../../../../../../Users/Fahad/Desktop/MX2 Game Suite/GitHub Directory/project-1-mx2/ProjectOne/Saved/sluagh_idle_2_Sprite_Auto1A6D9F5504A17D5508BD109A32D4EED7D.tmp' to '../../../../../../Users/Fahad/Desktop/MX2 Game Suite/GitHub Directory/project-1-mx2/ProjectOne/Saved/Autosaves/Game/Assets/Textures/sluagh_idle_2_Sprite_Auto1.uasset'
[2016.09.01-18.31.55:422][600]LogSavePackage: Total save time: 9.23ms
[2016.09.01-18.31.55:422][600]LogSavePackage:Display: Finished SavePackage ../../../../../../Users/Fahad/Desktop/MX2 Game Suite/GitHub Directory/project-1-mx2/ProjectOne/Saved/Autosaves/Game/Assets/Textures/sluagh_idle_2_Sprite_Auto1.uasset
[2016.09.01-18.31.55:425][600]OBJ SavePackage: Generating thumbnails for [1] asset(s) in package [/Game/Assets/Textures/sluagh_idle_1_Sprite] ([1] browsable assets)...
[2016.09.01-18.31.55:436][600]OBJ SavePackage:     Rendered thumbnail for [PaperSprite /Game/Assets/Textures/sluagh_idle_1_Sprite.sluagh_idle_1_Sprite]
[2016.09.01-18.31.55:437][600]OBJ SavePackage: Finished generating thumbnails for package [/Game/Assets/Textures/sluagh_idle_1_Sprite]
[2016.09.01-18.31.55:445][600]LogSavePackage: Save=6.07ms
[2016.09.01-18.31.55:445][600]LogSavePackage: Moving '../../../../../../Users/Fahad/Desktop/MX2 Game Suite/GitHub Directory/project-1-mx2/ProjectOne/Saved/sluagh_idle_1_Sprite_Auto174538D5141B77DD35D26E89BE3541A09.tmp' to '../../../../../../Users/Fahad/Desktop/MX2 Game Suite/GitHub Directory/project-1-mx2/ProjectOne/Saved/Autosaves/Game/Assets/Textures/sluagh_idle_1_Sprite_Auto1.uasset'
[2016.09.01-18.31.55:447][600]LogSavePackage: Total save time: 8.53ms
[2016.09.01-18.31.55:447][600]LogSavePackage:Display: Finished SavePackage ../../../../../../Users/Fahad/Desktop/MX2 Game Suite/GitHub Directory/project-1-mx2/ProjectOne/Saved/Autosaves/Game/Assets/Textures/sluagh_idle_1_Sprite_Auto1.uasset
[2016.09.01-18.31.55:450][600]OBJ SavePackage: Generating thumbnails for [1] asset(s) in package [/Game/Assets/Textures/sluagh_idle_0_Sprite] ([1] browsable assets)...
[2016.09.01-18.31.55:463][600]OBJ SavePackage:     Rendered thumbnail for [PaperSprite /Game/Assets/Textures/sluagh_idle_0_Sprite.sluagh_idle_0_Sprite]
[2016.09.01-18.31.55:464][600]OBJ SavePackage: Finished generating thumbnails for package [/Game/Assets/Textures/sluagh_idle_0_Sprite]
[2016.09.01-18.31.55:473][600]LogSavePackage: Save=6.44ms
[2016.09.01-18.31.55:473][600]LogSavePackage: Moving '../../../../../../Users/Fahad/Desktop/MX2 Game Suite/GitHub Directory/project-1-mx2/ProjectOne/Saved/sluagh_idle_0_Sprite_Auto1CCAD59B64996F042C397BBB0C8C03D0E.tmp' to '../../../../../../Users/Fahad/Desktop/MX2 Game Suite/GitHub Directory/project-1-mx2/ProjectOne/Saved/Autosaves/Game/Assets/Textures/sluagh_idle_0_Sprite_Auto1.uasset'
[2016.09.01-18.31.55:478][600]LogSavePackage: Total save time: 12.18ms
[2016.09.01-18.31.55:478][600]LogSavePackage:Display: Finished SavePackage ../../../../../../Users/Fahad/Desktop/MX2 Game Suite/GitHub Directory/project-1-mx2/ProjectOne/Saved/Autosaves/Game/Assets/Textures/sluagh_idle_0_Sprite_Auto1.uasset
[2016.09.01-18.31.55:485][600]LogSavePackage: Save=1.58ms
[2016.09.01-18.31.55:485][600]LogSavePackage: Moving '../../../../../../Users/Fahad/Desktop/MX2 Game Suite/GitHub Directory/project-1-mx2/ProjectOne/Saved/sluagh_idle_1_Sprite_2_Auto14A385D3345A358D21A970E8D95654AC7.tmp' to '../../../../../../Users/Fahad/Desktop/MX2 Game Suite/GitHub Directory/project-1-mx2/ProjectOne/Saved/Autosaves/Game/Assets/Textures/sluagh_idle_1_Sprite_2_Auto1.uasset'
[2016.09.01-18.31.55:486][600]LogSavePackage: Total save time: 3.46ms
[2016.09.01-18.31.55:486][600]LogSavePackage:Display: Finished SavePackage ../../../../../../Users/Fahad/Desktop/MX2 Game Suite/GitHub Directory/project-1-mx2/ProjectOne/Saved/Autosaves/Game/Assets/Textures/sluagh_idle_1_Sprite_2_Auto1.uasset
[2016.09.01-18.31.55:493][600]LogSavePackage: Save=1.36ms
[2016.09.01-18.31.55:493][600]LogSavePackage: Moving '../../../../../../Users/Fahad/Desktop/MX2 Game Suite/GitHub Directory/project-1-mx2/ProjectOne/Saved/sluagh_idle_2_Sprite_2_Auto1325D8A5F477881235002BE8B88D86DEA.tmp' to '../../../../../../Users/Fahad/Desktop/MX2 Game Suite/GitHub Directory/project-1-mx2/ProjectOne/Saved/Autosaves/Game/Assets/Textures/sluagh_idle_2_Sprite_2_Auto1.uasset'
[2016.09.01-18.31.55:495][600]LogSavePackage: Total save time: 3.28ms
[2016.09.01-18.31.55:495][600]LogSavePackage:Display: Finished SavePackage ../../../../../../Users/Fahad/Desktop/MX2 Game Suite/GitHub Directory/project-1-mx2/ProjectOne/Saved/Autosaves/Game/Assets/Textures/sluagh_idle_2_Sprite_2_Auto1.uasset
[2016.09.01-18.31.55:500][600]LogSavePackage: Save=1.34ms
[2016.09.01-18.31.55:500][600]LogSavePackage: Moving '../../../../../../Users/Fahad/Desktop/MX2 Game Suite/GitHub Directory/project-1-mx2/ProjectOne/Saved/sluagh_idle_3_Sprite_2_Auto1AF815C1541E5157F8B44F2A8DA808DE0.tmp' to '../../../../../../Users/Fahad/Desktop/MX2 Game Suite/GitHub Directory/project-1-mx2/ProjectOne/Saved/Autosaves/Game/Assets/Textures/sluagh_idle_3_Sprite_2_Auto1.uasset'
[2016.09.01-18.31.55:502][600]LogSavePackage: Total save time: 3.10ms
[2016.09.01-18.31.55:502][600]LogSavePackage:Display: Finished SavePackage ../../../../../../Users/Fahad/Desktop/MX2 Game Suite/GitHub Directory/project-1-mx2/ProjectOne/Saved/Autosaves/Game/Assets/Textures/sluagh_idle_3_Sprite_2_Auto1.uasset
[2016.09.01-18.31.55:504][600]OBJ SavePackage: Generating thumbnails for [1] asset(s) in package [/Game/Assets/Textures/sluagh_idle] ([1] browsable assets)...
[2016.09.01-18.31.55:516][600]OBJ SavePackage:     Rendered thumbnail for [PaperFlipbook /Game/Assets/Textures/sluagh_idle.sluagh_idle]
[2016.09.01-18.31.55:516][600]OBJ SavePackage: Finished generating thumbnails for package [/Game/Assets/Textures/sluagh_idle]
[2016.09.01-18.31.55:526][600]LogSavePackage: Save=6.45ms
[2016.09.01-18.31.55:526][600]LogSavePackage: Moving '../../../../../../Users/Fahad/Desktop/MX2 Game Suite/GitHub Directory/project-1-mx2/ProjectOne/Saved/sluagh_idle_Auto13126248E48BD69D1CAD0BC986B3E4885.tmp' to '../../../../../../Users/Fahad/Desktop/MX2 Game Suite/GitHub Directory/project-1-mx2/ProjectOne/Saved/Autosaves/Game/Assets/Textures/sluagh_idle_Auto1.uasset'
[2016.09.01-18.31.55:528][600]LogSavePackage: Total save time: 9.22ms
[2016.09.01-18.31.55:528][600]LogSavePackage:Display: Finished SavePackage ../../../../../../Users/Fahad/Desktop/MX2 Game Suite/GitHub Directory/project-1-mx2/ProjectOne/Saved/Autosaves/Game/Assets/Textures/sluagh_idle_Auto1.uasset
[2016.09.01-18.31.55:528][600]LogFileHelpers: Auto-saving content packages took 0.331
[2016.09.01-18.38.44:452][461]LogTemp:Warning: No World
[2016.09.01-18.38.44:803][461]LogSavePackage: Save=361.14ms
[2016.09.01-18.38.44:803][461]LogSavePackage: Moving '../../../../../../Users/Fahad/Desktop/MX2 Game Suite/GitHub Directory/project-1-mx2/ProjectOne/Saved/OverworldLevelE8B059CB4074636DF3B42481E3A717AB.tmp' to '../../../../../../Users/Fahad/Desktop/MX2 Game Suite/GitHub Directory/project-1-mx2/ProjectOne/Content/Levels/OverworldLevel.umap'
[2016.09.01-18.38.44:806][461]LogSavePackage: Total save time: 368.26ms
[2016.09.01-18.38.44:806][461]LogSavePackage:Display: Finished SavePackage ../../../../../../Users/Fahad/Desktop/MX2 Game Suite/GitHub Directory/project-1-mx2/ProjectOne/Content/Levels/OverworldLevel.umap
[2016.09.01-18.38.47:015][527]LogSavePackage: Save=5.49ms
[2016.09.01-18.38.47:015][527]LogSavePackage: Moving '../../../../../../Users/Fahad/Desktop/MX2 Game Suite/GitHub Directory/project-1-mx2/ProjectOne/Saved/sluagh_idleB3AD403043D70C929147B0959D27F4BB.tmp' to '../../../../../../Users/Fahad/Desktop/MX2 Game Suite/GitHub Directory/project-1-mx2/ProjectOne/Content/Assets/Textures/sluagh_idle.uasset'
[2016.09.01-18.38.47:019][527]LogSavePackage: Total save time: 9.12ms
[2016.09.01-18.38.47:019][527]LogSavePackage:Display: Finished SavePackage ../../../../../../Users/Fahad/Desktop/MX2 Game Suite/GitHub Directory/project-1-mx2/ProjectOne/Content/Assets/Textures/sluagh_idle.uasset
[2016.09.01-18.38.47:045][527]LogSavePackage: Save=16.72ms
[2016.09.01-18.38.47:045][527]LogSavePackage: Moving '../../../../../../Users/Fahad/Desktop/MX2 Game Suite/GitHub Directory/project-1-mx2/ProjectOne/Saved/sluagh_idle_0BD4330244330D9DD2367FEBE6CAF0FEA.tmp' to '../../../../../../Users/Fahad/Desktop/MX2 Game Suite/GitHub Directory/project-1-mx2/ProjectOne/Content/Assets/Textures/sluagh_idle_0.uasset'
[2016.09.01-18.38.47:049][527]LogSavePackage: Total save time: 23.85ms
[2016.09.01-18.38.47:049][527]LogSavePackage:Display: Finished SavePackage ../../../../../../Users/Fahad/Desktop/MX2 Game Suite/GitHub Directory/project-1-mx2/ProjectOne/Content/Assets/Textures/sluagh_idle_0.uasset
[2016.09.01-18.38.47:072][527]LogSavePackage: Save=5.70ms
[2016.09.01-18.38.47:072][527]LogSavePackage: Moving '../../../../../../Users/Fahad/Desktop/MX2 Game Suite/GitHub Directory/project-1-mx2/ProjectOne/Saved/sluagh_idle_0_Sprite3A4DFEE84E0DF2DCB72E72B395FE58DE.tmp' to '../../../../../../Users/Fahad/Desktop/MX2 Game Suite/GitHub Directory/project-1-mx2/ProjectOne/Content/Assets/Textures/sluagh_idle_0_Sprite.uasset'
[2016.09.01-18.38.47:076][527]LogSavePackage: Total save time: 9.81ms
[2016.09.01-18.38.47:076][527]LogSavePackage:Display: Finished SavePackage ../../../../../../Users/Fahad/Desktop/MX2 Game Suite/GitHub Directory/project-1-mx2/ProjectOne/Content/Assets/Textures/sluagh_idle_0_Sprite.uasset
[2016.09.01-18.38.47:102][527]LogSavePackage: Save=16.23ms
[2016.09.01-18.38.47:102][527]LogSavePackage: Moving '../../../../../../Users/Fahad/Desktop/MX2 Game Suite/GitHub Directory/project-1-mx2/ProjectOne/Saved/sluagh_idle_1958E031E4903460FF7941AAA0BE186BE.tmp' to '../../../../../../Users/Fahad/Desktop/MX2 Game Suite/GitHub Directory/project-1-mx2/ProjectOne/Content/Assets/Textures/sluagh_idle_1.uasset'
[2016.09.01-18.38.47:106][527]LogSavePackage: Total save time: 23.03ms
[2016.09.01-18.38.47:106][527]LogSavePackage:Display: Finished SavePackage ../../../../../../Users/Fahad/Desktop/MX2 Game Suite/GitHub Directory/project-1-mx2/ProjectOne/Content/Assets/Textures/sluagh_idle_1.uasset
[2016.09.01-18.38.47:129][527]LogSavePackage: Save=5.99ms
[2016.09.01-18.38.47:129][527]LogSavePackage: Moving '../../../../../../Users/Fahad/Desktop/MX2 Game Suite/GitHub Directory/project-1-mx2/ProjectOne/Saved/sluagh_idle_1_SpriteFA18863F434D34342D4819B4FCE3D01B.tmp' to '../../../../../../Users/Fahad/Desktop/MX2 Game Suite/GitHub Directory/project-1-mx2/ProjectOne/Content/Assets/Textures/sluagh_idle_1_Sprite.uasset'
[2016.09.01-18.38.47:132][527]LogSavePackage: Total save time: 9.52ms
[2016.09.01-18.38.47:132][527]LogSavePackage:Display: Finished SavePackage ../../../../../../Users/Fahad/Desktop/MX2 Game Suite/GitHub Directory/project-1-mx2/ProjectOne/Content/Assets/Textures/sluagh_idle_1_Sprite.uasset
[2016.09.01-18.38.47:140][527]LogSavePackage: Save=1.44ms
[2016.09.01-18.38.47:140][527]LogSavePackage: Moving '../../../../../../Users/Fahad/Desktop/MX2 Game Suite/GitHub Directory/project-1-mx2/ProjectOne/Saved/sluagh_idle_1_Sprite_24FA77A404746F8608982ED83E5B1B0CC.tmp' to '../../../../../../Users/Fahad/Desktop/MX2 Game Suite/GitHub Directory/project-1-mx2/ProjectOne/Content/Assets/Textures/sluagh_idle_1_Sprite_2.uasset'
[2016.09.01-18.38.47:143][527]LogSavePackage: Total save time: 4.57ms
[2016.09.01-18.38.47:143][527]LogSavePackage:Display: Finished SavePackage ../../../../../../Users/Fahad/Desktop/MX2 Game Suite/GitHub Directory/project-1-mx2/ProjectOne/Content/Assets/Textures/sluagh_idle_1_Sprite_2.uasset
[2016.09.01-18.38.47:169][527]LogSavePackage: Save=16.52ms
[2016.09.01-18.38.47:169][527]LogSavePackage: Moving '../../../../../../Users/Fahad/Desktop/MX2 Game Suite/GitHub Directory/project-1-mx2/ProjectOne/Saved/sluagh_idle_2B097768444E9346301FCE5A93BA25891.tmp' to '../../../../../../Users/Fahad/Desktop/MX2 Game Suite/GitHub Directory/project-1-mx2/ProjectOne/Content/Assets/Textures/sluagh_idle_2.uasset'
[2016.09.01-18.38.47:173][527]LogSavePackage: Total save time: 23.61ms
[2016.09.01-18.38.47:173][527]LogSavePackage:Display: Finished SavePackage ../../../../../../Users/Fahad/Desktop/MX2 Game Suite/GitHub Directory/project-1-mx2/ProjectOne/Content/Assets/Textures/sluagh_idle_2.uasset
[2016.09.01-18.38.47:196][527]LogSavePackage: Save=5.99ms
[2016.09.01-18.38.47:196][527]LogSavePackage: Moving '../../../../../../Users/Fahad/Desktop/MX2 Game Suite/GitHub Directory/project-1-mx2/ProjectOne/Saved/sluagh_idle_2_Sprite7A3477384F1DDF66A25BB890983F9629.tmp' to '../../../../../../Users/Fahad/Desktop/MX2 Game Suite/GitHub Directory/project-1-mx2/ProjectOne/Content/Assets/Textures/sluagh_idle_2_Sprite.uasset'
[2016.09.01-18.38.47:200][527]LogSavePackage: Total save time: 9.69ms
[2016.09.01-18.38.47:200][527]LogSavePackage:Display: Finished SavePackage ../../../../../../Users/Fahad/Desktop/MX2 Game Suite/GitHub Directory/project-1-mx2/ProjectOne/Content/Assets/Textures/sluagh_idle_2_Sprite.uasset
[2016.09.01-18.38.47:207][527]LogSavePackage: Save=1.35ms
[2016.09.01-18.38.47:207][527]LogSavePackage: Moving '../../../../../../Users/Fahad/Desktop/MX2 Game Suite/GitHub Directory/project-1-mx2/ProjectOne/Saved/sluagh_idle_2_Sprite_25320110D412FC19B53DC85AE5637891D.tmp' to '../../../../../../Users/Fahad/Desktop/MX2 Game Suite/GitHub Directory/project-1-mx2/ProjectOne/Content/Assets/Textures/sluagh_idle_2_Sprite_2.uasset'
[2016.09.01-18.38.47:210][527]LogSavePackage: Total save time: 4.83ms
[2016.09.01-18.38.47:211][527]LogSavePackage:Display: Finished SavePackage ../../../../../../Users/Fahad/Desktop/MX2 Game Suite/GitHub Directory/project-1-mx2/ProjectOne/Content/Assets/Textures/sluagh_idle_2_Sprite_2.uasset
[2016.09.01-18.38.47:236][527]LogSavePackage: Save=16.09ms
[2016.09.01-18.38.47:236][527]LogSavePackage: Moving '../../../../../../Users/Fahad/Desktop/MX2 Game Suite/GitHub Directory/project-1-mx2/ProjectOne/Saved/sluagh_idle_39F00E1E54037A44CD442558A9EF91E66.tmp' to '../../../../../../Users/Fahad/Desktop/MX2 Game Suite/GitHub Directory/project-1-mx2/ProjectOne/Content/Assets/Textures/sluagh_idle_3.uasset'
[2016.09.01-18.38.47:240][527]LogSavePackage: Total save time: 22.93ms
[2016.09.01-18.38.47:240][527]LogSavePackage:Display: Finished SavePackage ../../../../../../Users/Fahad/Desktop/MX2 Game Suite/GitHub Directory/project-1-mx2/ProjectOne/Content/Assets/Textures/sluagh_idle_3.uasset
[2016.09.01-18.38.47:263][527]LogSavePackage: Save=5.70ms
[2016.09.01-18.38.47:263][527]LogSavePackage: Moving '../../../../../../Users/Fahad/Desktop/MX2 Game Suite/GitHub Directory/project-1-mx2/ProjectOne/Saved/sluagh_idle_3_Sprite5046E590463DAA3E3EAC6484BE07AAB4.tmp' to '../../../../../../Users/Fahad/Desktop/MX2 Game Suite/GitHub Directory/project-1-mx2/ProjectOne/Content/Assets/Textures/sluagh_idle_3_Sprite.uasset'
[2016.09.01-18.38.47:266][527]LogSavePackage: Total save time: 9.24ms
[2016.09.01-18.38.47:266][527]LogSavePackage:Display: Finished SavePackage ../../../../../../Users/Fahad/Desktop/MX2 Game Suite/GitHub Directory/project-1-mx2/ProjectOne/Content/Assets/Textures/sluagh_idle_3_Sprite.uasset
[2016.09.01-18.38.47:274][527]LogSavePackage: Save=1.47ms
[2016.09.01-18.38.47:274][527]LogSavePackage: Moving '../../../../../../Users/Fahad/Desktop/MX2 Game Suite/GitHub Directory/project-1-mx2/ProjectOne/Saved/sluagh_idle_3_Sprite_2DFA756CE47BFA94E365A84BF96031F45.tmp' to '../../../../../../Users/Fahad/Desktop/MX2 Game Suite/GitHub Directory/project-1-mx2/ProjectOne/Content/Assets/Textures/sluagh_idle_3_Sprite_2.uasset'
[2016.09.01-18.38.47:277][527]LogSavePackage: Total save time: 4.75ms
[2016.09.01-18.38.47:277][527]LogSavePackage:Display: Finished SavePackage ../../../../../../Users/Fahad/Desktop/MX2 Game Suite/GitHub Directory/project-1-mx2/ProjectOne/Content/Assets/Textures/sluagh_idle_3_Sprite_2.uasset
[2016.09.01-18.38.47:303][527]LogSavePackage: Save=16.30ms
[2016.09.01-18.38.47:303][527]LogSavePackage: Moving '../../../../../../Users/Fahad/Desktop/MX2 Game Suite/GitHub Directory/project-1-mx2/ProjectOne/Saved/sluagh_idle_4C798860A44BD1DBD4CE84F8D61F3D3F7.tmp' to '../../../../../../Users/Fahad/Desktop/MX2 Game Suite/GitHub Directory/project-1-mx2/ProjectOne/Content/Assets/Textures/sluagh_idle_4.uasset'
[2016.09.01-18.38.47:306][527]LogSavePackage: Total save time: 23.34ms
[2016.09.01-18.38.47:307][527]LogSavePackage:Display: Finished SavePackage ../../../../../../Users/Fahad/Desktop/MX2 Game Suite/GitHub Directory/project-1-mx2/ProjectOne/Content/Assets/Textures/sluagh_idle_4.uasset
[2016.09.01-18.38.47:330][527]LogSavePackage: Save=6.13ms
[2016.09.01-18.38.47:330][527]LogSavePackage: Moving '../../../../../../Users/Fahad/Desktop/MX2 Game Suite/GitHub Directory/project-1-mx2/ProjectOne/Saved/sluagh_idle_4_Sprite9E0286EC4F5D63C4A12C5E84A9F152BA.tmp' to '../../../../../../Users/Fahad/Desktop/MX2 Game Suite/GitHub Directory/project-1-mx2/ProjectOne/Content/Assets/Textures/sluagh_idle_4_Sprite.uasset'
[2016.09.01-18.38.47:333][527]LogSavePackage: Total save time: 9.59ms
[2016.09.01-18.38.47:333][527]LogSavePackage:Display: Finished SavePackage ../../../../../../Users/Fahad/Desktop/MX2 Game Suite/GitHub Directory/project-1-mx2/ProjectOne/Content/Assets/Textures/sluagh_idle_4_Sprite.uasset
[2016.09.01-18.38.47:462][527]LogWindowsTextInputMethodSystem:Display: IME system now deactivated.
[2016.09.01-18.38.47:462][527]LogWindowsTextInputMethodSystem:Display: IME system now deactivated.
[2016.09.01-18.38.47:728][528]Cmd: QUIT_EDITOR
[2016.09.01-18.38.47:840][528]LogExit: Preparing to exit.
[2016.09.01-18.38.49:041][528]LogExit: Editor shut down
[2016.09.01-18.38.49:046][528]LogExit: Transaction tracking system shut down
[2016.09.01-18.38.49:162][528]LogObj: Freed 0b from 0 cluster array pools.
[2016.09.01-18.38.49:162][528]LogExit: Object subsystem successfully closed.
[2016.09.01-18.38.49:178][528]LogD3D11RHI: Shutdown
[2016.09.01-18.38.49:178][528]LogD3D11RHI: CleanupD3DDevice
[2016.09.01-18.38.49:248][528]LogD3D11RHI: ~FD3D11DynamicRHI
[2016.09.01-18.38.49:302][528]LogDerivedDataCache: Shutdown
[2016.09.01-18.38.49:302][528]LogModuleManager: Shutting down and abandoning module TextureEditor (206)
[2016.09.01-18.38.49:302][528]LogModuleManager: Shutting down and abandoning module HierarchicalLODOutliner (205)
[2016.09.01-18.38.49:302][528]LogModuleManager: Shutting down and abandoning module CrashTracker (204)
[2016.09.01-18.38.49:302][528]LogModuleManager: Shutting down and abandoning module SuperSearch (203)
[2016.09.01-18.38.49:302][528]LogModuleManager: Shutting down and abandoning module WidgetCarousel (202)
[2016.09.01-18.38.49:302][528]LogModuleManager: Shutting down and abandoning module AddContentDialog (201)
[2016.09.01-18.38.49:303][528]LogModuleManager: Shutting down and abandoning module GameplayTags (200)
[2016.09.01-18.38.49:303][528]LogModuleManager: Shutting down and abandoning module EditorWidgets (199)
[2016.09.01-18.38.49:303][528]LogModuleManager: Shutting down and abandoning module CollectionManager (198)
[2016.09.01-18.38.49:303][528]LogModuleManager: Shutting down and abandoning module SceneOutliner (197)
[2016.09.01-18.38.49:303][528]LogModuleManager: Shutting down and abandoning module StatsViewer (196)
[2016.09.01-18.38.49:303][528]LogModuleManager: Shutting down and abandoning module FoliageEdit (195)
[2016.09.01-18.38.49:303][528]LogModuleManager: Shutting down and abandoning module LandscapeEditor (194)
[2016.09.01-18.38.49:303][528]LogModuleManager: Shutting down and abandoning module ActorPickerMode (193)
[2016.09.01-18.38.49:304][528]LogModuleManager: Shutting down and abandoning module GeometryMode (192)
[2016.09.01-18.38.49:304][528]LogModuleManager: Shutting down and abandoning module TextureAlignMode (191)
[2016.09.01-18.38.49:304][528]LogModuleManager: Shutting down and abandoning module BspMode (190)
[2016.09.01-18.38.49:304][528]LogModuleManager: Shutting down and abandoning module PlacementMode (189)
[2016.09.01-18.38.49:304][528]LogModuleManager: Shutting down and abandoning module AutomationWorker (188)
[2016.09.01-18.38.49:304][528]LogModuleManager: Shutting down and abandoning module CharacterAI (187)
[2016.09.01-18.38.49:304][528]LogModuleManager: Shutting down and abandoning module SmartSnapping (186)
[2016.09.01-18.38.49:304][528]LogModuleManager: Shutting down and abandoning module ViewportSnapping (185)
[2016.09.01-18.38.49:304][528]LogModuleManager: Shutting down and abandoning module LogVisualizer (184)
[2016.09.01-18.38.49:304][528]LogModuleManager: Shutting down and abandoning module GameProjectGeneration (183)
[2016.09.01-18.38.49:304][528]LogModuleManager: Shutting down and abandoning module IntroTutorials (182)
[2016.09.01-18.38.49:304][528]LogModuleManager: Shutting down and abandoning module EditorLiveStreaming (181)
[2016.09.01-18.38.49:304][528]LogModuleManager: Shutting down and abandoning module IOSPlatformEditor (180)
[2016.09.01-18.38.49:304][528]LogModuleManager: Shutting down and abandoning module HTML5PlatformEditor (179)
[2016.09.01-18.38.49:304][528]LogModuleManager: Shutting down and abandoning module AndroidDeviceDetection (178)
[2016.09.01-18.38.50:216][528]LogModuleManager: Shutting down and abandoning module AndroidPlatformEditor (177)
[2016.09.01-18.38.50:216][528]LogModuleManager: Shutting down and abandoning module IOSRuntimeSettings (176)
[2016.09.01-18.38.50:216][528]LogModuleManager: Shutting down and abandoning module AndroidRuntimeSettings (175)
[2016.09.01-18.38.50:216][528]LogModuleManager: Shutting down and abandoning module MergeActors (174)
[2016.09.01-18.38.50:216][528]LogModuleManager: Shutting down and abandoning module SizeMap (173)
[2016.09.01-18.38.50:216][528]LogModuleManager: Shutting down and abandoning module TreeMap (172)
[2016.09.01-18.38.50:216][528]LogModuleManager: Shutting down and abandoning module ReferenceViewer (171)
[2016.09.01-18.38.50:216][528]LogModuleManager: Shutting down and abandoning module LocalizationService (170)
[2016.09.01-18.38.50:216][528]LogModuleManager: Shutting down and abandoning module LocalizationDashboard (169)
[2016.09.01-18.38.50:216][528]LogModuleManager: Shutting down and abandoning module HardwareTargeting (168)
[2016.09.01-18.38.50:216][528]LogModuleManager: Shutting down and abandoning module DeviceProfileEditor (167)
[2016.09.01-18.38.50:216][528]LogModuleManager: Shutting down and abandoning module UndoHistory (166)
[2016.09.01-18.38.50:216][528]LogModuleManager: Shutting down and abandoning module UserFeedback (165)
[2016.09.01-18.38.50:216][528]LogModuleManager: Shutting down and abandoning module XmlParser (164)
[2016.09.01-18.38.50:216][528]LogModuleManager: Shutting down and abandoning module Blutility (163)
[2016.09.01-18.38.50:216][528]LogModuleManager: Shutting down and abandoning module ProjectTargetPlatformEditor (162)
[2016.09.01-18.38.50:216][528]LogModuleManager: Shutting down and abandoning module ProjectSettingsViewer (161)
[2016.09.01-18.38.50:216][528]LogModuleManager: Shutting down and abandoning module InputBindingEditor (160)
[2016.09.01-18.38.50:216][528]LogModuleManager: Shutting down and abandoning module EditorSettingsViewer (159)
[2016.09.01-18.38.50:216][528]LogModuleManager: Shutting down and abandoning module SettingsEditor (158)
[2016.09.01-18.38.50:216][528]LogModuleManager: Shutting down and abandoning module ProjectLauncher (157)
[2016.09.01-18.38.50:216][528]LogModuleManager: Shutting down and abandoning module SessionFrontend (156)
[2016.09.01-18.38.50:216][528]LogModuleManager: Shutting down and abandoning module ProfilerClient (155)
[2016.09.01-18.38.50:216][528]LogModuleManager: Shutting down and abandoning module TargetDeviceServices (154)
[2016.09.01-18.38.50:216][528]LogModuleManager: Shutting down and abandoning module DeviceManager (153)
[2016.09.01-18.38.50:258][528]LogModuleManager: Shutting down and abandoning module AutomationController (152)
[2016.09.01-18.38.50:258][528]LogModuleManager: Shutting down and abandoning module AutomationWindow (151)
[2016.09.01-18.38.50:258][528]LogModuleManager: Shutting down and abandoning module Layers (150)
[2016.09.01-18.38.50:258][528]LogModuleManager: Shutting down and abandoning module ComponentVisualizers (149)
[2016.09.01-18.38.50:258][528]LogModuleManager: Shutting down and abandoning module DetailCustomizations (148)
[2016.09.01-18.38.50:258][528]LogModuleManager: Shutting down and abandoning module PackagesDialog (147)
[2016.09.01-18.38.50:258][528]LogModuleManager: Shutting down and abandoning module Persona (146)
[2016.09.01-18.38.50:258][528]LogModuleManager: Shutting down and abandoning module Kismet (145)
[2016.09.01-18.38.50:258][528]LogModuleManager: Shutting down and abandoning module GraphEditor (144)
[2016.09.01-18.38.50:258][528]LogModuleManager: Shutting down and abandoning module ClassViewer (143)
[2016.09.01-18.38.50:258][528]LogModuleManager: Shutting down and abandoning module Toolbox (142)
[2016.09.01-18.38.50:258][528]LogModuleManager: Shutting down and abandoning module ModuleUI (141)
[2016.09.01-18.38.50:258][528]LogModuleManager: Shutting down and abandoning module MovieSceneTools (140)
[2016.09.01-18.38.50:258][528]LogModuleManager: Shutting down and abandoning module OutputLog (139)
[2016.09.01-18.38.50:258][528]LogModuleManager: Shutting down and abandoning module GammaUI (138)
[2016.09.01-18.38.50:258][528]LogModuleManager: Shutting down and abandoning module Documentation (137)
[2016.09.01-18.38.50:258][528]LogModuleManager: Shutting down and abandoning module StreamingPauseRendering (136)
[2016.09.01-18.38.50:258][528]LogModuleManager: Shutting down and abandoning module AnalyticsET (135)
[2016.09.01-18.38.50:258][528]LogModuleManager: Shutting down and abandoning module Analytics (134)
[2016.09.01-18.38.50:258][528]LogModuleManager: Shutting down and abandoning module PortalServices (133)
[2016.09.01-18.38.50:258][528]LogModuleManager: Shutting down and abandoning module PortalRpc (132)
[2016.09.01-18.38.50:258][528]LogModuleManager: Shutting down and abandoning module MessagingRpc (131)
[2016.09.01-18.38.50:258][528]LogModuleManager: Shutting down and abandoning module AITestSuite (130)
[2016.09.01-18.38.50:258][528]LogModuleManager: Shutting down and abandoning module GameplayDebugger (129)
[2016.09.01-18.38.50:258][528]LogModuleManager: Shutting down and abandoning module AIModule (128)
[2016.09.01-18.38.50:258][528]LogModuleManager: Shutting down and abandoning module ProfilerService (127)
[2016.09.01-18.38.50:324][528]LogModuleManager: Shutting down and abandoning module TaskGraph (126)
[2016.09.01-18.38.50:324][528]LogModuleManager: Shutting down and abandoning module SlateRemote (125)
[2016.09.01-18.38.50:324][528]LogModuleManager: Shutting down and abandoning module SteamVRController (124)
[2016.09.01-18.38.50:324][528]LogModuleManager: Shutting down and abandoning module SteamVR (123)
[2016.09.01-18.38.50:324][528]LogModuleManager: Shutting down and abandoning module ProceduralMeshComponent (122)
[2016.09.01-18.38.50:324][528]LogModuleManager: Shutting down and abandoning module OculusLibrary (121)
[2016.09.01-18.38.50:324][528]LogModuleManager: Shutting down and abandoning module OculusInput (120)
[2016.09.01-18.38.50:324][528]LogModuleManager: Shutting down and abandoning module CustomMeshComponent (119)
[2016.09.01-18.38.50:324][528]LogModuleManager: Shutting down and abandoning module CableComponent (118)
[2016.09.01-18.38.50:324][528]LogModuleManager: Shutting down and abandoning module ArchVisCharacter (117)
[2016.09.01-18.38.50:324][528]LogModuleManager: Shutting down and abandoning module MediaPlayerEditor (116)
[2016.09.01-18.38.50:324][528]LogModuleManager: Shutting down and abandoning module HTML5Networking (115)
[2016.09.01-18.38.50:324][528]LogModuleManager: Shutting down and abandoning module SpeedTreeImporter (114)
[2016.09.01-18.38.50:324][528]LogModuleManager: Shutting down and abandoning module PluginBrowser (113)
[2016.09.01-18.38.50:324][528]LogModuleManager: Shutting down and abandoning module EpicSurvey (112)
[2016.09.01-18.38.50:324][528]LogModuleManager: Shutting down and abandoning module DesktopPlatform (111)
[2016.09.01-18.38.50:324][528]LogModuleManager: Shutting down and abandoning module VisualStudioSourceCodeAccess (110)
[2016.09.01-18.38.50:324][528]LogModuleManager: Shutting down and abandoning module UObjectPlugin (109)
[2016.09.01-18.38.50:324][528]LogModuleManager: Shutting down and abandoning module SubversionSourceControl (108)
[2016.09.01-18.38.50:324][528]LogModuleManager: Shutting down and abandoning module PerforceSourceControl (107)
[2016.09.01-18.38.50:324][528]LogModuleManager: Shutting down and abandoning module SourceControl (106)
[2016.09.01-18.38.50:324][528]LogModuleManager: Shutting down and abandoning module GitSourceControl (105)
[2016.09.01-18.38.50:325][528]LogModuleManager: Shutting down and abandoning module LightPropagationVolumeEditor (104)
[2016.09.01-18.38.50:325][528]LogModuleManager: Shutting down and abandoning module PaperTiledImporter (103)
[2016.09.01-18.38.50:325][528]LogModuleManager: Shutting down and abandoning module PaperSpriteSheetImporter (102)
[2016.09.01-18.38.50:325][528]LogModuleManager: Shutting down and abandoning module MeshPaint (101)
[2016.09.01-18.38.50:325][528]LogModuleManager: Shutting down and abandoning module HotReload (100)
[2016.09.01-18.38.50:325][528]LogModuleManager: Shutting down and abandoning module MainFrame (99)
[2016.09.01-18.38.50:325][528]LogModuleManager: Shutting down and abandoning module LevelEditor (98)
[2016.09.01-18.38.50:326][528]LogModuleManager: Shutting down and abandoning module DirectoryWatcher (97)
[2016.09.01-18.38.50:326][528]LogModuleManager: Shutting down and abandoning module AssetRegistry (96)
[2016.09.01-18.38.50:454][528]LogModuleManager: Shutting down and abandoning module ContentBrowser (95)
[2016.09.01-18.38.50:454][528]LogModuleManager: Shutting down and abandoning module Paper2DEditor (94)
[2016.09.01-18.38.50:454][528]LogModuleManager: Shutting down and abandoning module ProjectOne (93)
[2016.09.01-18.38.50:455][528]LogModuleManager: Shutting down and abandoning module UdpMessaging (92)
[2016.09.01-18.38.50:555][528]LogModuleManager: Shutting down and abandoning module LightPropagationVolumeRuntime (91)
[2016.09.01-18.38.50:555][528]LogModuleManager: Shutting down and abandoning module Paper2D (90)
[2016.09.01-18.38.50:555][528]LogModuleManager: Shutting down and abandoning module WindowsMoviePlayer (89)
[2016.09.01-18.38.50:555][528]LogModuleManager: Shutting down and abandoning module Media (88)
[2016.09.01-18.38.50:555][528]LogModuleManager: Shutting down and abandoning module WmfMedia (87)
[2016.09.01-18.38.50:555][528]LogModuleManager: Shutting down and abandoning module MediaAssets (86)
[2016.09.01-18.38.50:555][528]LogModuleManager: Shutting down and abandoning module GameLiveStreaming (85)
[2016.09.01-18.38.50:555][528]LogModuleManager: Shutting down and abandoning module GameplayTagsEditor (84)
[2016.09.01-18.38.50:555][528]LogModuleManager: Shutting down and abandoning module OnlineBlueprintSupport (83)
[2016.09.01-18.38.50:555][528]LogModuleManager: Shutting down and abandoning module GameplayTasksEditor (82)
[2016.09.01-18.38.50:555][528]LogModuleManager: Shutting down and abandoning module PropertyEditor (81)
[2016.09.01-18.38.50:555][528]LogModuleManager: Shutting down and abandoning module BehaviorTreeEditor (80)
[2016.09.01-18.38.50:555][528]LogModuleManager: Shutting down and abandoning module FunctionalTesting (79)
[2016.09.01-18.38.50:555][528]LogModuleManager: Shutting down and abandoning module CollisionAnalyzer (78)
[2016.09.01-18.38.50:555][528]LogModuleManager: Shutting down and abandoning module WorkspaceMenuStructure (77)
[2016.09.01-18.38.50:555][528]LogModuleManager: Shutting down and abandoning module MessageLog (76)
[2016.09.01-18.38.50:555][528]LogModuleManager: Shutting down and abandoning module Sequencer (75)
[2016.09.01-18.38.50:555][528]LogModuleManager: Shutting down and abandoning module AssetTools (74)
[2016.09.01-18.38.50:555][528]LogModuleManager: Shutting down and abandoning module UMGEditor (73)
[2016.09.01-18.38.50:555][528]LogModuleManager: Shutting down and abandoning module UMG (72)
[2016.09.01-18.38.50:555][528]LogModuleManager: Shutting down and abandoning module SlateReflector (71)
[2016.09.01-18.38.50:555][528]LogModuleManager: Shutting down and abandoning module Slate (70)
[2016.09.01-18.38.50:555][528]LogModuleManager: Shutting down and abandoning module EditorStyle (69)
[2016.09.01-18.38.50:557][528]LogModuleManager: Shutting down and abandoning module SessionServices (68)
[2016.09.01-18.38.50:557][528]LogModuleManager: Shutting down and abandoning module SourceCodeAccess (67)
[2016.09.01-18.38.50:557][528]LogModuleManager: Shutting down and abandoning module HeadMountedDisplay (66)
[2016.09.01-18.38.50:557][528]LogModuleManager: Shutting down and abandoning module XAudio2 (65)
[2016.09.01-18.38.50:557][528]LogModuleManager: Shutting down and abandoning module Networking (63)
[2016.09.01-18.38.50:557][528]LogModuleManager: Shutting down and abandoning module Core (62)
[2016.09.01-18.38.50:557][528]LogModuleManager: Shutting down and abandoning module KismetCompiler (61)
[2016.09.01-18.38.50:557][528]LogModuleManager: Shutting down and abandoning module PhysXFormats (60)
[2016.09.01-18.38.50:557][528]LogModuleManager: Shutting down and abandoning module MeshUtilities (59)
[2016.09.01-18.38.50:557][528]LogModuleManager: Shutting down and abandoning module CookingStats (58)
[2016.09.01-18.38.50:557][528]LogModuleManager: Shutting down and abandoning module DerivedDataCache (57)
[2016.09.01-18.38.50:557][528]LogDerivedDataCache: Shutdown
[2016.09.01-18.38.50:557][528]LogModuleManager: Shutting down and abandoning module ShaderFormatOpenGL (56)
[2016.09.01-18.38.50:557][528]LogModuleManager: Shutting down and abandoning module ShaderFormatD3D (55)
[2016.09.01-18.38.50:557][528]LogModuleManager: Shutting down and abandoning module MetalShaderFormat (54)
[2016.09.01-18.38.50:557][528]LogModuleManager: Shutting down and abandoning module TextureFormatUncompressed (53)
[2016.09.01-18.38.50:557][528]LogModuleManager: Shutting down and abandoning module TextureFormatPVR (52)
[2016.09.01-18.38.50:557][528]LogModuleManager: Shutting down and abandoning module TextureFormatIntelISPCTexComp (51)
[2016.09.01-18.38.50:558][528]LogModuleManager: Shutting down and abandoning module TextureFormatDXT (50)
[2016.09.01-18.38.50:558][528]LogModuleManager: Shutting down and abandoning module ImageWrapper (49)
[2016.09.01-18.38.50:558][528]LogModuleManager: Shutting down and abandoning module TextureFormatASTC (48)
[2016.09.01-18.38.50:558][528]LogModuleManager: Shutting down and abandoning module TextureFormatAndroid (47)
[2016.09.01-18.38.50:558][528]LogModuleManager: Shutting down and abandoning module AudioFormatOpus (46)
[2016.09.01-18.38.50:558][528]LogModuleManager: Shutting down and abandoning module AudioFormatOgg (45)
[2016.09.01-18.38.50:558][528]LogModuleManager: Shutting down and abandoning module AudioFormatADPCM (44)
[2016.09.01-18.38.50:558][528]LogModuleManager: Shutting down and abandoning module LinuxTargetPlatform (43)
[2016.09.01-18.38.50:558][528]LogModuleManager: Shutting down and abandoning module LinuxServerTargetPlatform (42)
[2016.09.01-18.38.50:558][528]LogModuleManager: Shutting down and abandoning module LinuxNoEditorTargetPlatform (41)
[2016.09.01-18.38.50:558][528]LogModuleManager: Shutting down and abandoning module TVOSTargetPlatform (40)
[2016.09.01-18.38.50:558][528]LogModuleManager: Shutting down and abandoning module Messaging (39)
[2016.09.01-18.38.50:558][528]LogModuleManager: Shutting down and abandoning module IOSTargetPlatform (38)
[2016.09.01-18.38.50:558][528]LogModuleManager: Shutting down and abandoning module HTML5TargetPlatform (37)
[2016.09.01-18.38.50:558][528]LogModuleManager: Shutting down and abandoning module Android_PVRTCTargetPlatform (36)
[2016.09.01-18.38.50:558][528]LogModuleManager: Shutting down and abandoning module Android_MultiTargetPlatform (35)
[2016.09.01-18.38.50:558][528]LogModuleManager: Shutting down and abandoning module Android_ETC2TargetPlatform (34)
[2016.09.01-18.38.50:558][528]LogModuleManager: Shutting down and abandoning module Android_ETC1TargetPlatform (33)
[2016.09.01-18.38.50:558][528]LogModuleManager: Shutting down and abandoning module Android_DXTTargetPlatform (32)
[2016.09.01-18.38.50:558][528]LogModuleManager: Shutting down and abandoning module Android_ATCTargetPlatform (31)
[2016.09.01-18.38.50:558][528]LogModuleManager: Shutting down and abandoning module Android_ASTCTargetPlatform (30)
[2016.09.01-18.38.50:558][528]LogModuleManager: Shutting down and abandoning module AndroidTargetPlatform (29)
[2016.09.01-18.38.50:558][528]LogModuleManager: Shutting down and abandoning module WindowsTargetPlatform (28)
[2016.09.01-18.38.50:558][528]LogModuleManager: Shutting down and abandoning module WindowsServerTargetPlatform (27)
[2016.09.01-18.38.50:558][528]LogModuleManager: Shutting down and abandoning module WindowsNoEditorTargetPlatform (26)
[2016.09.01-18.38.50:558][528]LogModuleManager: Shutting down and abandoning module WindowsClientTargetPlatform (25)
[2016.09.01-18.38.50:558][528]LogModuleManager: Shutting down and abandoning module AllDesktopTargetPlatform (24)
[2016.09.01-18.38.50:558][528]LogModuleManager: Shutting down and abandoning module TargetPlatform (23)
[2016.09.01-18.38.50:558][528]LogModuleManager: Shutting down and abandoning module InputCore (22)
[2016.09.01-18.38.50:558][528]LogModuleManager: Shutting down and abandoning module Settings (21)
[2016.09.01-18.38.50:558][528]LogModuleManager: Shutting down and abandoning module OnlineSubsystem (19)
[2016.09.01-18.38.50:558][528]LogModuleManager: Shutting down and abandoning module HTTP (18)
[2016.09.01-18.38.52:581][528]LogModuleManager: Shutting down and abandoning module XMPP (17)
[2016.09.01-18.38.52:581][528]LogModuleManager: Shutting down and abandoning module OculusRift (16)
[2016.09.01-18.38.52:581][528]LogModuleManager: Shutting down and abandoning module ExampleDeviceProfileSelector (15)
[2016.09.01-18.38.52:581][528]LogModuleManager: Shutting down and abandoning module TextureCompressor (14)
[2016.09.01-18.38.52:581][528]LogModuleManager: Shutting down and abandoning module ShaderCore (13)
[2016.09.01-18.38.52:581][528]LogModuleManager: Shutting down and abandoning module Landscape (12)
[2016.09.01-18.38.52:581][528]LogModuleManager: Shutting down and abandoning module SlateRHIRenderer (11)
[2016.09.01-18.38.52:582][528]LogModuleManager: Shutting down and abandoning module OpenGLDrv (10)
[2016.09.01-18.38.52:582][528]LogModuleManager: Shutting down and abandoning module D3D11RHI (9)
[2016.09.01-18.38.52:582][528]LogModuleManager: Shutting down and abandoning module AnimGraphRuntime (8)
[2016.09.01-18.38.52:582][528]LogModuleManager: Shutting down and abandoning module Renderer (7)
[2016.09.01-18.38.52:582][528]LogModuleManager: Shutting down and abandoning module Engine (6)
[2016.09.01-18.38.52:582][528]LogModuleManager: Shutting down and abandoning module CoreUObject (5)
[2016.09.01-18.38.52:582][528]LogModuleManager: Shutting down and abandoning module NetworkFile (4)
[2016.09.01-18.38.52:582][528]LogModuleManager: Shutting down and abandoning module StreamingFile (3)
[2016.09.01-18.38.52:582][528]LogModuleManager: Shutting down and abandoning module SandboxFile (2)
[2016.09.01-18.38.52:582][528]LogModuleManager: Shutting down and abandoning module PakFile (1)
[2016.09.01-18.38.52:584][528]LogExit: Exiting.
[2016.09.01-18.38.52:585][528]Log file closed, 09/01/16 14:38:52
