Log file open, 08/16/16 12:52:43
LogInit:Display: Running engine for game: ProjectOne
LogPlatformFile: Not using cached read wrapper
LogInit:Display: RandInit(123189666) SRandInit(123189669).
LogTaskGraph: Started task graph with 4 named threads and 7 total threads.
LogStats: Stats thread started at 10.883513
LogInit: Version: 4.11.2-2946394+++UE4+Release-4.11
LogInit: API Version: 2927265
LogInit: Compiled (64-bit): Apr 18 2016 02:18:46
LogInit: Compiled with Visual C++: 19.00.23026.00
LogInit: Build Configuration: Development
LogInit: Branch Name: ++UE4+Release-4.11
LogInit: Command line:  
LogInit: Base directory: C:/Program Files/Epic Games/4.11/Engine/Binaries/Win64/
LogInit: Installed Engine Build: 1
LogInit: Using libcurl 7.41.0
LogInit:  - built for x86_64-pc-win32
LogInit:  - supports SSL with WinSSL
LogInit:  - other features:
LogInit:      CURL_VERSION_SSL
LogInit:      CURL_VERSION_IPV6
LogInit:      CURL_VERSION_ASYNCHDNS
LogInit:      CURL_VERSION_LARGEFILE
LogInit:      CURL_VERSION_IDN
LogInit:  CurlRequestOptions (configurable via config and command line):
LogInit:  - bVerifyPeer = true  - Libcurl will verify peer certificate
LogInit:  - bUseHttpProxy = false  - Libcurl will NOT use HTTP proxy
LogInit:  - bDontReuseConnections = false  - Libcurl will reuse connections
LogInit:  - CertBundlePath = nullptr  - Libcurl will use whatever was configured at build time.
LogInit: Presizing for max 16777216 objects, including 0 objects not considered by GC, pre-allocating 0 bytes for permanent pool.
LogInit: Object subsystem initialized
[2016.08.16-16.52.44:132][  0]LogInit: Selected Device Profile: [Windows]
[2016.08.16-16.52.44:132][  0]LogInit: Applying CVar settings loaded from the selected device profile: [Windows]
[2016.08.16-16.52.44:271][  0]LogInit: Computer: FAHAD-PC
[2016.08.16-16.52.44:271][  0]LogInit: User: Fahad
[2016.08.16-16.52.44:271][  0]LogInit: CPU Page size=65536, Cores=4
[2016.08.16-16.52.44:271][  0]LogInit: High frequency timer resolution =3.215352 MHz
[2016.08.16-16.52.44:281][  0]LogMemory: Memory total: Physical=8.0GB (8GB approx)
[2016.08.16-16.52.44:281][  0]LogMemory: Platform Memory Stats for Windows
[2016.08.16-16.52.44:281][  0]LogMemory: Process Physical Memory: 314.21 MB used, 314.21 MB peak
[2016.08.16-16.52.44:281][  0]LogMemory: Process Virtual Memory: 313.76 MB used, 313.76 MB peak
[2016.08.16-16.52.44:281][  0]LogMemory: Physical Memory: 3938.55 MB used, 8174.67 MB total
[2016.08.16-16.52.44:281][  0]LogMemory: Virtual Memory: 650.88 MB used, 134217728.00 MB total
[2016.08.16-16.52.45:102][  0]LogTextLocalizationManager: No specific translations for ('en-US') exist, so ('en') translations will be used.
[2016.08.16-16.52.46:318][  0]LogD3D11RHI: D3D11 adapters:
[2016.08.16-16.52.46:353][  0]LogD3D11RHI:    0. 'NVIDIA GeForce GTX 970' (Feature Level 11_0)
[2016.08.16-16.52.46:353][  0]LogD3D11RHI:       4007MB of dedicated video memory, 0MB of dedicated system memory, and 4087MB of shared system memory, 2 output[s]
[2016.08.16-16.52.46:432][  0]LogD3D11RHI:    1. 'Microsoft Basic Render Driver' (Feature Level 11_0)
[2016.08.16-16.52.46:432][  0]LogD3D11RHI:       0MB of dedicated video memory, 0MB of dedicated system memory, and 4087MB of shared system memory, 0 output[s]
[2016.08.16-16.52.46:432][  0]LogD3D11RHI: Chosen D3D11 Adapter: 0
[2016.08.16-16.52.46:438][  0]LogD3D11RHI: Creating new Direct3DDevice
[2016.08.16-16.52.46:438][  0]LogD3D11RHI:     Adapter Name: NVIDIA GeForce GTX 970
[2016.08.16-16.52.46:438][  0]LogD3D11RHI:   Driver Version: 10.18.13.6510 (internal 10.18.13.6510)
[2016.08.16-16.52.46:439][  0]LogD3D11RHI:      Driver Date: 4-27-2016
[2016.08.16-16.52.46:439][  0]LogRHI: Texture pool is 1361 MB (70% of 1945 MB)
[2016.08.16-16.52.46:463][  0]LogD3D11RHI: Async texture creation enabled
[2016.08.16-16.52.47:373][  0]LogShaderCompilers: Guid format shader working directory is -48 characters bigger than the processId version (../../../../../../Users/Fahad/Desktop/MX2 Game Suite/GitHub Directory/project-1-mx2/ProjectOne/Intermediate/Shaders/WorkingDirectory/8252/).
[2016.08.16-16.52.47:373][  0]LogShaderCompilers: Cleaned the shader compiler working directory 'C:/Users/Fahad/AppData/Local/Temp/UnrealShaderWorkingDir/E7D511E44D232D077FBFDAB76AC8806E/'.
[2016.08.16-16.52.47:379][  0]LogShaderCompilers:Display: Using Local Shader Compiler.
[2016.08.16-16.52.56:253][  0]LogTemp:Display: Loaded TP AllDesktopTargetPlatform
[2016.08.16-16.52.56:261][  0]LogTemp:Display: Loaded TP WindowsClientTargetPlatform
[2016.08.16-16.52.56:269][  0]LogTemp:Display: Loaded TP WindowsNoEditorTargetPlatform
[2016.08.16-16.52.56:278][  0]LogTemp:Display: Loaded TP WindowsServerTargetPlatform
[2016.08.16-16.52.56:287][  0]LogTemp:Display: Loaded TP WindowsTargetPlatform
[2016.08.16-16.52.56:310][  0]LogTemp:Display: Loaded TP AndroidTargetPlatform
[2016.08.16-16.52.56:318][  0]LogTemp:Display: Loaded TP Android_ASTCTargetPlatform
[2016.08.16-16.52.56:329][  0]LogTemp:Display: Loaded TP Android_ATCTargetPlatform
[2016.08.16-16.52.56:335][  0]LogTemp:Display: Loaded TP Android_DXTTargetPlatform
[2016.08.16-16.52.56:345][  0]LogTemp:Display: Loaded TP Android_ETC1TargetPlatform
[2016.08.16-16.52.56:350][  0]LogTemp:Display: Loaded TP Android_ETC2TargetPlatform
[2016.08.16-16.52.56:363][  0]LogTemp:Display: Loaded TP Android_MultiTargetPlatform
[2016.08.16-16.52.56:363][  0]LogTemp:Display: Loaded TP Android_PVRTCTargetPlatform
[2016.08.16-16.52.56:367][  0]LogTemp:Display: Loaded TP HTML5TargetPlatform
[2016.08.16-16.52.56:584][  0]LogTemp:Display: Loaded TP IOSTargetPlatform
[2016.08.16-16.52.56:590][  0]LogTemp:Display: Loaded TP TVOSTargetPlatform
[2016.08.16-16.52.56:626][  0]LogTemp:Display: Loaded TP LinuxNoEditorTargetPlatform
[2016.08.16-16.52.56:704][  0]LogTemp:Display: Loaded TP LinuxServerTargetPlatform
[2016.08.16-16.52.56:785][  0]LogTemp:Display: Loaded TP LinuxTargetPlatform
[2016.08.16-16.52.56:785][  0]LogTargetPlatformManager:Display: Building Assets For Windows
[2016.08.16-16.52.58:728][  0]LogDerivedDataCache:Display: Max Cache Size: 512 MB
[2016.08.16-16.53.02:307][  0]LogDerivedDataCache: Loaded boot cache 3.58s 65MB C:/Users/Fahad/AppData/Local/UnrealEngine/4.11/DerivedDataCache/Boot.ddc.
[2016.08.16-16.53.02:307][  0]LogDerivedDataCache:Display: Loaded Boot cache: C:/Users/Fahad/AppData/Local/UnrealEngine/4.11/DerivedDataCache/Boot.ddc
[2016.08.16-16.53.02:307][  0]LogDerivedDataCache: FDerivedDataBackendGraph:  Pak pak cache file ../../../../../../Users/Fahad/Desktop/MX2 Game Suite/GitHub Directory/project-1-mx2/ProjectOne/DerivedDataCache/DDC.ddp not found, will not use a pak cache.
[2016.08.16-16.53.02:307][  0]LogDerivedDataCache: Unable to find inner node Pak for hierarchical cache Hierarchy.
[2016.08.16-16.53.02:307][  0]LogDerivedDataCache: FDerivedDataBackendGraph:  CompressedPak pak cache file ../../../../../../Users/Fahad/Desktop/MX2 Game Suite/GitHub Directory/project-1-mx2/ProjectOne/DerivedDataCache/Compressed.ddp not found, will not use a pak cache.
[2016.08.16-16.53.02:307][  0]LogDerivedDataCache: Unable to find inner node CompressedPak for hierarchical cache Hierarchy.
[2016.08.16-16.53.02:385][  0]LogDerivedDataCache:Display: Pak cache opened for reading ../../../Engine/DerivedDataCache/Compressed.ddp.
[2016.08.16-16.53.02:425][  0]LogDerivedDataCache: Using Local data cache path C:/Users/Fahad/AppData/Local/UnrealEngine/Common/DerivedDataCache: Writable
[2016.08.16-16.53.22:402][  0]LogInit: Selected Device Profile: [Windows]
[2016.08.16-16.53.22:530][  0]LogContentStreaming: Texture pool size is 0.00 MB
[2016.08.16-16.53.25:478][  0]LogMaterial: Uniform references updated for custom material expression Custom.
[2016.08.16-16.53.29:924][  0]LogMeshUtilities: No automatic mesh reduction module available
[2016.08.16-16.53.29:924][  0]LogMeshUtilities: No automatic mesh merging module available
[2016.08.16-16.53.29:924][  0]LogMeshUtilities: No distributed automatic mesh merging module available
[2016.08.16-16.53.39:850][  0]LogUObjectArray: 27679 objects as part of root set at end of initial load.
[2016.08.16-16.53.39:871][  0]LogUObjectAllocator: 5591600 out of 0 bytes used by permanent object pool.
[2016.08.16-16.53.39:871][  0]LogUObjectArray: CloseDisregardForGC: 0/0 objects in disregard for GC pool
[2016.08.16-16.53.39:898][  0]LogInit: WinSock: version 1.1 (2.2), MaxSocks=32767, MaxUdp=65467
[2016.08.16-16.53.43:424][  0]LogSlate: SlateFontCache - WITH_FREETYPE: 1, WITH_HARFBUZZ: 1
[2016.08.16-16.53.43:424][  0]LogSlate: SlateFontCache - WITH_FREETYPE: 1, WITH_HARFBUZZ: 1
[2016.08.16-16.53.50:005][  0]LogStreaming:Warning: Failed to read file '../../../Engine/Content/Editor/Slate/Common/Selection_16x.png' error.
[2016.08.16-16.53.50:005][  0]LogSlate: Could not find file for Slate resource: ../../../Engine/Content/Editor/Slate/Common/Selection_16x.png
[2016.08.16-16.53.50:005][  0]LogStreaming:Warning: Failed to read file '../../../Engine/Content/Editor/Slate/Common/Selection_16x.png' error.
[2016.08.16-16.53.50:005][  0]LogSlate: Could not find file for Slate resource: ../../../Engine/Content/Editor/Slate/Common/Selection_16x.png
[2016.08.16-16.53.50:006][  0]LogStreaming:Warning: Failed to read file '../../../Engine/Content/Editor/Slate/Common/Selection_16x.png' error.
[2016.08.16-16.53.50:006][  0]LogSlate: Could not find file for Slate resource: ../../../Engine/Content/Editor/Slate/Common/Selection_16x.png
[2016.08.16-16.54.14:443][  0]LogUdpMessaging: Initializing bridge on interface 0.0.0.0:0 to multicast group 230.0.0.1:6666.
[2016.08.16-16.54.14:540][  0]LogTemp:Warning: No World
[2016.08.16-16.54.15:421][  0]LogAssetRegistry: FAssetRegistry took 0.0240 seconds to start up
[2016.08.16-16.54.18:772][  0]SourceControl: Info Source control is disabled
[2016.08.16-16.54.19:673][  0]SourceControl: Info Source control is disabled
[2016.08.16-16.54.19:784][  0]SourceControl: Info Source control is disabled
[2016.08.16-16.54.19:956][  0]SourceControl: Info Source control is disabled
[2016.08.16-16.54.21:076][  0]LogHMD: Failed to initialize OpenVR with code 108
[2016.08.16-16.54.21:663][  0]LogEngine: Initializing Engine...
[2016.08.16-16.54.26:434][  0]LogAIModule: Creating AISystem for world NewWorld
[2016.08.16-16.54.26:642][  0]LogInit: XAudio2 using 'Speakers (5- Logitech USB Headset)' : 2 channels at 44.1 kHz using 16 bits per sample (channel mask 0x3)
[2016.08.16-16.54.26:677][  0]LogInit: FAudioDevice initialized.
[2016.08.16-16.54.26:711][  0]LogDerivedDataCache: Saved boot cache 0.03s 65MB C:/Users/Fahad/AppData/Local/UnrealEngine/4.11/DerivedDataCache/Boot.ddc.
[2016.08.16-16.54.26:720][  0]LogInit: Texture streaming: Enabled
[2016.08.16-16.54.27:384][  0]LogInit: Transaction tracking system initialized
[2016.08.16-16.54.27:759][  0]BlueprintLog: New page: Editor Load
[2016.08.16-16.54.31:037][  0]LocalizationService: Info Localization service is disabled
[2016.08.16-16.54.34:058][  0]LogConsoleResponse:Display: 
[2016.08.16-16.54.39:686][  0]LogFileCache: Scanning file cache for directory 'C:/Users/Fahad/Desktop/MX2 Game Suite/GitHub Directory/project-1-mx2/ProjectOne/Content/' took 0.06s
[2016.08.16-16.54.39:686][  0]LogCook:Display: Max memory allowance for cook 8192mb
[2016.08.16-16.54.39:686][  0]LogCook:Display: Mobile HDR setting 1
[2016.08.16-16.54.39:689][  0]LogCook:Display: Done creating registry. It took  0.00s.
[2016.08.16-16.54.41:574][  0]SourceControl: Info Source control is disabled
[2016.08.16-16.54.41:611][  0]Cmd: MAP LOAD FILE="../../../../../../Users/Fahad/Desktop/MX2 Game Suite/GitHub Directory/project-1-mx2/ProjectOne/Content/Levels/OverworldLevel.umap" TEMPLATE=0 SHOWPROGRESS=1 FEATURELEVEL=3
[2016.08.16-16.54.41:746][  0]LightingResults: New page: Lighting Build
[2016.08.16-16.54.42:022][  0]MapCheck: New page: Map Check
[2016.08.16-16.54.42:022][  0]LightingResults: New page: Lighting Build
[2016.08.16-16.54.43:826][  0]LogTemp:Warning: No World
[2016.08.16-16.54.43:840][  0]LogTemp:Warning: No World
[2016.08.16-16.54.43:876][  0]LogTemp:Warning: No World
[2016.08.16-16.54.44:605][  0]LogAIModule: Creating AISystem for world OverworldLevel
[2016.08.16-16.54.45:549][  0]LogEditorServer: Finished looking for orphan Actors (0.000 secs)
[2016.08.16-16.54.45:585][  0]Cmd: MAP CHECKDEP NOCLEARLOG
[2016.08.16-16.54.45:752][  0]MapCheck: Info Map check complete: 0 Error(s), 0 Warning(s), took 166.271ms to complete.
[2016.08.16-16.54.45:752][  0]LogFileHelpers: Loading map 'OverworldLevel' took 4.152
[2016.08.16-16.54.49:560][  0]LogCollectionManager: Loaded 1 collections in 0.007858 seconds
[2016.08.16-16.54.49:901][  0]LogFileCache: Scanning file cache for directory 'C:/Users/Fahad/Desktop/MX2 Game Suite/GitHub Directory/project-1-mx2/ProjectOne/Saved/Collections/' took 0.01s
[2016.08.16-16.54.49:901][  0]LogFileCache: Scanning file cache for directory 'C:/Users/Fahad/Desktop/MX2 Game Suite/GitHub Directory/project-1-mx2/ProjectOne/Content/Developers/Fahad/Collections/' took 0.01s
[2016.08.16-16.54.49:901][  0]LogFileCache: Scanning file cache for directory 'C:/Users/Fahad/Desktop/MX2 Game Suite/GitHub Directory/project-1-mx2/ProjectOne/Content/Collections/' took 0.01s
[2016.08.16-16.54.49:901][  0]LogCollectionManager: Rebuilt the GUID cache for 1 collections in 0.000010 seconds
[2016.08.16-16.54.49:902][  0]LogCollectionManager: Rebuilt the hierarchy cache for 1 collections in 0.000001 seconds
[2016.08.16-16.54.49:954][  0]LogContentBrowser: Native class hierarchy populated in 0.0518 seconds. Added 1988 classes and 347 folders.
[2016.08.16-16.54.50:044][  0]LogStats: UGameplayTagsManager::ConstructGameplayTagTree: Construct from data asset -  0.000 s
[2016.08.16-16.54.50:044][  0]LogStats: UGameplayTagsManager::ConstructGameplayTagTree: GameplayTagTreeChangedEvent.Broadcast -  0.000 s
[2016.08.16-16.54.50:046][  0]LogContentBrowser: Native class hierarchy updated for 'GameplayTags' in 0.0019 seconds. Added 12 classes and 0 folders.
[2016.08.16-16.54.50:139][  0]LogContentBrowser: Native class hierarchy updated for 'WidgetCarousel' in 0.0021 seconds. Added 0 classes and 0 folders.
[2016.08.16-16.54.50:695][  0]LogContentBrowser: Native class hierarchy updated for 'SuperSearch' in 0.0019 seconds. Added 1 classes and 2 folders.
[2016.08.16-16.54.52:860][  0]LogContentBrowser: Native class hierarchy updated for 'AddContentDialog' in 0.0021 seconds. Added 0 classes and 0 folders.
[2016.08.16-16.54.56:800][  0]LogCrashTracker: Crashtracker disabled due to settings.
[2016.08.16-16.54.57:949][  0]LogUObjectGlobals:Warning: Failed to find object 'Class None.'
[2016.08.16-16.54.58:449][  0]LogContentBrowser: Native class hierarchy updated for 'HierarchicalLODOutliner' in 0.0021 seconds. Added 1 classes and 2 folders.
[2016.08.16-16.54.58:450][  0]LogLoad: Full Startup: 151.91 seconds (BP compile: 1.40 seconds)
[2016.08.16-16.54.58:450][  0]LogExternalProfiler: Found external profiler: VSPerf
[2016.08.16-16.54.58:450][  0]LogExternalProfiler: Using external profiler: VSPerf
[2016.08.16-16.54.58:459][  0]LogOcInput: OculusInput pre-init called
[2016.08.16-16.55.00:701][  0]LogContentStreaming: Texture pool size now 1000 MB
[2016.08.16-16.55.03:085][  0]LogRenderer: Reallocating scene render targets to support 1248x636 (Frame:2).
[2016.08.16-16.55.04:256][  1]LogAssetRegistry: Asset discovery search completed in 48.8570 seconds
[2016.08.16-16.55.04:256][  1]LogCollectionManager: Rebuilt the object cache for 1 collections in 0.000002 seconds (found 0 objects)
[2016.08.16-16.55.04:256][  1]LogCollectionManager: Fixed up redirectors for 1 collections in 0.000029 seconds (updated 0 objects)
[2016.08.16-16.55.09:580][522]LogBlueprintUserMessages: Early PlayInEditor Detection: Level '/Game/Levels/OverworldLevel.OverworldLevel:PersistentLevel' has LevelScriptBlueprint '/Game/Levels/OverworldLevel.OverworldLevel:PersistentLevel.OverworldLevel' with GeneratedClass '/Game/Levels/OverworldLevel.OverworldLevel_C' with ClassGeneratedBy '/Game/Levels/OverworldLevel.OverworldLevel:PersistentLevel.OverworldLevel'
[2016.08.16-16.55.09:580][522]LogPlayLevel: PlayLevel: No blueprints needed recompiling
[2016.08.16-16.55.09:765][522]PIE: New page: PIE session: OverworldLevel (Aug 16, 2016, 7:55:09 AM)
[2016.08.16-16.55.09:806][522]LogPlayLevel: Creating play world package: /Game/Levels/UEDPIE_0_OverworldLevel
[2016.08.16-16.55.09:940][522]LogPlayLevel: PIE: StaticDuplicateObject took: (0.133537s)
[2016.08.16-16.55.09:941][522]LogAIModule: Creating AISystem for world OverworldLevel
[2016.08.16-16.55.09:941][522]LogPlayLevel: PIE: World Init took: (0.000712s)
[2016.08.16-16.55.09:941][522]LogPlayLevel: PIE: Created PIE world by copying editor world from /Game/Levels/OverworldLevel.OverworldLevel to /Game/Levels/UEDPIE_0_OverworldLevel.OverworldLevel (0.134807s)
[2016.08.16-16.55.10:080][522]LogInit: XAudio2 using 'Speakers (5- Logitech USB Headset)' : 2 channels at 44.1 kHz using 16 bits per sample (channel mask 0x3)
[2016.08.16-16.55.10:094][522]LogInit: FAudioDevice initialized.
[2016.08.16-16.55.10:585][522]LogWorld: Game class is 'BattleGameMode_BP_C'
[2016.08.16-16.55.10:613][522]LogWorld: Bringing World /Game/Levels/UEDPIE_0_OverworldLevel.OverworldLevel up for play (max tick rate 0) at 2016.08.16-12.55.10
[2016.08.16-16.55.10:871][522]LogWorld: Bringing up level for play took: 0.260714
[2016.08.16-16.55.11:172][522]LogContentBrowser: Native class hierarchy updated for 'MovieSceneCapture' in 0.0122 seconds. Added 9 classes and 0 folders.
[2016.08.16-16.55.11:297][522]PIE: Info Play in editor start time for /Game/Levels/UEDPIE_0_OverworldLevel 2.686
[2016.08.16-16.55.11:297][522]LogBlueprintUserMessages: Late PlayInEditor Detection: Level '/Game/Levels/OverworldLevel.OverworldLevel:PersistentLevel' has LevelScriptBlueprint '/Game/Levels/OverworldLevel.OverworldLevel:PersistentLevel.OverworldLevel' with GeneratedClass '/Game/Levels/OverworldLevel.OverworldLevel_C' with ClassGeneratedBy '/Game/Levels/OverworldLevel.OverworldLevel:PersistentLevel.OverworldLevel'
[2016.08.16-16.55.11:778][523]LogWindows:Warning: FWindowsPlatformSurvey::TickSurveyHardware() failed to parse available memory from dxdiag report
[2016.08.16-16.55.11:816][523]LogSynthBenchmark:Display: FSynthBenchmark (V0.95):  requested WorkScale=5.00
[2016.08.16-16.55.11:817][523]LogSynthBenchmark:Display: ===============
[2016.08.16-16.55.11:817][523]LogSynthBenchmark:Display: Main Processor:
[2016.08.16-16.55.12:057][523]LogSynthBenchmark:Display:          ... 0.023874 s/Run 'RayIntersect'
[2016.08.16-16.55.12:057][523]LogSynthBenchmark:Display:          ... 0.024208 s/Run 'Fractal'
[2016.08.16-16.55.12:057][523]LogSynthBenchmark:Display: 
[2016.08.16-16.55.12:057][523]LogSynthBenchmark:Display:   CompiledTarget_x_Bits: 64
[2016.08.16-16.55.12:057][523]LogSynthBenchmark:Display:   UE_BUILD_SHIPPING: 0
[2016.08.16-16.55.12:057][523]LogSynthBenchmark:Display:   UE_BUILD_TEST: 0
[2016.08.16-16.55.12:057][523]LogSynthBenchmark:Display:   UE_BUILD_DEBUG: 0
[2016.08.16-16.55.12:057][523]LogSynthBenchmark:Display:   TotalPhysicalGBRam: 8
[2016.08.16-16.55.12:058][523]LogSynthBenchmark:Display:   NumberOfCores (physical): 4
[2016.08.16-16.55.12:058][523]LogSynthBenchmark:Display:   NumberOfCores (logical): 4
[2016.08.16-16.55.12:058][523]LogSynthBenchmark:Display:   CPU Perf Index 0: 107.3 (weight 1.00)
[2016.08.16-16.55.12:058][523]LogSynthBenchmark:Display:   CPU Perf Index 1: 118.1 (weight 1.50)
[2016.08.16-16.55.12:058][523]LogSynthBenchmark:Display:  
[2016.08.16-16.55.12:058][523]LogSynthBenchmark:Display: Graphics:
[2016.08.16-16.55.12:058][523]LogSynthBenchmark:Display:   Adapter Name: 'NVIDIA GeForce GTX 970'
[2016.08.16-16.55.12:058][523]LogSynthBenchmark:Display:   (On Optimus the name might be wrong, memory should be ok)
[2016.08.16-16.55.12:058][523]LogSynthBenchmark:Display:   Vendor Id: 0x10de
[2016.08.16-16.55.12:058][523]LogSynthBenchmark:Display:   GPU Memory: 4008/0/4088 MB
[2016.08.16-16.55.12:105][523]LogSynthBenchmark:Display:   GPU first test: 0.02s
[2016.08.16-16.55.12:105][523]LogSynthBenchmark:Display:          ... 0.564 GigaPix/s, Confidence=100% 'ALUHeavyNoise' (likely to be very inaccurate)
[2016.08.16-16.55.12:105][523]LogSynthBenchmark:Display:          ... 0.457 GigaPix/s, Confidence=100% 'TexHeavy' (likely to be very inaccurate)
[2016.08.16-16.55.12:105][523]LogSynthBenchmark:Display:          ... 0.387 GigaPix/s, Confidence=89% 'DepTexHeavy' (likely to be very inaccurate)
[2016.08.16-16.55.12:105][523]LogSynthBenchmark:Display:          ... 1.219 GigaPix/s, Confidence=89% 'FillOnly' (likely to be very inaccurate)
[2016.08.16-16.55.12:105][523]LogSynthBenchmark:Display:          ... 0.091 GigaPix/s, Confidence=100% 'Bandwidth' (likely to be very inaccurate)
[2016.08.16-16.55.12:227][523]LogSynthBenchmark:Display:   GPU second test: 0.11s
[2016.08.16-16.55.12:228][523]LogSynthBenchmark:Display:          ... 1.032 GigaPix/s, Confidence=100% 'ALUHeavyNoise' (likely to be inaccurate)
[2016.08.16-16.55.12:228][523]LogSynthBenchmark:Display:          ... 0.796 GigaPix/s, Confidence=89% 'TexHeavy' (likely to be inaccurate)
[2016.08.16-16.55.12:228][523]LogSynthBenchmark:Display:          ... 0.726 GigaPix/s, Confidence=100% 'DepTexHeavy' (likely to be inaccurate)
[2016.08.16-16.55.12:228][523]LogSynthBenchmark:Display:          ... 4.240 GigaPix/s, Confidence=100% 'FillOnly' (likely to be inaccurate)
[2016.08.16-16.55.12:228][523]LogSynthBenchmark:Display:          ... 0.103 GigaPix/s, Confidence=100% 'Bandwidth' (likely to be inaccurate)
[2016.08.16-16.55.12:228][523]LogSynthBenchmark:Display:          ... 1.032 GigaPix/s, Confidence=100% 'ALUHeavyNoise'
[2016.08.16-16.55.12:228][523]LogSynthBenchmark:Display:          ... 0.796 GigaPix/s, Confidence=89% 'TexHeavy'
[2016.08.16-16.55.12:228][523]LogSynthBenchmark:Display:          ... 0.726 GigaPix/s, Confidence=100% 'DepTexHeavy'
[2016.08.16-16.55.12:228][523]LogSynthBenchmark:Display:          ... 4.240 GigaPix/s, Confidence=100% 'FillOnly'
[2016.08.16-16.55.12:228][523]LogSynthBenchmark:Display:          ... 0.103 GigaPix/s, Confidence=100% 'Bandwidth'
[2016.08.16-16.55.12:228][523]LogSynthBenchmark:Display: 
[2016.08.16-16.55.12:228][523]LogSynthBenchmark:Display:   GPU Perf Index 0: 22.4 (weight 1.00)
[2016.08.16-16.55.12:228][523]LogSynthBenchmark:Display:   GPU Perf Index 1: 10.7 (weight 0.10)
[2016.08.16-16.55.12:229][523]LogSynthBenchmark:Display:   GPU Perf Index 2: 18.9 (weight 0.10)
[2016.08.16-16.55.12:229][523]LogSynthBenchmark:Display:   GPU Perf Index 3: 16.7 (weight 3.00)
[2016.08.16-16.55.12:229][523]LogSynthBenchmark:Display:   GPU Perf Index 4: 9.6 (weight 1.00)
[2016.08.16-16.55.12:229][523]LogSynthBenchmark:Display:   CPUIndex: 113.8
[2016.08.16-16.55.12:229][523]LogSynthBenchmark:Display:   GPUIndex: 16.3
[2016.08.16-16.55.12:229][523]LogSynthBenchmark:Display: 
[2016.08.16-16.55.12:229][523]LogSynthBenchmark:Display:          ... Total Time: 0.412627 sec
[2016.08.16-16.55.17:108][ 56]LogTemp:Warning: got player controller successfully
[2016.08.16-16.55.17:108][ 56]LogTemp:Warning: Entity #:0: Entity Name: Beck
[2016.08.16-16.55.17:108][ 56]LogTemp:Warning: Entity #:1: Entity Name: Sluagh
[2016.08.16-16.55.17:108][ 56]LogTemp:Warning: Entity #:2: Entity Name: Sluagh2
[2016.08.16-16.55.17:108][ 56]LogTemp:Warning: Entity #:3: Entity Name: Beck
[2016.08.16-16.55.17:108][ 56]LogTemp:Warning: Entity #:4: Entity Name: Sluagh
[2016.08.16-16.55.17:109][ 56]LogTemp:Warning: Entity #:5: Entity Name: Sluagh2
[2016.08.16-16.55.17:109][ 56]LogTemp:Warning: Entity #:6: Entity Name: Beck
[2016.08.16-16.55.17:214][ 66]LogTemp:Warning: Round: 6	Entity: Beck
[2016.08.16-16.55.17:214][ 66]LogTemp:Warning: Entity #:0: Entity Name: Beck
[2016.08.16-16.55.17:214][ 66]LogTemp:Warning: Entity #:1: Entity Name: Sluagh
[2016.08.16-16.55.17:214][ 66]LogTemp:Warning: Entity #:2: Entity Name: Sluagh2
[2016.08.16-16.55.17:214][ 66]LogTemp:Warning: Entity #:3: Entity Name: Beck
[2016.08.16-16.55.17:215][ 66]LogTemp:Warning: Entity #:4: Entity Name: Sluagh
[2016.08.16-16.55.17:215][ 66]LogTemp:Warning: Entity #:5: Entity Name: Sluagh2
[2016.08.16-16.55.17:215][ 66]LogTemp:Warning: Entity #:6: Entity Name: Beck
[2016.08.16-16.55.18:983][273]LogBlueprintUserMessages: [BattleGameMode_BP_C_0] Animation
[2016.08.16-16.55.18:984][273]LogTemp:Warning: Round: 6	Entity: Sluagh
[2016.08.16-16.55.18:984][273]LogTemp:Warning: Entity #:0: Entity Name: Sluagh
[2016.08.16-16.55.18:984][273]LogTemp:Warning: Entity #:1: Entity Name: Sluagh2
[2016.08.16-16.55.18:984][273]LogTemp:Warning: Entity #:2: Entity Name: Beck
[2016.08.16-16.55.18:984][273]LogTemp:Warning: Entity #:3: Entity Name: Sluagh
[2016.08.16-16.55.18:984][273]LogTemp:Warning: Entity #:4: Entity Name: Sluagh2
[2016.08.16-16.55.18:984][273]LogTemp:Warning: Entity #:5: Entity Name: Beck
[2016.08.16-16.55.18:984][273]LogTemp:Warning: Entity #:6: Entity Name: Sluagh
[2016.08.16-16.55.18:984][273]LogTemp:Warning: Sluagh Timer Active.
[2016.08.16-16.55.20:009][390]LogBlueprintUserMessages: [AttackBroadcaster_BP] Attack Time Set
[2016.08.16-16.55.25:978][104]LogBlueprintUserMessages: [BattleGameMode_BP_C_0] Animation
[2016.08.16-16.55.25:978][104]LogTemp:Warning: Round: 6	Entity: Sluagh2
[2016.08.16-16.55.25:978][104]LogTemp:Warning: Entity #:0: Entity Name: Sluagh2
[2016.08.16-16.55.25:978][104]LogTemp:Warning: Entity #:1: Entity Name: Beck
[2016.08.16-16.55.25:978][104]LogTemp:Warning: Entity #:2: Entity Name: Sluagh
[2016.08.16-16.55.25:978][104]LogTemp:Warning: Entity #:3: Entity Name: Sluagh2
[2016.08.16-16.55.25:978][104]LogTemp:Warning: Entity #:4: Entity Name: Beck
[2016.08.16-16.55.25:978][104]LogTemp:Warning: Entity #:5: Entity Name: Sluagh
[2016.08.16-16.55.25:978][104]LogTemp:Warning: Entity #:6: Entity Name: Sluagh2
[2016.08.16-16.55.25:978][104]LogTemp:Warning: Sluagh Timer Active.
[2016.08.16-16.55.26:991][225]LogBlueprintUserMessages: [AttackBroadcaster_BP] Attack Time Set
[2016.08.16-16.55.33:013][944]LogBlueprintUserMessages: [BattleGameMode_BP_C_0] Animation
[2016.08.16-16.55.33:113][956]LogTemp:Warning: Round: 12	Entity: Beck
[2016.08.16-16.55.33:113][956]LogTemp:Warning: Entity #:0: Entity Name: Beck
[2016.08.16-16.55.33:113][956]LogTemp:Warning: Entity #:1: Entity Name: Sluagh
[2016.08.16-16.55.33:113][956]LogTemp:Warning: Entity #:2: Entity Name: Sluagh2
[2016.08.16-16.55.33:113][956]LogTemp:Warning: Entity #:3: Entity Name: Beck
[2016.08.16-16.55.33:113][956]LogTemp:Warning: Entity #:4: Entity Name: Sluagh
[2016.08.16-16.55.33:113][956]LogTemp:Warning: Entity #:5: Entity Name: Sluagh2
[2016.08.16-16.55.33:113][956]LogTemp:Warning: Entity #:6: Entity Name: Beck
[2016.08.16-16.55.35:619][256]LogBlueprintUserMessages: Early EndPlayMap Detection: Level '/Game/Levels/OverworldLevel.OverworldLevel:PersistentLevel' has LevelScriptBlueprint '/Game/Levels/OverworldLevel.OverworldLevel:PersistentLevel.OverworldLevel' with GeneratedClass '/Game/Levels/OverworldLevel.OverworldLevel_C' with ClassGeneratedBy '/Game/Levels/OverworldLevel.OverworldLevel:PersistentLevel.OverworldLevel'
[2016.08.16-16.55.36:159][256]LogBlueprintUserMessages: Late EndPlayMap Detection: Level '/Game/Levels/OverworldLevel.OverworldLevel:PersistentLevel' has LevelScriptBlueprint '/Game/Levels/OverworldLevel.OverworldLevel:PersistentLevel.OverworldLevel' with GeneratedClass '/Game/Levels/OverworldLevel.OverworldLevel_C' with ClassGeneratedBy '/Game/Levels/OverworldLevel.OverworldLevel:PersistentLevel.OverworldLevel'
[2016.08.16-16.57.39:420][ 45]LogBlueprintUserMessages: Early PlayInEditor Detection: Level '/Game/Levels/OverworldLevel.OverworldLevel:PersistentLevel' has LevelScriptBlueprint '/Game/Levels/OverworldLevel.OverworldLevel:PersistentLevel.OverworldLevel' with GeneratedClass '/Game/Levels/OverworldLevel.OverworldLevel_C' with ClassGeneratedBy '/Game/Levels/OverworldLevel.OverworldLevel:PersistentLevel.OverworldLevel'
[2016.08.16-16.57.39:421][ 45]LogPlayLevel: PlayLevel: No blueprints needed recompiling
[2016.08.16-16.57.39:421][ 45]PIE: New page: PIE session: OverworldLevel (Aug 16, 2016, 7:57:39 AM)
[2016.08.16-16.57.39:421][ 45]LogPlayLevel: Creating play world package: /Game/Levels/UEDPIE_0_OverworldLevel
[2016.08.16-16.57.39:436][ 45]LogPlayLevel: PIE: StaticDuplicateObject took: (0.014433s)
[2016.08.16-16.57.39:436][ 45]LogAIModule: Creating AISystem for world OverworldLevel
[2016.08.16-16.57.39:436][ 45]LogPlayLevel: PIE: World Init took: (0.000750s)
[2016.08.16-16.57.39:437][ 45]LogPlayLevel: PIE: Created PIE world by copying editor world from /Game/Levels/OverworldLevel.OverworldLevel to /Game/Levels/UEDPIE_0_OverworldLevel.OverworldLevel (0.015665s)
[2016.08.16-16.57.39:454][ 45]LogInit: XAudio2 using 'Speakers (5- Logitech USB Headset)' : 2 channels at 44.1 kHz using 16 bits per sample (channel mask 0x3)
[2016.08.16-16.57.39:462][ 45]LogInit: FAudioDevice initialized.
[2016.08.16-16.57.39:493][ 45]LogWorld: Game class is 'BattleGameMode_BP_C'
[2016.08.16-16.57.39:497][ 45]LogWorld: Bringing World /Game/Levels/UEDPIE_0_OverworldLevel.OverworldLevel up for play (max tick rate 0) at 2016.08.16-12.57.39
[2016.08.16-16.57.39:498][ 45]LogWorld: Bringing up level for play took: 0.003786
[2016.08.16-16.57.39:500][ 45]PIE: Info Play in editor start time for /Game/Levels/UEDPIE_0_OverworldLevel 0.889
[2016.08.16-16.57.39:500][ 45]LogBlueprintUserMessages: Late PlayInEditor Detection: Level '/Game/Levels/OverworldLevel.OverworldLevel:PersistentLevel' has LevelScriptBlueprint '/Game/Levels/OverworldLevel.OverworldLevel:PersistentLevel.OverworldLevel' with GeneratedClass '/Game/Levels/OverworldLevel.OverworldLevel_C' with ClassGeneratedBy '/Game/Levels/OverworldLevel.OverworldLevel:PersistentLevel.OverworldLevel'
[2016.08.16-16.57.43:726][547]LogTemp:Warning: got player controller successfully
[2016.08.16-16.57.43:726][547]LogTemp:Warning: Entity #:0: Entity Name: Beck
[2016.08.16-16.57.43:726][547]LogTemp:Warning: Entity #:1: Entity Name: Sluagh2
[2016.08.16-16.57.43:726][547]LogTemp:Warning: Entity #:2: Entity Name: Sluagh
[2016.08.16-16.57.43:726][547]LogTemp:Warning: Entity #:3: Entity Name: Beck
[2016.08.16-16.57.43:726][547]LogTemp:Warning: Entity #:4: Entity Name: Sluagh2
[2016.08.16-16.57.43:727][547]LogTemp:Warning: Entity #:5: Entity Name: Sluagh
[2016.08.16-16.57.43:727][547]LogTemp:Warning: Entity #:6: Entity Name: Beck
[2016.08.16-16.57.43:808][557]LogTemp:Warning: Round: 6	Entity: Beck
[2016.08.16-16.57.43:808][557]LogTemp:Warning: Entity #:0: Entity Name: Beck
[2016.08.16-16.57.43:808][557]LogTemp:Warning: Entity #:1: Entity Name: Sluagh2
[2016.08.16-16.57.43:808][557]LogTemp:Warning: Entity #:2: Entity Name: Sluagh
[2016.08.16-16.57.43:809][557]LogTemp:Warning: Entity #:3: Entity Name: Beck
[2016.08.16-16.57.43:809][557]LogTemp:Warning: Entity #:4: Entity Name: Sluagh2
[2016.08.16-16.57.43:809][557]LogTemp:Warning: Entity #:5: Entity Name: Sluagh
[2016.08.16-16.57.43:809][557]LogTemp:Warning: Entity #:6: Entity Name: Beck
[2016.08.16-16.57.45:231][727]LogBlueprintUserMessages: [BattleGameMode_BP_C_1] Animation
[2016.08.16-16.57.45:231][727]LogTemp:Warning: Round: 6	Entity: Sluagh2
[2016.08.16-16.57.45:231][727]LogTemp:Warning: Entity #:0: Entity Name: Sluagh2
[2016.08.16-16.57.45:231][727]LogTemp:Warning: Entity #:1: Entity Name: Sluagh
[2016.08.16-16.57.45:231][727]LogTemp:Warning: Entity #:2: Entity Name: Beck
[2016.08.16-16.57.45:231][727]LogTemp:Warning: Entity #:3: Entity Name: Sluagh2
[2016.08.16-16.57.45:231][727]LogTemp:Warning: Entity #:4: Entity Name: Sluagh
[2016.08.16-16.57.45:232][727]LogTemp:Warning: Entity #:5: Entity Name: Beck
[2016.08.16-16.57.45:232][727]LogTemp:Warning: Entity #:6: Entity Name: Sluagh2
[2016.08.16-16.57.45:232][727]LogTemp:Warning: Sluagh Timer Active.
[2016.08.16-16.57.46:245][848]LogBlueprintUserMessages: [AttackBroadcaster_BP] Attack Time Set
[2016.08.16-16.57.52:269][562]LogBlueprintUserMessages: [BattleGameMode_BP_C_1] Animation
[2016.08.16-16.57.52:270][562]LogTemp:Warning: Round: 6	Entity: Sluagh
[2016.08.16-16.57.52:270][562]LogTemp:Warning: Entity #:0: Entity Name: Sluagh
[2016.08.16-16.57.52:270][562]LogTemp:Warning: Entity #:1: Entity Name: Beck
[2016.08.16-16.57.52:270][562]LogTemp:Warning: Entity #:2: Entity Name: Sluagh2
[2016.08.16-16.57.52:270][562]LogTemp:Warning: Entity #:3: Entity Name: Sluagh
[2016.08.16-16.57.52:270][562]LogTemp:Warning: Entity #:4: Entity Name: Beck
[2016.08.16-16.57.52:270][562]LogTemp:Warning: Entity #:5: Entity Name: Sluagh2
[2016.08.16-16.57.52:270][562]LogTemp:Warning: Entity #:6: Entity Name: Sluagh
[2016.08.16-16.57.52:270][562]LogTemp:Warning: Sluagh Timer Active.
[2016.08.16-16.57.53:279][680]LogBlueprintUserMessages: [AttackBroadcaster_BP] Attack Time Set
[2016.08.16-16.57.59:302][399]LogBlueprintUserMessages: [BattleGameMode_BP_C_1] Animation
[2016.08.16-16.57.59:402][411]LogTemp:Warning: Round: 12	Entity: Beck
[2016.08.16-16.57.59:402][411]LogTemp:Warning: Entity #:0: Entity Name: Beck
[2016.08.16-16.57.59:402][411]LogTemp:Warning: Entity #:1: Entity Name: Sluagh2
[2016.08.16-16.57.59:402][411]LogTemp:Warning: Entity #:2: Entity Name: Sluagh
[2016.08.16-16.57.59:402][411]LogTemp:Warning: Entity #:3: Entity Name: Beck
[2016.08.16-16.57.59:402][411]LogTemp:Warning: Entity #:4: Entity Name: Sluagh2
[2016.08.16-16.57.59:402][411]LogTemp:Warning: Entity #:5: Entity Name: Sluagh
[2016.08.16-16.57.59:402][411]LogTemp:Warning: Entity #:6: Entity Name: Beck
[2016.08.16-16.58.01:060][607]LogBlueprintUserMessages: [BattleGameMode_BP_C_1] Animation
[2016.08.16-16.58.01:060][607]LogTemp:Warning: Round: 12	Entity: Sluagh2
[2016.08.16-16.58.01:061][607]LogTemp:Warning: Entity #:0: Entity Name: Sluagh2
[2016.08.16-16.58.01:061][607]LogTemp:Warning: Entity #:1: Entity Name: Sluagh
[2016.08.16-16.58.01:061][607]LogTemp:Warning: Entity #:2: Entity Name: Beck
[2016.08.16-16.58.01:061][607]LogTemp:Warning: Entity #:3: Entity Name: Sluagh2
[2016.08.16-16.58.01:061][607]LogTemp:Warning: Entity #:4: Entity Name: Sluagh
[2016.08.16-16.58.01:061][607]LogTemp:Warning: Entity #:5: Entity Name: Beck
[2016.08.16-16.58.01:061][607]LogTemp:Warning: Entity #:6: Entity Name: Sluagh2
[2016.08.16-16.58.01:061][607]LogTemp:Warning: Sluagh Timer Active.
[2016.08.16-16.58.02:076][728]LogBlueprintUserMessages: [AttackBroadcaster_BP] Attack Time Set
[2016.08.16-16.58.08:094][441]LogBlueprintUserMessages: [BattleGameMode_BP_C_1] Animation
[2016.08.16-16.58.08:094][441]LogTemp:Warning: Round: 12	Entity: Sluagh
[2016.08.16-16.58.08:094][441]LogTemp:Warning: Entity #:0: Entity Name: Sluagh
[2016.08.16-16.58.08:094][441]LogTemp:Warning: Entity #:1: Entity Name: Beck
[2016.08.16-16.58.08:094][441]LogTemp:Warning: Entity #:2: Entity Name: Sluagh2
[2016.08.16-16.58.08:095][441]LogTemp:Warning: Entity #:3: Entity Name: Sluagh
[2016.08.16-16.58.08:095][441]LogTemp:Warning: Entity #:4: Entity Name: Beck
[2016.08.16-16.58.08:095][441]LogTemp:Warning: Entity #:5: Entity Name: Sluagh2
[2016.08.16-16.58.08:095][441]LogTemp:Warning: Entity #:6: Entity Name: Sluagh
[2016.08.16-16.58.08:095][441]LogTemp:Warning: Sluagh Timer Active.
[2016.08.16-16.58.09:103][562]LogBlueprintUserMessages: [AttackBroadcaster_BP] Attack Time Set
[2016.08.16-16.58.09:936][662]LogBlueprintUserMessages: Early EndPlayMap Detection: Level '/Game/Levels/OverworldLevel.OverworldLevel:PersistentLevel' has LevelScriptBlueprint '/Game/Levels/OverworldLevel.OverworldLevel:PersistentLevel.OverworldLevel' with GeneratedClass '/Game/Levels/OverworldLevel.OverworldLevel_C' with ClassGeneratedBy '/Game/Levels/OverworldLevel.OverworldLevel:PersistentLevel.OverworldLevel'
[2016.08.16-16.58.09:968][662]LogBlueprintUserMessages: Late EndPlayMap Detection: Level '/Game/Levels/OverworldLevel.OverworldLevel:PersistentLevel' has LevelScriptBlueprint '/Game/Levels/OverworldLevel.OverworldLevel:PersistentLevel.OverworldLevel' with GeneratedClass '/Game/Levels/OverworldLevel.OverworldLevel_C' with ClassGeneratedBy '/Game/Levels/OverworldLevel.OverworldLevel:PersistentLevel.OverworldLevel'
[2016.08.16-17.00.03:292][159]LogWindowsTextInputMethodSystem:Display: IME system now deactivated.
[2016.08.16-17.00.03:770][160]Cmd: QUIT_EDITOR
[2016.08.16-17.00.04:548][160]LogExit: Preparing to exit.
[2016.08.16-17.00.05:720][160]LogExit: Editor shut down
[2016.08.16-17.00.05:724][160]LogExit: Transaction tracking system shut down
[2016.08.16-17.00.06:052][160]LogObj: Freed 0b from 0 cluster array pools.
[2016.08.16-17.00.06:053][160]LogExit: Object subsystem successfully closed.
[2016.08.16-17.00.06:083][160]LogD3D11RHI: Shutdown
[2016.08.16-17.00.06:083][160]LogD3D11RHI: CleanupD3DDevice
[2016.08.16-17.00.06:167][160]LogD3D11RHI: ~FD3D11DynamicRHI
[2016.08.16-17.00.06:267][160]LogDerivedDataCache: Shutdown
[2016.08.16-17.00.06:547][160]LogModuleManager: Shutting down and abandoning module SynthBenchmark (207)
[2016.08.16-17.00.06:557][160]LogModuleManager: Shutting down and abandoning module MovieSceneCapture (206)
[2016.08.16-17.00.06:557][160]LogModuleManager: Shutting down and abandoning module HierarchicalLODOutliner (205)
[2016.08.16-17.00.06:576][160]LogModuleManager: Shutting down and abandoning module CrashTracker (204)
[2016.08.16-17.00.06:576][160]LogModuleManager: Shutting down and abandoning module SuperSearch (203)
[2016.08.16-17.00.06:577][160]LogModuleManager: Shutting down and abandoning module WidgetCarousel (202)
[2016.08.16-17.00.06:577][160]LogModuleManager: Shutting down and abandoning module AddContentDialog (201)
[2016.08.16-17.00.06:578][160]LogModuleManager: Shutting down and abandoning module GameplayTags (200)
[2016.08.16-17.00.06:578][160]LogModuleManager: Shutting down and abandoning module EditorWidgets (199)
[2016.08.16-17.00.06:578][160]LogModuleManager: Shutting down and abandoning module CollectionManager (198)
[2016.08.16-17.00.06:578][160]LogModuleManager: Shutting down and abandoning module SceneOutliner (197)
[2016.08.16-17.00.06:578][160]LogModuleManager: Shutting down and abandoning module StatsViewer (196)
[2016.08.16-17.00.06:590][160]LogModuleManager: Shutting down and abandoning module FoliageEdit (195)
[2016.08.16-17.00.06:590][160]LogModuleManager: Shutting down and abandoning module LandscapeEditor (194)
[2016.08.16-17.00.06:608][160]LogModuleManager: Shutting down and abandoning module ActorPickerMode (193)
[2016.08.16-17.00.06:608][160]LogModuleManager: Shutting down and abandoning module GeometryMode (192)
[2016.08.16-17.00.06:608][160]LogModuleManager: Shutting down and abandoning module TextureAlignMode (191)
[2016.08.16-17.00.06:608][160]LogModuleManager: Shutting down and abandoning module BspMode (190)
[2016.08.16-17.00.06:608][160]LogModuleManager: Shutting down and abandoning module PlacementMode (189)
[2016.08.16-17.00.06:608][160]LogModuleManager: Shutting down and abandoning module AutomationWorker (188)
[2016.08.16-17.00.06:608][160]LogModuleManager: Shutting down and abandoning module CharacterAI (187)
[2016.08.16-17.00.06:608][160]LogModuleManager: Shutting down and abandoning module SmartSnapping (186)
[2016.08.16-17.00.06:608][160]LogModuleManager: Shutting down and abandoning module ViewportSnapping (185)
[2016.08.16-17.00.06:608][160]LogModuleManager: Shutting down and abandoning module LogVisualizer (184)
[2016.08.16-17.00.06:627][160]LogModuleManager: Shutting down and abandoning module GameProjectGeneration (183)
[2016.08.16-17.00.06:646][160]LogModuleManager: Shutting down and abandoning module IntroTutorials (182)
[2016.08.16-17.00.06:651][160]LogModuleManager: Shutting down and abandoning module EditorLiveStreaming (181)
[2016.08.16-17.00.06:651][160]LogModuleManager: Shutting down and abandoning module IOSPlatformEditor (180)
[2016.08.16-17.00.06:651][160]LogModuleManager: Shutting down and abandoning module HTML5PlatformEditor (179)
[2016.08.16-17.00.06:651][160]LogModuleManager: Shutting down and abandoning module AndroidDeviceDetection (178)
[2016.08.16-17.00.07:293][160]LogModuleManager: Shutting down and abandoning module AndroidPlatformEditor (177)
[2016.08.16-17.00.07:293][160]LogModuleManager: Shutting down and abandoning module IOSRuntimeSettings (176)
[2016.08.16-17.00.07:293][160]LogModuleManager: Shutting down and abandoning module AndroidRuntimeSettings (175)
[2016.08.16-17.00.07:293][160]LogModuleManager: Shutting down and abandoning module MergeActors (174)
[2016.08.16-17.00.07:301][160]LogModuleManager: Shutting down and abandoning module SizeMap (173)
[2016.08.16-17.00.07:301][160]LogModuleManager: Shutting down and abandoning module TreeMap (172)
[2016.08.16-17.00.07:301][160]LogModuleManager: Shutting down and abandoning module ReferenceViewer (171)
[2016.08.16-17.00.07:301][160]LogModuleManager: Shutting down and abandoning module LocalizationService (170)
[2016.08.16-17.00.07:301][160]LogModuleManager: Shutting down and abandoning module LocalizationDashboard (169)
[2016.08.16-17.00.07:309][160]LogModuleManager: Shutting down and abandoning module HardwareTargeting (168)
[2016.08.16-17.00.07:327][160]LogModuleManager: Shutting down and abandoning module DeviceProfileEditor (167)
[2016.08.16-17.00.07:357][160]LogModuleManager: Shutting down and abandoning module UndoHistory (166)
[2016.08.16-17.00.07:368][160]LogModuleManager: Shutting down and abandoning module UserFeedback (165)
[2016.08.16-17.00.07:368][160]LogModuleManager: Shutting down and abandoning module XmlParser (164)
[2016.08.16-17.00.07:368][160]LogModuleManager: Shutting down and abandoning module Blutility (163)
[2016.08.16-17.00.07:368][160]LogModuleManager: Shutting down and abandoning module ProjectTargetPlatformEditor (162)
[2016.08.16-17.00.07:368][160]LogModuleManager: Shutting down and abandoning module ProjectSettingsViewer (161)
[2016.08.16-17.00.07:368][160]LogModuleManager: Shutting down and abandoning module InputBindingEditor (160)
[2016.08.16-17.00.07:368][160]LogModuleManager: Shutting down and abandoning module EditorSettingsViewer (159)
[2016.08.16-17.00.07:368][160]LogModuleManager: Shutting down and abandoning module SettingsEditor (158)
[2016.08.16-17.00.07:379][160]LogModuleManager: Shutting down and abandoning module ProjectLauncher (157)
[2016.08.16-17.00.07:396][160]LogModuleManager: Shutting down and abandoning module SessionFrontend (156)
[2016.08.16-17.00.07:402][160]LogModuleManager: Shutting down and abandoning module ProfilerClient (155)
[2016.08.16-17.00.07:420][160]LogModuleManager: Shutting down and abandoning module TargetDeviceServices (154)
[2016.08.16-17.00.07:420][160]LogModuleManager: Shutting down and abandoning module DeviceManager (153)
[2016.08.16-17.00.07:469][160]LogModuleManager: Shutting down and abandoning module AutomationController (152)
[2016.08.16-17.00.07:489][160]LogModuleManager: Shutting down and abandoning module AutomationWindow (151)
[2016.08.16-17.00.07:512][160]LogModuleManager: Shutting down and abandoning module Layers (150)
[2016.08.16-17.00.07:532][160]LogModuleManager: Shutting down and abandoning module ComponentVisualizers (149)
[2016.08.16-17.00.07:532][160]LogModuleManager: Shutting down and abandoning module DetailCustomizations (148)
[2016.08.16-17.00.07:546][160]LogModuleManager: Shutting down and abandoning module PackagesDialog (147)
[2016.08.16-17.00.07:558][160]LogModuleManager: Shutting down and abandoning module Persona (146)
[2016.08.16-17.00.07:579][160]LogModuleManager: Shutting down and abandoning module Kismet (145)
[2016.08.16-17.00.07:579][160]LogModuleManager: Shutting down and abandoning module GraphEditor (144)
[2016.08.16-17.00.07:616][160]LogModuleManager: Shutting down and abandoning module ClassViewer (143)
[2016.08.16-17.00.07:630][160]LogModuleManager: Shutting down and abandoning module Toolbox (142)
[2016.08.16-17.00.07:630][160]LogModuleManager: Shutting down and abandoning module ModuleUI (141)
[2016.08.16-17.00.07:649][160]LogModuleManager: Shutting down and abandoning module MovieSceneTools (140)
[2016.08.16-17.00.07:649][160]LogModuleManager: Shutting down and abandoning module OutputLog (139)
[2016.08.16-17.00.07:649][160]LogModuleManager: Shutting down and abandoning module GammaUI (138)
[2016.08.16-17.00.07:653][160]LogModuleManager: Shutting down and abandoning module Documentation (137)
[2016.08.16-17.00.07:653][160]LogModuleManager: Shutting down and abandoning module StreamingPauseRendering (136)
[2016.08.16-17.00.07:653][160]LogModuleManager: Shutting down and abandoning module AnalyticsET (135)
[2016.08.16-17.00.07:653][160]LogModuleManager: Shutting down and abandoning module Analytics (134)
[2016.08.16-17.00.07:653][160]LogModuleManager: Shutting down and abandoning module PortalServices (133)
[2016.08.16-17.00.07:653][160]LogModuleManager: Shutting down and abandoning module PortalRpc (132)
[2016.08.16-17.00.07:653][160]LogModuleManager: Shutting down and abandoning module MessagingRpc (131)
[2016.08.16-17.00.07:653][160]LogModuleManager: Shutting down and abandoning module AITestSuite (130)
[2016.08.16-17.00.07:653][160]LogModuleManager: Shutting down and abandoning module GameplayDebugger (129)
[2016.08.16-17.00.07:653][160]LogModuleManager: Shutting down and abandoning module AIModule (128)
[2016.08.16-17.00.07:653][160]LogModuleManager: Shutting down and abandoning module ProfilerService (127)
[2016.08.16-17.00.07:863][160]LogModuleManager: Shutting down and abandoning module TaskGraph (126)
[2016.08.16-17.00.07:870][160]LogModuleManager: Shutting down and abandoning module SlateRemote (125)
[2016.08.16-17.00.07:870][160]LogModuleManager: Shutting down and abandoning module SteamVRController (124)
[2016.08.16-17.00.07:870][160]LogModuleManager: Shutting down and abandoning module SteamVR (123)
[2016.08.16-17.00.07:870][160]LogModuleManager: Shutting down and abandoning module ProceduralMeshComponent (122)
[2016.08.16-17.00.07:870][160]LogModuleManager: Shutting down and abandoning module OculusLibrary (121)
[2016.08.16-17.00.07:870][160]LogModuleManager: Shutting down and abandoning module OculusInput (120)
[2016.08.16-17.00.07:870][160]LogModuleManager: Shutting down and abandoning module CustomMeshComponent (119)
[2016.08.16-17.00.07:870][160]LogModuleManager: Shutting down and abandoning module CableComponent (118)
[2016.08.16-17.00.07:870][160]LogModuleManager: Shutting down and abandoning module ArchVisCharacter (117)
[2016.08.16-17.00.07:870][160]LogModuleManager: Shutting down and abandoning module MediaPlayerEditor (116)
[2016.08.16-17.00.07:881][160]LogModuleManager: Shutting down and abandoning module HTML5Networking (115)
[2016.08.16-17.00.07:882][160]LogModuleManager: Shutting down and abandoning module SpeedTreeImporter (114)
[2016.08.16-17.00.07:882][160]LogModuleManager: Shutting down and abandoning module PluginBrowser (113)
[2016.08.16-17.00.07:882][160]LogModuleManager: Shutting down and abandoning module EpicSurvey (112)
[2016.08.16-17.00.07:882][160]LogModuleManager: Shutting down and abandoning module DesktopPlatform (111)
[2016.08.16-17.00.07:882][160]LogModuleManager: Shutting down and abandoning module VisualStudioSourceCodeAccess (110)
[2016.08.16-17.00.07:882][160]LogModuleManager: Shutting down and abandoning module UObjectPlugin (109)
[2016.08.16-17.00.07:882][160]LogModuleManager: Shutting down and abandoning module SubversionSourceControl (108)
[2016.08.16-17.00.07:882][160]LogModuleManager: Shutting down and abandoning module PerforceSourceControl (107)
[2016.08.16-17.00.07:882][160]LogModuleManager: Shutting down and abandoning module SourceControl (106)
[2016.08.16-17.00.07:882][160]LogModuleManager: Shutting down and abandoning module GitSourceControl (105)
[2016.08.16-17.00.07:882][160]LogModuleManager: Shutting down and abandoning module LightPropagationVolumeEditor (104)
[2016.08.16-17.00.07:882][160]LogModuleManager: Shutting down and abandoning module PaperTiledImporter (103)
[2016.08.16-17.00.07:882][160]LogModuleManager: Shutting down and abandoning module PaperSpriteSheetImporter (102)
[2016.08.16-17.00.07:882][160]LogModuleManager: Shutting down and abandoning module MeshPaint (101)
[2016.08.16-17.00.07:882][160]LogModuleManager: Shutting down and abandoning module HotReload (100)
[2016.08.16-17.00.07:883][160]LogModuleManager: Shutting down and abandoning module MainFrame (99)
[2016.08.16-17.00.07:883][160]LogModuleManager: Shutting down and abandoning module LevelEditor (98)
[2016.08.16-17.00.07:883][160]LogModuleManager: Shutting down and abandoning module DirectoryWatcher (97)
[2016.08.16-17.00.07:884][160]LogModuleManager: Shutting down and abandoning module AssetRegistry (96)
[2016.08.16-17.00.08:130][160]LogModuleManager: Shutting down and abandoning module ContentBrowser (95)
[2016.08.16-17.00.08:130][160]LogModuleManager: Shutting down and abandoning module Paper2DEditor (94)
[2016.08.16-17.00.08:131][160]LogModuleManager: Shutting down and abandoning module ProjectOne (93)
[2016.08.16-17.00.08:131][160]LogModuleManager: Shutting down and abandoning module UdpMessaging (92)
[2016.08.16-17.00.08:231][160]LogModuleManager: Shutting down and abandoning module LightPropagationVolumeRuntime (91)
[2016.08.16-17.00.08:231][160]LogModuleManager: Shutting down and abandoning module Paper2D (90)
[2016.08.16-17.00.08:231][160]LogModuleManager: Shutting down and abandoning module WindowsMoviePlayer (89)
[2016.08.16-17.00.08:231][160]LogModuleManager: Shutting down and abandoning module Media (88)
[2016.08.16-17.00.08:231][160]LogModuleManager: Shutting down and abandoning module WmfMedia (87)
[2016.08.16-17.00.08:239][160]LogModuleManager: Shutting down and abandoning module MediaAssets (86)
[2016.08.16-17.00.08:239][160]LogModuleManager: Shutting down and abandoning module GameLiveStreaming (85)
[2016.08.16-17.00.08:239][160]LogModuleManager: Shutting down and abandoning module GameplayTagsEditor (84)
[2016.08.16-17.00.08:239][160]LogModuleManager: Shutting down and abandoning module OnlineBlueprintSupport (83)
[2016.08.16-17.00.08:239][160]LogModuleManager: Shutting down and abandoning module GameplayTasksEditor (82)
[2016.08.16-17.00.08:239][160]LogModuleManager: Shutting down and abandoning module PropertyEditor (81)
[2016.08.16-17.00.08:261][160]LogModuleManager: Shutting down and abandoning module BehaviorTreeEditor (80)
[2016.08.16-17.00.08:271][160]LogModuleManager: Shutting down and abandoning module FunctionalTesting (79)
[2016.08.16-17.00.08:271][160]LogModuleManager: Shutting down and abandoning module CollisionAnalyzer (78)
[2016.08.16-17.00.08:287][160]LogModuleManager: Shutting down and abandoning module WorkspaceMenuStructure (77)
[2016.08.16-17.00.08:287][160]LogModuleManager: Shutting down and abandoning module MessageLog (76)
[2016.08.16-17.00.08:287][160]LogModuleManager: Shutting down and abandoning module Sequencer (75)
[2016.08.16-17.00.08:307][160]LogModuleManager: Shutting down and abandoning module AssetTools (74)
[2016.08.16-17.00.08:329][160]LogModuleManager: Shutting down and abandoning module UMGEditor (73)
[2016.08.16-17.00.08:336][160]LogModuleManager: Shutting down and abandoning module UMG (72)
[2016.08.16-17.00.08:337][160]LogModuleManager: Shutting down and abandoning module SlateReflector (71)
[2016.08.16-17.00.08:350][160]LogModuleManager: Shutting down and abandoning module Slate (70)
[2016.08.16-17.00.08:350][160]LogModuleManager: Shutting down and abandoning module EditorStyle (69)
[2016.08.16-17.00.08:352][160]LogModuleManager: Shutting down and abandoning module SessionServices (68)
[2016.08.16-17.00.08:352][160]LogModuleManager: Shutting down and abandoning module SourceCodeAccess (67)
[2016.08.16-17.00.08:352][160]LogModuleManager: Shutting down and abandoning module HeadMountedDisplay (66)
[2016.08.16-17.00.08:352][160]LogModuleManager: Shutting down and abandoning module XAudio2 (65)
[2016.08.16-17.00.08:352][160]LogModuleManager: Shutting down and abandoning module Networking (63)
[2016.08.16-17.00.08:352][160]LogModuleManager: Shutting down and abandoning module Core (62)
[2016.08.16-17.00.08:352][160]LogModuleManager: Shutting down and abandoning module KismetCompiler (61)
[2016.08.16-17.00.08:352][160]LogModuleManager: Shutting down and abandoning module PhysXFormats (60)
[2016.08.16-17.00.08:352][160]LogModuleManager: Shutting down and abandoning module MeshUtilities (59)
[2016.08.16-17.00.08:365][160]LogModuleManager: Shutting down and abandoning module CookingStats (58)
[2016.08.16-17.00.08:365][160]LogModuleManager: Shutting down and abandoning module DerivedDataCache (57)
[2016.08.16-17.00.08:365][160]LogDerivedDataCache: Shutdown
[2016.08.16-17.00.08:365][160]LogModuleManager: Shutting down and abandoning module ShaderFormatOpenGL (56)
[2016.08.16-17.00.08:384][160]LogModuleManager: Shutting down and abandoning module ShaderFormatD3D (55)
[2016.08.16-17.00.08:384][160]LogModuleManager: Shutting down and abandoning module MetalShaderFormat (54)
[2016.08.16-17.00.08:403][160]LogModuleManager: Shutting down and abandoning module TextureFormatUncompressed (53)
[2016.08.16-17.00.08:403][160]LogModuleManager: Shutting down and abandoning module TextureFormatPVR (52)
[2016.08.16-17.00.08:403][160]LogModuleManager: Shutting down and abandoning module TextureFormatIntelISPCTexComp (51)
[2016.08.16-17.00.08:403][160]LogModuleManager: Shutting down and abandoning module TextureFormatDXT (50)
[2016.08.16-17.00.08:403][160]LogModuleManager: Shutting down and abandoning module ImageWrapper (49)
[2016.08.16-17.00.08:403][160]LogModuleManager: Shutting down and abandoning module TextureFormatASTC (48)
[2016.08.16-17.00.08:403][160]LogModuleManager: Shutting down and abandoning module TextureFormatAndroid (47)
[2016.08.16-17.00.08:403][160]LogModuleManager: Shutting down and abandoning module AudioFormatOpus (46)
[2016.08.16-17.00.08:403][160]LogModuleManager: Shutting down and abandoning module AudioFormatOgg (45)
[2016.08.16-17.00.08:403][160]LogModuleManager: Shutting down and abandoning module AudioFormatADPCM (44)
[2016.08.16-17.00.08:403][160]LogModuleManager: Shutting down and abandoning module LinuxTargetPlatform (43)
[2016.08.16-17.00.08:403][160]LogModuleManager: Shutting down and abandoning module LinuxServerTargetPlatform (42)
[2016.08.16-17.00.08:403][160]LogModuleManager: Shutting down and abandoning module LinuxNoEditorTargetPlatform (41)
[2016.08.16-17.00.08:403][160]LogModuleManager: Shutting down and abandoning module TVOSTargetPlatform (40)
[2016.08.16-17.00.08:403][160]LogModuleManager: Shutting down and abandoning module Messaging (39)
[2016.08.16-17.00.08:403][160]LogModuleManager: Shutting down and abandoning module IOSTargetPlatform (38)
[2016.08.16-17.00.08:403][160]LogModuleManager: Shutting down and abandoning module HTML5TargetPlatform (37)
[2016.08.16-17.00.08:403][160]LogModuleManager: Shutting down and abandoning module Android_PVRTCTargetPlatform (36)
[2016.08.16-17.00.08:403][160]LogModuleManager: Shutting down and abandoning module Android_MultiTargetPlatform (35)
[2016.08.16-17.00.08:403][160]LogModuleManager: Shutting down and abandoning module Android_ETC2TargetPlatform (34)
[2016.08.16-17.00.08:403][160]LogModuleManager: Shutting down and abandoning module Android_ETC1TargetPlatform (33)
[2016.08.16-17.00.08:403][160]LogModuleManager: Shutting down and abandoning module Android_DXTTargetPlatform (32)
[2016.08.16-17.00.08:403][160]LogModuleManager: Shutting down and abandoning module Android_ATCTargetPlatform (31)
[2016.08.16-17.00.08:403][160]LogModuleManager: Shutting down and abandoning module Android_ASTCTargetPlatform (30)
[2016.08.16-17.00.08:403][160]LogModuleManager: Shutting down and abandoning module AndroidTargetPlatform (29)
[2016.08.16-17.00.08:403][160]LogModuleManager: Shutting down and abandoning module WindowsTargetPlatform (28)
[2016.08.16-17.00.08:403][160]LogModuleManager: Shutting down and abandoning module WindowsServerTargetPlatform (27)
[2016.08.16-17.00.08:404][160]LogModuleManager: Shutting down and abandoning module WindowsNoEditorTargetPlatform (26)
[2016.08.16-17.00.08:404][160]LogModuleManager: Shutting down and abandoning module WindowsClientTargetPlatform (25)
[2016.08.16-17.00.08:404][160]LogModuleManager: Shutting down and abandoning module AllDesktopTargetPlatform (24)
[2016.08.16-17.00.08:404][160]LogModuleManager: Shutting down and abandoning module TargetPlatform (23)
[2016.08.16-17.00.08:404][160]LogModuleManager: Shutting down and abandoning module InputCore (22)
[2016.08.16-17.00.08:404][160]LogModuleManager: Shutting down and abandoning module Settings (21)
[2016.08.16-17.00.08:404][160]LogModuleManager: Shutting down and abandoning module OnlineSubsystem (19)
[2016.08.16-17.00.08:404][160]LogModuleManager: Shutting down and abandoning module HTTP (18)
[2016.08.16-17.00.10:415][160]LogModuleManager: Shutting down and abandoning module XMPP (17)
[2016.08.16-17.00.10:446][160]LogModuleManager: Shutting down and abandoning module OculusRift (16)
[2016.08.16-17.00.10:463][160]LogModuleManager: Shutting down and abandoning module ExampleDeviceProfileSelector (15)
[2016.08.16-17.00.10:463][160]LogModuleManager: Shutting down and abandoning module TextureCompressor (14)
[2016.08.16-17.00.10:463][160]LogModuleManager: Shutting down and abandoning module ShaderCore (13)
[2016.08.16-17.00.10:463][160]LogModuleManager: Shutting down and abandoning module Landscape (12)
[2016.08.16-17.00.10:463][160]LogModuleManager: Shutting down and abandoning module SlateRHIRenderer (11)
[2016.08.16-17.00.10:464][160]LogModuleManager: Shutting down and abandoning module OpenGLDrv (10)
[2016.08.16-17.00.10:481][160]LogModuleManager: Shutting down and abandoning module D3D11RHI (9)
[2016.08.16-17.00.10:481][160]LogModuleManager: Shutting down and abandoning module AnimGraphRuntime (8)
[2016.08.16-17.00.10:481][160]LogModuleManager: Shutting down and abandoning module Renderer (7)
[2016.08.16-17.00.10:481][160]LogModuleManager: Shutting down and abandoning module Engine (6)
[2016.08.16-17.00.10:481][160]LogModuleManager: Shutting down and abandoning module CoreUObject (5)
[2016.08.16-17.00.10:481][160]LogModuleManager: Shutting down and abandoning module NetworkFile (4)
[2016.08.16-17.00.10:481][160]LogModuleManager: Shutting down and abandoning module StreamingFile (3)
[2016.08.16-17.00.10:481][160]LogModuleManager: Shutting down and abandoning module SandboxFile (2)
[2016.08.16-17.00.10:481][160]LogModuleManager: Shutting down and abandoning module PakFile (1)
[2016.08.16-17.00.10:482][160]LogExit: Exiting.
[2016.08.16-17.00.10:501][160]Log file closed, 08/16/16 13:00:10
