Log file open, 08/18/16 15:08:34
LogInit:Display: Running engine for game: ProjectOne
LogPlatformFile: Not using cached read wrapper
LogInit:Display: RandInit(-2112370060) SRandInit(-2112370057).
LogTaskGraph: Started task graph with 4 named threads and 7 total threads.
LogStats: Stats thread started at 0.085889
LogInit: Version: 4.11.2-2946394+++UE4+Release-4.11
LogInit: API Version: 2927265
LogInit: Compiled (64-bit): Apr 18 2016 02:18:46
LogInit: Compiled with Visual C++: 19.00.23026.00
LogInit: Build Configuration: Development
LogInit: Branch Name: ++UE4+Release-4.11
LogInit: Command line:  /Temp/Autosaves/Game/Levels/UEDPCOverworldLevel -game -PIEVIACONSOLE -ResX=1280 -ResY=720  -Multiprocess -messaging -SessionName="Play in Standalone Game" 
LogInit: Base directory: C:/Program Files/Epic Games/4.11/Engine/Binaries/Win64/
LogInit: Installed Engine Build: 1
LogInit: Using libcurl 7.41.0
LogInit:  - built for x86_64-pc-win32
LogInit:  - supports SSL with WinSSL
LogInit:  - other features:
LogInit:      CURL_VERSION_SSL
LogInit:      CURL_VERSION_IPV6
LogInit:      CURL_VERSION_ASYNCHDNS
LogInit:      CURL_VERSION_LARGEFILE
LogInit:      CURL_VERSION_IDN
LogInit:  CurlRequestOptions (configurable via config and command line):
LogInit:  - bVerifyPeer = true  - Libcurl will verify peer certificate
LogInit:  - bUseHttpProxy = false  - Libcurl will NOT use HTTP proxy
LogInit:  - bDontReuseConnections = false  - Libcurl will reuse connections
LogInit:  - CertBundlePath = nullptr  - Libcurl will use whatever was configured at build time.
LogInit: Presizing for max 16777216 objects, including 0 objects not considered by GC, pre-allocating 0 bytes for permanent pool.
LogInit: Object subsystem initialized
[2016.08.18-19.08.34:423][  0]LogInit: Selected Device Profile: [Windows]
[2016.08.18-19.08.34:423][  0]LogInit: Applying CVar settings loaded from the selected device profile: [Windows]
[2016.08.18-19.08.34:427][  0]LogInit: Computer: FAHAD-PC
[2016.08.18-19.08.34:427][  0]LogInit: User: Fahad
[2016.08.18-19.08.34:427][  0]LogInit: CPU Page size=65536, Cores=4
[2016.08.18-19.08.34:427][  0]LogInit: High frequency timer resolution =3.215352 MHz
[2016.08.18-19.08.34:427][  0]LogMemory: Memory total: Physical=8.0GB (8GB approx)
[2016.08.18-19.08.34:427][  0]LogMemory: Platform Memory Stats for Windows
[2016.08.18-19.08.34:427][  0]LogMemory: Process Physical Memory: 313.44 MB used, 313.44 MB peak
[2016.08.18-19.08.34:427][  0]LogMemory: Process Virtual Memory: 314.88 MB used, 314.88 MB peak
[2016.08.18-19.08.34:427][  0]LogMemory: Physical Memory: 6575.40 MB used, 8174.67 MB total
[2016.08.18-19.08.34:427][  0]LogMemory: Virtual Memory: 651.88 MB used, 134217728.00 MB total
[2016.08.18-19.08.34:481][  0]LogTextLocalizationManager: No specific translations for ('en-US') exist, so ('en') translations will be used.
[2016.08.18-19.08.34:891][  0]LogD3D11RHI: D3D11 adapters:
[2016.08.18-19.08.34:926][  0]LogD3D11RHI:    0. 'NVIDIA GeForce GTX 970' (Feature Level 11_0)
[2016.08.18-19.08.34:926][  0]LogD3D11RHI:       4007MB of dedicated video memory, 0MB of dedicated system memory, and 4087MB of shared system memory, 2 output[s]
[2016.08.18-19.08.34:928][  0]LogD3D11RHI:    1. 'Microsoft Basic Render Driver' (Feature Level 11_0)
[2016.08.18-19.08.34:928][  0]LogD3D11RHI:       0MB of dedicated video memory, 0MB of dedicated system memory, and 4087MB of shared system memory, 0 output[s]
[2016.08.18-19.08.34:928][  0]LogD3D11RHI: Chosen D3D11 Adapter: 0
[2016.08.18-19.08.34:933][  0]LogD3D11RHI: Creating new Direct3DDevice
[2016.08.18-19.08.34:933][  0]LogD3D11RHI:     Adapter Name: NVIDIA GeForce GTX 970
[2016.08.18-19.08.34:933][  0]LogD3D11RHI:   Driver Version: 10.18.13.6510 (internal 10.18.13.6510)
[2016.08.18-19.08.34:933][  0]LogD3D11RHI:      Driver Date: 4-27-2016
[2016.08.18-19.08.34:933][  0]LogRHI: Texture pool is 1361 MB (70% of 1945 MB)
[2016.08.18-19.08.34:949][  0]LogD3D11RHI: Async texture creation enabled
[2016.08.18-19.08.35:410][  0]LogShaderCompilers: Guid format shader working directory is -49 characters bigger than the processId version (../../../../../../Users/Fahad/Desktop/MX2 Game Suite/GitHub Directory/project-1-mx2/ProjectOne/Intermediate/Shaders/WorkingDirectory/12636/).
[2016.08.18-19.08.35:410][  0]LogShaderCompilers: Cleaned the shader compiler working directory 'C:/Users/Fahad/AppData/Local/Temp/UnrealShaderWorkingDir/C754447C4B96E5BD615FA2B15FCA3A62/'.
[2016.08.18-19.08.35:410][  0]LogShaderCompilers:Display: Using Local Shader Compiler.
[2016.08.18-19.08.36:463][  0]LogTemp:Display: Loaded TP AllDesktopTargetPlatform
[2016.08.18-19.08.36:469][  0]LogTemp:Display: Loaded TP WindowsClientTargetPlatform
[2016.08.18-19.08.36:476][  0]LogTemp:Display: Loaded TP WindowsNoEditorTargetPlatform
[2016.08.18-19.08.36:482][  0]LogTemp:Display: Loaded TP WindowsServerTargetPlatform
[2016.08.18-19.08.36:489][  0]LogTemp:Display: Loaded TP WindowsTargetPlatform
[2016.08.18-19.08.36:493][  0]LogTemp:Display: Loaded TP AndroidTargetPlatform
[2016.08.18-19.08.36:498][  0]LogTemp:Display: Loaded TP Android_ASTCTargetPlatform
[2016.08.18-19.08.36:502][  0]LogTemp:Display: Loaded TP Android_ATCTargetPlatform
[2016.08.18-19.08.36:505][  0]LogTemp:Display: Loaded TP Android_DXTTargetPlatform
[2016.08.18-19.08.36:510][  0]LogTemp:Display: Loaded TP Android_ETC1TargetPlatform
[2016.08.18-19.08.36:514][  0]LogTemp:Display: Loaded TP Android_ETC2TargetPlatform
[2016.08.18-19.08.36:522][  0]LogTemp:Display: Loaded TP Android_MultiTargetPlatform
[2016.08.18-19.08.36:522][  0]LogTemp:Display: Loaded TP Android_PVRTCTargetPlatform
[2016.08.18-19.08.36:524][  0]LogTemp:Display: Loaded TP HTML5TargetPlatform
[2016.08.18-19.08.36:543][  0]LogTemp:Display: Loaded TP IOSTargetPlatform
[2016.08.18-19.08.36:546][  0]LogTemp:Display: Loaded TP TVOSTargetPlatform
[2016.08.18-19.08.36:550][  0]LogTemp:Display: Loaded TP LinuxNoEditorTargetPlatform
[2016.08.18-19.08.36:553][  0]LogTemp:Display: Loaded TP LinuxServerTargetPlatform
[2016.08.18-19.08.36:558][  0]LogTemp:Display: Loaded TP LinuxTargetPlatform
[2016.08.18-19.08.36:558][  0]LogTargetPlatformManager:Display: Building Assets For Windows
[2016.08.18-19.08.36:672][  0]LogDerivedDataCache:Display: Max Cache Size: 512 MB
[2016.08.18-19.08.36:739][  0]LogDerivedDataCache: Loaded boot cache 0.07s 65MB C:/Users/Fahad/AppData/Local/UnrealEngine/4.11/DerivedDataCache/Boot.ddc.
[2016.08.18-19.08.36:739][  0]LogDerivedDataCache:Display: Loaded Boot cache: C:/Users/Fahad/AppData/Local/UnrealEngine/4.11/DerivedDataCache/Boot.ddc
[2016.08.18-19.08.36:739][  0]LogDerivedDataCache: FDerivedDataBackendGraph:  Pak pak cache file ../../../../../../Users/Fahad/Desktop/MX2 Game Suite/GitHub Directory/project-1-mx2/ProjectOne/DerivedDataCache/DDC.ddp not found, will not use a pak cache.
[2016.08.18-19.08.36:739][  0]LogDerivedDataCache: Unable to find inner node Pak for hierarchical cache Hierarchy.
[2016.08.18-19.08.36:739][  0]LogDerivedDataCache: FDerivedDataBackendGraph:  CompressedPak pak cache file ../../../../../../Users/Fahad/Desktop/MX2 Game Suite/GitHub Directory/project-1-mx2/ProjectOne/DerivedDataCache/Compressed.ddp not found, will not use a pak cache.
[2016.08.18-19.08.36:739][  0]LogDerivedDataCache: Unable to find inner node CompressedPak for hierarchical cache Hierarchy.
[2016.08.18-19.08.36:755][  0]LogDerivedDataCache:Display: Pak cache opened for reading ../../../Engine/DerivedDataCache/Compressed.ddp.
[2016.08.18-19.08.36:768][  0]LogDerivedDataCache: Using Local data cache path C:/Users/Fahad/AppData/Local/UnrealEngine/Common/DerivedDataCache: Writable
[2016.08.18-19.08.37:014][  0]LogInit: Selected Device Profile: [Windows]
[2016.08.18-19.08.37:020][  0]LogMaterial: Uniform references updated for custom material expression Custom.
[2016.08.18-19.08.37:021][  0]LogContentStreaming: Texture pool size is 1000.00 MB
[2016.08.18-19.08.37:158][  0]LogMeshUtilities: No automatic mesh reduction module available
[2016.08.18-19.08.37:158][  0]LogMeshUtilities: No automatic mesh merging module available
[2016.08.18-19.08.37:158][  0]LogMeshUtilities: No distributed automatic mesh merging module available
[2016.08.18-19.08.37:402][  0]LogInit: WinSock: version 1.1 (2.2), MaxSocks=32767, MaxUdp=65467
[2016.08.18-19.08.37:508][  0]LogSlate: SlateFontCache - WITH_FREETYPE: 1, WITH_HARFBUZZ: 1
[2016.08.18-19.08.37:508][  0]LogSlate: SlateFontCache - WITH_FREETYPE: 1, WITH_HARFBUZZ: 1
[2016.08.18-19.08.37:681][  0]LogWindowsMoviePlayer: Unable to load movie: ../../../../../../Users/Fahad/Desktop/MX2 Game Suite/GitHub Directory/project-1-mx2/ProjectOne/Content/Movies/Default_Startup.mp4
[2016.08.18-19.08.37:768][  0]LogUdpMessaging: Initializing bridge on interface 0.0.0.0:0 to multicast group 230.0.0.1:6666.
[2016.08.18-19.08.37:834][  0]LogTemp:Warning: No World
[2016.08.18-19.08.37:851][  0]SourceControl: Info Source control is disabled
[2016.08.18-19.08.37:852][  0]SourceControl: Info Source control is disabled
[2016.08.18-19.08.37:865][  0]SourceControl: Info Source control is disabled
[2016.08.18-19.08.38:013][  0]LogHMD: Failed to initialize OpenVR with code 108
[2016.08.18-19.08.38:043][  0]LogUObjectArray: 29307 objects as part of root set at end of initial load.
[2016.08.18-19.08.38:043][  0]LogUObjectAllocator: 6107216 out of 0 bytes used by permanent object pool.
[2016.08.18-19.08.38:043][  0]LogUObjectArray: CloseDisregardForGC: 0/0 objects in disregard for GC pool
[2016.08.18-19.08.38:104][  0]LogEngine: Initializing Engine...
[2016.08.18-19.08.38:794][  0]LogInit: XAudio2 using 'Speakers (5- Logitech USB Headset)' : 2 channels at 44.1 kHz using 16 bits per sample (channel mask 0x3)
[2016.08.18-19.08.38:805][  0]LogInit: FAudioDevice initialized.
[2016.08.18-19.08.38:814][  0]LogInit: Texture streaming: Enabled
[2016.08.18-19.08.38:903][  0]LogNet: Browse: /Temp/Autosaves/Game/Levels/UEDPCOverworldLevel?Name=Player
[2016.08.18-19.08.38:903][  0]LogLoad: LoadMap: /Temp/Autosaves/Game/Levels/UEDPCOverworldLevel?Name=Player
[2016.08.18-19.08.38:937][  0]LogMemory: Platform Memory Stats for Windows
[2016.08.18-19.08.38:937][  0]LogMemory: Process Physical Memory: 748.79 MB used, 791.14 MB peak
[2016.08.18-19.08.38:937][  0]LogMemory: Process Virtual Memory: 876.70 MB used, 876.71 MB peak
[2016.08.18-19.08.38:937][  0]LogMemory: Physical Memory: 6945.83 MB used, 8174.67 MB total
[2016.08.18-19.08.38:937][  0]LogMemory: Virtual Memory: 1448.92 MB used, 134217728.00 MB total
[2016.08.18-19.08.38:937][  0]LogMemory: 
[2016.08.18-19.08.38:937][  0]Allocator Stats for TBB: (not implemented)
[2016.08.18-19.08.38:941][  0]LogTemp:Warning: No World
[2016.08.18-19.08.39:037][  0]LogAssetRegistry: FAssetRegistry took 0.0001 seconds to start up
[2016.08.18-19.08.39:277][  0]LogTemp:Warning: No World
[2016.08.18-19.08.39:375][  0]LogTemp:Warning: No World
[2016.08.18-19.08.39:429][  0]LogAIModule: Creating AISystem for world OverworldLevel
[2016.08.18-19.08.39:430][  0]LogWorld: Game class is 'BattleGameMode_BP_C'
[2016.08.18-19.08.39:432][  0]LogWorld: Bringing World /Temp/Autosaves/Game/Levels/UEDPCOverworldLevel.OverworldLevel up for play (max tick rate 0) at 2016.08.18-15.08.39
[2016.08.18-19.08.39:433][  0]LogWorld: Bringing up level for play took: 0.002039
[2016.08.18-19.08.39:434][  0]LogInit:Display: Game Engine Initialized.
[2016.08.18-19.08.39:657][  0]LogLoad: Full Startup: 6.13 seconds (BP compile: 0.36 seconds)
[2016.08.18-19.08.39:657][  0]LogExternalProfiler: Found external profiler: VSPerf
[2016.08.18-19.08.39:657][  0]LogExternalProfiler: Using external profiler: VSPerf
[2016.08.18-19.08.39:675][  0]LogWindowsTextInputMethodSystem:Display: IME system now deactivated.
[2016.08.18-19.08.39:675][  0]LogOcInput: OculusInput pre-init called
[2016.08.18-19.08.39:787][  2]LogRenderer: Reallocating scene render targets to support 1280x720 (Frame:2).
[2016.08.18-19.08.40:294][ 29]LogPrimitiveComponent: Zero scaling not supported (/Temp/Autosaves/Game/Levels/UEDPCOverworldLevel.OverworldLevel:PersistentLevel.MeleeSpline_BP_C_0.PaperSprite)
[2016.08.18-19.08.40:310][ 30]LogPrimitiveComponent: Zero scaling not supported (/Temp/Autosaves/Game/Levels/UEDPCOverworldLevel.OverworldLevel:PersistentLevel.MeleeSpline_BP_C_1.PaperSprite)
[2016.08.18-19.08.40:311][ 30]LogPrimitiveComponent: Zero scaling not supported (/Temp/Autosaves/Game/Levels/UEDPCOverworldLevel.OverworldLevel:PersistentLevel.MeleeSpline_BP_C_2.PaperSprite)
[2016.08.18-19.08.40:327][ 31]LogPrimitiveComponent: Zero scaling not supported (/Temp/Autosaves/Game/Levels/UEDPCOverworldLevel.OverworldLevel:PersistentLevel.MeleeSpline_BP_C_3.PaperSprite)
[2016.08.18-19.08.40:327][ 31]LogPrimitiveComponent: Zero scaling not supported (/Temp/Autosaves/Game/Levels/UEDPCOverworldLevel.OverworldLevel:PersistentLevel.MeleeSpline_BP_C_4.PaperSprite)
[2016.08.18-19.08.40:327][ 31]LogPrimitiveComponent: Zero scaling not supported (/Temp/Autosaves/Game/Levels/UEDPCOverworldLevel.OverworldLevel:PersistentLevel.MeleeSpline_BP_C_5.PaperSprite)
[2016.08.18-19.08.40:343][ 32]LogPrimitiveComponent: Zero scaling not supported (/Temp/Autosaves/Game/Levels/UEDPCOverworldLevel.OverworldLevel:PersistentLevel.MeleeSpline_BP_C_6.PaperSprite)
[2016.08.18-19.08.40:343][ 32]LogPrimitiveComponent: Zero scaling not supported (/Temp/Autosaves/Game/Levels/UEDPCOverworldLevel.OverworldLevel:PersistentLevel.MeleeSpline_BP_C_7.PaperSprite)
[2016.08.18-19.08.40:343][ 32]LogPrimitiveComponent: Zero scaling not supported (/Temp/Autosaves/Game/Levels/UEDPCOverworldLevel.OverworldLevel:PersistentLevel.MeleeSpline_BP_C_8.PaperSprite)
[2016.08.18-19.08.40:343][ 32]LogPrimitiveComponent: Zero scaling not supported (/Temp/Autosaves/Game/Levels/UEDPCOverworldLevel.OverworldLevel:PersistentLevel.MeleeSpline_BP_C_9.PaperSprite)
[2016.08.18-19.08.40:359][ 33]LogPrimitiveComponent: Zero scaling not supported (/Temp/Autosaves/Game/Levels/UEDPCOverworldLevel.OverworldLevel:PersistentLevel.MeleeSpline_BP_C_10.PaperSprite)
[2016.08.18-19.08.40:359][ 33]LogPrimitiveComponent: Zero scaling not supported (/Temp/Autosaves/Game/Levels/UEDPCOverworldLevel.OverworldLevel:PersistentLevel.MeleeSpline_BP_C_11.PaperSprite)
[2016.08.18-19.08.40:359][ 33]LogPrimitiveComponent: Zero scaling not supported (/Temp/Autosaves/Game/Levels/UEDPCOverworldLevel.OverworldLevel:PersistentLevel.MeleeSpline_BP_C_12.PaperSprite)
[2016.08.18-19.08.40:360][ 33]LogPrimitiveComponent: Zero scaling not supported (/Temp/Autosaves/Game/Levels/UEDPCOverworldLevel.OverworldLevel:PersistentLevel.MeleeSpline_BP_C_13.PaperSprite)
[2016.08.18-19.08.40:360][ 33]LogPrimitiveComponent: Zero scaling not supported (/Temp/Autosaves/Game/Levels/UEDPCOverworldLevel.OverworldLevel:PersistentLevel.MeleeSpline_BP_C_14.PaperSprite)
[2016.08.18-19.08.40:360][ 33]LogPrimitiveComponent: Zero scaling not supported (/Temp/Autosaves/Game/Levels/UEDPCOverworldLevel.OverworldLevel:PersistentLevel.MeleeSpline_BP_C_15.PaperSprite)
[2016.08.18-19.08.40:375][ 34]LogPrimitiveComponent: Zero scaling not supported (/Temp/Autosaves/Game/Levels/UEDPCOverworldLevel.OverworldLevel:PersistentLevel.MeleeSpline_BP_C_16.PaperSprite)
[2016.08.18-19.08.40:375][ 34]LogPrimitiveComponent: Zero scaling not supported (/Temp/Autosaves/Game/Levels/UEDPCOverworldLevel.OverworldLevel:PersistentLevel.MeleeSpline_BP_C_17.PaperSprite)
[2016.08.18-19.08.40:376][ 34]LogPrimitiveComponent: Zero scaling not supported (/Temp/Autosaves/Game/Levels/UEDPCOverworldLevel.OverworldLevel:PersistentLevel.MeleeSpline_BP_C_18.PaperSprite)
[2016.08.18-19.08.40:376][ 34]LogPrimitiveComponent: Zero scaling not supported (/Temp/Autosaves/Game/Levels/UEDPCOverworldLevel.OverworldLevel:PersistentLevel.MeleeSpline_BP_C_19.PaperSprite)
[2016.08.18-19.08.40:376][ 34]LogBlueprintUserMessages: [MeleeDrawer_52] Hit Max Length
[2016.08.18-19.08.42:310][154]LogPrimitiveComponent: Zero scaling not supported (/Temp/Autosaves/Game/Levels/UEDPCOverworldLevel.OverworldLevel:PersistentLevel.MeleeSpline_BP_C_20.PaperSprite)
[2016.08.18-19.08.42:327][155]LogPrimitiveComponent: Zero scaling not supported (/Temp/Autosaves/Game/Levels/UEDPCOverworldLevel.OverworldLevel:PersistentLevel.MeleeSpline_BP_C_21.PaperSprite)
[2016.08.18-19.08.42:327][155]LogPrimitiveComponent: Zero scaling not supported (/Temp/Autosaves/Game/Levels/UEDPCOverworldLevel.OverworldLevel:PersistentLevel.MeleeSpline_BP_C_22.PaperSprite)
[2016.08.18-19.08.42:343][156]LogPrimitiveComponent: Zero scaling not supported (/Temp/Autosaves/Game/Levels/UEDPCOverworldLevel.OverworldLevel:PersistentLevel.MeleeSpline_BP_C_23.PaperSprite)
[2016.08.18-19.08.42:343][156]LogPrimitiveComponent: Zero scaling not supported (/Temp/Autosaves/Game/Levels/UEDPCOverworldLevel.OverworldLevel:PersistentLevel.MeleeSpline_BP_C_24.PaperSprite)
[2016.08.18-19.08.42:343][156]LogPrimitiveComponent: Zero scaling not supported (/Temp/Autosaves/Game/Levels/UEDPCOverworldLevel.OverworldLevel:PersistentLevel.MeleeSpline_BP_C_25.PaperSprite)
[2016.08.18-19.08.42:343][156]LogPrimitiveComponent: Zero scaling not supported (/Temp/Autosaves/Game/Levels/UEDPCOverworldLevel.OverworldLevel:PersistentLevel.MeleeSpline_BP_C_26.PaperSprite)
[2016.08.18-19.08.42:359][157]LogPrimitiveComponent: Zero scaling not supported (/Temp/Autosaves/Game/Levels/UEDPCOverworldLevel.OverworldLevel:PersistentLevel.MeleeSpline_BP_C_27.PaperSprite)
[2016.08.18-19.08.42:359][157]LogPrimitiveComponent: Zero scaling not supported (/Temp/Autosaves/Game/Levels/UEDPCOverworldLevel.OverworldLevel:PersistentLevel.MeleeSpline_BP_C_28.PaperSprite)
[2016.08.18-19.08.42:359][157]LogPrimitiveComponent: Zero scaling not supported (/Temp/Autosaves/Game/Levels/UEDPCOverworldLevel.OverworldLevel:PersistentLevel.MeleeSpline_BP_C_29.PaperSprite)
[2016.08.18-19.08.42:360][157]LogPrimitiveComponent: Zero scaling not supported (/Temp/Autosaves/Game/Levels/UEDPCOverworldLevel.OverworldLevel:PersistentLevel.MeleeSpline_BP_C_30.PaperSprite)
[2016.08.18-19.08.42:360][157]LogPrimitiveComponent: Zero scaling not supported (/Temp/Autosaves/Game/Levels/UEDPCOverworldLevel.OverworldLevel:PersistentLevel.MeleeSpline_BP_C_31.PaperSprite)
[2016.08.18-19.08.42:360][157]LogPrimitiveComponent: Zero scaling not supported (/Temp/Autosaves/Game/Levels/UEDPCOverworldLevel.OverworldLevel:PersistentLevel.MeleeSpline_BP_C_32.PaperSprite)
[2016.08.18-19.08.42:375][158]LogPrimitiveComponent: Zero scaling not supported (/Temp/Autosaves/Game/Levels/UEDPCOverworldLevel.OverworldLevel:PersistentLevel.MeleeSpline_BP_C_33.PaperSprite)
[2016.08.18-19.08.42:376][158]LogPrimitiveComponent: Zero scaling not supported (/Temp/Autosaves/Game/Levels/UEDPCOverworldLevel.OverworldLevel:PersistentLevel.MeleeSpline_BP_C_34.PaperSprite)
[2016.08.18-19.08.42:376][158]LogPrimitiveComponent: Zero scaling not supported (/Temp/Autosaves/Game/Levels/UEDPCOverworldLevel.OverworldLevel:PersistentLevel.MeleeSpline_BP_C_35.PaperSprite)
[2016.08.18-19.08.42:376][158]LogPrimitiveComponent: Zero scaling not supported (/Temp/Autosaves/Game/Levels/UEDPCOverworldLevel.OverworldLevel:PersistentLevel.MeleeSpline_BP_C_36.PaperSprite)
[2016.08.18-19.08.42:376][158]LogPrimitiveComponent: Zero scaling not supported (/Temp/Autosaves/Game/Levels/UEDPCOverworldLevel.OverworldLevel:PersistentLevel.MeleeSpline_BP_C_37.PaperSprite)
[2016.08.18-19.08.42:376][158]LogBlueprintUserMessages: [MeleeDrawer_52] Hit Max Length
[2016.08.18-19.08.43:262][213]LogPrimitiveComponent: Zero scaling not supported (/Temp/Autosaves/Game/Levels/UEDPCOverworldLevel.OverworldLevel:PersistentLevel.MeleeSpline_BP_C_38.PaperSprite)
[2016.08.18-19.08.43:278][214]LogPrimitiveComponent: Zero scaling not supported (/Temp/Autosaves/Game/Levels/UEDPCOverworldLevel.OverworldLevel:PersistentLevel.MeleeSpline_BP_C_39.PaperSprite)
[2016.08.18-19.08.43:295][215]LogPrimitiveComponent: Zero scaling not supported (/Temp/Autosaves/Game/Levels/UEDPCOverworldLevel.OverworldLevel:PersistentLevel.MeleeSpline_BP_C_40.PaperSprite)
[2016.08.18-19.08.43:295][215]LogPrimitiveComponent: Zero scaling not supported (/Temp/Autosaves/Game/Levels/UEDPCOverworldLevel.OverworldLevel:PersistentLevel.MeleeSpline_BP_C_41.PaperSprite)
[2016.08.18-19.08.43:311][216]LogPrimitiveComponent: Zero scaling not supported (/Temp/Autosaves/Game/Levels/UEDPCOverworldLevel.OverworldLevel:PersistentLevel.MeleeSpline_BP_C_42.PaperSprite)
[2016.08.18-19.08.43:311][216]LogPrimitiveComponent: Zero scaling not supported (/Temp/Autosaves/Game/Levels/UEDPCOverworldLevel.OverworldLevel:PersistentLevel.MeleeSpline_BP_C_43.PaperSprite)
[2016.08.18-19.08.43:311][216]LogPrimitiveComponent: Zero scaling not supported (/Temp/Autosaves/Game/Levels/UEDPCOverworldLevel.OverworldLevel:PersistentLevel.MeleeSpline_BP_C_44.PaperSprite)
[2016.08.18-19.08.43:327][217]LogPrimitiveComponent: Zero scaling not supported (/Temp/Autosaves/Game/Levels/UEDPCOverworldLevel.OverworldLevel:PersistentLevel.MeleeSpline_BP_C_45.PaperSprite)
[2016.08.18-19.08.43:327][217]LogPrimitiveComponent: Zero scaling not supported (/Temp/Autosaves/Game/Levels/UEDPCOverworldLevel.OverworldLevel:PersistentLevel.MeleeSpline_BP_C_46.PaperSprite)
[2016.08.18-19.08.43:327][217]LogPrimitiveComponent: Zero scaling not supported (/Temp/Autosaves/Game/Levels/UEDPCOverworldLevel.OverworldLevel:PersistentLevel.MeleeSpline_BP_C_47.PaperSprite)
[2016.08.18-19.08.43:343][218]LogPrimitiveComponent: Zero scaling not supported (/Temp/Autosaves/Game/Levels/UEDPCOverworldLevel.OverworldLevel:PersistentLevel.MeleeSpline_BP_C_48.PaperSprite)
[2016.08.18-19.08.43:343][218]LogPrimitiveComponent: Zero scaling not supported (/Temp/Autosaves/Game/Levels/UEDPCOverworldLevel.OverworldLevel:PersistentLevel.MeleeSpline_BP_C_49.PaperSprite)
[2016.08.18-19.08.43:343][218]LogPrimitiveComponent: Zero scaling not supported (/Temp/Autosaves/Game/Levels/UEDPCOverworldLevel.OverworldLevel:PersistentLevel.MeleeSpline_BP_C_50.PaperSprite)
[2016.08.18-19.08.43:359][219]LogPrimitiveComponent: Zero scaling not supported (/Temp/Autosaves/Game/Levels/UEDPCOverworldLevel.OverworldLevel:PersistentLevel.MeleeSpline_BP_C_51.PaperSprite)
[2016.08.18-19.08.43:359][219]LogPrimitiveComponent: Zero scaling not supported (/Temp/Autosaves/Game/Levels/UEDPCOverworldLevel.OverworldLevel:PersistentLevel.MeleeSpline_BP_C_52.PaperSprite)
[2016.08.18-19.08.43:359][219]LogPrimitiveComponent: Zero scaling not supported (/Temp/Autosaves/Game/Levels/UEDPCOverworldLevel.OverworldLevel:PersistentLevel.MeleeSpline_BP_C_53.PaperSprite)
[2016.08.18-19.08.43:360][219]LogPrimitiveComponent: Zero scaling not supported (/Temp/Autosaves/Game/Levels/UEDPCOverworldLevel.OverworldLevel:PersistentLevel.MeleeSpline_BP_C_54.PaperSprite)
[2016.08.18-19.08.43:375][220]LogPrimitiveComponent: Zero scaling not supported (/Temp/Autosaves/Game/Levels/UEDPCOverworldLevel.OverworldLevel:PersistentLevel.MeleeSpline_BP_C_55.PaperSprite)
[2016.08.18-19.08.43:375][220]LogPrimitiveComponent: Zero scaling not supported (/Temp/Autosaves/Game/Levels/UEDPCOverworldLevel.OverworldLevel:PersistentLevel.MeleeSpline_BP_C_56.PaperSprite)
[2016.08.18-19.08.43:375][220]LogPrimitiveComponent: Zero scaling not supported (/Temp/Autosaves/Game/Levels/UEDPCOverworldLevel.OverworldLevel:PersistentLevel.MeleeSpline_BP_C_57.PaperSprite)
[2016.08.18-19.08.43:391][221]LogPrimitiveComponent: Zero scaling not supported (/Temp/Autosaves/Game/Levels/UEDPCOverworldLevel.OverworldLevel:PersistentLevel.MeleeSpline_BP_C_58.PaperSprite)
[2016.08.18-19.08.43:391][221]LogPrimitiveComponent: Zero scaling not supported (/Temp/Autosaves/Game/Levels/UEDPCOverworldLevel.OverworldLevel:PersistentLevel.MeleeSpline_BP_C_59.PaperSprite)
[2016.08.18-19.08.43:392][221]LogPrimitiveComponent: Zero scaling not supported (/Temp/Autosaves/Game/Levels/UEDPCOverworldLevel.OverworldLevel:PersistentLevel.MeleeSpline_BP_C_60.PaperSprite)
[2016.08.18-19.08.43:407][222]LogPrimitiveComponent: Zero scaling not supported (/Temp/Autosaves/Game/Levels/UEDPCOverworldLevel.OverworldLevel:PersistentLevel.MeleeSpline_BP_C_61.PaperSprite)
[2016.08.18-19.08.43:408][222]LogPrimitiveComponent: Zero scaling not supported (/Temp/Autosaves/Game/Levels/UEDPCOverworldLevel.OverworldLevel:PersistentLevel.MeleeSpline_BP_C_62.PaperSprite)
[2016.08.18-19.08.43:408][222]LogBlueprintUserMessages: [MeleeDrawer_52] Hit Max Length
[2016.08.18-19.08.44:294][277]LogPrimitiveComponent: Zero scaling not supported (/Temp/Autosaves/Game/Levels/UEDPCOverworldLevel.OverworldLevel:PersistentLevel.MeleeSpline_BP_C_63.PaperSprite)
[2016.08.18-19.08.44:311][278]LogPrimitiveComponent: Zero scaling not supported (/Temp/Autosaves/Game/Levels/UEDPCOverworldLevel.OverworldLevel:PersistentLevel.MeleeSpline_BP_C_64.PaperSprite)
[2016.08.18-19.08.44:311][278]LogPrimitiveComponent: Zero scaling not supported (/Temp/Autosaves/Game/Levels/UEDPCOverworldLevel.OverworldLevel:PersistentLevel.MeleeSpline_BP_C_65.PaperSprite)
[2016.08.18-19.08.44:327][279]LogPrimitiveComponent: Zero scaling not supported (/Temp/Autosaves/Game/Levels/UEDPCOverworldLevel.OverworldLevel:PersistentLevel.MeleeSpline_BP_C_66.PaperSprite)
[2016.08.18-19.08.44:327][279]LogPrimitiveComponent: Zero scaling not supported (/Temp/Autosaves/Game/Levels/UEDPCOverworldLevel.OverworldLevel:PersistentLevel.MeleeSpline_BP_C_67.PaperSprite)
[2016.08.18-19.08.44:344][280]LogPrimitiveComponent: Zero scaling not supported (/Temp/Autosaves/Game/Levels/UEDPCOverworldLevel.OverworldLevel:PersistentLevel.MeleeSpline_BP_C_68.PaperSprite)
[2016.08.18-19.08.44:344][280]LogPrimitiveComponent: Zero scaling not supported (/Temp/Autosaves/Game/Levels/UEDPCOverworldLevel.OverworldLevel:PersistentLevel.MeleeSpline_BP_C_69.PaperSprite)
[2016.08.18-19.08.44:344][280]LogPrimitiveComponent: Zero scaling not supported (/Temp/Autosaves/Game/Levels/UEDPCOverworldLevel.OverworldLevel:PersistentLevel.MeleeSpline_BP_C_70.PaperSprite)
[2016.08.18-19.08.44:360][281]LogPrimitiveComponent: Zero scaling not supported (/Temp/Autosaves/Game/Levels/UEDPCOverworldLevel.OverworldLevel:PersistentLevel.MeleeSpline_BP_C_71.PaperSprite)
[2016.08.18-19.08.44:360][281]LogPrimitiveComponent: Zero scaling not supported (/Temp/Autosaves/Game/Levels/UEDPCOverworldLevel.OverworldLevel:PersistentLevel.MeleeSpline_BP_C_72.PaperSprite)
[2016.08.18-19.08.44:360][281]LogPrimitiveComponent: Zero scaling not supported (/Temp/Autosaves/Game/Levels/UEDPCOverworldLevel.OverworldLevel:PersistentLevel.MeleeSpline_BP_C_73.PaperSprite)
[2016.08.18-19.08.44:375][282]LogPrimitiveComponent: Zero scaling not supported (/Temp/Autosaves/Game/Levels/UEDPCOverworldLevel.OverworldLevel:PersistentLevel.MeleeSpline_BP_C_74.PaperSprite)
[2016.08.18-19.08.44:375][282]LogPrimitiveComponent: Zero scaling not supported (/Temp/Autosaves/Game/Levels/UEDPCOverworldLevel.OverworldLevel:PersistentLevel.MeleeSpline_BP_C_75.PaperSprite)
[2016.08.18-19.08.44:376][282]LogPrimitiveComponent: Zero scaling not supported (/Temp/Autosaves/Game/Levels/UEDPCOverworldLevel.OverworldLevel:PersistentLevel.MeleeSpline_BP_C_76.PaperSprite)
[2016.08.18-19.08.44:391][283]LogPrimitiveComponent: Zero scaling not supported (/Temp/Autosaves/Game/Levels/UEDPCOverworldLevel.OverworldLevel:PersistentLevel.MeleeSpline_BP_C_77.PaperSprite)
[2016.08.18-19.08.44:392][283]LogPrimitiveComponent: Zero scaling not supported (/Temp/Autosaves/Game/Levels/UEDPCOverworldLevel.OverworldLevel:PersistentLevel.MeleeSpline_BP_C_78.PaperSprite)
[2016.08.18-19.08.44:392][283]LogPrimitiveComponent: Zero scaling not supported (/Temp/Autosaves/Game/Levels/UEDPCOverworldLevel.OverworldLevel:PersistentLevel.MeleeSpline_BP_C_79.PaperSprite)
[2016.08.18-19.08.44:408][284]LogPrimitiveComponent: Zero scaling not supported (/Temp/Autosaves/Game/Levels/UEDPCOverworldLevel.OverworldLevel:PersistentLevel.MeleeSpline_BP_C_80.PaperSprite)
[2016.08.18-19.08.44:408][284]LogPrimitiveComponent: Zero scaling not supported (/Temp/Autosaves/Game/Levels/UEDPCOverworldLevel.OverworldLevel:PersistentLevel.MeleeSpline_BP_C_81.PaperSprite)
[2016.08.18-19.08.44:408][284]LogPrimitiveComponent: Zero scaling not supported (/Temp/Autosaves/Game/Levels/UEDPCOverworldLevel.OverworldLevel:PersistentLevel.MeleeSpline_BP_C_82.PaperSprite)
[2016.08.18-19.08.44:424][285]LogPrimitiveComponent: Zero scaling not supported (/Temp/Autosaves/Game/Levels/UEDPCOverworldLevel.OverworldLevel:PersistentLevel.MeleeSpline_BP_C_83.PaperSprite)
[2016.08.18-19.08.44:424][285]LogPrimitiveComponent: Zero scaling not supported (/Temp/Autosaves/Game/Levels/UEDPCOverworldLevel.OverworldLevel:PersistentLevel.MeleeSpline_BP_C_84.PaperSprite)
[2016.08.18-19.08.44:424][285]LogPrimitiveComponent: Zero scaling not supported (/Temp/Autosaves/Game/Levels/UEDPCOverworldLevel.OverworldLevel:PersistentLevel.MeleeSpline_BP_C_85.PaperSprite)
[2016.08.18-19.08.44:440][286]LogPrimitiveComponent: Zero scaling not supported (/Temp/Autosaves/Game/Levels/UEDPCOverworldLevel.OverworldLevel:PersistentLevel.MeleeSpline_BP_C_86.PaperSprite)
[2016.08.18-19.08.44:440][286]LogPrimitiveComponent: Zero scaling not supported (/Temp/Autosaves/Game/Levels/UEDPCOverworldLevel.OverworldLevel:PersistentLevel.MeleeSpline_BP_C_87.PaperSprite)
[2016.08.18-19.08.44:456][287]LogPrimitiveComponent: Zero scaling not supported (/Temp/Autosaves/Game/Levels/UEDPCOverworldLevel.OverworldLevel:PersistentLevel.MeleeSpline_BP_C_88.PaperSprite)
[2016.08.18-19.08.44:472][288]LogPrimitiveComponent: Zero scaling not supported (/Temp/Autosaves/Game/Levels/UEDPCOverworldLevel.OverworldLevel:PersistentLevel.MeleeSpline_BP_C_89.PaperSprite)
[2016.08.18-19.08.44:472][288]LogBlueprintUserMessages: [MeleeDrawer_52] Hit Max Length
[2016.08.18-19.08.45:294][339]LogPrimitiveComponent: Zero scaling not supported (/Temp/Autosaves/Game/Levels/UEDPCOverworldLevel.OverworldLevel:PersistentLevel.MeleeSpline_BP_C_90.PaperSprite)
[2016.08.18-19.08.45:310][340]LogPrimitiveComponent: Zero scaling not supported (/Temp/Autosaves/Game/Levels/UEDPCOverworldLevel.OverworldLevel:PersistentLevel.MeleeSpline_BP_C_91.PaperSprite)
[2016.08.18-19.08.45:311][340]LogPrimitiveComponent: Zero scaling not supported (/Temp/Autosaves/Game/Levels/UEDPCOverworldLevel.OverworldLevel:PersistentLevel.MeleeSpline_BP_C_92.PaperSprite)
[2016.08.18-19.08.45:327][341]LogPrimitiveComponent: Zero scaling not supported (/Temp/Autosaves/Game/Levels/UEDPCOverworldLevel.OverworldLevel:PersistentLevel.MeleeSpline_BP_C_93.PaperSprite)
[2016.08.18-19.08.45:327][341]LogPrimitiveComponent: Zero scaling not supported (/Temp/Autosaves/Game/Levels/UEDPCOverworldLevel.OverworldLevel:PersistentLevel.MeleeSpline_BP_C_94.PaperSprite)
[2016.08.18-19.08.45:343][342]LogPrimitiveComponent: Zero scaling not supported (/Temp/Autosaves/Game/Levels/UEDPCOverworldLevel.OverworldLevel:PersistentLevel.MeleeSpline_BP_C_95.PaperSprite)
[2016.08.18-19.08.45:343][342]LogPrimitiveComponent: Zero scaling not supported (/Temp/Autosaves/Game/Levels/UEDPCOverworldLevel.OverworldLevel:PersistentLevel.MeleeSpline_BP_C_96.PaperSprite)
[2016.08.18-19.08.45:343][342]LogPrimitiveComponent: Zero scaling not supported (/Temp/Autosaves/Game/Levels/UEDPCOverworldLevel.OverworldLevel:PersistentLevel.MeleeSpline_BP_C_97.PaperSprite)
[2016.08.18-19.08.45:359][343]LogPrimitiveComponent: Zero scaling not supported (/Temp/Autosaves/Game/Levels/UEDPCOverworldLevel.OverworldLevel:PersistentLevel.MeleeSpline_BP_C_98.PaperSprite)
[2016.08.18-19.08.45:360][343]LogPrimitiveComponent: Zero scaling not supported (/Temp/Autosaves/Game/Levels/UEDPCOverworldLevel.OverworldLevel:PersistentLevel.MeleeSpline_BP_C_99.PaperSprite)
[2016.08.18-19.08.45:360][343]LogPrimitiveComponent: Zero scaling not supported (/Temp/Autosaves/Game/Levels/UEDPCOverworldLevel.OverworldLevel:PersistentLevel.MeleeSpline_BP_C_100.PaperSprite)
[2016.08.18-19.08.45:375][344]LogPrimitiveComponent: Zero scaling not supported (/Temp/Autosaves/Game/Levels/UEDPCOverworldLevel.OverworldLevel:PersistentLevel.MeleeSpline_BP_C_101.PaperSprite)
[2016.08.18-19.08.45:376][344]LogPrimitiveComponent: Zero scaling not supported (/Temp/Autosaves/Game/Levels/UEDPCOverworldLevel.OverworldLevel:PersistentLevel.MeleeSpline_BP_C_102.PaperSprite)
[2016.08.18-19.08.45:376][344]LogPrimitiveComponent: Zero scaling not supported (/Temp/Autosaves/Game/Levels/UEDPCOverworldLevel.OverworldLevel:PersistentLevel.MeleeSpline_BP_C_103.PaperSprite)
[2016.08.18-19.08.45:391][345]LogPrimitiveComponent: Zero scaling not supported (/Temp/Autosaves/Game/Levels/UEDPCOverworldLevel.OverworldLevel:PersistentLevel.MeleeSpline_BP_C_104.PaperSprite)
[2016.08.18-19.08.45:392][345]LogPrimitiveComponent: Zero scaling not supported (/Temp/Autosaves/Game/Levels/UEDPCOverworldLevel.OverworldLevel:PersistentLevel.MeleeSpline_BP_C_105.PaperSprite)
[2016.08.18-19.08.45:392][345]LogPrimitiveComponent: Zero scaling not supported (/Temp/Autosaves/Game/Levels/UEDPCOverworldLevel.OverworldLevel:PersistentLevel.MeleeSpline_BP_C_106.PaperSprite)
[2016.08.18-19.08.45:408][346]LogPrimitiveComponent: Zero scaling not supported (/Temp/Autosaves/Game/Levels/UEDPCOverworldLevel.OverworldLevel:PersistentLevel.MeleeSpline_BP_C_107.PaperSprite)
[2016.08.18-19.08.45:408][346]LogPrimitiveComponent: Zero scaling not supported (/Temp/Autosaves/Game/Levels/UEDPCOverworldLevel.OverworldLevel:PersistentLevel.MeleeSpline_BP_C_108.PaperSprite)
[2016.08.18-19.08.45:408][346]LogPrimitiveComponent: Zero scaling not supported (/Temp/Autosaves/Game/Levels/UEDPCOverworldLevel.OverworldLevel:PersistentLevel.MeleeSpline_BP_C_109.PaperSprite)
[2016.08.18-19.08.45:424][347]LogPrimitiveComponent: Zero scaling not supported (/Temp/Autosaves/Game/Levels/UEDPCOverworldLevel.OverworldLevel:PersistentLevel.MeleeSpline_BP_C_110.PaperSprite)
[2016.08.18-19.08.45:424][347]LogPrimitiveComponent: Zero scaling not supported (/Temp/Autosaves/Game/Levels/UEDPCOverworldLevel.OverworldLevel:PersistentLevel.MeleeSpline_BP_C_111.PaperSprite)
[2016.08.18-19.08.45:424][347]LogPrimitiveComponent: Zero scaling not supported (/Temp/Autosaves/Game/Levels/UEDPCOverworldLevel.OverworldLevel:PersistentLevel.MeleeSpline_BP_C_112.PaperSprite)
[2016.08.18-19.08.45:440][348]LogPrimitiveComponent: Zero scaling not supported (/Temp/Autosaves/Game/Levels/UEDPCOverworldLevel.OverworldLevel:PersistentLevel.MeleeSpline_BP_C_113.PaperSprite)
[2016.08.18-19.08.45:440][348]LogPrimitiveComponent: Zero scaling not supported (/Temp/Autosaves/Game/Levels/UEDPCOverworldLevel.OverworldLevel:PersistentLevel.MeleeSpline_BP_C_114.PaperSprite)
[2016.08.18-19.08.45:440][348]LogPrimitiveComponent: Zero scaling not supported (/Temp/Autosaves/Game/Levels/UEDPCOverworldLevel.OverworldLevel:PersistentLevel.MeleeSpline_BP_C_115.PaperSprite)
[2016.08.18-19.08.45:440][348]LogBlueprintUserMessages: [MeleeDrawer_52] Hit Max Length
[2016.08.18-19.08.47:713][489]LogPrimitiveComponent: Zero scaling not supported (/Temp/Autosaves/Game/Levels/UEDPCOverworldLevel.OverworldLevel:PersistentLevel.MeleeSpline_BP_C_116.PaperSprite)
[2016.08.18-19.08.47:731][490]LogPrimitiveComponent: Zero scaling not supported (/Temp/Autosaves/Game/Levels/UEDPCOverworldLevel.OverworldLevel:PersistentLevel.MeleeSpline_BP_C_117.PaperSprite)
[2016.08.18-19.08.47:747][491]LogPrimitiveComponent: Zero scaling not supported (/Temp/Autosaves/Game/Levels/UEDPCOverworldLevel.OverworldLevel:PersistentLevel.MeleeSpline_BP_C_118.PaperSprite)
[2016.08.18-19.08.47:748][491]LogPrimitiveComponent: Zero scaling not supported (/Temp/Autosaves/Game/Levels/UEDPCOverworldLevel.OverworldLevel:PersistentLevel.MeleeSpline_BP_C_119.PaperSprite)
[2016.08.18-19.08.47:762][492]LogPrimitiveComponent: Zero scaling not supported (/Temp/Autosaves/Game/Levels/UEDPCOverworldLevel.OverworldLevel:PersistentLevel.MeleeSpline_BP_C_120.PaperSprite)
[2016.08.18-19.08.47:779][493]LogPrimitiveComponent: Zero scaling not supported (/Temp/Autosaves/Game/Levels/UEDPCOverworldLevel.OverworldLevel:PersistentLevel.MeleeSpline_BP_C_121.PaperSprite)
[2016.08.18-19.08.47:795][494]LogPrimitiveComponent: Zero scaling not supported (/Temp/Autosaves/Game/Levels/UEDPCOverworldLevel.OverworldLevel:PersistentLevel.MeleeSpline_BP_C_122.PaperSprite)
[2016.08.18-19.08.47:811][495]LogPrimitiveComponent: Zero scaling not supported (/Temp/Autosaves/Game/Levels/UEDPCOverworldLevel.OverworldLevel:PersistentLevel.MeleeSpline_BP_C_123.PaperSprite)
[2016.08.18-19.08.47:827][496]LogPrimitiveComponent: Zero scaling not supported (/Temp/Autosaves/Game/Levels/UEDPCOverworldLevel.OverworldLevel:PersistentLevel.MeleeSpline_BP_C_124.PaperSprite)
[2016.08.18-19.08.47:827][496]LogPrimitiveComponent: Zero scaling not supported (/Temp/Autosaves/Game/Levels/UEDPCOverworldLevel.OverworldLevel:PersistentLevel.MeleeSpline_BP_C_125.PaperSprite)
[2016.08.18-19.08.47:843][497]LogPrimitiveComponent: Zero scaling not supported (/Temp/Autosaves/Game/Levels/UEDPCOverworldLevel.OverworldLevel:PersistentLevel.MeleeSpline_BP_C_126.PaperSprite)
[2016.08.18-19.08.47:843][497]LogPrimitiveComponent: Zero scaling not supported (/Temp/Autosaves/Game/Levels/UEDPCOverworldLevel.OverworldLevel:PersistentLevel.MeleeSpline_BP_C_127.PaperSprite)
[2016.08.18-19.08.47:859][498]LogPrimitiveComponent: Zero scaling not supported (/Temp/Autosaves/Game/Levels/UEDPCOverworldLevel.OverworldLevel:PersistentLevel.MeleeSpline_BP_C_128.PaperSprite)
[2016.08.18-19.08.47:860][498]LogPrimitiveComponent: Zero scaling not supported (/Temp/Autosaves/Game/Levels/UEDPCOverworldLevel.OverworldLevel:PersistentLevel.MeleeSpline_BP_C_129.PaperSprite)
[2016.08.18-19.08.47:875][499]LogPrimitiveComponent: Zero scaling not supported (/Temp/Autosaves/Game/Levels/UEDPCOverworldLevel.OverworldLevel:PersistentLevel.MeleeSpline_BP_C_130.PaperSprite)
[2016.08.18-19.08.47:876][499]LogPrimitiveComponent: Zero scaling not supported (/Temp/Autosaves/Game/Levels/UEDPCOverworldLevel.OverworldLevel:PersistentLevel.MeleeSpline_BP_C_131.PaperSprite)
[2016.08.18-19.08.47:876][499]LogPrimitiveComponent: Zero scaling not supported (/Temp/Autosaves/Game/Levels/UEDPCOverworldLevel.OverworldLevel:PersistentLevel.MeleeSpline_BP_C_132.PaperSprite)
[2016.08.18-19.08.47:891][500]LogPrimitiveComponent: Zero scaling not supported (/Temp/Autosaves/Game/Levels/UEDPCOverworldLevel.OverworldLevel:PersistentLevel.MeleeSpline_BP_C_133.PaperSprite)
[2016.08.18-19.08.47:892][500]LogPrimitiveComponent: Zero scaling not supported (/Temp/Autosaves/Game/Levels/UEDPCOverworldLevel.OverworldLevel:PersistentLevel.MeleeSpline_BP_C_134.PaperSprite)
[2016.08.18-19.08.47:892][500]LogPrimitiveComponent: Zero scaling not supported (/Temp/Autosaves/Game/Levels/UEDPCOverworldLevel.OverworldLevel:PersistentLevel.MeleeSpline_BP_C_135.PaperSprite)
[2016.08.18-19.08.47:907][501]LogPrimitiveComponent: Zero scaling not supported (/Temp/Autosaves/Game/Levels/UEDPCOverworldLevel.OverworldLevel:PersistentLevel.MeleeSpline_BP_C_136.PaperSprite)
[2016.08.18-19.08.47:908][501]LogPrimitiveComponent: Zero scaling not supported (/Temp/Autosaves/Game/Levels/UEDPCOverworldLevel.OverworldLevel:PersistentLevel.MeleeSpline_BP_C_137.PaperSprite)
[2016.08.18-19.08.47:908][501]LogPrimitiveComponent: Zero scaling not supported (/Temp/Autosaves/Game/Levels/UEDPCOverworldLevel.OverworldLevel:PersistentLevel.MeleeSpline_BP_C_138.PaperSprite)
[2016.08.18-19.08.47:924][502]LogPrimitiveComponent: Zero scaling not supported (/Temp/Autosaves/Game/Levels/UEDPCOverworldLevel.OverworldLevel:PersistentLevel.MeleeSpline_BP_C_139.PaperSprite)
[2016.08.18-19.08.47:924][502]LogPrimitiveComponent: Zero scaling not supported (/Temp/Autosaves/Game/Levels/UEDPCOverworldLevel.OverworldLevel:PersistentLevel.MeleeSpline_BP_C_140.PaperSprite)
[2016.08.18-19.08.47:940][503]LogPrimitiveComponent: Zero scaling not supported (/Temp/Autosaves/Game/Levels/UEDPCOverworldLevel.OverworldLevel:PersistentLevel.MeleeSpline_BP_C_141.PaperSprite)
[2016.08.18-19.08.47:940][503]LogPrimitiveComponent: Zero scaling not supported (/Temp/Autosaves/Game/Levels/UEDPCOverworldLevel.OverworldLevel:PersistentLevel.MeleeSpline_BP_C_142.PaperSprite)
[2016.08.18-19.08.47:956][504]LogPrimitiveComponent: Zero scaling not supported (/Temp/Autosaves/Game/Levels/UEDPCOverworldLevel.OverworldLevel:PersistentLevel.MeleeSpline_BP_C_143.PaperSprite)
[2016.08.18-19.08.47:956][504]LogPrimitiveComponent: Zero scaling not supported (/Temp/Autosaves/Game/Levels/UEDPCOverworldLevel.OverworldLevel:PersistentLevel.MeleeSpline_BP_C_144.PaperSprite)
[2016.08.18-19.08.47:957][504]LogPrimitiveComponent: Zero scaling not supported (/Temp/Autosaves/Game/Levels/UEDPCOverworldLevel.OverworldLevel:PersistentLevel.MeleeSpline_BP_C_145.PaperSprite)
[2016.08.18-19.08.47:957][504]LogBlueprintUserMessages: [MeleeDrawer_52] Hit Max Length
[2016.08.18-19.08.48:649][547]LogPrimitiveComponent: Zero scaling not supported (/Temp/Autosaves/Game/Levels/UEDPCOverworldLevel.OverworldLevel:PersistentLevel.MeleeSpline_BP_C_146.PaperSprite)
[2016.08.18-19.08.48:665][548]LogPrimitiveComponent: Zero scaling not supported (/Temp/Autosaves/Game/Levels/UEDPCOverworldLevel.OverworldLevel:PersistentLevel.MeleeSpline_BP_C_147.PaperSprite)
[2016.08.18-19.08.48:682][549]LogPrimitiveComponent: Zero scaling not supported (/Temp/Autosaves/Game/Levels/UEDPCOverworldLevel.OverworldLevel:PersistentLevel.MeleeSpline_BP_C_148.PaperSprite)
[2016.08.18-19.08.48:682][549]LogPrimitiveComponent: Zero scaling not supported (/Temp/Autosaves/Game/Levels/UEDPCOverworldLevel.OverworldLevel:PersistentLevel.MeleeSpline_BP_C_149.PaperSprite)
[2016.08.18-19.08.48:698][550]LogPrimitiveComponent: Zero scaling not supported (/Temp/Autosaves/Game/Levels/UEDPCOverworldLevel.OverworldLevel:PersistentLevel.MeleeSpline_BP_C_150.PaperSprite)
[2016.08.18-19.08.48:698][550]LogPrimitiveComponent: Zero scaling not supported (/Temp/Autosaves/Game/Levels/UEDPCOverworldLevel.OverworldLevel:PersistentLevel.MeleeSpline_BP_C_151.PaperSprite)
[2016.08.18-19.08.48:714][551]LogPrimitiveComponent: Zero scaling not supported (/Temp/Autosaves/Game/Levels/UEDPCOverworldLevel.OverworldLevel:PersistentLevel.MeleeSpline_BP_C_152.PaperSprite)
[2016.08.18-19.08.48:714][551]LogPrimitiveComponent: Zero scaling not supported (/Temp/Autosaves/Game/Levels/UEDPCOverworldLevel.OverworldLevel:PersistentLevel.MeleeSpline_BP_C_153.PaperSprite)
[2016.08.18-19.08.48:730][552]LogPrimitiveComponent: Zero scaling not supported (/Temp/Autosaves/Game/Levels/UEDPCOverworldLevel.OverworldLevel:PersistentLevel.MeleeSpline_BP_C_154.PaperSprite)
[2016.08.18-19.08.48:731][552]LogPrimitiveComponent: Zero scaling not supported (/Temp/Autosaves/Game/Levels/UEDPCOverworldLevel.OverworldLevel:PersistentLevel.MeleeSpline_BP_C_155.PaperSprite)
[2016.08.18-19.08.48:731][552]LogPrimitiveComponent: Zero scaling not supported (/Temp/Autosaves/Game/Levels/UEDPCOverworldLevel.OverworldLevel:PersistentLevel.MeleeSpline_BP_C_156.PaperSprite)
[2016.08.18-19.08.48:731][552]LogPrimitiveComponent: Zero scaling not supported (/Temp/Autosaves/Game/Levels/UEDPCOverworldLevel.OverworldLevel:PersistentLevel.MeleeSpline_BP_C_157.PaperSprite)
[2016.08.18-19.08.48:746][553]LogPrimitiveComponent: Zero scaling not supported (/Temp/Autosaves/Game/Levels/UEDPCOverworldLevel.OverworldLevel:PersistentLevel.MeleeSpline_BP_C_158.PaperSprite)
[2016.08.18-19.08.48:746][553]LogPrimitiveComponent: Zero scaling not supported (/Temp/Autosaves/Game/Levels/UEDPCOverworldLevel.OverworldLevel:PersistentLevel.MeleeSpline_BP_C_159.PaperSprite)
[2016.08.18-19.08.48:747][553]LogPrimitiveComponent: Zero scaling not supported (/Temp/Autosaves/Game/Levels/UEDPCOverworldLevel.OverworldLevel:PersistentLevel.MeleeSpline_BP_C_160.PaperSprite)
[2016.08.18-19.08.48:747][553]LogPrimitiveComponent: Zero scaling not supported (/Temp/Autosaves/Game/Levels/UEDPCOverworldLevel.OverworldLevel:PersistentLevel.MeleeSpline_BP_C_161.PaperSprite)
[2016.08.18-19.08.48:763][554]LogPrimitiveComponent: Zero scaling not supported (/Temp/Autosaves/Game/Levels/UEDPCOverworldLevel.OverworldLevel:PersistentLevel.MeleeSpline_BP_C_162.PaperSprite)
[2016.08.18-19.08.48:763][554]LogPrimitiveComponent: Zero scaling not supported (/Temp/Autosaves/Game/Levels/UEDPCOverworldLevel.OverworldLevel:PersistentLevel.MeleeSpline_BP_C_163.PaperSprite)
[2016.08.18-19.08.48:763][554]LogPrimitiveComponent: Zero scaling not supported (/Temp/Autosaves/Game/Levels/UEDPCOverworldLevel.OverworldLevel:PersistentLevel.MeleeSpline_BP_C_164.PaperSprite)
[2016.08.18-19.08.48:764][554]LogPrimitiveComponent: Zero scaling not supported (/Temp/Autosaves/Game/Levels/UEDPCOverworldLevel.OverworldLevel:PersistentLevel.MeleeSpline_BP_C_165.PaperSprite)
[2016.08.18-19.08.48:779][555]LogPrimitiveComponent: Zero scaling not supported (/Temp/Autosaves/Game/Levels/UEDPCOverworldLevel.OverworldLevel:PersistentLevel.MeleeSpline_BP_C_166.PaperSprite)
[2016.08.18-19.08.48:779][555]LogPrimitiveComponent: Zero scaling not supported (/Temp/Autosaves/Game/Levels/UEDPCOverworldLevel.OverworldLevel:PersistentLevel.MeleeSpline_BP_C_167.PaperSprite)
[2016.08.18-19.08.48:779][555]LogPrimitiveComponent: Zero scaling not supported (/Temp/Autosaves/Game/Levels/UEDPCOverworldLevel.OverworldLevel:PersistentLevel.MeleeSpline_BP_C_168.PaperSprite)
[2016.08.18-19.08.48:795][556]LogPrimitiveComponent: Zero scaling not supported (/Temp/Autosaves/Game/Levels/UEDPCOverworldLevel.OverworldLevel:PersistentLevel.MeleeSpline_BP_C_169.PaperSprite)
[2016.08.18-19.08.48:795][556]LogBlueprintUserMessages: [MeleeDrawer_52] Hit Max Length
[2016.08.18-19.08.49:974][622]LogWindowsTextInputMethodSystem:Display: IME system now deactivated.
[2016.08.18-19.08.49:983][622]LogEngine: All Windows Closed
[2016.08.18-19.08.49:983][622]LogWindows: FPlatformMisc::RequestExit(0)
[2016.08.18-19.08.50:112][623]LogExit: Preparing to exit.
[2016.08.18-19.08.50:911][623]LogExit: Game engine shut down
[2016.08.18-19.08.51:080][623]LogObj: Freed 0b from 0 cluster array pools.
[2016.08.18-19.08.51:080][623]LogExit: Object subsystem successfully closed.
[2016.08.18-19.08.51:091][623]LogD3D11RHI: Shutdown
[2016.08.18-19.08.51:091][623]LogD3D11RHI: CleanupD3DDevice
[2016.08.18-19.08.51:156][623]LogD3D11RHI: ~FD3D11DynamicRHI
[2016.08.18-19.08.51:268][623]LogDerivedDataCache: Shutdown
[2016.08.18-19.08.51:269][623]LogModuleManager: Shutting down and abandoning module AndroidDeviceDetection (126)
[2016.08.18-19.08.51:670][623]LogModuleManager: Shutting down and abandoning module AutomationController (125)
[2016.08.18-19.08.51:670][623]LogModuleManager: Shutting down and abandoning module AutomationWorker (124)
[2016.08.18-19.08.51:670][623]LogModuleManager: Shutting down and abandoning module CharacterAI (123)
[2016.08.18-19.08.51:670][623]LogModuleManager: Shutting down and abandoning module AITestSuite (122)
[2016.08.18-19.08.51:670][623]LogModuleManager: Shutting down and abandoning module GameplayDebugger (121)
[2016.08.18-19.08.51:670][623]LogModuleManager: Shutting down and abandoning module AIModule (120)
[2016.08.18-19.08.51:670][623]LogModuleManager: Shutting down and abandoning module AssetRegistry (119)
[2016.08.18-19.08.51:670][623]LogModuleManager: Shutting down and abandoning module MovieSceneCapture (118)
[2016.08.18-19.08.51:670][623]LogModuleManager: Shutting down and abandoning module StreamingPauseRendering (117)
[2016.08.18-19.08.51:670][623]LogModuleManager: Shutting down and abandoning module PortalServices (116)
[2016.08.18-19.08.51:670][623]LogModuleManager: Shutting down and abandoning module PortalRpc (115)
[2016.08.18-19.08.51:670][623]LogModuleManager: Shutting down and abandoning module MessagingRpc (114)
[2016.08.18-19.08.51:670][623]LogModuleManager: Shutting down and abandoning module ProfilerService (113)
[2016.08.18-19.08.51:821][623]LogModuleManager: Shutting down and abandoning module TaskGraph (112)
[2016.08.18-19.08.51:821][623]LogModuleManager: Shutting down and abandoning module SlateRemote (111)
[2016.08.18-19.08.51:821][623]LogModuleManager: Shutting down and abandoning module SteamVRController (110)
[2016.08.18-19.08.51:821][623]LogModuleManager: Shutting down and abandoning module SteamVR (109)
[2016.08.18-19.08.51:821][623]LogModuleManager: Shutting down and abandoning module ProceduralMeshComponent (108)
[2016.08.18-19.08.51:821][623]LogModuleManager: Shutting down and abandoning module OculusLibrary (107)
[2016.08.18-19.08.51:821][623]LogModuleManager: Shutting down and abandoning module OculusInput (106)
[2016.08.18-19.08.51:821][623]LogModuleManager: Shutting down and abandoning module CustomMeshComponent (105)
[2016.08.18-19.08.51:821][623]LogModuleManager: Shutting down and abandoning module CableComponent (104)
[2016.08.18-19.08.51:821][623]LogModuleManager: Shutting down and abandoning module ArchVisCharacter (103)
[2016.08.18-19.08.51:821][623]LogModuleManager: Shutting down and abandoning module HTML5Networking (102)
[2016.08.18-19.08.51:821][623]LogModuleManager: Shutting down and abandoning module DesktopPlatform (101)
[2016.08.18-19.08.51:821][623]LogModuleManager: Shutting down and abandoning module DirectoryWatcher (100)
[2016.08.18-19.08.51:821][623]LogModuleManager: Shutting down and abandoning module HotReload (99)
[2016.08.18-19.08.51:821][623]LogModuleManager: Shutting down and abandoning module VisualStudioSourceCodeAccess (98)
[2016.08.18-19.08.51:821][623]LogModuleManager: Shutting down and abandoning module UObjectPlugin (97)
[2016.08.18-19.08.51:821][623]LogModuleManager: Shutting down and abandoning module SubversionSourceControl (96)
[2016.08.18-19.08.51:821][623]LogModuleManager: Shutting down and abandoning module SourceControl (95)
[2016.08.18-19.08.51:821][623]LogModuleManager: Shutting down and abandoning module PerforceSourceControl (94)
[2016.08.18-19.08.51:821][623]LogModuleManager: Shutting down and abandoning module ProjectOne (93)
[2016.08.18-19.08.51:821][623]LogModuleManager: Shutting down and abandoning module UdpMessaging (92)
[2016.08.18-19.08.51:921][623]LogModuleManager: Shutting down and abandoning module LightPropagationVolumeRuntime (91)
[2016.08.18-19.08.51:921][623]LogModuleManager: Shutting down and abandoning module Paper2D (90)
[2016.08.18-19.08.51:921][623]LogModuleManager: Shutting down and abandoning module WindowsMoviePlayer (89)
[2016.08.18-19.08.51:921][623]LogModuleManager: Shutting down and abandoning module Media (88)
[2016.08.18-19.08.51:921][623]LogModuleManager: Shutting down and abandoning module WmfMedia (87)
[2016.08.18-19.08.51:921][623]LogModuleManager: Shutting down and abandoning module MediaAssets (86)
[2016.08.18-19.08.51:921][623]LogModuleManager: Shutting down and abandoning module GameLiveStreaming (85)
[2016.08.18-19.08.51:921][623]LogModuleManager: Shutting down and abandoning module GameplayTagsEditor (84)
[2016.08.18-19.08.51:921][623]LogModuleManager: Shutting down and abandoning module OnlineBlueprintSupport (83)
[2016.08.18-19.08.51:921][623]LogModuleManager: Shutting down and abandoning module GameplayTasksEditor (82)
[2016.08.18-19.08.51:921][623]LogModuleManager: Shutting down and abandoning module PropertyEditor (81)
[2016.08.18-19.08.51:921][623]LogModuleManager: Shutting down and abandoning module BehaviorTreeEditor (80)
[2016.08.18-19.08.51:921][623]LogModuleManager: Shutting down and abandoning module FunctionalTesting (79)
[2016.08.18-19.08.51:921][623]LogModuleManager: Shutting down and abandoning module CollisionAnalyzer (78)
[2016.08.18-19.08.51:922][623]LogModuleManager: Shutting down and abandoning module WorkspaceMenuStructure (77)
[2016.08.18-19.08.51:922][623]LogModuleManager: Shutting down and abandoning module MessageLog (76)
[2016.08.18-19.08.51:922][623]LogModuleManager: Shutting down and abandoning module Sequencer (75)
[2016.08.18-19.08.51:922][623]LogModuleManager: Shutting down and abandoning module AssetTools (74)
[2016.08.18-19.08.51:922][623]LogModuleManager: Shutting down and abandoning module UMGEditor (73)
[2016.08.18-19.08.51:922][623]LogModuleManager: Shutting down and abandoning module UMG (72)
[2016.08.18-19.08.51:922][623]LogModuleManager: Shutting down and abandoning module SlateReflector (71)
[2016.08.18-19.08.51:922][623]LogModuleManager: Shutting down and abandoning module Slate (70)
[2016.08.18-19.08.51:922][623]LogModuleManager: Shutting down and abandoning module EditorStyle (69)
[2016.08.18-19.08.51:924][623]LogModuleManager: Shutting down and abandoning module SessionServices (68)
[2016.08.18-19.08.51:924][623]LogModuleManager: Shutting down and abandoning module SourceCodeAccess (67)
[2016.08.18-19.08.51:924][623]LogModuleManager: Shutting down and abandoning module HeadMountedDisplay (66)
[2016.08.18-19.08.51:924][623]LogModuleManager: Shutting down and abandoning module XAudio2 (65)
[2016.08.18-19.08.51:924][623]LogModuleManager: Shutting down and abandoning module Networking (63)
[2016.08.18-19.08.51:924][623]LogModuleManager: Shutting down and abandoning module Core (62)
[2016.08.18-19.08.51:924][623]LogModuleManager: Shutting down and abandoning module KismetCompiler (61)
[2016.08.18-19.08.51:924][623]LogModuleManager: Shutting down and abandoning module PhysXFormats (60)
[2016.08.18-19.08.51:924][623]LogModuleManager: Shutting down and abandoning module MeshUtilities (59)
[2016.08.18-19.08.51:924][623]LogModuleManager: Shutting down and abandoning module CookingStats (58)
[2016.08.18-19.08.51:924][623]LogModuleManager: Shutting down and abandoning module DerivedDataCache (57)
[2016.08.18-19.08.51:924][623]LogDerivedDataCache: Shutdown
[2016.08.18-19.08.51:924][623]LogModuleManager: Shutting down and abandoning module ShaderFormatOpenGL (56)
[2016.08.18-19.08.51:924][623]LogModuleManager: Shutting down and abandoning module ShaderFormatD3D (55)
[2016.08.18-19.08.51:924][623]LogModuleManager: Shutting down and abandoning module MetalShaderFormat (54)
[2016.08.18-19.08.51:924][623]LogModuleManager: Shutting down and abandoning module TextureFormatUncompressed (53)
[2016.08.18-19.08.51:924][623]LogModuleManager: Shutting down and abandoning module TextureFormatPVR (52)
[2016.08.18-19.08.51:924][623]LogModuleManager: Shutting down and abandoning module TextureFormatIntelISPCTexComp (51)
[2016.08.18-19.08.51:924][623]LogModuleManager: Shutting down and abandoning module TextureFormatDXT (50)
[2016.08.18-19.08.51:924][623]LogModuleManager: Shutting down and abandoning module ImageWrapper (49)
[2016.08.18-19.08.51:924][623]LogModuleManager: Shutting down and abandoning module TextureFormatASTC (48)
[2016.08.18-19.08.51:924][623]LogModuleManager: Shutting down and abandoning module TextureFormatAndroid (47)
[2016.08.18-19.08.51:924][623]LogModuleManager: Shutting down and abandoning module AudioFormatOpus (46)
[2016.08.18-19.08.51:924][623]LogModuleManager: Shutting down and abandoning module AudioFormatOgg (45)
[2016.08.18-19.08.51:924][623]LogModuleManager: Shutting down and abandoning module AudioFormatADPCM (44)
[2016.08.18-19.08.51:924][623]LogModuleManager: Shutting down and abandoning module LinuxTargetPlatform (43)
[2016.08.18-19.08.51:924][623]LogModuleManager: Shutting down and abandoning module LinuxServerTargetPlatform (42)
[2016.08.18-19.08.51:924][623]LogModuleManager: Shutting down and abandoning module LinuxNoEditorTargetPlatform (41)
[2016.08.18-19.08.51:924][623]LogModuleManager: Shutting down and abandoning module TVOSTargetPlatform (40)
[2016.08.18-19.08.51:924][623]LogModuleManager: Shutting down and abandoning module Messaging (39)
[2016.08.18-19.08.51:924][623]LogModuleManager: Shutting down and abandoning module IOSTargetPlatform (38)
[2016.08.18-19.08.51:924][623]LogModuleManager: Shutting down and abandoning module HTML5TargetPlatform (37)
[2016.08.18-19.08.51:924][623]LogModuleManager: Shutting down and abandoning module Android_PVRTCTargetPlatform (36)
[2016.08.18-19.08.51:924][623]LogModuleManager: Shutting down and abandoning module Android_MultiTargetPlatform (35)
[2016.08.18-19.08.51:924][623]LogModuleManager: Shutting down and abandoning module Android_ETC2TargetPlatform (34)
[2016.08.18-19.08.51:924][623]LogModuleManager: Shutting down and abandoning module Android_ETC1TargetPlatform (33)
[2016.08.18-19.08.51:924][623]LogModuleManager: Shutting down and abandoning module Android_DXTTargetPlatform (32)
[2016.08.18-19.08.51:924][623]LogModuleManager: Shutting down and abandoning module Android_ATCTargetPlatform (31)
[2016.08.18-19.08.51:924][623]LogModuleManager: Shutting down and abandoning module Android_ASTCTargetPlatform (30)
[2016.08.18-19.08.51:924][623]LogModuleManager: Shutting down and abandoning module AndroidTargetPlatform (29)
[2016.08.18-19.08.51:924][623]LogModuleManager: Shutting down and abandoning module WindowsTargetPlatform (28)
[2016.08.18-19.08.51:924][623]LogModuleManager: Shutting down and abandoning module WindowsServerTargetPlatform (27)
[2016.08.18-19.08.51:924][623]LogModuleManager: Shutting down and abandoning module WindowsNoEditorTargetPlatform (26)
[2016.08.18-19.08.51:924][623]LogModuleManager: Shutting down and abandoning module WindowsClientTargetPlatform (25)
[2016.08.18-19.08.51:924][623]LogModuleManager: Shutting down and abandoning module AllDesktopTargetPlatform (24)
[2016.08.18-19.08.51:924][623]LogModuleManager: Shutting down and abandoning module TargetPlatform (23)
[2016.08.18-19.08.51:924][623]LogModuleManager: Shutting down and abandoning module InputCore (22)
[2016.08.18-19.08.51:924][623]LogModuleManager: Shutting down and abandoning module Settings (21)
[2016.08.18-19.08.51:924][623]LogModuleManager: Shutting down and abandoning module OnlineSubsystem (19)
[2016.08.18-19.08.51:924][623]LogModuleManager: Shutting down and abandoning module HTTP (18)
[2016.08.18-19.08.51:924][623]LogModuleManager: Shutting down and abandoning module XMPP (17)
[2016.08.18-19.08.51:924][623]LogModuleManager: Shutting down and abandoning module OculusRift (16)
[2016.08.18-19.08.51:924][623]LogModuleManager: Shutting down and abandoning module ExampleDeviceProfileSelector (15)
[2016.08.18-19.08.51:924][623]LogModuleManager: Shutting down and abandoning module TextureCompressor (14)
[2016.08.18-19.08.51:924][623]LogModuleManager: Shutting down and abandoning module ShaderCore (13)
[2016.08.18-19.08.51:924][623]LogModuleManager: Shutting down and abandoning module Landscape (12)
[2016.08.18-19.08.51:924][623]LogModuleManager: Shutting down and abandoning module SlateRHIRenderer (11)
[2016.08.18-19.08.51:924][623]LogModuleManager: Shutting down and abandoning module OpenGLDrv (10)
[2016.08.18-19.08.51:924][623]LogModuleManager: Shutting down and abandoning module D3D11RHI (9)
[2016.08.18-19.08.51:924][623]LogModuleManager: Shutting down and abandoning module AnimGraphRuntime (8)
[2016.08.18-19.08.51:924][623]LogModuleManager: Shutting down and abandoning module Renderer (7)
[2016.08.18-19.08.51:924][623]LogModuleManager: Shutting down and abandoning module Engine (6)
[2016.08.18-19.08.51:924][623]LogModuleManager: Shutting down and abandoning module CoreUObject (5)
[2016.08.18-19.08.51:924][623]LogModuleManager: Shutting down and abandoning module NetworkFile (4)
[2016.08.18-19.08.51:924][623]LogModuleManager: Shutting down and abandoning module StreamingFile (3)
[2016.08.18-19.08.51:924][623]LogModuleManager: Shutting down and abandoning module SandboxFile (2)
[2016.08.18-19.08.51:924][623]LogModuleManager: Shutting down and abandoning module PakFile (1)
[2016.08.18-19.08.51:926][623]LogExit: Exiting.
[2016.08.18-19.08.51:927][623]Log file closed, 08/18/16 15:08:51
