Log file open, 08/18/16 15:50:39
LogInit:Display: Running engine for game: ProjectOne
LogPlatformFile: Not using cached read wrapper
LogInit:Display: RandInit(1710347172) SRandInit(1710347174).
LogTaskGraph: Started task graph with 4 named threads and 7 total threads.
LogStats: Stats thread started at 0.082614
LogInit: Version: 4.11.2-2946394+++UE4+Release-4.11
LogInit: API Version: 2927265
LogInit: Compiled (64-bit): Apr 18 2016 02:18:46
LogInit: Compiled with Visual C++: 19.00.23026.00
LogInit: Build Configuration: Development
LogInit: Branch Name: ++UE4+Release-4.11
LogInit: Command line:  
LogInit: Base directory: C:/Program Files/Epic Games/4.11/Engine/Binaries/Win64/
LogInit: Installed Engine Build: 1
LogInit: Using libcurl 7.41.0
LogInit:  - built for x86_64-pc-win32
LogInit:  - supports SSL with WinSSL
LogInit:  - other features:
LogInit:      CURL_VERSION_SSL
LogInit:      CURL_VERSION_IPV6
LogInit:      CURL_VERSION_ASYNCHDNS
LogInit:      CURL_VERSION_LARGEFILE
LogInit:      CURL_VERSION_IDN
LogInit:  CurlRequestOptions (configurable via config and command line):
LogInit:  - bVerifyPeer = true  - Libcurl will verify peer certificate
LogInit:  - bUseHttpProxy = false  - Libcurl will NOT use HTTP proxy
LogInit:  - bDontReuseConnections = false  - Libcurl will reuse connections
LogInit:  - CertBundlePath = nullptr  - Libcurl will use whatever was configured at build time.
LogInit: Presizing for max 16777216 objects, including 0 objects not considered by GC, pre-allocating 0 bytes for permanent pool.
LogInit: Object subsystem initialized
[2016.08.18-19.50.39:310][  0]LogInit: Selected Device Profile: [Windows]
[2016.08.18-19.50.39:310][  0]LogInit: Applying CVar settings loaded from the selected device profile: [Windows]
[2016.08.18-19.50.39:345][  0]LogInit: Computer: FAHAD-PC
[2016.08.18-19.50.39:345][  0]LogInit: User: Fahad
[2016.08.18-19.50.39:345][  0]LogInit: CPU Page size=65536, Cores=4
[2016.08.18-19.50.39:345][  0]LogInit: High frequency timer resolution =3.215352 MHz
[2016.08.18-19.50.39:346][  0]LogMemory: Memory total: Physical=8.0GB (8GB approx)
[2016.08.18-19.50.39:346][  0]LogMemory: Platform Memory Stats for Windows
[2016.08.18-19.50.39:346][  0]LogMemory: Process Physical Memory: 314.04 MB used, 314.04 MB peak
[2016.08.18-19.50.39:346][  0]LogMemory: Process Virtual Memory: 314.84 MB used, 314.84 MB peak
[2016.08.18-19.50.39:346][  0]LogMemory: Physical Memory: 4558.96 MB used, 8174.67 MB total
[2016.08.18-19.50.39:346][  0]LogMemory: Virtual Memory: 651.88 MB used, 134217728.00 MB total
[2016.08.18-19.50.39:420][  0]LogTextLocalizationManager: No specific translations for ('en-US') exist, so ('en') translations will be used.
[2016.08.18-19.50.39:863][  0]LogD3D11RHI: D3D11 adapters:
[2016.08.18-19.50.39:897][  0]LogD3D11RHI:    0. 'NVIDIA GeForce GTX 970' (Feature Level 11_0)
[2016.08.18-19.50.39:897][  0]LogD3D11RHI:       4007MB of dedicated video memory, 0MB of dedicated system memory, and 4087MB of shared system memory, 2 output[s]
[2016.08.18-19.50.39:899][  0]LogD3D11RHI:    1. 'Microsoft Basic Render Driver' (Feature Level 11_0)
[2016.08.18-19.50.39:899][  0]LogD3D11RHI:       0MB of dedicated video memory, 0MB of dedicated system memory, and 4087MB of shared system memory, 0 output[s]
[2016.08.18-19.50.39:899][  0]LogD3D11RHI: Chosen D3D11 Adapter: 0
[2016.08.18-19.50.39:904][  0]LogD3D11RHI: Creating new Direct3DDevice
[2016.08.18-19.50.39:904][  0]LogD3D11RHI:     Adapter Name: NVIDIA GeForce GTX 970
[2016.08.18-19.50.39:904][  0]LogD3D11RHI:   Driver Version: 10.18.13.6510 (internal 10.18.13.6510)
[2016.08.18-19.50.39:904][  0]LogD3D11RHI:      Driver Date: 4-27-2016
[2016.08.18-19.50.39:904][  0]LogRHI: Texture pool is 1361 MB (70% of 1945 MB)
[2016.08.18-19.50.39:919][  0]LogD3D11RHI: Async texture creation enabled
[2016.08.18-19.50.40:385][  0]LogShaderCompilers: Guid format shader working directory is -48 characters bigger than the processId version (../../../../../../Users/Fahad/Desktop/MX2 Game Suite/GitHub Directory/project-1-mx2/ProjectOne/Intermediate/Shaders/WorkingDirectory/6592/).
[2016.08.18-19.50.40:385][  0]LogShaderCompilers: Cleaned the shader compiler working directory 'C:/Users/Fahad/AppData/Local/Temp/UnrealShaderWorkingDir/5DF28B9647BA2488736CDDAEFEB63CE3/'.
[2016.08.18-19.50.40:385][  0]LogShaderCompilers:Display: Using Local Shader Compiler.
[2016.08.18-19.50.41:444][  0]LogTemp:Display: Loaded TP AllDesktopTargetPlatform
[2016.08.18-19.50.41:451][  0]LogTemp:Display: Loaded TP WindowsClientTargetPlatform
[2016.08.18-19.50.41:457][  0]LogTemp:Display: Loaded TP WindowsNoEditorTargetPlatform
[2016.08.18-19.50.41:464][  0]LogTemp:Display: Loaded TP WindowsServerTargetPlatform
[2016.08.18-19.50.41:471][  0]LogTemp:Display: Loaded TP WindowsTargetPlatform
[2016.08.18-19.50.41:476][  0]LogTemp:Display: Loaded TP AndroidTargetPlatform
[2016.08.18-19.50.41:492][  0]LogTemp:Display: Loaded TP Android_ASTCTargetPlatform
[2016.08.18-19.50.41:497][  0]LogTemp:Display: Loaded TP Android_ATCTargetPlatform
[2016.08.18-19.50.41:501][  0]LogTemp:Display: Loaded TP Android_DXTTargetPlatform
[2016.08.18-19.50.41:505][  0]LogTemp:Display: Loaded TP Android_ETC1TargetPlatform
[2016.08.18-19.50.41:510][  0]LogTemp:Display: Loaded TP Android_ETC2TargetPlatform
[2016.08.18-19.50.41:527][  0]LogTemp:Display: Loaded TP Android_MultiTargetPlatform
[2016.08.18-19.50.41:527][  0]LogTemp:Display: Loaded TP Android_PVRTCTargetPlatform
[2016.08.18-19.50.41:529][  0]LogTemp:Display: Loaded TP HTML5TargetPlatform
[2016.08.18-19.50.41:550][  0]LogTemp:Display: Loaded TP IOSTargetPlatform
[2016.08.18-19.50.41:553][  0]LogTemp:Display: Loaded TP TVOSTargetPlatform
[2016.08.18-19.50.41:559][  0]LogTemp:Display: Loaded TP LinuxNoEditorTargetPlatform
[2016.08.18-19.50.41:572][  0]LogTemp:Display: Loaded TP LinuxServerTargetPlatform
[2016.08.18-19.50.41:577][  0]LogTemp:Display: Loaded TP LinuxTargetPlatform
[2016.08.18-19.50.41:577][  0]LogTargetPlatformManager:Display: Building Assets For Windows
[2016.08.18-19.50.41:718][  0]LogDerivedDataCache:Display: Max Cache Size: 512 MB
[2016.08.18-19.50.41:786][  0]LogDerivedDataCache: Loaded boot cache 0.07s 65MB C:/Users/Fahad/AppData/Local/UnrealEngine/4.11/DerivedDataCache/Boot.ddc.
[2016.08.18-19.50.41:786][  0]LogDerivedDataCache:Display: Loaded Boot cache: C:/Users/Fahad/AppData/Local/UnrealEngine/4.11/DerivedDataCache/Boot.ddc
[2016.08.18-19.50.41:786][  0]LogDerivedDataCache: FDerivedDataBackendGraph:  Pak pak cache file ../../../../../../Users/Fahad/Desktop/MX2 Game Suite/GitHub Directory/project-1-mx2/ProjectOne/DerivedDataCache/DDC.ddp not found, will not use a pak cache.
[2016.08.18-19.50.41:786][  0]LogDerivedDataCache: Unable to find inner node Pak for hierarchical cache Hierarchy.
[2016.08.18-19.50.41:786][  0]LogDerivedDataCache: FDerivedDataBackendGraph:  CompressedPak pak cache file ../../../../../../Users/Fahad/Desktop/MX2 Game Suite/GitHub Directory/project-1-mx2/ProjectOne/DerivedDataCache/Compressed.ddp not found, will not use a pak cache.
[2016.08.18-19.50.41:786][  0]LogDerivedDataCache: Unable to find inner node CompressedPak for hierarchical cache Hierarchy.
[2016.08.18-19.50.41:802][  0]LogDerivedDataCache:Display: Pak cache opened for reading ../../../Engine/DerivedDataCache/Compressed.ddp.
[2016.08.18-19.50.41:815][  0]LogDerivedDataCache: Using Local data cache path C:/Users/Fahad/AppData/Local/UnrealEngine/Common/DerivedDataCache: Writable
[2016.08.18-19.50.42:027][  0]LogInit: Selected Device Profile: [Windows]
[2016.08.18-19.50.42:028][  0]LogContentStreaming: Texture pool size is 0.00 MB
[2016.08.18-19.50.42:076][  0]LogMaterial: Uniform references updated for custom material expression Custom.
[2016.08.18-19.50.42:227][  0]LogMeshUtilities: No automatic mesh reduction module available
[2016.08.18-19.50.42:227][  0]LogMeshUtilities: No automatic mesh merging module available
[2016.08.18-19.50.42:227][  0]LogMeshUtilities: No distributed automatic mesh merging module available
[2016.08.18-19.50.42:690][  0]LogUObjectArray: 27679 objects as part of root set at end of initial load.
[2016.08.18-19.50.42:690][  0]LogUObjectAllocator: 5591600 out of 0 bytes used by permanent object pool.
[2016.08.18-19.50.42:690][  0]LogUObjectArray: CloseDisregardForGC: 0/0 objects in disregard for GC pool
[2016.08.18-19.50.42:700][  0]LogInit: WinSock: version 1.1 (2.2), MaxSocks=32767, MaxUdp=65467
[2016.08.18-19.50.42:939][  0]LogSlate: SlateFontCache - WITH_FREETYPE: 1, WITH_HARFBUZZ: 1
[2016.08.18-19.50.42:939][  0]LogSlate: SlateFontCache - WITH_FREETYPE: 1, WITH_HARFBUZZ: 1
[2016.08.18-19.50.43:413][  0]LogStreaming:Warning: Failed to read file '../../../Engine/Content/Editor/Slate/Common/Selection_16x.png' error.
[2016.08.18-19.50.43:413][  0]LogSlate: Could not find file for Slate resource: ../../../Engine/Content/Editor/Slate/Common/Selection_16x.png
[2016.08.18-19.50.43:413][  0]LogStreaming:Warning: Failed to read file '../../../Engine/Content/Editor/Slate/Common/Selection_16x.png' error.
[2016.08.18-19.50.43:413][  0]LogSlate: Could not find file for Slate resource: ../../../Engine/Content/Editor/Slate/Common/Selection_16x.png
[2016.08.18-19.50.43:414][  0]LogStreaming:Warning: Failed to read file '../../../Engine/Content/Editor/Slate/Common/Selection_16x.png' error.
[2016.08.18-19.50.43:414][  0]LogSlate: Could not find file for Slate resource: ../../../Engine/Content/Editor/Slate/Common/Selection_16x.png
[2016.08.18-19.50.51:783][  0]LogUdpMessaging: Initializing bridge on interface 0.0.0.0:0 to multicast group 230.0.0.1:6666.
[2016.08.18-19.50.51:852][  0]LogTemp:Warning: No World
[2016.08.18-19.50.51:974][  0]LogAssetRegistry: FAssetRegistry took 0.0217 seconds to start up
[2016.08.18-19.50.52:221][  0]SourceControl: Info Source control is disabled
[2016.08.18-19.50.52:702][  0]SourceControl: Info Source control is disabled
[2016.08.18-19.50.52:727][  0]SourceControl: Info Source control is disabled
[2016.08.18-19.50.52:742][  0]SourceControl: Info Source control is disabled
[2016.08.18-19.50.52:996][  0]LogHMD: Failed to initialize OpenVR with code 108
[2016.08.18-19.50.53:084][  0]LogEngine: Initializing Engine...
[2016.08.18-19.50.54:534][  0]LogAIModule: Creating AISystem for world NewWorld
[2016.08.18-19.50.54:546][  0]LogInit: XAudio2 using 'Speakers (5- Logitech USB Headset)' : 2 channels at 44.1 kHz using 16 bits per sample (channel mask 0x3)
[2016.08.18-19.50.54:558][  0]LogInit: FAudioDevice initialized.
[2016.08.18-19.50.54:592][  0]LogDerivedDataCache: Saved boot cache 0.03s 74MB C:/Users/Fahad/AppData/Local/UnrealEngine/4.11/DerivedDataCache/Boot.ddc.
[2016.08.18-19.50.54:604][  0]LogInit: Texture streaming: Enabled
[2016.08.18-19.50.54:640][  0]LogInit: Transaction tracking system initialized
[2016.08.18-19.50.54:683][  0]BlueprintLog: New page: Editor Load
[2016.08.18-19.50.55:117][  0]LocalizationService: Info Localization service is disabled
[2016.08.18-19.50.55:281][  0]LogConsoleResponse:Display: 
[2016.08.18-19.50.56:094][  0]LogCook:Display: Max memory allowance for cook 8192mb
[2016.08.18-19.50.56:094][  0]LogCook:Display: Mobile HDR setting 1
[2016.08.18-19.50.56:094][  0]LogCook:Display: Done creating registry. It took  0.00s.
[2016.08.18-19.50.56:223][  0]LogFileCache: Scanning file cache for directory 'C:/Users/Fahad/Desktop/MX2 Game Suite/GitHub Directory/project-1-mx2/ProjectOne/Content/' took 0.07s
[2016.08.18-19.50.56:223][  0]SourceControl: Info Source control is disabled
[2016.08.18-19.50.56:223][  0]Cmd: MAP LOAD FILE="../../../../../../Users/Fahad/Desktop/MX2 Game Suite/GitHub Directory/project-1-mx2/ProjectOne/Content/Levels/OverworldLevel.umap" TEMPLATE=0 SHOWPROGRESS=1 FEATURELEVEL=3
[2016.08.18-19.50.56:224][  0]LightingResults: New page: Lighting Build
[2016.08.18-19.50.56:231][  0]MapCheck: New page: Map Check
[2016.08.18-19.50.56:231][  0]LightingResults: New page: Lighting Build
[2016.08.18-19.50.56:831][  0]LogTemp:Warning: No World
[2016.08.18-19.50.56:846][  0]LogTemp:Warning: No World
[2016.08.18-19.50.56:855][  0]LogTemp:Warning: No World
[2016.08.18-19.50.57:054][  0]LogAIModule: Creating AISystem for world OverworldLevel
[2016.08.18-19.50.57:076][  0]LogEditorServer: Finished looking for orphan Actors (0.000 secs)
[2016.08.18-19.50.57:077][  0]Cmd: MAP CHECKDEP NOCLEARLOG
[2016.08.18-19.50.57:201][  0]MapCheck: Info Map check complete: 0 Error(s), 0 Warning(s), took 123.98ms to complete.
[2016.08.18-19.50.57:201][  0]LogFileHelpers: Loading map 'OverworldLevel' took 0.978
[2016.08.18-19.50.57:911][  0]LogCollectionManager: Loaded 1 collections in 0.004442 seconds
[2016.08.18-19.50.57:949][  0]LogFileCache: Scanning file cache for directory 'C:/Users/Fahad/Desktop/MX2 Game Suite/GitHub Directory/project-1-mx2/ProjectOne/Saved/Collections/' took 0.01s
[2016.08.18-19.50.57:950][  0]LogFileCache: Scanning file cache for directory 'C:/Users/Fahad/Desktop/MX2 Game Suite/GitHub Directory/project-1-mx2/ProjectOne/Content/Developers/Fahad/Collections/' took 0.00s
[2016.08.18-19.50.57:950][  0]LogFileCache: Scanning file cache for directory 'C:/Users/Fahad/Desktop/MX2 Game Suite/GitHub Directory/project-1-mx2/ProjectOne/Content/Collections/' took 0.01s
[2016.08.18-19.50.57:950][  0]LogCollectionManager: Rebuilt the GUID cache for 1 collections in 0.000006 seconds
[2016.08.18-19.50.57:950][  0]LogCollectionManager: Rebuilt the hierarchy cache for 1 collections in 0.000000 seconds
[2016.08.18-19.50.57:959][  0]LogContentBrowser: Native class hierarchy populated in 0.0094 seconds. Added 1988 classes and 347 folders.
[2016.08.18-19.50.57:965][  0]LogStats: UGameplayTagsManager::ConstructGameplayTagTree: Construct from data asset -  0.000 s
[2016.08.18-19.50.57:965][  0]LogStats: UGameplayTagsManager::ConstructGameplayTagTree: GameplayTagTreeChangedEvent.Broadcast -  0.000 s
[2016.08.18-19.50.57:967][  0]LogContentBrowser: Native class hierarchy updated for 'GameplayTags' in 0.0020 seconds. Added 12 classes and 0 folders.
[2016.08.18-19.50.57:979][  0]LogContentBrowser: Native class hierarchy updated for 'WidgetCarousel' in 0.0051 seconds. Added 0 classes and 0 folders.
[2016.08.18-19.50.58:049][  0]LogContentBrowser: Native class hierarchy updated for 'SuperSearch' in 0.0018 seconds. Added 1 classes and 2 folders.
[2016.08.18-19.50.59:580][  0]LogContentBrowser: Native class hierarchy updated for 'AddContentDialog' in 0.0020 seconds. Added 0 classes and 0 folders.
[2016.08.18-19.50.59:757][  0]LogCrashTracker: Crashtracker disabled due to settings.
[2016.08.18-19.50.59:765][  0]LogUObjectGlobals:Warning: Failed to find object 'Class None.'
[2016.08.18-19.50.59:808][  0]LogContentBrowser: Native class hierarchy updated for 'HierarchicalLODOutliner' in 0.0022 seconds. Added 1 classes and 2 folders.
[2016.08.18-19.50.59:809][  0]LogLoad: Full Startup: 21.62 seconds (BP compile: 0.43 seconds)
[2016.08.18-19.50.59:809][  0]LogExternalProfiler: Found external profiler: VSPerf
[2016.08.18-19.50.59:809][  0]LogExternalProfiler: Using external profiler: VSPerf
[2016.08.18-19.51.00:148][  0]LogOcInput: OculusInput pre-init called
[2016.08.18-19.51.00:380][  0]LogContentStreaming: Texture pool size now 1000 MB
[2016.08.18-19.51.00:568][  0]LogRenderer: Reallocating scene render targets to support 1248x636 (Frame:2).
[2016.08.18-19.51.00:638][  1]LogAssetRegistry: Asset discovery search completed in 8.6860 seconds
[2016.08.18-19.51.00:638][  1]LogCollectionManager: Rebuilt the object cache for 1 collections in 0.000002 seconds (found 0 objects)
[2016.08.18-19.51.00:638][  1]LogCollectionManager: Fixed up redirectors for 1 collections in 0.000029 seconds (updated 0 objects)
[2016.08.18-19.51.19:975][795]LogContentBrowser: Native class hierarchy updated for 'BlueprintGraph' in 0.0020 seconds. Added 108 classes and 0 folders.
[2016.08.18-19.51.25:602][163]LogRenderer: Reallocating scene render targets to support 1528x928 (Frame:796).
[2016.08.18-19.51.27:351][345]LogRenderer: Reallocating scene render targets to support 1528x932 (Frame:1085).
[2016.08.18-19.51.32:156][818]LogMaterial: 0.00 seconds spent updating 1 materials, 1 interfaces, 1 instances, 1 with static permutations.
[2016.08.18-19.51.34:182][ 34]Cmd: OBJ SAVEPACKAGE PACKAGE="/Paper2D/TranslucentUnlitSpriteMaterial" FILE="../../../Engine/Plugins/2D/Paper2D/Content/TranslucentUnlitSpriteMaterial.uasset" SILENT=true
[2016.08.18-19.51.34:233][ 34]LogSavePackage: Save=10.92ms
[2016.08.18-19.51.34:234][ 34]LogSavePackage: Moving '../../../../../../Users/Fahad/Desktop/MX2 Game Suite/GitHub Directory/project-1-mx2/ProjectOne/Saved/TranslucentUnlitSpriteMaterialF481BC2E4977AF405F85509FE5ABB7F5.tmp' to '../../../Engine/Plugins/2D/Paper2D/Content/TranslucentUnlitSpriteMaterial.uasset'
[2016.08.18-19.51.34:238][ 34]LogSavePackage: Total save time: 53.17ms
[2016.08.18-19.51.34:238][ 34]LogSavePackage:Display: Finished SavePackage ../../../Engine/Plugins/2D/Paper2D/Content/TranslucentUnlitSpriteMaterial.uasset
[2016.08.18-19.52.04:820][987]LogTemp:Warning: No World
[2016.08.18-19.52.04:995][987]LogSavePackage: Save=184.29ms
[2016.08.18-19.52.04:995][987]LogSavePackage: Moving '../../../../../../Users/Fahad/Desktop/MX2 Game Suite/GitHub Directory/project-1-mx2/ProjectOne/Saved/UEDPCOverworldLevel904769E8490A16F5421C52AF731ACD68.tmp' to '../../../../../../Users/Fahad/Desktop/MX2 Game Suite/GitHub Directory/project-1-mx2/ProjectOne/Saved/Autosaves/Game/Levels/UEDPCOverworldLevel.umap'
[2016.08.18-19.52.04:998][987]LogSavePackage: Total save time: 224.96ms
[2016.08.18-19.52.04:998][987]LogSavePackage:Display: Finished SavePackage ../../../../../../Users/Fahad/Desktop/MX2 Game Suite/GitHub Directory/project-1-mx2/ProjectOne/Saved/Autosaves/Game/Levels/UEDPCOverworldLevel.umap
[2016.08.18-19.52.59:152][699]LogTemp:Warning: No World
[2016.08.18-19.52.59:325][699]LogSavePackage: Save=182.30ms
[2016.08.18-19.52.59:325][699]LogSavePackage: Moving '../../../../../../Users/Fahad/Desktop/MX2 Game Suite/GitHub Directory/project-1-mx2/ProjectOne/Saved/UEDPCOverworldLevel295781A1491248E4683F3CB9A55B3449.tmp' to '../../../../../../Users/Fahad/Desktop/MX2 Game Suite/GitHub Directory/project-1-mx2/ProjectOne/Saved/Autosaves/Game/Levels/UEDPCOverworldLevel.umap'
[2016.08.18-19.52.59:328][699]LogSavePackage: Total save time: 223.01ms
[2016.08.18-19.52.59:328][699]LogSavePackage:Display: Finished SavePackage ../../../../../../Users/Fahad/Desktop/MX2 Game Suite/GitHub Directory/project-1-mx2/ProjectOne/Saved/Autosaves/Game/Levels/UEDPCOverworldLevel.umap
[2016.08.18-19.54.02:514][271]BlueprintLog: New page: Compile SoulOrb_BP
[2016.08.18-19.54.02:750][271]BlueprintEditorCompileResults: Info [0204.56] Compile of SoulOrb_BP successful! [in 235 ms]
[2016.08.18-19.54.03:104][292]LogSavePackage: Save=73.68ms
[2016.08.18-19.54.03:105][292]LogSavePackage: Moving '../../../../../../Users/Fahad/Desktop/MX2 Game Suite/GitHub Directory/project-1-mx2/ProjectOne/Saved/SoulOrb_BPA6A8FC2F4021AD9AB41ECA926F8A29D4.tmp' to '../../../../../../Users/Fahad/Desktop/MX2 Game Suite/GitHub Directory/project-1-mx2/ProjectOne/Content/Blueprints/SoulOrbs/SoulOrb_BP.uasset'
[2016.08.18-19.54.03:109][292]LogSavePackage: Total save time: 117.69ms
[2016.08.18-19.54.03:109][292]LogSavePackage:Display: Finished SavePackage ../../../../../../Users/Fahad/Desktop/MX2 Game Suite/GitHub Directory/project-1-mx2/ProjectOne/Content/Blueprints/SoulOrbs/SoulOrb_BP.uasset
[2016.08.18-19.54.09:738][  1]LogTemp:Warning: No World
[2016.08.18-19.54.09:909][  1]LogSavePackage: Save=179.81ms
[2016.08.18-19.54.09:909][  1]LogSavePackage: Moving '../../../../../../Users/Fahad/Desktop/MX2 Game Suite/GitHub Directory/project-1-mx2/ProjectOne/Saved/UEDPCOverworldLevel41BED6FD426BCBCD5A685D86165B84A8.tmp' to '../../../../../../Users/Fahad/Desktop/MX2 Game Suite/GitHub Directory/project-1-mx2/ProjectOne/Saved/Autosaves/Game/Levels/UEDPCOverworldLevel.umap'
[2016.08.18-19.54.09:912][  1]LogSavePackage: Total save time: 223.19ms
[2016.08.18-19.54.09:912][  1]LogSavePackage:Display: Finished SavePackage ../../../../../../Users/Fahad/Desktop/MX2 Game Suite/GitHub Directory/project-1-mx2/ProjectOne/Saved/Autosaves/Game/Levels/UEDPCOverworldLevel.umap
[2016.08.18-19.54.52:889][816]LogTemp:Warning: No World
[2016.08.18-19.54.53:059][816]LogSavePackage: Save=178.95ms
[2016.08.18-19.54.53:059][816]LogSavePackage: Moving '../../../../../../Users/Fahad/Desktop/MX2 Game Suite/GitHub Directory/project-1-mx2/ProjectOne/Saved/OverworldLevelB3C999534E6D588A9C05C185060F0207.tmp' to '../../../../../../Users/Fahad/Desktop/MX2 Game Suite/GitHub Directory/project-1-mx2/ProjectOne/Content/Levels/OverworldLevel.umap'
[2016.08.18-19.54.53:063][816]LogSavePackage: Total save time: 221.55ms
[2016.08.18-19.54.53:063][816]LogSavePackage:Display: Finished SavePackage ../../../../../../Users/Fahad/Desktop/MX2 Game Suite/GitHub Directory/project-1-mx2/ProjectOne/Content/Levels/OverworldLevel.umap
[2016.08.18-19.56.19:210][482]LogSavePackage: Save=8.62ms
[2016.08.18-19.56.19:210][482]LogSavePackage: Moving '../../../../../../Users/Fahad/Desktop/MX2 Game Suite/GitHub Directory/project-1-mx2/ProjectOne/Saved/OrbReticle591452934ED816DB75AB3C85FD83D2DE.tmp' to '../../../../../../Users/Fahad/Desktop/MX2 Game Suite/GitHub Directory/project-1-mx2/ProjectOne/Content/Assets/Sprites/OrbReticle.uasset'
[2016.08.18-19.56.19:213][482]LogSavePackage: Total save time: 12.37ms
[2016.08.18-19.56.19:213][482]LogSavePackage:Display: Finished SavePackage ../../../../../../Users/Fahad/Desktop/MX2 Game Suite/GitHub Directory/project-1-mx2/ProjectOne/Content/Assets/Sprites/OrbReticle.uasset
[2016.08.18-19.56.19:448][482]LogSavePackage: Save=2.84ms
[2016.08.18-19.56.19:448][482]LogSavePackage: Moving '../../../../../../Users/Fahad/Desktop/MX2 Game Suite/GitHub Directory/project-1-mx2/ProjectOne/Saved/OrbReticle_SpriteE55D7A7146D92E435E2FB78FC06132E7.tmp' to '../../../../../../Users/Fahad/Desktop/MX2 Game Suite/GitHub Directory/project-1-mx2/ProjectOne/Content/Assets/OrbReticle_Sprite.uasset'
[2016.08.18-19.56.19:450][482]LogSavePackage: Total save time: 44.46ms
[2016.08.18-19.56.19:450][482]LogSavePackage:Display: Finished SavePackage ../../../../../../Users/Fahad/Desktop/MX2 Game Suite/GitHub Directory/project-1-mx2/ProjectOne/Content/Assets/OrbReticle_Sprite.uasset
[2016.08.18-19.56.19:641][482]LogSavePackage: Save=142.59ms
[2016.08.18-19.56.19:641][482]LogSavePackage: Moving '../../../../../../Users/Fahad/Desktop/MX2 Game Suite/GitHub Directory/project-1-mx2/ProjectOne/Saved/OrbReticle_BP4FC6ED7C4038361F917892BA7F34BDD8.tmp' to '../../../../../../Users/Fahad/Desktop/MX2 Game Suite/GitHub Directory/project-1-mx2/ProjectOne/Content/Blueprints/OrbReticle_BP.uasset'
[2016.08.18-19.56.19:644][482]LogSavePackage: Total save time: 186.85ms
[2016.08.18-19.56.19:644][482]LogSavePackage:Display: Finished SavePackage ../../../../../../Users/Fahad/Desktop/MX2 Game Suite/GitHub Directory/project-1-mx2/ProjectOne/Content/Blueprints/OrbReticle_BP.uasset
[2016.08.18-19.56.30:757][524]LogSavePackage: Save=8.72ms
[2016.08.18-19.56.30:757][524]LogSavePackage: Moving '../../../../../../Users/Fahad/Desktop/MX2 Game Suite/GitHub Directory/project-1-mx2/ProjectOne/Saved/OrbReticle18FBF244408E294E74B67791EDFB6E1F.tmp' to '../../../../../../Users/Fahad/Desktop/MX2 Game Suite/GitHub Directory/project-1-mx2/ProjectOne/Content/Assets/Sprites/OrbReticle/OrbReticle.uasset'
[2016.08.18-19.56.30:760][524]LogSavePackage: Total save time: 12.32ms
[2016.08.18-19.56.30:760][524]LogSavePackage:Display: Finished SavePackage ../../../../../../Users/Fahad/Desktop/MX2 Game Suite/GitHub Directory/project-1-mx2/ProjectOne/Content/Assets/Sprites/OrbReticle/OrbReticle.uasset
[2016.08.18-19.56.31:105][524]LogSavePackage: Save=2.33ms
[2016.08.18-19.56.31:105][524]LogSavePackage: Moving '../../../../../../Users/Fahad/Desktop/MX2 Game Suite/GitHub Directory/project-1-mx2/ProjectOne/Saved/OrbReticle_SpriteF7A8BA3C4A9A81DF36080082FBFC7F56.tmp' to '../../../../../../Users/Fahad/Desktop/MX2 Game Suite/GitHub Directory/project-1-mx2/ProjectOne/Content/Assets/OrbReticle_Sprite.uasset'
[2016.08.18-19.56.31:108][524]LogSavePackage: Total save time: 42.08ms
[2016.08.18-19.56.31:108][524]LogSavePackage:Display: Finished SavePackage ../../../../../../Users/Fahad/Desktop/MX2 Game Suite/GitHub Directory/project-1-mx2/ProjectOne/Content/Assets/OrbReticle_Sprite.uasset
[2016.08.18-19.56.31:296][524]LogSavePackage: Save=142.94ms
[2016.08.18-19.56.31:296][524]LogSavePackage: Moving '../../../../../../Users/Fahad/Desktop/MX2 Game Suite/GitHub Directory/project-1-mx2/ProjectOne/Saved/OrbReticle_BP894BCAF94816CB36A6FC41BEE21A3DA9.tmp' to '../../../../../../Users/Fahad/Desktop/MX2 Game Suite/GitHub Directory/project-1-mx2/ProjectOne/Content/Blueprints/OrbReticle_BP.uasset'
[2016.08.18-19.56.31:299][524]LogSavePackage: Total save time: 183.44ms
[2016.08.18-19.56.31:299][524]LogSavePackage:Display: Finished SavePackage ../../../../../../Users/Fahad/Desktop/MX2 Game Suite/GitHub Directory/project-1-mx2/ProjectOne/Content/Blueprints/OrbReticle_BP.uasset
[2016.08.18-19.56.52:512][881]LogEditorViewport: Clicking on Actor (LMB): MeleeDrawer_BP_C (MeleeDrawer)
[2016.08.18-19.56.58:282][535]LogTemp:Warning: No World
[2016.08.18-19.56.58:455][535]LogSavePackage: Save=182.28ms
[2016.08.18-19.56.58:455][535]LogSavePackage: Moving '../../../../../../Users/Fahad/Desktop/MX2 Game Suite/GitHub Directory/project-1-mx2/ProjectOne/Saved/OverworldLevel09D93C7C447339B14FA5588BAA4F5535.tmp' to '../../../../../../Users/Fahad/Desktop/MX2 Game Suite/GitHub Directory/project-1-mx2/ProjectOne/Content/Levels/OverworldLevel.umap'
[2016.08.18-19.56.58:460][535]LogSavePackage: Total save time: 224.19ms
[2016.08.18-19.56.58:460][535]LogSavePackage:Display: Finished SavePackage ../../../../../../Users/Fahad/Desktop/MX2 Game Suite/GitHub Directory/project-1-mx2/ProjectOne/Content/Levels/OverworldLevel.umap
[2016.08.18-19.57.10:761][764]LogSlate:Warning: Prevented a slow task dialog from being summoned while a context menu was open
[2016.08.18-20.00.51:370][252]LogAssetTools:Warning: Failed to delete '/Game/Assets/Textures/SoulOrb_Default/Soul_Orb'. The asset is referenced by other content.
[2016.08.18-20.01.01:712][439]LogActorComponent: UnregisterComponent: (/Engine/Transient.EditorFloorComp) Not registered. Aborting.
[2016.08.18-20.01.01:787][439]LogActorComponent: UnregisterComponent: (/Engine/Transient.EditorFloorComp) Not registered. Aborting.
[2016.08.18-20.01.01:837][439]LogWindowsTextInputMethodSystem:Display: IME system now deactivated.
[2016.08.18-20.01.02:049][440]Cmd: QUIT_EDITOR
[2016.08.18-20.01.02:153][440]LogExit: Preparing to exit.
[2016.08.18-20.01.03:105][440]LogExit: Editor shut down
[2016.08.18-20.01.03:109][440]LogExit: Transaction tracking system shut down
[2016.08.18-20.01.03:267][440]LogObj: Freed 0b from 0 cluster array pools.
[2016.08.18-20.01.03:268][440]LogExit: Object subsystem successfully closed.
[2016.08.18-20.01.03:282][440]LogD3D11RHI: Shutdown
[2016.08.18-20.01.03:282][440]LogD3D11RHI: CleanupD3DDevice
[2016.08.18-20.01.03:354][440]LogD3D11RHI: ~FD3D11DynamicRHI
[2016.08.18-20.01.03:396][440]LogDerivedDataCache: Shutdown
[2016.08.18-20.01.03:396][440]LogModuleManager: Shutting down and abandoning module MaterialEditor (207)
[2016.08.18-20.01.03:396][440]LogModuleManager: Shutting down and abandoning module BlueprintGraph (206)
[2016.08.18-20.01.03:396][440]LogModuleManager: Shutting down and abandoning module HierarchicalLODOutliner (205)
[2016.08.18-20.01.03:396][440]LogModuleManager: Shutting down and abandoning module CrashTracker (204)
[2016.08.18-20.01.03:396][440]LogModuleManager: Shutting down and abandoning module SuperSearch (203)
[2016.08.18-20.01.03:396][440]LogModuleManager: Shutting down and abandoning module WidgetCarousel (202)
[2016.08.18-20.01.03:397][440]LogModuleManager: Shutting down and abandoning module AddContentDialog (201)
[2016.08.18-20.01.03:398][440]LogModuleManager: Shutting down and abandoning module GameplayTags (200)
[2016.08.18-20.01.03:398][440]LogModuleManager: Shutting down and abandoning module EditorWidgets (199)
[2016.08.18-20.01.03:398][440]LogModuleManager: Shutting down and abandoning module CollectionManager (198)
[2016.08.18-20.01.03:398][440]LogModuleManager: Shutting down and abandoning module SceneOutliner (197)
[2016.08.18-20.01.03:398][440]LogModuleManager: Shutting down and abandoning module StatsViewer (196)
[2016.08.18-20.01.03:398][440]LogModuleManager: Shutting down and abandoning module FoliageEdit (195)
[2016.08.18-20.01.03:398][440]LogModuleManager: Shutting down and abandoning module LandscapeEditor (194)
[2016.08.18-20.01.03:398][440]LogModuleManager: Shutting down and abandoning module ActorPickerMode (193)
[2016.08.18-20.01.03:398][440]LogModuleManager: Shutting down and abandoning module GeometryMode (192)
[2016.08.18-20.01.03:398][440]LogModuleManager: Shutting down and abandoning module TextureAlignMode (191)
[2016.08.18-20.01.03:398][440]LogModuleManager: Shutting down and abandoning module BspMode (190)
[2016.08.18-20.01.03:398][440]LogModuleManager: Shutting down and abandoning module PlacementMode (189)
[2016.08.18-20.01.03:398][440]LogModuleManager: Shutting down and abandoning module AutomationWorker (188)
[2016.08.18-20.01.03:398][440]LogModuleManager: Shutting down and abandoning module CharacterAI (187)
[2016.08.18-20.01.03:398][440]LogModuleManager: Shutting down and abandoning module SmartSnapping (186)
[2016.08.18-20.01.03:398][440]LogModuleManager: Shutting down and abandoning module ViewportSnapping (185)
[2016.08.18-20.01.03:398][440]LogModuleManager: Shutting down and abandoning module LogVisualizer (184)
[2016.08.18-20.01.03:398][440]LogModuleManager: Shutting down and abandoning module GameProjectGeneration (183)
[2016.08.18-20.01.03:398][440]LogModuleManager: Shutting down and abandoning module IntroTutorials (182)
[2016.08.18-20.01.03:398][440]LogModuleManager: Shutting down and abandoning module EditorLiveStreaming (181)
[2016.08.18-20.01.03:398][440]LogModuleManager: Shutting down and abandoning module IOSPlatformEditor (180)
[2016.08.18-20.01.03:398][440]LogModuleManager: Shutting down and abandoning module HTML5PlatformEditor (179)
[2016.08.18-20.01.03:398][440]LogModuleManager: Shutting down and abandoning module AndroidDeviceDetection (178)
[2016.08.18-20.01.04:350][440]LogModuleManager: Shutting down and abandoning module AndroidPlatformEditor (177)
[2016.08.18-20.01.04:350][440]LogModuleManager: Shutting down and abandoning module IOSRuntimeSettings (176)
[2016.08.18-20.01.04:350][440]LogModuleManager: Shutting down and abandoning module AndroidRuntimeSettings (175)
[2016.08.18-20.01.04:350][440]LogModuleManager: Shutting down and abandoning module MergeActors (174)
[2016.08.18-20.01.04:350][440]LogModuleManager: Shutting down and abandoning module SizeMap (173)
[2016.08.18-20.01.04:350][440]LogModuleManager: Shutting down and abandoning module TreeMap (172)
[2016.08.18-20.01.04:350][440]LogModuleManager: Shutting down and abandoning module ReferenceViewer (171)
[2016.08.18-20.01.04:350][440]LogModuleManager: Shutting down and abandoning module LocalizationService (170)
[2016.08.18-20.01.04:350][440]LogModuleManager: Shutting down and abandoning module LocalizationDashboard (169)
[2016.08.18-20.01.04:351][440]LogModuleManager: Shutting down and abandoning module HardwareTargeting (168)
[2016.08.18-20.01.04:351][440]LogModuleManager: Shutting down and abandoning module DeviceProfileEditor (167)
[2016.08.18-20.01.04:351][440]LogModuleManager: Shutting down and abandoning module UndoHistory (166)
[2016.08.18-20.01.04:351][440]LogModuleManager: Shutting down and abandoning module UserFeedback (165)
[2016.08.18-20.01.04:351][440]LogModuleManager: Shutting down and abandoning module XmlParser (164)
[2016.08.18-20.01.04:351][440]LogModuleManager: Shutting down and abandoning module Blutility (163)
[2016.08.18-20.01.04:351][440]LogModuleManager: Shutting down and abandoning module ProjectTargetPlatformEditor (162)
[2016.08.18-20.01.04:351][440]LogModuleManager: Shutting down and abandoning module ProjectSettingsViewer (161)
[2016.08.18-20.01.04:351][440]LogModuleManager: Shutting down and abandoning module InputBindingEditor (160)
[2016.08.18-20.01.04:351][440]LogModuleManager: Shutting down and abandoning module EditorSettingsViewer (159)
[2016.08.18-20.01.04:351][440]LogModuleManager: Shutting down and abandoning module SettingsEditor (158)
[2016.08.18-20.01.04:351][440]LogModuleManager: Shutting down and abandoning module ProjectLauncher (157)
[2016.08.18-20.01.04:351][440]LogModuleManager: Shutting down and abandoning module SessionFrontend (156)
[2016.08.18-20.01.04:351][440]LogModuleManager: Shutting down and abandoning module ProfilerClient (155)
[2016.08.18-20.01.04:351][440]LogModuleManager: Shutting down and abandoning module TargetDeviceServices (154)
[2016.08.18-20.01.04:351][440]LogModuleManager: Shutting down and abandoning module DeviceManager (153)
[2016.08.18-20.01.04:393][440]LogModuleManager: Shutting down and abandoning module AutomationController (152)
[2016.08.18-20.01.04:393][440]LogModuleManager: Shutting down and abandoning module AutomationWindow (151)
[2016.08.18-20.01.04:393][440]LogModuleManager: Shutting down and abandoning module Layers (150)
[2016.08.18-20.01.04:393][440]LogModuleManager: Shutting down and abandoning module ComponentVisualizers (149)
[2016.08.18-20.01.04:393][440]LogModuleManager: Shutting down and abandoning module DetailCustomizations (148)
[2016.08.18-20.01.04:393][440]LogModuleManager: Shutting down and abandoning module PackagesDialog (147)
[2016.08.18-20.01.04:393][440]LogModuleManager: Shutting down and abandoning module Persona (146)
[2016.08.18-20.01.04:393][440]LogModuleManager: Shutting down and abandoning module Kismet (145)
[2016.08.18-20.01.04:393][440]LogModuleManager: Shutting down and abandoning module GraphEditor (144)
[2016.08.18-20.01.04:393][440]LogModuleManager: Shutting down and abandoning module ClassViewer (143)
[2016.08.18-20.01.04:394][440]LogModuleManager: Shutting down and abandoning module Toolbox (142)
[2016.08.18-20.01.04:394][440]LogModuleManager: Shutting down and abandoning module ModuleUI (141)
[2016.08.18-20.01.04:394][440]LogModuleManager: Shutting down and abandoning module MovieSceneTools (140)
[2016.08.18-20.01.04:394][440]LogModuleManager: Shutting down and abandoning module OutputLog (139)
[2016.08.18-20.01.04:394][440]LogModuleManager: Shutting down and abandoning module GammaUI (138)
[2016.08.18-20.01.04:394][440]LogModuleManager: Shutting down and abandoning module Documentation (137)
[2016.08.18-20.01.04:394][440]LogModuleManager: Shutting down and abandoning module StreamingPauseRendering (136)
[2016.08.18-20.01.04:394][440]LogModuleManager: Shutting down and abandoning module AnalyticsET (135)
[2016.08.18-20.01.04:394][440]LogModuleManager: Shutting down and abandoning module Analytics (134)
[2016.08.18-20.01.04:394][440]LogModuleManager: Shutting down and abandoning module PortalServices (133)
[2016.08.18-20.01.04:394][440]LogModuleManager: Shutting down and abandoning module PortalRpc (132)
[2016.08.18-20.01.04:394][440]LogModuleManager: Shutting down and abandoning module MessagingRpc (131)
[2016.08.18-20.01.04:394][440]LogModuleManager: Shutting down and abandoning module AITestSuite (130)
[2016.08.18-20.01.04:394][440]LogModuleManager: Shutting down and abandoning module GameplayDebugger (129)
[2016.08.18-20.01.04:394][440]LogModuleManager: Shutting down and abandoning module AIModule (128)
[2016.08.18-20.01.04:394][440]LogModuleManager: Shutting down and abandoning module ProfilerService (127)
[2016.08.18-20.01.04:425][440]LogModuleManager: Shutting down and abandoning module TaskGraph (126)
[2016.08.18-20.01.04:425][440]LogModuleManager: Shutting down and abandoning module SlateRemote (125)
[2016.08.18-20.01.04:425][440]LogModuleManager: Shutting down and abandoning module SteamVRController (124)
[2016.08.18-20.01.04:425][440]LogModuleManager: Shutting down and abandoning module SteamVR (123)
[2016.08.18-20.01.04:425][440]LogModuleManager: Shutting down and abandoning module ProceduralMeshComponent (122)
[2016.08.18-20.01.04:425][440]LogModuleManager: Shutting down and abandoning module OculusLibrary (121)
[2016.08.18-20.01.04:425][440]LogModuleManager: Shutting down and abandoning module OculusInput (120)
[2016.08.18-20.01.04:425][440]LogModuleManager: Shutting down and abandoning module CustomMeshComponent (119)
[2016.08.18-20.01.04:425][440]LogModuleManager: Shutting down and abandoning module CableComponent (118)
[2016.08.18-20.01.04:425][440]LogModuleManager: Shutting down and abandoning module ArchVisCharacter (117)
[2016.08.18-20.01.04:425][440]LogModuleManager: Shutting down and abandoning module MediaPlayerEditor (116)
[2016.08.18-20.01.04:425][440]LogModuleManager: Shutting down and abandoning module HTML5Networking (115)
[2016.08.18-20.01.04:425][440]LogModuleManager: Shutting down and abandoning module SpeedTreeImporter (114)
[2016.08.18-20.01.04:425][440]LogModuleManager: Shutting down and abandoning module PluginBrowser (113)
[2016.08.18-20.01.04:425][440]LogModuleManager: Shutting down and abandoning module EpicSurvey (112)
[2016.08.18-20.01.04:425][440]LogModuleManager: Shutting down and abandoning module DesktopPlatform (111)
[2016.08.18-20.01.04:426][440]LogModuleManager: Shutting down and abandoning module VisualStudioSourceCodeAccess (110)
[2016.08.18-20.01.04:426][440]LogModuleManager: Shutting down and abandoning module UObjectPlugin (109)
[2016.08.18-20.01.04:426][440]LogModuleManager: Shutting down and abandoning module SubversionSourceControl (108)
[2016.08.18-20.01.04:426][440]LogModuleManager: Shutting down and abandoning module PerforceSourceControl (107)
[2016.08.18-20.01.04:426][440]LogModuleManager: Shutting down and abandoning module SourceControl (106)
[2016.08.18-20.01.04:426][440]LogModuleManager: Shutting down and abandoning module GitSourceControl (105)
[2016.08.18-20.01.04:426][440]LogModuleManager: Shutting down and abandoning module LightPropagationVolumeEditor (104)
[2016.08.18-20.01.04:426][440]LogModuleManager: Shutting down and abandoning module PaperTiledImporter (103)
[2016.08.18-20.01.04:426][440]LogModuleManager: Shutting down and abandoning module PaperSpriteSheetImporter (102)
[2016.08.18-20.01.04:426][440]LogModuleManager: Shutting down and abandoning module MeshPaint (101)
[2016.08.18-20.01.04:426][440]LogModuleManager: Shutting down and abandoning module HotReload (100)
[2016.08.18-20.01.04:427][440]LogModuleManager: Shutting down and abandoning module MainFrame (99)
[2016.08.18-20.01.04:427][440]LogModuleManager: Shutting down and abandoning module LevelEditor (98)
[2016.08.18-20.01.04:427][440]LogModuleManager: Shutting down and abandoning module DirectoryWatcher (97)
[2016.08.18-20.01.04:428][440]LogModuleManager: Shutting down and abandoning module AssetRegistry (96)
[2016.08.18-20.01.04:595][440]LogModuleManager: Shutting down and abandoning module ContentBrowser (95)
[2016.08.18-20.01.04:596][440]LogModuleManager: Shutting down and abandoning module Paper2DEditor (94)
[2016.08.18-20.01.04:596][440]LogModuleManager: Shutting down and abandoning module ProjectOne (93)
[2016.08.18-20.01.04:596][440]LogModuleManager: Shutting down and abandoning module UdpMessaging (92)
[2016.08.18-20.01.04:696][440]LogModuleManager: Shutting down and abandoning module LightPropagationVolumeRuntime (91)
[2016.08.18-20.01.04:696][440]LogModuleManager: Shutting down and abandoning module Paper2D (90)
[2016.08.18-20.01.04:696][440]LogModuleManager: Shutting down and abandoning module WindowsMoviePlayer (89)
[2016.08.18-20.01.04:696][440]LogModuleManager: Shutting down and abandoning module Media (88)
[2016.08.18-20.01.04:696][440]LogModuleManager: Shutting down and abandoning module WmfMedia (87)
[2016.08.18-20.01.04:696][440]LogModuleManager: Shutting down and abandoning module MediaAssets (86)
[2016.08.18-20.01.04:696][440]LogModuleManager: Shutting down and abandoning module GameLiveStreaming (85)
[2016.08.18-20.01.04:696][440]LogModuleManager: Shutting down and abandoning module GameplayTagsEditor (84)
[2016.08.18-20.01.04:696][440]LogModuleManager: Shutting down and abandoning module OnlineBlueprintSupport (83)
[2016.08.18-20.01.04:696][440]LogModuleManager: Shutting down and abandoning module GameplayTasksEditor (82)
[2016.08.18-20.01.04:696][440]LogModuleManager: Shutting down and abandoning module PropertyEditor (81)
[2016.08.18-20.01.04:696][440]LogModuleManager: Shutting down and abandoning module BehaviorTreeEditor (80)
[2016.08.18-20.01.04:696][440]LogModuleManager: Shutting down and abandoning module FunctionalTesting (79)
[2016.08.18-20.01.04:696][440]LogModuleManager: Shutting down and abandoning module CollisionAnalyzer (78)
[2016.08.18-20.01.04:696][440]LogModuleManager: Shutting down and abandoning module WorkspaceMenuStructure (77)
[2016.08.18-20.01.04:696][440]LogModuleManager: Shutting down and abandoning module MessageLog (76)
[2016.08.18-20.01.04:696][440]LogModuleManager: Shutting down and abandoning module Sequencer (75)
[2016.08.18-20.01.04:697][440]LogModuleManager: Shutting down and abandoning module AssetTools (74)
[2016.08.18-20.01.04:697][440]LogModuleManager: Shutting down and abandoning module UMGEditor (73)
[2016.08.18-20.01.04:697][440]LogModuleManager: Shutting down and abandoning module UMG (72)
[2016.08.18-20.01.04:697][440]LogModuleManager: Shutting down and abandoning module SlateReflector (71)
[2016.08.18-20.01.04:697][440]LogModuleManager: Shutting down and abandoning module Slate (70)
[2016.08.18-20.01.04:697][440]LogModuleManager: Shutting down and abandoning module EditorStyle (69)
[2016.08.18-20.01.04:699][440]LogModuleManager: Shutting down and abandoning module SessionServices (68)
[2016.08.18-20.01.04:699][440]LogModuleManager: Shutting down and abandoning module SourceCodeAccess (67)
[2016.08.18-20.01.04:699][440]LogModuleManager: Shutting down and abandoning module HeadMountedDisplay (66)
[2016.08.18-20.01.04:699][440]LogModuleManager: Shutting down and abandoning module XAudio2 (65)
[2016.08.18-20.01.04:699][440]LogModuleManager: Shutting down and abandoning module Networking (63)
[2016.08.18-20.01.04:699][440]LogModuleManager: Shutting down and abandoning module Core (62)
[2016.08.18-20.01.04:699][440]LogModuleManager: Shutting down and abandoning module KismetCompiler (61)
[2016.08.18-20.01.04:699][440]LogModuleManager: Shutting down and abandoning module PhysXFormats (60)
[2016.08.18-20.01.04:699][440]LogModuleManager: Shutting down and abandoning module MeshUtilities (59)
[2016.08.18-20.01.04:699][440]LogModuleManager: Shutting down and abandoning module CookingStats (58)
[2016.08.18-20.01.04:699][440]LogModuleManager: Shutting down and abandoning module DerivedDataCache (57)
[2016.08.18-20.01.04:699][440]LogDerivedDataCache: Shutdown
[2016.08.18-20.01.04:699][440]LogModuleManager: Shutting down and abandoning module ShaderFormatOpenGL (56)
[2016.08.18-20.01.04:699][440]LogModuleManager: Shutting down and abandoning module ShaderFormatD3D (55)
[2016.08.18-20.01.04:699][440]LogModuleManager: Shutting down and abandoning module MetalShaderFormat (54)
[2016.08.18-20.01.04:699][440]LogModuleManager: Shutting down and abandoning module TextureFormatUncompressed (53)
[2016.08.18-20.01.04:699][440]LogModuleManager: Shutting down and abandoning module TextureFormatPVR (52)
[2016.08.18-20.01.04:699][440]LogModuleManager: Shutting down and abandoning module TextureFormatIntelISPCTexComp (51)
[2016.08.18-20.01.04:699][440]LogModuleManager: Shutting down and abandoning module TextureFormatDXT (50)
[2016.08.18-20.01.04:699][440]LogModuleManager: Shutting down and abandoning module ImageWrapper (49)
[2016.08.18-20.01.04:699][440]LogModuleManager: Shutting down and abandoning module TextureFormatASTC (48)
[2016.08.18-20.01.04:699][440]LogModuleManager: Shutting down and abandoning module TextureFormatAndroid (47)
[2016.08.18-20.01.04:699][440]LogModuleManager: Shutting down and abandoning module AudioFormatOpus (46)
[2016.08.18-20.01.04:699][440]LogModuleManager: Shutting down and abandoning module AudioFormatOgg (45)
[2016.08.18-20.01.04:699][440]LogModuleManager: Shutting down and abandoning module AudioFormatADPCM (44)
[2016.08.18-20.01.04:699][440]LogModuleManager: Shutting down and abandoning module LinuxTargetPlatform (43)
[2016.08.18-20.01.04:699][440]LogModuleManager: Shutting down and abandoning module LinuxServerTargetPlatform (42)
[2016.08.18-20.01.04:699][440]LogModuleManager: Shutting down and abandoning module LinuxNoEditorTargetPlatform (41)
[2016.08.18-20.01.04:699][440]LogModuleManager: Shutting down and abandoning module TVOSTargetPlatform (40)
[2016.08.18-20.01.04:699][440]LogModuleManager: Shutting down and abandoning module Messaging (39)
[2016.08.18-20.01.04:699][440]LogModuleManager: Shutting down and abandoning module IOSTargetPlatform (38)
[2016.08.18-20.01.04:699][440]LogModuleManager: Shutting down and abandoning module HTML5TargetPlatform (37)
[2016.08.18-20.01.04:699][440]LogModuleManager: Shutting down and abandoning module Android_PVRTCTargetPlatform (36)
[2016.08.18-20.01.04:699][440]LogModuleManager: Shutting down and abandoning module Android_MultiTargetPlatform (35)
[2016.08.18-20.01.04:699][440]LogModuleManager: Shutting down and abandoning module Android_ETC2TargetPlatform (34)
[2016.08.18-20.01.04:699][440]LogModuleManager: Shutting down and abandoning module Android_ETC1TargetPlatform (33)
[2016.08.18-20.01.04:699][440]LogModuleManager: Shutting down and abandoning module Android_DXTTargetPlatform (32)
[2016.08.18-20.01.04:699][440]LogModuleManager: Shutting down and abandoning module Android_ATCTargetPlatform (31)
[2016.08.18-20.01.04:700][440]LogModuleManager: Shutting down and abandoning module Android_ASTCTargetPlatform (30)
[2016.08.18-20.01.04:700][440]LogModuleManager: Shutting down and abandoning module AndroidTargetPlatform (29)
[2016.08.18-20.01.04:700][440]LogModuleManager: Shutting down and abandoning module WindowsTargetPlatform (28)
[2016.08.18-20.01.04:700][440]LogModuleManager: Shutting down and abandoning module WindowsServerTargetPlatform (27)
[2016.08.18-20.01.04:700][440]LogModuleManager: Shutting down and abandoning module WindowsNoEditorTargetPlatform (26)
[2016.08.18-20.01.04:700][440]LogModuleManager: Shutting down and abandoning module WindowsClientTargetPlatform (25)
[2016.08.18-20.01.04:700][440]LogModuleManager: Shutting down and abandoning module AllDesktopTargetPlatform (24)
[2016.08.18-20.01.04:700][440]LogModuleManager: Shutting down and abandoning module TargetPlatform (23)
[2016.08.18-20.01.04:700][440]LogModuleManager: Shutting down and abandoning module InputCore (22)
[2016.08.18-20.01.04:700][440]LogModuleManager: Shutting down and abandoning module Settings (21)
[2016.08.18-20.01.04:700][440]LogModuleManager: Shutting down and abandoning module OnlineSubsystem (19)
[2016.08.18-20.01.04:700][440]LogModuleManager: Shutting down and abandoning module HTTP (18)
[2016.08.18-20.01.06:703][440]LogModuleManager: Shutting down and abandoning module XMPP (17)
[2016.08.18-20.01.06:703][440]LogModuleManager: Shutting down and abandoning module OculusRift (16)
[2016.08.18-20.01.06:703][440]LogModuleManager: Shutting down and abandoning module ExampleDeviceProfileSelector (15)
[2016.08.18-20.01.06:703][440]LogModuleManager: Shutting down and abandoning module TextureCompressor (14)
[2016.08.18-20.01.06:703][440]LogModuleManager: Shutting down and abandoning module ShaderCore (13)
[2016.08.18-20.01.06:703][440]LogModuleManager: Shutting down and abandoning module Landscape (12)
[2016.08.18-20.01.06:703][440]LogModuleManager: Shutting down and abandoning module SlateRHIRenderer (11)
[2016.08.18-20.01.06:706][440]LogModuleManager: Shutting down and abandoning module OpenGLDrv (10)
[2016.08.18-20.01.06:706][440]LogModuleManager: Shutting down and abandoning module D3D11RHI (9)
[2016.08.18-20.01.06:706][440]LogModuleManager: Shutting down and abandoning module AnimGraphRuntime (8)
[2016.08.18-20.01.06:706][440]LogModuleManager: Shutting down and abandoning module Renderer (7)
[2016.08.18-20.01.06:706][440]LogModuleManager: Shutting down and abandoning module Engine (6)
[2016.08.18-20.01.06:706][440]LogModuleManager: Shutting down and abandoning module CoreUObject (5)
[2016.08.18-20.01.06:706][440]LogModuleManager: Shutting down and abandoning module NetworkFile (4)
[2016.08.18-20.01.06:706][440]LogModuleManager: Shutting down and abandoning module StreamingFile (3)
[2016.08.18-20.01.06:706][440]LogModuleManager: Shutting down and abandoning module SandboxFile (2)
[2016.08.18-20.01.06:706][440]LogModuleManager: Shutting down and abandoning module PakFile (1)
[2016.08.18-20.01.06:707][440]LogExit: Exiting.
[2016.08.18-20.01.06:708][440]Log file closed, 08/18/16 16:01:06
