Log file open, 08/18/16 15:19:32
LogInit:Display: Running engine for game: ProjectOne
LogPlatformFile: Not using cached read wrapper
LogInit:Display: RandInit(4344054) SRandInit(4344056).
LogTaskGraph: Started task graph with 4 named threads and 7 total threads.
LogStats: Stats thread started at 0.083197
LogInit: Version: 4.11.2-2946394+++UE4+Release-4.11
LogInit: API Version: 2927265
LogInit: Compiled (64-bit): Apr 18 2016 02:18:46
LogInit: Compiled with Visual C++: 19.00.23026.00
LogInit: Build Configuration: Development
LogInit: Branch Name: ++UE4+Release-4.11
LogInit: Command line:  /Temp/Autosaves/Game/Levels/UEDPCOverworldLevel -game -PIEVIACONSOLE -ResX=1280 -ResY=720  -Multiprocess -messaging -SessionName="Play in Standalone Game" 
LogInit: Base directory: C:/Program Files/Epic Games/4.11/Engine/Binaries/Win64/
LogInit: Installed Engine Build: 1
LogInit: Using libcurl 7.41.0
LogInit:  - built for x86_64-pc-win32
LogInit:  - supports SSL with WinSSL
LogInit:  - other features:
LogInit:      CURL_VERSION_SSL
LogInit:      CURL_VERSION_IPV6
LogInit:      CURL_VERSION_ASYNCHDNS
LogInit:      CURL_VERSION_LARGEFILE
LogInit:      CURL_VERSION_IDN
LogInit:  CurlRequestOptions (configurable via config and command line):
LogInit:  - bVerifyPeer = true  - Libcurl will verify peer certificate
LogInit:  - bUseHttpProxy = false  - Libcurl will NOT use HTTP proxy
LogInit:  - bDontReuseConnections = false  - Libcurl will reuse connections
LogInit:  - CertBundlePath = nullptr  - Libcurl will use whatever was configured at build time.
LogInit: Presizing for max 16777216 objects, including 0 objects not considered by GC, pre-allocating 0 bytes for permanent pool.
LogInit: Object subsystem initialized
[2016.08.18-19.19.32:774][  0]LogInit: Selected Device Profile: [Windows]
[2016.08.18-19.19.32:774][  0]LogInit: Applying CVar settings loaded from the selected device profile: [Windows]
[2016.08.18-19.19.32:778][  0]LogInit: Computer: FAHAD-PC
[2016.08.18-19.19.32:778][  0]LogInit: User: Fahad
[2016.08.18-19.19.32:778][  0]LogInit: CPU Page size=65536, Cores=4
[2016.08.18-19.19.32:778][  0]LogInit: High frequency timer resolution =3.215352 MHz
[2016.08.18-19.19.32:779][  0]LogMemory: Memory total: Physical=8.0GB (8GB approx)
[2016.08.18-19.19.32:779][  0]LogMemory: Platform Memory Stats for Windows
[2016.08.18-19.19.32:779][  0]LogMemory: Process Physical Memory: 313.47 MB used, 313.47 MB peak
[2016.08.18-19.19.32:779][  0]LogMemory: Process Virtual Memory: 314.89 MB used, 314.89 MB peak
[2016.08.18-19.19.32:779][  0]LogMemory: Physical Memory: 6598.86 MB used, 8174.67 MB total
[2016.08.18-19.19.32:779][  0]LogMemory: Virtual Memory: 651.88 MB used, 134217728.00 MB total
[2016.08.18-19.19.32:841][  0]LogTextLocalizationManager: No specific translations for ('en-US') exist, so ('en') translations will be used.
[2016.08.18-19.19.33:257][  0]LogD3D11RHI: D3D11 adapters:
[2016.08.18-19.19.33:283][  0]LogD3D11RHI:    0. 'NVIDIA GeForce GTX 970' (Feature Level 11_0)
[2016.08.18-19.19.33:283][  0]LogD3D11RHI:       4007MB of dedicated video memory, 0MB of dedicated system memory, and 4087MB of shared system memory, 2 output[s]
[2016.08.18-19.19.33:285][  0]LogD3D11RHI:    1. 'Microsoft Basic Render Driver' (Feature Level 11_0)
[2016.08.18-19.19.33:285][  0]LogD3D11RHI:       0MB of dedicated video memory, 0MB of dedicated system memory, and 4087MB of shared system memory, 0 output[s]
[2016.08.18-19.19.33:285][  0]LogD3D11RHI: Chosen D3D11 Adapter: 0
[2016.08.18-19.19.33:290][  0]LogD3D11RHI: Creating new Direct3DDevice
[2016.08.18-19.19.33:290][  0]LogD3D11RHI:     Adapter Name: NVIDIA GeForce GTX 970
[2016.08.18-19.19.33:290][  0]LogD3D11RHI:   Driver Version: 10.18.13.6510 (internal 10.18.13.6510)
[2016.08.18-19.19.33:290][  0]LogD3D11RHI:      Driver Date: 4-27-2016
[2016.08.18-19.19.33:290][  0]LogRHI: Texture pool is 1361 MB (70% of 1945 MB)
[2016.08.18-19.19.33:305][  0]LogD3D11RHI: Async texture creation enabled
[2016.08.18-19.19.33:770][  0]LogShaderCompilers: Guid format shader working directory is -49 characters bigger than the processId version (../../../../../../Users/Fahad/Desktop/MX2 Game Suite/GitHub Directory/project-1-mx2/ProjectOne/Intermediate/Shaders/WorkingDirectory/14052/).
[2016.08.18-19.19.33:770][  0]LogShaderCompilers: Cleaned the shader compiler working directory 'C:/Users/Fahad/AppData/Local/Temp/UnrealShaderWorkingDir/163D82B54F50B82582B6648E28FC67DE/'.
[2016.08.18-19.19.33:770][  0]LogShaderCompilers:Display: Using Local Shader Compiler.
[2016.08.18-19.19.34:830][  0]LogTemp:Display: Loaded TP AllDesktopTargetPlatform
[2016.08.18-19.19.34:837][  0]LogTemp:Display: Loaded TP WindowsClientTargetPlatform
[2016.08.18-19.19.34:844][  0]LogTemp:Display: Loaded TP WindowsNoEditorTargetPlatform
[2016.08.18-19.19.34:850][  0]LogTemp:Display: Loaded TP WindowsServerTargetPlatform
[2016.08.18-19.19.34:857][  0]LogTemp:Display: Loaded TP WindowsTargetPlatform
[2016.08.18-19.19.34:861][  0]LogTemp:Display: Loaded TP AndroidTargetPlatform
[2016.08.18-19.19.34:865][  0]LogTemp:Display: Loaded TP Android_ASTCTargetPlatform
[2016.08.18-19.19.34:869][  0]LogTemp:Display: Loaded TP Android_ATCTargetPlatform
[2016.08.18-19.19.34:874][  0]LogTemp:Display: Loaded TP Android_DXTTargetPlatform
[2016.08.18-19.19.34:878][  0]LogTemp:Display: Loaded TP Android_ETC1TargetPlatform
[2016.08.18-19.19.34:882][  0]LogTemp:Display: Loaded TP Android_ETC2TargetPlatform
[2016.08.18-19.19.34:891][  0]LogTemp:Display: Loaded TP Android_MultiTargetPlatform
[2016.08.18-19.19.34:891][  0]LogTemp:Display: Loaded TP Android_PVRTCTargetPlatform
[2016.08.18-19.19.34:892][  0]LogTemp:Display: Loaded TP HTML5TargetPlatform
[2016.08.18-19.19.34:913][  0]LogTemp:Display: Loaded TP IOSTargetPlatform
[2016.08.18-19.19.34:916][  0]LogTemp:Display: Loaded TP TVOSTargetPlatform
[2016.08.18-19.19.34:920][  0]LogTemp:Display: Loaded TP LinuxNoEditorTargetPlatform
[2016.08.18-19.19.34:924][  0]LogTemp:Display: Loaded TP LinuxServerTargetPlatform
[2016.08.18-19.19.34:928][  0]LogTemp:Display: Loaded TP LinuxTargetPlatform
[2016.08.18-19.19.34:928][  0]LogTargetPlatformManager:Display: Building Assets For Windows
[2016.08.18-19.19.35:044][  0]LogDerivedDataCache:Display: Max Cache Size: 512 MB
[2016.08.18-19.19.35:113][  0]LogDerivedDataCache: Loaded boot cache 0.07s 65MB C:/Users/Fahad/AppData/Local/UnrealEngine/4.11/DerivedDataCache/Boot.ddc.
[2016.08.18-19.19.35:113][  0]LogDerivedDataCache:Display: Loaded Boot cache: C:/Users/Fahad/AppData/Local/UnrealEngine/4.11/DerivedDataCache/Boot.ddc
[2016.08.18-19.19.35:113][  0]LogDerivedDataCache: FDerivedDataBackendGraph:  Pak pak cache file ../../../../../../Users/Fahad/Desktop/MX2 Game Suite/GitHub Directory/project-1-mx2/ProjectOne/DerivedDataCache/DDC.ddp not found, will not use a pak cache.
[2016.08.18-19.19.35:113][  0]LogDerivedDataCache: Unable to find inner node Pak for hierarchical cache Hierarchy.
[2016.08.18-19.19.35:113][  0]LogDerivedDataCache: FDerivedDataBackendGraph:  CompressedPak pak cache file ../../../../../../Users/Fahad/Desktop/MX2 Game Suite/GitHub Directory/project-1-mx2/ProjectOne/DerivedDataCache/Compressed.ddp not found, will not use a pak cache.
[2016.08.18-19.19.35:113][  0]LogDerivedDataCache: Unable to find inner node CompressedPak for hierarchical cache Hierarchy.
[2016.08.18-19.19.35:129][  0]LogDerivedDataCache:Display: Pak cache opened for reading ../../../Engine/DerivedDataCache/Compressed.ddp.
[2016.08.18-19.19.35:142][  0]LogDerivedDataCache: Using Local data cache path C:/Users/Fahad/AppData/Local/UnrealEngine/Common/DerivedDataCache: Writable
[2016.08.18-19.19.35:386][  0]LogInit: Selected Device Profile: [Windows]
[2016.08.18-19.19.35:392][  0]LogMaterial: Uniform references updated for custom material expression Custom.
[2016.08.18-19.19.35:393][  0]LogContentStreaming: Texture pool size is 1000.00 MB
[2016.08.18-19.19.35:529][  0]LogMeshUtilities: No automatic mesh reduction module available
[2016.08.18-19.19.35:529][  0]LogMeshUtilities: No automatic mesh merging module available
[2016.08.18-19.19.35:529][  0]LogMeshUtilities: No distributed automatic mesh merging module available
[2016.08.18-19.19.35:776][  0]LogInit: WinSock: version 1.1 (2.2), MaxSocks=32767, MaxUdp=65467
[2016.08.18-19.19.35:882][  0]LogSlate: SlateFontCache - WITH_FREETYPE: 1, WITH_HARFBUZZ: 1
[2016.08.18-19.19.35:882][  0]LogSlate: SlateFontCache - WITH_FREETYPE: 1, WITH_HARFBUZZ: 1
[2016.08.18-19.19.36:064][  0]LogWindowsMoviePlayer: Unable to load movie: ../../../../../../Users/Fahad/Desktop/MX2 Game Suite/GitHub Directory/project-1-mx2/ProjectOne/Content/Movies/Default_Startup.mp4
[2016.08.18-19.19.36:151][  0]LogUdpMessaging: Initializing bridge on interface 0.0.0.0:0 to multicast group 230.0.0.1:6666.
[2016.08.18-19.19.36:218][  0]LogTemp:Warning: No World
[2016.08.18-19.19.36:237][  0]SourceControl: Info Source control is disabled
[2016.08.18-19.19.36:237][  0]SourceControl: Info Source control is disabled
[2016.08.18-19.19.36:251][  0]SourceControl: Info Source control is disabled
[2016.08.18-19.19.36:395][  0]LogHMD: Failed to initialize OpenVR with code 108
[2016.08.18-19.19.36:424][  0]LogUObjectArray: 29307 objects as part of root set at end of initial load.
[2016.08.18-19.19.36:424][  0]LogUObjectAllocator: 6107216 out of 0 bytes used by permanent object pool.
[2016.08.18-19.19.36:424][  0]LogUObjectArray: CloseDisregardForGC: 0/0 objects in disregard for GC pool
[2016.08.18-19.19.36:486][  0]LogEngine: Initializing Engine...
[2016.08.18-19.19.37:174][  0]LogInit: XAudio2 using 'Speakers (5- Logitech USB Headset)' : 2 channels at 44.1 kHz using 16 bits per sample (channel mask 0x3)
[2016.08.18-19.19.37:185][  0]LogInit: FAudioDevice initialized.
[2016.08.18-19.19.37:194][  0]LogInit: Texture streaming: Enabled
[2016.08.18-19.19.37:283][  0]LogNet: Browse: /Temp/Autosaves/Game/Levels/UEDPCOverworldLevel?Name=Player
[2016.08.18-19.19.37:283][  0]LogLoad: LoadMap: /Temp/Autosaves/Game/Levels/UEDPCOverworldLevel?Name=Player
[2016.08.18-19.19.37:317][  0]LogMemory: Platform Memory Stats for Windows
[2016.08.18-19.19.37:317][  0]LogMemory: Process Physical Memory: 747.84 MB used, 787.59 MB peak
[2016.08.18-19.19.37:317][  0]LogMemory: Process Virtual Memory: 875.22 MB used, 875.23 MB peak
[2016.08.18-19.19.37:317][  0]LogMemory: Physical Memory: 6979.33 MB used, 8174.67 MB total
[2016.08.18-19.19.37:317][  0]LogMemory: Virtual Memory: 1447.66 MB used, 134217728.00 MB total
[2016.08.18-19.19.37:317][  0]LogMemory: 
[2016.08.18-19.19.37:317][  0]Allocator Stats for TBB: (not implemented)
[2016.08.18-19.19.37:322][  0]LogTemp:Warning: No World
[2016.08.18-19.19.37:417][  0]LogAssetRegistry: FAssetRegistry took 0.0001 seconds to start up
[2016.08.18-19.19.37:654][  0]LogTemp:Warning: No World
[2016.08.18-19.19.37:752][  0]LogTemp:Warning: No World
[2016.08.18-19.19.37:807][  0]LogAIModule: Creating AISystem for world OverworldLevel
[2016.08.18-19.19.37:807][  0]LogWorld: Game class is 'BattleGameMode_BP_C'
[2016.08.18-19.19.37:810][  0]LogWorld: Bringing World /Temp/Autosaves/Game/Levels/UEDPCOverworldLevel.OverworldLevel up for play (max tick rate 0) at 2016.08.18-15.19.37
[2016.08.18-19.19.37:810][  0]LogWorld: Bringing up level for play took: 0.002067
[2016.08.18-19.19.37:812][  0]LogInit:Display: Game Engine Initialized.
[2016.08.18-19.19.38:034][  0]LogLoad: Full Startup: 6.19 seconds (BP compile: 0.36 seconds)
[2016.08.18-19.19.38:034][  0]LogExternalProfiler: Found external profiler: VSPerf
[2016.08.18-19.19.38:034][  0]LogExternalProfiler: Using external profiler: VSPerf
[2016.08.18-19.19.38:053][  0]LogWindowsTextInputMethodSystem:Display: IME system now deactivated.
[2016.08.18-19.19.38:053][  0]LogOcInput: OculusInput pre-init called
[2016.08.18-19.19.38:166][  2]LogRenderer: Reallocating scene render targets to support 1280x720 (Frame:2).
[2016.08.18-19.19.38:888][ 43]LogBlueprintUserMessages: [MeleeDrawer_52] Velocity Too Slow
[2016.08.18-19.19.40:130][120]LogBlueprintUserMessages: [MeleeDrawer_52] Velocity Too Slow
[2016.08.18-19.19.41:727][219]LogBlueprintUserMessages: [MeleeDrawer_52] Velocity Too Slow
[2016.08.18-19.19.42:801][285]LogBlueprintUserMessages: [MeleeDrawer_52] Velocity Too Slow
[2016.08.18-19.19.43:510][329]LogBlueprintUserMessages: [MeleeDrawer_52] Velocity Too Slow
[2016.08.18-19.19.44:493][390]LogBlueprintUserMessages: [MeleeDrawer_52] Velocity Too Slow
[2016.08.18-19.19.44:994][421]LogBlueprintUserMessages: [MeleeDrawer_52] Velocity Too Slow
[2016.08.18-19.19.45:472][450]LogBlueprintUserMessages: [MeleeDrawer_52] Velocity Too Slow
[2016.08.18-19.19.45:902][476]LogBlueprintUserMessages: [MeleeDrawer_52] Velocity Too Slow
[2016.08.18-19.19.46:394][506]LogBlueprintUserMessages: [MeleeDrawer_52] Velocity Too Slow
[2016.08.18-19.19.47:728][585]LogBlueprintUserMessages: [MeleeDrawer_52] Hit Max Length
[2016.08.18-19.19.49:832][714]LogBlueprintUserMessages: [MeleeDrawer_52] Hit Max Length
[2016.08.18-19.19.52:306][867]LogBlueprintUserMessages: [MeleeDrawer_52] Hit Max Length
[2016.08.18-19.19.54:156][982]LogBlueprintUserMessages: [MeleeDrawer_52] Hit Max Length
[2016.08.18-19.19.55:504][ 65]LogBlueprintUserMessages: [MeleeDrawer_52] Hit Max Length
[2016.08.18-19.19.57:236][173]LogBlueprintUserMessages: [MeleeDrawer_52] Velocity Too Slow
[2016.08.18-19.19.58:244][234]LogBlueprintUserMessages: [MeleeDrawer_52] Hit Max Length
[2016.08.18-19.20.03:319][548]LogBlueprintUserMessages: [MeleeDrawer_52] Hit Max Length
[2016.08.18-19.20.04:714][634]LogBlueprintUserMessages: [MeleeDrawer_52] Hit Max Length
[2016.08.18-19.20.06:211][726]LogBlueprintUserMessages: [MeleeDrawer_52] Hit Max Length
[2016.08.18-19.20.08:392][861]LogBlueprintUserMessages: [MeleeDrawer_52] Hit Max Length
[2016.08.18-19.20.10:049][963]LogBlueprintUserMessages: [MeleeDrawer_52] Hit Max Length
[2016.08.18-19.20.11:941][ 81]LogBlueprintUserMessages: [MeleeDrawer_52] Velocity Too Slow
[2016.08.18-19.20.13:925][204]LogBlueprintUserMessages: [MeleeDrawer_52] Velocity Too Slow
[2016.08.18-19.20.15:441][298]LogBlueprintUserMessages: [MeleeDrawer_52] Velocity Too Slow
[2016.08.18-19.20.16:796][382]LogBlueprintUserMessages: [MeleeDrawer_52] Velocity Too Slow
[2016.08.18-19.20.18:124][464]LogBlueprintUserMessages: [MeleeDrawer_52] Velocity Too Slow
[2016.08.18-19.20.19:473][544]LogBlueprintUserMessages: [MeleeDrawer_52] Velocity Too Slow
[2016.08.18-19.20.20:705][616]LogBlueprintUserMessages: [MeleeDrawer_52] Velocity Too Slow
[2016.08.18-19.20.21:853][683]LogBlueprintUserMessages: [MeleeDrawer_52] Velocity Too Slow
[2016.08.18-19.20.22:928][746]LogBlueprintUserMessages: [MeleeDrawer_52] Velocity Too Slow
[2016.08.18-19.20.23:915][805]LogBlueprintUserMessages: [MeleeDrawer_52] Velocity Too Slow
[2016.08.18-19.20.25:028][874]LogBlueprintUserMessages: [MeleeDrawer_52] Velocity Too Slow
[2016.08.18-19.20.27:883][ 51]LogBlueprintUserMessages: [MeleeDrawer_52] Velocity Too Slow
[2016.08.18-19.20.28:883][113]LogBlueprintUserMessages: [MeleeDrawer_52] Velocity Too Slow
[2016.08.18-19.20.30:044][185]LogBlueprintUserMessages: [MeleeDrawer_52] Velocity Too Slow
[2016.08.18-19.20.31:436][269]LogBlueprintUserMessages: [MeleeDrawer_52] Hit Max Length
[2016.08.18-19.20.32:571][339]LogBlueprintUserMessages: [MeleeDrawer_52] Velocity Too Slow
[2016.08.18-19.20.33:677][405]LogBlueprintUserMessages: [MeleeDrawer_52] Velocity Too Slow
[2016.08.18-19.20.34:811][470]LogBlueprintUserMessages: [MeleeDrawer_52] Velocity Too Slow
[2016.08.18-19.20.35:977][539]LogBlueprintUserMessages: [MeleeDrawer_52] Velocity Too Slow
[2016.08.18-19.20.36:688][579]LogBlueprintUserMessages: [MeleeDrawer_52] Hit Max Length
[2016.08.18-19.20.37:816][645]LogBlueprintUserMessages: [MeleeDrawer_52] Velocity Too Slow
[2016.08.18-19.20.39:084][717]LogBlueprintUserMessages: [MeleeDrawer_52] Velocity Too Slow
[2016.08.18-19.20.39:906][766]LogBlueprintUserMessages: [MeleeDrawer_52] Velocity Too Slow
[2016.08.18-19.20.41:398][854]LogBlueprintUserMessages: [MeleeDrawer_52] Velocity Too Slow
[2016.08.18-19.20.42:862][939]LogBlueprintUserMessages: [MeleeDrawer_52] Hit Max Length
[2016.08.18-19.20.45:124][ 80]LogBlueprintUserMessages: [MeleeDrawer_52] Velocity Too Slow
[2016.08.18-19.20.48:012][259]LogBlueprintUserMessages: [MeleeDrawer_52] Velocity Too Slow
[2016.08.18-19.20.49:531][353]LogBlueprintUserMessages: [MeleeDrawer_52] Velocity Too Slow
[2016.08.18-19.20.50:965][442]LogBlueprintUserMessages: [MeleeDrawer_52] Velocity Too Slow
[2016.08.18-19.20.52:208][519]LogBlueprintUserMessages: [MeleeDrawer_52] Velocity Too Slow
[2016.08.18-19.20.54:111][637]LogBlueprintUserMessages: [MeleeDrawer_52] Velocity Too Slow
[2016.08.18-19.20.56:192][766]LogBlueprintUserMessages: [MeleeDrawer_52] Velocity Too Slow
[2016.08.18-19.20.58:288][896]LogBlueprintUserMessages: [MeleeDrawer_52] Velocity Too Slow
[2016.08.18-19.21.00:563][ 37]LogBlueprintUserMessages: [MeleeDrawer_52] Velocity Too Slow
[2016.08.18-19.21.01:950][123]LogBlueprintUserMessages: [MeleeDrawer_52] Velocity Too Slow
[2016.08.18-19.21.03:216][200]LogBlueprintUserMessages: [MeleeDrawer_52] Hit Max Length
[2016.08.18-19.21.06:550][406]LogBlueprintUserMessages: [MeleeDrawer_52] Velocity Too Slow
[2016.08.18-19.21.08:309][515]LogBlueprintUserMessages: [MeleeDrawer_52] Velocity Too Slow
[2016.08.18-19.21.10:276][637]LogBlueprintUserMessages: [MeleeDrawer_52] Velocity Too Slow
[2016.08.18-19.21.12:730][789]LogBlueprintUserMessages: [MeleeDrawer_52] Velocity Too Slow
[2016.08.18-19.21.14:739][913]LogBlueprintUserMessages: [MeleeDrawer_52] Hit Max Length
[2016.08.18-19.21.16:267][  8]LogBlueprintUserMessages: [MeleeDrawer_52] Velocity Too Slow
[2016.08.18-19.21.18:380][139]LogBlueprintUserMessages: [MeleeDrawer_52] Velocity Too Slow
[2016.08.18-19.21.19:982][237]LogBlueprintUserMessages: [MeleeDrawer_52] Hit Max Length
[2016.08.18-19.21.21:778][349]LogBlueprintUserMessages: [MeleeDrawer_52] Velocity Too Slow
[2016.08.18-19.21.23:442][451]LogBlueprintUserMessages: [MeleeDrawer_52] Hit Max Length
[2016.08.18-19.21.25:002][548]LogBlueprintUserMessages: [MeleeDrawer_52] Hit Max Length
[2016.08.18-19.21.27:680][713]LogBlueprintUserMessages: [MeleeDrawer_52] Hit Max Length
[2016.08.18-19.21.29:507][827]LogBlueprintUserMessages: [MeleeDrawer_52] Velocity Too Slow
[2016.08.18-19.21.30:781][906]LogBlueprintUserMessages: [MeleeDrawer_52] Velocity Too Slow
[2016.08.18-19.21.32:201][994]LogBlueprintUserMessages: [MeleeDrawer_52] Velocity Too Slow
[2016.08.18-19.21.33:621][ 82]LogBlueprintUserMessages: [MeleeDrawer_52] Velocity Too Slow
[2016.08.18-19.21.35:041][170]LogBlueprintUserMessages: [MeleeDrawer_52] Velocity Too Slow
[2016.08.18-19.21.36:897][279]LogWindowsTextInputMethodSystem:Display: IME system now deactivated.
[2016.08.18-19.21.36:912][279]LogEngine: All Windows Closed
[2016.08.18-19.21.36:912][279]LogWindows: FPlatformMisc::RequestExit(0)
[2016.08.18-19.21.37:531][280]LogExit: Preparing to exit.
[2016.08.18-19.21.38:395][280]LogExit: Game engine shut down
[2016.08.18-19.21.38:551][280]LogObj: Freed 0b from 0 cluster array pools.
[2016.08.18-19.21.38:551][280]LogExit: Object subsystem successfully closed.
[2016.08.18-19.21.38:567][280]LogD3D11RHI: Shutdown
[2016.08.18-19.21.38:567][280]LogD3D11RHI: CleanupD3DDevice
[2016.08.18-19.21.38:666][280]LogD3D11RHI: ~FD3D11DynamicRHI
[2016.08.18-19.21.38:773][280]LogDerivedDataCache: Shutdown
[2016.08.18-19.21.38:773][280]LogModuleManager: Shutting down and abandoning module AndroidDeviceDetection (126)
[2016.08.18-19.21.39:086][280]LogModuleManager: Shutting down and abandoning module AutomationController (125)
[2016.08.18-19.21.39:087][280]LogModuleManager: Shutting down and abandoning module AutomationWorker (124)
[2016.08.18-19.21.39:087][280]LogModuleManager: Shutting down and abandoning module CharacterAI (123)
[2016.08.18-19.21.39:087][280]LogModuleManager: Shutting down and abandoning module AITestSuite (122)
[2016.08.18-19.21.39:087][280]LogModuleManager: Shutting down and abandoning module GameplayDebugger (121)
[2016.08.18-19.21.39:087][280]LogModuleManager: Shutting down and abandoning module AIModule (120)
[2016.08.18-19.21.39:087][280]LogModuleManager: Shutting down and abandoning module AssetRegistry (119)
[2016.08.18-19.21.39:087][280]LogModuleManager: Shutting down and abandoning module MovieSceneCapture (118)
[2016.08.18-19.21.39:087][280]LogModuleManager: Shutting down and abandoning module StreamingPauseRendering (117)
[2016.08.18-19.21.39:087][280]LogModuleManager: Shutting down and abandoning module PortalServices (116)
[2016.08.18-19.21.39:087][280]LogModuleManager: Shutting down and abandoning module PortalRpc (115)
[2016.08.18-19.21.39:087][280]LogModuleManager: Shutting down and abandoning module MessagingRpc (114)
[2016.08.18-19.21.39:087][280]LogModuleManager: Shutting down and abandoning module ProfilerService (113)
[2016.08.18-19.21.39:301][280]LogModuleManager: Shutting down and abandoning module TaskGraph (112)
[2016.08.18-19.21.39:301][280]LogModuleManager: Shutting down and abandoning module SlateRemote (111)
[2016.08.18-19.21.39:301][280]LogModuleManager: Shutting down and abandoning module SteamVRController (110)
[2016.08.18-19.21.39:301][280]LogModuleManager: Shutting down and abandoning module SteamVR (109)
[2016.08.18-19.21.39:301][280]LogModuleManager: Shutting down and abandoning module ProceduralMeshComponent (108)
[2016.08.18-19.21.39:301][280]LogModuleManager: Shutting down and abandoning module OculusLibrary (107)
[2016.08.18-19.21.39:301][280]LogModuleManager: Shutting down and abandoning module OculusInput (106)
[2016.08.18-19.21.39:301][280]LogModuleManager: Shutting down and abandoning module CustomMeshComponent (105)
[2016.08.18-19.21.39:301][280]LogModuleManager: Shutting down and abandoning module CableComponent (104)
[2016.08.18-19.21.39:301][280]LogModuleManager: Shutting down and abandoning module ArchVisCharacter (103)
[2016.08.18-19.21.39:301][280]LogModuleManager: Shutting down and abandoning module HTML5Networking (102)
[2016.08.18-19.21.39:301][280]LogModuleManager: Shutting down and abandoning module DesktopPlatform (101)
[2016.08.18-19.21.39:301][280]LogModuleManager: Shutting down and abandoning module DirectoryWatcher (100)
[2016.08.18-19.21.39:301][280]LogModuleManager: Shutting down and abandoning module HotReload (99)
[2016.08.18-19.21.39:301][280]LogModuleManager: Shutting down and abandoning module VisualStudioSourceCodeAccess (98)
[2016.08.18-19.21.39:301][280]LogModuleManager: Shutting down and abandoning module UObjectPlugin (97)
[2016.08.18-19.21.39:301][280]LogModuleManager: Shutting down and abandoning module SubversionSourceControl (96)
[2016.08.18-19.21.39:302][280]LogModuleManager: Shutting down and abandoning module SourceControl (95)
[2016.08.18-19.21.39:302][280]LogModuleManager: Shutting down and abandoning module PerforceSourceControl (94)
[2016.08.18-19.21.39:302][280]LogModuleManager: Shutting down and abandoning module ProjectOne (93)
[2016.08.18-19.21.39:302][280]LogModuleManager: Shutting down and abandoning module UdpMessaging (92)
[2016.08.18-19.21.39:402][280]LogModuleManager: Shutting down and abandoning module LightPropagationVolumeRuntime (91)
[2016.08.18-19.21.39:402][280]LogModuleManager: Shutting down and abandoning module Paper2D (90)
[2016.08.18-19.21.39:402][280]LogModuleManager: Shutting down and abandoning module WindowsMoviePlayer (89)
[2016.08.18-19.21.39:402][280]LogModuleManager: Shutting down and abandoning module Media (88)
[2016.08.18-19.21.39:402][280]LogModuleManager: Shutting down and abandoning module WmfMedia (87)
[2016.08.18-19.21.39:402][280]LogModuleManager: Shutting down and abandoning module MediaAssets (86)
[2016.08.18-19.21.39:402][280]LogModuleManager: Shutting down and abandoning module GameLiveStreaming (85)
[2016.08.18-19.21.39:402][280]LogModuleManager: Shutting down and abandoning module GameplayTagsEditor (84)
[2016.08.18-19.21.39:402][280]LogModuleManager: Shutting down and abandoning module OnlineBlueprintSupport (83)
[2016.08.18-19.21.39:402][280]LogModuleManager: Shutting down and abandoning module GameplayTasksEditor (82)
[2016.08.18-19.21.39:402][280]LogModuleManager: Shutting down and abandoning module PropertyEditor (81)
[2016.08.18-19.21.39:402][280]LogModuleManager: Shutting down and abandoning module BehaviorTreeEditor (80)
[2016.08.18-19.21.39:402][280]LogModuleManager: Shutting down and abandoning module FunctionalTesting (79)
[2016.08.18-19.21.39:402][280]LogModuleManager: Shutting down and abandoning module CollisionAnalyzer (78)
[2016.08.18-19.21.39:402][280]LogModuleManager: Shutting down and abandoning module WorkspaceMenuStructure (77)
[2016.08.18-19.21.39:402][280]LogModuleManager: Shutting down and abandoning module MessageLog (76)
[2016.08.18-19.21.39:402][280]LogModuleManager: Shutting down and abandoning module Sequencer (75)
[2016.08.18-19.21.39:403][280]LogModuleManager: Shutting down and abandoning module AssetTools (74)
[2016.08.18-19.21.39:403][280]LogModuleManager: Shutting down and abandoning module UMGEditor (73)
[2016.08.18-19.21.39:403][280]LogModuleManager: Shutting down and abandoning module UMG (72)
[2016.08.18-19.21.39:403][280]LogModuleManager: Shutting down and abandoning module SlateReflector (71)
[2016.08.18-19.21.39:403][280]LogModuleManager: Shutting down and abandoning module Slate (70)
[2016.08.18-19.21.39:403][280]LogModuleManager: Shutting down and abandoning module EditorStyle (69)
[2016.08.18-19.21.39:405][280]LogModuleManager: Shutting down and abandoning module SessionServices (68)
[2016.08.18-19.21.39:405][280]LogModuleManager: Shutting down and abandoning module SourceCodeAccess (67)
[2016.08.18-19.21.39:405][280]LogModuleManager: Shutting down and abandoning module HeadMountedDisplay (66)
[2016.08.18-19.21.39:405][280]LogModuleManager: Shutting down and abandoning module XAudio2 (65)
[2016.08.18-19.21.39:405][280]LogModuleManager: Shutting down and abandoning module Networking (63)
[2016.08.18-19.21.39:405][280]LogModuleManager: Shutting down and abandoning module Core (62)
[2016.08.18-19.21.39:405][280]LogModuleManager: Shutting down and abandoning module KismetCompiler (61)
[2016.08.18-19.21.39:405][280]LogModuleManager: Shutting down and abandoning module PhysXFormats (60)
[2016.08.18-19.21.39:405][280]LogModuleManager: Shutting down and abandoning module MeshUtilities (59)
[2016.08.18-19.21.39:405][280]LogModuleManager: Shutting down and abandoning module CookingStats (58)
[2016.08.18-19.21.39:405][280]LogModuleManager: Shutting down and abandoning module DerivedDataCache (57)
[2016.08.18-19.21.39:405][280]LogDerivedDataCache: Shutdown
[2016.08.18-19.21.39:405][280]LogModuleManager: Shutting down and abandoning module ShaderFormatOpenGL (56)
[2016.08.18-19.21.39:405][280]LogModuleManager: Shutting down and abandoning module ShaderFormatD3D (55)
[2016.08.18-19.21.39:405][280]LogModuleManager: Shutting down and abandoning module MetalShaderFormat (54)
[2016.08.18-19.21.39:405][280]LogModuleManager: Shutting down and abandoning module TextureFormatUncompressed (53)
[2016.08.18-19.21.39:405][280]LogModuleManager: Shutting down and abandoning module TextureFormatPVR (52)
[2016.08.18-19.21.39:405][280]LogModuleManager: Shutting down and abandoning module TextureFormatIntelISPCTexComp (51)
[2016.08.18-19.21.39:405][280]LogModuleManager: Shutting down and abandoning module TextureFormatDXT (50)
[2016.08.18-19.21.39:405][280]LogModuleManager: Shutting down and abandoning module ImageWrapper (49)
[2016.08.18-19.21.39:405][280]LogModuleManager: Shutting down and abandoning module TextureFormatASTC (48)
[2016.08.18-19.21.39:405][280]LogModuleManager: Shutting down and abandoning module TextureFormatAndroid (47)
[2016.08.18-19.21.39:405][280]LogModuleManager: Shutting down and abandoning module AudioFormatOpus (46)
[2016.08.18-19.21.39:405][280]LogModuleManager: Shutting down and abandoning module AudioFormatOgg (45)
[2016.08.18-19.21.39:405][280]LogModuleManager: Shutting down and abandoning module AudioFormatADPCM (44)
[2016.08.18-19.21.39:405][280]LogModuleManager: Shutting down and abandoning module LinuxTargetPlatform (43)
[2016.08.18-19.21.39:405][280]LogModuleManager: Shutting down and abandoning module LinuxServerTargetPlatform (42)
[2016.08.18-19.21.39:405][280]LogModuleManager: Shutting down and abandoning module LinuxNoEditorTargetPlatform (41)
[2016.08.18-19.21.39:405][280]LogModuleManager: Shutting down and abandoning module TVOSTargetPlatform (40)
[2016.08.18-19.21.39:405][280]LogModuleManager: Shutting down and abandoning module Messaging (39)
[2016.08.18-19.21.39:405][280]LogModuleManager: Shutting down and abandoning module IOSTargetPlatform (38)
[2016.08.18-19.21.39:405][280]LogModuleManager: Shutting down and abandoning module HTML5TargetPlatform (37)
[2016.08.18-19.21.39:405][280]LogModuleManager: Shutting down and abandoning module Android_PVRTCTargetPlatform (36)
[2016.08.18-19.21.39:405][280]LogModuleManager: Shutting down and abandoning module Android_MultiTargetPlatform (35)
[2016.08.18-19.21.39:405][280]LogModuleManager: Shutting down and abandoning module Android_ETC2TargetPlatform (34)
[2016.08.18-19.21.39:405][280]LogModuleManager: Shutting down and abandoning module Android_ETC1TargetPlatform (33)
[2016.08.18-19.21.39:405][280]LogModuleManager: Shutting down and abandoning module Android_DXTTargetPlatform (32)
[2016.08.18-19.21.39:405][280]LogModuleManager: Shutting down and abandoning module Android_ATCTargetPlatform (31)
[2016.08.18-19.21.39:405][280]LogModuleManager: Shutting down and abandoning module Android_ASTCTargetPlatform (30)
[2016.08.18-19.21.39:405][280]LogModuleManager: Shutting down and abandoning module AndroidTargetPlatform (29)
[2016.08.18-19.21.39:405][280]LogModuleManager: Shutting down and abandoning module WindowsTargetPlatform (28)
[2016.08.18-19.21.39:405][280]LogModuleManager: Shutting down and abandoning module WindowsServerTargetPlatform (27)
[2016.08.18-19.21.39:405][280]LogModuleManager: Shutting down and abandoning module WindowsNoEditorTargetPlatform (26)
[2016.08.18-19.21.39:405][280]LogModuleManager: Shutting down and abandoning module WindowsClientTargetPlatform (25)
[2016.08.18-19.21.39:405][280]LogModuleManager: Shutting down and abandoning module AllDesktopTargetPlatform (24)
[2016.08.18-19.21.39:405][280]LogModuleManager: Shutting down and abandoning module TargetPlatform (23)
[2016.08.18-19.21.39:405][280]LogModuleManager: Shutting down and abandoning module InputCore (22)
[2016.08.18-19.21.39:405][280]LogModuleManager: Shutting down and abandoning module Settings (21)
[2016.08.18-19.21.39:405][280]LogModuleManager: Shutting down and abandoning module OnlineSubsystem (19)
[2016.08.18-19.21.39:405][280]LogModuleManager: Shutting down and abandoning module HTTP (18)
[2016.08.18-19.21.39:405][280]LogModuleManager: Shutting down and abandoning module XMPP (17)
[2016.08.18-19.21.39:405][280]LogModuleManager: Shutting down and abandoning module OculusRift (16)
[2016.08.18-19.21.39:405][280]LogModuleManager: Shutting down and abandoning module ExampleDeviceProfileSelector (15)
[2016.08.18-19.21.39:405][280]LogModuleManager: Shutting down and abandoning module TextureCompressor (14)
[2016.08.18-19.21.39:405][280]LogModuleManager: Shutting down and abandoning module ShaderCore (13)
[2016.08.18-19.21.39:405][280]LogModuleManager: Shutting down and abandoning module Landscape (12)
[2016.08.18-19.21.39:405][280]LogModuleManager: Shutting down and abandoning module SlateRHIRenderer (11)
[2016.08.18-19.21.39:405][280]LogModuleManager: Shutting down and abandoning module OpenGLDrv (10)
[2016.08.18-19.21.39:406][280]LogModuleManager: Shutting down and abandoning module D3D11RHI (9)
[2016.08.18-19.21.39:406][280]LogModuleManager: Shutting down and abandoning module AnimGraphRuntime (8)
[2016.08.18-19.21.39:406][280]LogModuleManager: Shutting down and abandoning module Renderer (7)
[2016.08.18-19.21.39:406][280]LogModuleManager: Shutting down and abandoning module Engine (6)
[2016.08.18-19.21.39:406][280]LogModuleManager: Shutting down and abandoning module CoreUObject (5)
[2016.08.18-19.21.39:406][280]LogModuleManager: Shutting down and abandoning module NetworkFile (4)
[2016.08.18-19.21.39:406][280]LogModuleManager: Shutting down and abandoning module StreamingFile (3)
[2016.08.18-19.21.39:406][280]LogModuleManager: Shutting down and abandoning module SandboxFile (2)
[2016.08.18-19.21.39:406][280]LogModuleManager: Shutting down and abandoning module PakFile (1)
[2016.08.18-19.21.39:407][280]LogExit: Exiting.
[2016.08.18-19.21.39:408][280]Log file closed, 08/18/16 15:21:39
