Log file open, 08/18/16 18:30:29
LogInit:Display: Running engine for game: ProjectOne
LogPlatformFile: Not using cached read wrapper
LogInit:Display: RandInit(-1812547182) SRandInit(-1812547179).
LogTaskGraph: Started task graph with 4 named threads and 7 total threads.
LogStats: Stats thread started at 0.086227
LogInit: Version: 4.11.2-2946394+++UE4+Release-4.11
LogInit: API Version: 2927265
LogInit: Compiled (64-bit): Apr 18 2016 02:18:46
LogInit: Compiled with Visual C++: 19.00.23026.00
LogInit: Build Configuration: Development
LogInit: Branch Name: ++UE4+Release-4.11
LogInit: Command line:  /Temp/Autosaves/Game/Levels/UEDPCOverworldLevel -game -PIEVIACONSOLE -ResX=1280 -ResY=720  -Multiprocess -messaging -SessionName="Play in Standalone Game" 
LogInit: Base directory: C:/Program Files/Epic Games/4.11/Engine/Binaries/Win64/
LogInit: Installed Engine Build: 1
LogInit: Using libcurl 7.41.0
LogInit:  - built for x86_64-pc-win32
LogInit:  - supports SSL with WinSSL
LogInit:  - other features:
LogInit:      CURL_VERSION_SSL
LogInit:      CURL_VERSION_IPV6
LogInit:      CURL_VERSION_ASYNCHDNS
LogInit:      CURL_VERSION_LARGEFILE
LogInit:      CURL_VERSION_IDN
LogInit:  CurlRequestOptions (configurable via config and command line):
LogInit:  - bVerifyPeer = true  - Libcurl will verify peer certificate
LogInit:  - bUseHttpProxy = false  - Libcurl will NOT use HTTP proxy
LogInit:  - bDontReuseConnections = false  - Libcurl will reuse connections
LogInit:  - CertBundlePath = nullptr  - Libcurl will use whatever was configured at build time.
LogInit: Presizing for max 16777216 objects, including 0 objects not considered by GC, pre-allocating 0 bytes for permanent pool.
LogInit: Object subsystem initialized
[2016.08.18-22.30.29:572][  0]LogInit: Selected Device Profile: [Windows]
[2016.08.18-22.30.29:572][  0]LogInit: Applying CVar settings loaded from the selected device profile: [Windows]
[2016.08.18-22.30.29:576][  0]LogInit: Computer: FAHAD-PC
[2016.08.18-22.30.29:576][  0]LogInit: User: Fahad
[2016.08.18-22.30.29:576][  0]LogInit: CPU Page size=65536, Cores=4
[2016.08.18-22.30.29:576][  0]LogInit: High frequency timer resolution =3.215352 MHz
[2016.08.18-22.30.29:576][  0]LogMemory: Memory total: Physical=8.0GB (8GB approx)
[2016.08.18-22.30.29:577][  0]LogMemory: Platform Memory Stats for Windows
[2016.08.18-22.30.29:577][  0]LogMemory: Process Physical Memory: 313.62 MB used, 313.62 MB peak
[2016.08.18-22.30.29:577][  0]LogMemory: Process Virtual Memory: 314.87 MB used, 314.87 MB peak
[2016.08.18-22.30.29:577][  0]LogMemory: Physical Memory: 5647.93 MB used, 8174.67 MB total
[2016.08.18-22.30.29:577][  0]LogMemory: Virtual Memory: 651.88 MB used, 134217728.00 MB total
[2016.08.18-22.30.29:631][  0]LogTextLocalizationManager: No specific translations for ('en-US') exist, so ('en') translations will be used.
[2016.08.18-22.30.30:030][  0]LogD3D11RHI: D3D11 adapters:
[2016.08.18-22.30.30:055][  0]LogD3D11RHI:    0. 'NVIDIA GeForce GTX 970' (Feature Level 11_0)
[2016.08.18-22.30.30:055][  0]LogD3D11RHI:       4007MB of dedicated video memory, 0MB of dedicated system memory, and 4087MB of shared system memory, 2 output[s]
[2016.08.18-22.30.30:057][  0]LogD3D11RHI:    1. 'Microsoft Basic Render Driver' (Feature Level 11_0)
[2016.08.18-22.30.30:057][  0]LogD3D11RHI:       0MB of dedicated video memory, 0MB of dedicated system memory, and 4087MB of shared system memory, 0 output[s]
[2016.08.18-22.30.30:057][  0]LogD3D11RHI: Chosen D3D11 Adapter: 0
[2016.08.18-22.30.30:061][  0]LogD3D11RHI: Creating new Direct3DDevice
[2016.08.18-22.30.30:062][  0]LogD3D11RHI:     Adapter Name: NVIDIA GeForce GTX 970
[2016.08.18-22.30.30:062][  0]LogD3D11RHI:   Driver Version: 10.18.13.6510 (internal 10.18.13.6510)
[2016.08.18-22.30.30:062][  0]LogD3D11RHI:      Driver Date: 4-27-2016
[2016.08.18-22.30.30:062][  0]LogRHI: Texture pool is 1361 MB (70% of 1945 MB)
[2016.08.18-22.30.30:076][  0]LogD3D11RHI: Async texture creation enabled
[2016.08.18-22.30.30:548][  0]LogShaderCompilers: Guid format shader working directory is -48 characters bigger than the processId version (../../../../../../Users/Fahad/Desktop/MX2 Game Suite/GitHub Directory/project-1-mx2/ProjectOne/Intermediate/Shaders/WorkingDirectory/8128/).
[2016.08.18-22.30.30:548][  0]LogShaderCompilers: Cleaned the shader compiler working directory 'C:/Users/Fahad/AppData/Local/Temp/UnrealShaderWorkingDir/1670BC44496B4882EC02B7A0BB5990AF/'.
[2016.08.18-22.30.30:548][  0]LogShaderCompilers:Display: Using Local Shader Compiler.
[2016.08.18-22.30.31:598][  0]LogTemp:Display: Loaded TP AllDesktopTargetPlatform
[2016.08.18-22.30.31:605][  0]LogTemp:Display: Loaded TP WindowsClientTargetPlatform
[2016.08.18-22.30.31:611][  0]LogTemp:Display: Loaded TP WindowsNoEditorTargetPlatform
[2016.08.18-22.30.31:618][  0]LogTemp:Display: Loaded TP WindowsServerTargetPlatform
[2016.08.18-22.30.31:624][  0]LogTemp:Display: Loaded TP WindowsTargetPlatform
[2016.08.18-22.30.31:629][  0]LogTemp:Display: Loaded TP AndroidTargetPlatform
[2016.08.18-22.30.31:633][  0]LogTemp:Display: Loaded TP Android_ASTCTargetPlatform
[2016.08.18-22.30.31:637][  0]LogTemp:Display: Loaded TP Android_ATCTargetPlatform
[2016.08.18-22.30.31:641][  0]LogTemp:Display: Loaded TP Android_DXTTargetPlatform
[2016.08.18-22.30.31:645][  0]LogTemp:Display: Loaded TP Android_ETC1TargetPlatform
[2016.08.18-22.30.31:649][  0]LogTemp:Display: Loaded TP Android_ETC2TargetPlatform
[2016.08.18-22.30.31:658][  0]LogTemp:Display: Loaded TP Android_MultiTargetPlatform
[2016.08.18-22.30.31:658][  0]LogTemp:Display: Loaded TP Android_PVRTCTargetPlatform
[2016.08.18-22.30.31:660][  0]LogTemp:Display: Loaded TP HTML5TargetPlatform
[2016.08.18-22.30.31:679][  0]LogTemp:Display: Loaded TP IOSTargetPlatform
[2016.08.18-22.30.31:684][  0]LogTemp:Display: Loaded TP TVOSTargetPlatform
[2016.08.18-22.30.31:688][  0]LogTemp:Display: Loaded TP LinuxNoEditorTargetPlatform
[2016.08.18-22.30.31:691][  0]LogTemp:Display: Loaded TP LinuxServerTargetPlatform
[2016.08.18-22.30.31:695][  0]LogTemp:Display: Loaded TP LinuxTargetPlatform
[2016.08.18-22.30.31:695][  0]LogTargetPlatformManager:Display: Building Assets For Windows
[2016.08.18-22.30.31:813][  0]LogDerivedDataCache:Display: Max Cache Size: 512 MB
[2016.08.18-22.30.31:887][  0]LogDerivedDataCache: Loaded boot cache 0.07s 65MB C:/Users/Fahad/AppData/Local/UnrealEngine/4.11/DerivedDataCache/Boot.ddc.
[2016.08.18-22.30.31:887][  0]LogDerivedDataCache:Display: Loaded Boot cache: C:/Users/Fahad/AppData/Local/UnrealEngine/4.11/DerivedDataCache/Boot.ddc
[2016.08.18-22.30.31:887][  0]LogDerivedDataCache: FDerivedDataBackendGraph:  Pak pak cache file ../../../../../../Users/Fahad/Desktop/MX2 Game Suite/GitHub Directory/project-1-mx2/ProjectOne/DerivedDataCache/DDC.ddp not found, will not use a pak cache.
[2016.08.18-22.30.31:887][  0]LogDerivedDataCache: Unable to find inner node Pak for hierarchical cache Hierarchy.
[2016.08.18-22.30.31:887][  0]LogDerivedDataCache: FDerivedDataBackendGraph:  CompressedPak pak cache file ../../../../../../Users/Fahad/Desktop/MX2 Game Suite/GitHub Directory/project-1-mx2/ProjectOne/DerivedDataCache/Compressed.ddp not found, will not use a pak cache.
[2016.08.18-22.30.31:887][  0]LogDerivedDataCache: Unable to find inner node CompressedPak for hierarchical cache Hierarchy.
[2016.08.18-22.30.31:902][  0]LogDerivedDataCache:Display: Pak cache opened for reading ../../../Engine/DerivedDataCache/Compressed.ddp.
[2016.08.18-22.30.31:915][  0]LogDerivedDataCache: Using Local data cache path C:/Users/Fahad/AppData/Local/UnrealEngine/Common/DerivedDataCache: Writable
[2016.08.18-22.30.32:154][  0]LogInit: Selected Device Profile: [Windows]
[2016.08.18-22.30.32:161][  0]LogMaterial: Uniform references updated for custom material expression Custom.
[2016.08.18-22.30.32:161][  0]LogContentStreaming: Texture pool size is 1000.00 MB
[2016.08.18-22.30.32:298][  0]LogMeshUtilities: No automatic mesh reduction module available
[2016.08.18-22.30.32:298][  0]LogMeshUtilities: No automatic mesh merging module available
[2016.08.18-22.30.32:298][  0]LogMeshUtilities: No distributed automatic mesh merging module available
[2016.08.18-22.30.32:543][  0]LogInit: WinSock: version 1.1 (2.2), MaxSocks=32767, MaxUdp=65467
[2016.08.18-22.30.32:648][  0]LogSlate: SlateFontCache - WITH_FREETYPE: 1, WITH_HARFBUZZ: 1
[2016.08.18-22.30.32:648][  0]LogSlate: SlateFontCache - WITH_FREETYPE: 1, WITH_HARFBUZZ: 1
[2016.08.18-22.30.32:825][  0]LogWindowsMoviePlayer: Unable to load movie: ../../../../../../Users/Fahad/Desktop/MX2 Game Suite/GitHub Directory/project-1-mx2/ProjectOne/Content/Movies/Default_Startup.mp4
[2016.08.18-22.30.32:911][  0]LogUdpMessaging: Initializing bridge on interface 0.0.0.0:0 to multicast group 230.0.0.1:6666.
[2016.08.18-22.30.32:979][  0]LogTemp:Warning: No World
[2016.08.18-22.30.32:998][  0]SourceControl: Info Source control is disabled
[2016.08.18-22.30.32:998][  0]SourceControl: Info Source control is disabled
[2016.08.18-22.30.33:013][  0]SourceControl: Info Source control is disabled
[2016.08.18-22.30.33:157][  0]LogHMD: Failed to initialize OpenVR with code 108
[2016.08.18-22.30.33:186][  0]LogUObjectArray: 29307 objects as part of root set at end of initial load.
[2016.08.18-22.30.33:186][  0]LogUObjectAllocator: 6107224 out of 0 bytes used by permanent object pool.
[2016.08.18-22.30.33:186][  0]LogUObjectArray: CloseDisregardForGC: 0/0 objects in disregard for GC pool
[2016.08.18-22.30.33:248][  0]LogEngine: Initializing Engine...
[2016.08.18-22.30.33:936][  0]LogInit: XAudio2 using 'Speakers (5- Logitech USB Headset)' : 2 channels at 44.1 kHz using 16 bits per sample (channel mask 0x3)
[2016.08.18-22.30.33:948][  0]LogInit: FAudioDevice initialized.
[2016.08.18-22.30.33:957][  0]LogInit: Texture streaming: Enabled
[2016.08.18-22.30.34:044][  0]LogNet: Browse: /Temp/Autosaves/Game/Levels/UEDPCOverworldLevel?Name=Player
[2016.08.18-22.30.34:044][  0]LogLoad: LoadMap: /Temp/Autosaves/Game/Levels/UEDPCOverworldLevel?Name=Player
[2016.08.18-22.30.34:078][  0]LogMemory: Platform Memory Stats for Windows
[2016.08.18-22.30.34:078][  0]LogMemory: Process Physical Memory: 776.15 MB used, 781.19 MB peak
[2016.08.18-22.30.34:078][  0]LogMemory: Process Virtual Memory: 903.40 MB used, 903.41 MB peak
[2016.08.18-22.30.34:078][  0]LogMemory: Physical Memory: 6048.25 MB used, 8174.67 MB total
[2016.08.18-22.30.34:078][  0]LogMemory: Virtual Memory: 1475.91 MB used, 134217728.00 MB total
[2016.08.18-22.30.34:078][  0]LogMemory: 
[2016.08.18-22.30.34:078][  0]Allocator Stats for TBB: (not implemented)
[2016.08.18-22.30.34:082][  0]LogTemp:Warning: No World
[2016.08.18-22.30.34:206][  0]LogAssetRegistry: FAssetRegistry took 0.0001 seconds to start up
[2016.08.18-22.30.34:450][  0]LogTemp:Warning: No World
[2016.08.18-22.30.34:560][  0]LogTemp:Warning: No World
[2016.08.18-22.30.34:616][  0]LogAIModule: Creating AISystem for world OverworldLevel
[2016.08.18-22.30.34:616][  0]LogWorld: Game class is 'BattleGameMode_BP_C'
[2016.08.18-22.30.34:619][  0]LogWorld: Bringing World /Temp/Autosaves/Game/Levels/UEDPCOverworldLevel.OverworldLevel up for play (max tick rate 0) at 2016.08.18-18.30.34
[2016.08.18-22.30.34:619][  0]LogWorld: Bringing up level for play took: 0.002069
[2016.08.18-22.30.34:621][  0]LogInit:Display: Game Engine Initialized.
[2016.08.18-22.30.34:842][  0]LogLoad: Full Startup: 6.15 seconds (BP compile: 0.39 seconds)
[2016.08.18-22.30.34:842][  0]LogExternalProfiler: Found external profiler: VSPerf
[2016.08.18-22.30.34:842][  0]LogExternalProfiler: Using external profiler: VSPerf
[2016.08.18-22.30.34:861][  0]LogWindowsTextInputMethodSystem:Display: IME system now deactivated.
[2016.08.18-22.30.34:862][  0]LogOcInput: OculusInput pre-init called
[2016.08.18-22.30.34:976][  2]LogRenderer: Reallocating scene render targets to support 1280x720 (Frame:2).
[2016.08.18-22.30.38:000][188]LogTemp:Warning: got player controller successfully
[2016.08.18-22.30.38:000][188]LogTemp:Warning: Entity #:0: Entity Name: Beck
[2016.08.18-22.30.38:000][188]LogTemp:Warning: Entity #:1: Entity Name: Sluagh
[2016.08.18-22.30.38:000][188]LogTemp:Warning: Entity #:2: Entity Name: Sluagh2
[2016.08.18-22.30.38:000][188]LogTemp:Warning: Entity #:3: Entity Name: Beck
[2016.08.18-22.30.38:000][188]LogTemp:Warning: Entity #:4: Entity Name: Sluagh
[2016.08.18-22.30.38:000][188]LogTemp:Warning: Entity #:5: Entity Name: Sluagh2
[2016.08.18-22.30.38:001][188]LogTemp:Warning: Entity #:6: Entity Name: Beck
[2016.08.18-22.30.38:159][198]LogTemp:Warning: Round: 6	Entity: Beck
[2016.08.18-22.30.38:159][198]LogTemp:Warning: Entity #:0: Entity Name: Beck
[2016.08.18-22.30.38:159][198]LogTemp:Warning: Entity #:1: Entity Name: Sluagh
[2016.08.18-22.30.38:159][198]LogTemp:Warning: Entity #:2: Entity Name: Sluagh2
[2016.08.18-22.30.38:160][198]LogTemp:Warning: Entity #:3: Entity Name: Beck
[2016.08.18-22.30.38:160][198]LogTemp:Warning: Entity #:4: Entity Name: Sluagh
[2016.08.18-22.30.38:160][198]LogTemp:Warning: Entity #:5: Entity Name: Sluagh2
[2016.08.18-22.30.38:160][198]LogTemp:Warning: Entity #:6: Entity Name: Beck
[2016.08.18-22.30.38:755][235]LogBlueprintUserMessages: [BattleGameMode_BP_C_0] Animation
[2016.08.18-22.30.38:756][235]LogTemp:Warning: Round: 6	Entity: Sluagh
[2016.08.18-22.30.38:756][235]LogTemp:Warning: Entity #:0: Entity Name: Sluagh
[2016.08.18-22.30.38:756][235]LogTemp:Warning: Entity #:1: Entity Name: Sluagh2
[2016.08.18-22.30.38:756][235]LogTemp:Warning: Entity #:2: Entity Name: Beck
[2016.08.18-22.30.38:756][235]LogTemp:Warning: Entity #:3: Entity Name: Sluagh
[2016.08.18-22.30.38:756][235]LogTemp:Warning: Entity #:4: Entity Name: Sluagh2
[2016.08.18-22.30.38:756][235]LogTemp:Warning: Entity #:5: Entity Name: Beck
[2016.08.18-22.30.38:756][235]LogTemp:Warning: Entity #:6: Entity Name: Sluagh
[2016.08.18-22.30.38:756][235]LogTemp:Warning: Sluagh Timer Active.
[2016.08.18-22.30.39:773][298]LogBlueprintUserMessages: [AttackBroadcaster_BP] Attack Time Set
[2016.08.18-22.30.48:240][823]PIE:Warning: Warning Mobility of OrbReticleFadeOut_BP_C_0 : RenderComponent has to be 'Movable' if you'd like to move. 
[2016.08.18-22.30.48:240][823]LogPhysics:Warning: MoveFixedBody: Trying to move component'/Temp/Autosaves/Game/Levels/UEDPCOverworldLevel.OverworldLevel:PersistentLevel.OrbReticleFadeOut_BP_C_0.RenderComponent' with a non-Movable Mobility.
[2016.08.18-22.30.48:240][823]PIE:Warning: Warning Mobility of OrbReticleFadeOut_BP_C_0 : RenderComponent has to be 'Movable' if you'd like to move. 
[2016.08.18-22.30.48:256][824]PIE:Warning: Warning Mobility of OrbReticleFadeOut_BP_C_0 : RenderComponent has to be 'Movable' if you'd like to move. 
[2016.08.18-22.30.48:272][825]PIE:Warning: Warning Mobility of OrbReticleFadeOut_BP_C_0 : RenderComponent has to be 'Movable' if you'd like to move. 
[2016.08.18-22.30.48:288][826]PIE:Warning: Warning Mobility of OrbReticleFadeOut_BP_C_0 : RenderComponent has to be 'Movable' if you'd like to move. 
[2016.08.18-22.30.48:304][827]PIE:Warning: Warning Mobility of OrbReticleFadeOut_BP_C_0 : RenderComponent has to be 'Movable' if you'd like to move. 
[2016.08.18-22.30.48:320][828]PIE:Warning: Warning Mobility of OrbReticleFadeOut_BP_C_0 : RenderComponent has to be 'Movable' if you'd like to move. 
[2016.08.18-22.30.48:336][829]PIE:Warning: Warning Mobility of OrbReticleFadeOut_BP_C_0 : RenderComponent has to be 'Movable' if you'd like to move. 
[2016.08.18-22.30.48:352][830]PIE:Warning: Warning Mobility of OrbReticleFadeOut_BP_C_0 : RenderComponent has to be 'Movable' if you'd like to move. 
[2016.08.18-22.30.48:368][831]PIE:Warning: Warning Mobility of OrbReticleFadeOut_BP_C_0 : RenderComponent has to be 'Movable' if you'd like to move. 
[2016.08.18-22.30.48:384][832]PIE:Warning: Warning Mobility of OrbReticleFadeOut_BP_C_0 : RenderComponent has to be 'Movable' if you'd like to move. 
[2016.08.18-22.30.48:401][833]PIE:Warning: Warning Mobility of OrbReticleFadeOut_BP_C_0 : RenderComponent has to be 'Movable' if you'd like to move. 
[2016.08.18-22.30.48:417][834]PIE:Warning: Warning Mobility of OrbReticleFadeOut_BP_C_0 : RenderComponent has to be 'Movable' if you'd like to move. 
[2016.08.18-22.30.48:433][835]PIE:Warning: Warning Mobility of OrbReticleFadeOut_BP_C_0 : RenderComponent has to be 'Movable' if you'd like to move. 
[2016.08.18-22.30.48:449][836]PIE:Warning: Warning Mobility of OrbReticleFadeOut_BP_C_0 : RenderComponent has to be 'Movable' if you'd like to move. 
[2016.08.18-22.30.48:465][837]PIE:Warning: Warning Mobility of OrbReticleFadeOut_BP_C_0 : RenderComponent has to be 'Movable' if you'd like to move. 
[2016.08.18-22.30.48:481][838]PIE:Warning: Warning Mobility of OrbReticleFadeOut_BP_C_0 : RenderComponent has to be 'Movable' if you'd like to move. 
[2016.08.18-22.30.48:497][839]PIE:Warning: Warning Mobility of OrbReticleFadeOut_BP_C_0 : RenderComponent has to be 'Movable' if you'd like to move. 
[2016.08.18-22.30.48:513][840]PIE:Warning: Warning Mobility of OrbReticleFadeOut_BP_C_0 : RenderComponent has to be 'Movable' if you'd like to move. 
[2016.08.18-22.30.48:529][841]PIE:Warning: Warning Mobility of OrbReticleFadeOut_BP_C_0 : RenderComponent has to be 'Movable' if you'd like to move. 
[2016.08.18-22.30.48:546][842]PIE:Warning: Warning Mobility of OrbReticleFadeOut_BP_C_0 : RenderComponent has to be 'Movable' if you'd like to move. 
[2016.08.18-22.30.48:562][843]PIE:Warning: Warning Mobility of OrbReticleFadeOut_BP_C_0 : RenderComponent has to be 'Movable' if you'd like to move. 
[2016.08.18-22.30.48:578][844]PIE:Warning: Warning Mobility of OrbReticleFadeOut_BP_C_0 : RenderComponent has to be 'Movable' if you'd like to move. 
[2016.08.18-22.30.48:594][845]PIE:Warning: Warning Mobility of OrbReticleFadeOut_BP_C_0 : RenderComponent has to be 'Movable' if you'd like to move. 
[2016.08.18-22.30.48:610][846]PIE:Warning: Warning Mobility of OrbReticleFadeOut_BP_C_0 : RenderComponent has to be 'Movable' if you'd like to move. 
[2016.08.18-22.30.48:626][847]PIE:Warning: Warning Mobility of OrbReticleFadeOut_BP_C_0 : RenderComponent has to be 'Movable' if you'd like to move. 
[2016.08.18-22.30.48:643][848]PIE:Warning: Warning Mobility of OrbReticleFadeOut_BP_C_0 : RenderComponent has to be 'Movable' if you'd like to move. 
[2016.08.18-22.30.48:659][849]PIE:Warning: Warning Mobility of OrbReticleFadeOut_BP_C_0 : RenderComponent has to be 'Movable' if you'd like to move. 
[2016.08.18-22.30.48:675][850]PIE:Warning: Warning Mobility of OrbReticleFadeOut_BP_C_0 : RenderComponent has to be 'Movable' if you'd like to move. 
[2016.08.18-22.30.48:691][851]PIE:Warning: Warning Mobility of OrbReticleFadeOut_BP_C_0 : RenderComponent has to be 'Movable' if you'd like to move. 
[2016.08.18-22.30.48:707][852]PIE:Warning: Warning Mobility of OrbReticleFadeOut_BP_C_0 : RenderComponent has to be 'Movable' if you'd like to move. 
[2016.08.18-22.30.48:723][853]PIE:Warning: Warning Mobility of OrbReticleFadeOut_BP_C_0 : RenderComponent has to be 'Movable' if you'd like to move. 
[2016.08.18-22.30.48:739][854]PIE:Warning: Warning Mobility of OrbReticleFadeOut_BP_C_0 : RenderComponent has to be 'Movable' if you'd like to move. 
[2016.08.18-22.30.48:755][855]PIE:Warning: Warning Mobility of OrbReticleFadeOut_BP_C_0 : RenderComponent has to be 'Movable' if you'd like to move. 
[2016.08.18-22.30.48:771][856]PIE:Warning: Warning Mobility of OrbReticleFadeOut_BP_C_0 : RenderComponent has to be 'Movable' if you'd like to move. 
[2016.08.18-22.30.48:787][857]PIE:Warning: Warning Mobility of OrbReticleFadeOut_BP_C_0 : RenderComponent has to be 'Movable' if you'd like to move. 
[2016.08.18-22.30.48:804][858]PIE:Warning: Warning Mobility of OrbReticleFadeOut_BP_C_0 : RenderComponent has to be 'Movable' if you'd like to move. 
[2016.08.18-22.30.48:820][859]PIE:Warning: Warning Mobility of OrbReticleFadeOut_BP_C_0 : RenderComponent has to be 'Movable' if you'd like to move. 
[2016.08.18-22.30.48:836][860]PIE:Warning: Warning Mobility of OrbReticleFadeOut_BP_C_0 : RenderComponent has to be 'Movable' if you'd like to move. 
[2016.08.18-22.30.48:852][861]PIE:Warning: Warning Mobility of OrbReticleFadeOut_BP_C_0 : RenderComponent has to be 'Movable' if you'd like to move. 
[2016.08.18-22.30.48:868][862]PIE:Warning: Warning Mobility of OrbReticleFadeOut_BP_C_0 : RenderComponent has to be 'Movable' if you'd like to move. 
[2016.08.18-22.30.48:886][863]PIE:Warning: Warning Mobility of OrbReticleFadeOut_BP_C_0 : RenderComponent has to be 'Movable' if you'd like to move. 
[2016.08.18-22.30.48:902][864]PIE:Warning: Warning Mobility of OrbReticleFadeOut_BP_C_0 : RenderComponent has to be 'Movable' if you'd like to move. 
[2016.08.18-22.30.48:918][865]PIE:Warning: Warning Mobility of OrbReticleFadeOut_BP_C_0 : RenderComponent has to be 'Movable' if you'd like to move. 
[2016.08.18-22.30.48:934][866]PIE:Warning: Warning Mobility of OrbReticleFadeOut_BP_C_0 : RenderComponent has to be 'Movable' if you'd like to move. 
[2016.08.18-22.30.48:950][867]PIE:Warning: Warning Mobility of OrbReticleFadeOut_BP_C_0 : RenderComponent has to be 'Movable' if you'd like to move. 
[2016.08.18-22.30.48:966][868]PIE:Warning: Warning Mobility of OrbReticleFadeOut_BP_C_0 : RenderComponent has to be 'Movable' if you'd like to move. 
[2016.08.18-22.30.48:982][869]PIE:Warning: Warning Mobility of OrbReticleFadeOut_BP_C_0 : RenderComponent has to be 'Movable' if you'd like to move. 
[2016.08.18-22.30.49:001][870]PIE:Warning: Warning Mobility of OrbReticleFadeOut_BP_C_0 : RenderComponent has to be 'Movable' if you'd like to move. 
[2016.08.18-22.30.49:015][871]PIE:Warning: Warning Mobility of OrbReticleFadeOut_BP_C_0 : RenderComponent has to be 'Movable' if you'd like to move. 
[2016.08.18-22.30.49:030][872]PIE:Warning: Warning Mobility of OrbReticleFadeOut_BP_C_0 : RenderComponent has to be 'Movable' if you'd like to move. 
[2016.08.18-22.30.49:047][873]PIE:Warning: Warning Mobility of OrbReticleFadeOut_BP_C_0 : RenderComponent has to be 'Movable' if you'd like to move. 
[2016.08.18-22.30.49:063][874]PIE:Warning: Warning Mobility of OrbReticleFadeOut_BP_C_0 : RenderComponent has to be 'Movable' if you'd like to move. 
[2016.08.18-22.30.49:079][875]PIE:Warning: Warning Mobility of OrbReticleFadeOut_BP_C_0 : RenderComponent has to be 'Movable' if you'd like to move. 
[2016.08.18-22.30.49:095][876]PIE:Warning: Warning Mobility of OrbReticleFadeOut_BP_C_0 : RenderComponent has to be 'Movable' if you'd like to move. 
[2016.08.18-22.30.49:113][877]PIE:Warning: Warning Mobility of OrbReticleFadeOut_BP_C_0 : RenderComponent has to be 'Movable' if you'd like to move. 
[2016.08.18-22.30.49:129][878]PIE:Warning: Warning Mobility of OrbReticleFadeOut_BP_C_0 : RenderComponent has to be 'Movable' if you'd like to move. 
[2016.08.18-22.30.49:145][879]PIE:Warning: Warning Mobility of OrbReticleFadeOut_BP_C_0 : RenderComponent has to be 'Movable' if you'd like to move. 
[2016.08.18-22.30.49:161][880]PIE:Warning: Warning Mobility of OrbReticleFadeOut_BP_C_0 : RenderComponent has to be 'Movable' if you'd like to move. 
[2016.08.18-22.30.49:175][881]PIE:Warning: Warning Mobility of OrbReticleFadeOut_BP_C_0 : RenderComponent has to be 'Movable' if you'd like to move. 
[2016.08.18-22.30.49:191][882]PIE:Warning: Warning Mobility of OrbReticleFadeOut_BP_C_0 : RenderComponent has to be 'Movable' if you'd like to move. 
[2016.08.18-22.30.49:207][883]PIE:Warning: Warning Mobility of OrbReticleFadeOut_BP_C_0 : RenderComponent has to be 'Movable' if you'd like to move. 
[2016.08.18-22.30.49:225][884]PIE:Warning: Warning Mobility of OrbReticleFadeOut_BP_C_0 : RenderComponent has to be 'Movable' if you'd like to move. 
[2016.08.18-22.30.49:241][885]PIE:Warning: Warning Mobility of OrbReticleFadeOut_BP_C_0 : RenderComponent has to be 'Movable' if you'd like to move. 
[2016.08.18-22.30.49:257][886]PIE:Warning: Warning Mobility of OrbReticleFadeOut_BP_C_0 : RenderComponent has to be 'Movable' if you'd like to move. 
[2016.08.18-22.30.49:272][887]PIE:Warning: Warning Mobility of OrbReticleFadeOut_BP_C_0 : RenderComponent has to be 'Movable' if you'd like to move. 
[2016.08.18-22.30.49:288][888]PIE:Warning: Warning Mobility of OrbReticleFadeOut_BP_C_0 : RenderComponent has to be 'Movable' if you'd like to move. 
[2016.08.18-22.30.49:304][889]PIE:Warning: Warning Mobility of OrbReticleFadeOut_BP_C_0 : RenderComponent has to be 'Movable' if you'd like to move. 
[2016.08.18-22.30.49:320][890]PIE:Warning: Warning Mobility of OrbReticleFadeOut_BP_C_0 : RenderComponent has to be 'Movable' if you'd like to move. 
[2016.08.18-22.30.49:338][891]PIE:Warning: Warning Mobility of OrbReticleFadeOut_BP_C_0 : RenderComponent has to be 'Movable' if you'd like to move. 
[2016.08.18-22.30.49:353][892]PIE:Warning: Warning Mobility of OrbReticleFadeOut_BP_C_0 : RenderComponent has to be 'Movable' if you'd like to move. 
[2016.08.18-22.30.49:369][893]PIE:Warning: Warning Mobility of OrbReticleFadeOut_BP_C_0 : RenderComponent has to be 'Movable' if you'd like to move. 
[2016.08.18-22.30.49:385][894]PIE:Warning: Warning Mobility of OrbReticleFadeOut_BP_C_0 : RenderComponent has to be 'Movable' if you'd like to move. 
[2016.08.18-22.30.49:401][895]PIE:Warning: Warning Mobility of OrbReticleFadeOut_BP_C_0 : RenderComponent has to be 'Movable' if you'd like to move. 
[2016.08.18-22.30.49:417][896]PIE:Warning: Warning Mobility of OrbReticleFadeOut_BP_C_0 : RenderComponent has to be 'Movable' if you'd like to move. 
[2016.08.18-22.30.49:433][897]PIE:Warning: Warning Mobility of OrbReticleFadeOut_BP_C_0 : RenderComponent has to be 'Movable' if you'd like to move. 
[2016.08.18-22.30.49:449][898]PIE:Warning: Warning Mobility of OrbReticleFadeOut_BP_C_0 : RenderComponent has to be 'Movable' if you'd like to move. 
[2016.08.18-22.30.49:465][899]PIE:Warning: Warning Mobility of OrbReticleFadeOut_BP_C_0 : RenderComponent has to be 'Movable' if you'd like to move. 
[2016.08.18-22.30.49:482][900]PIE:Warning: Warning Mobility of OrbReticleFadeOut_BP_C_0 : RenderComponent has to be 'Movable' if you'd like to move. 
[2016.08.18-22.30.49:498][901]PIE:Warning: Warning Mobility of OrbReticleFadeOut_BP_C_0 : RenderComponent has to be 'Movable' if you'd like to move. 
[2016.08.18-22.30.49:513][902]PIE:Warning: Warning Mobility of OrbReticleFadeOut_BP_C_0 : RenderComponent has to be 'Movable' if you'd like to move. 
[2016.08.18-22.30.49:529][903]PIE:Warning: Warning Mobility of OrbReticleFadeOut_BP_C_0 : RenderComponent has to be 'Movable' if you'd like to move. 
[2016.08.18-22.30.49:546][904]PIE:Warning: Warning Mobility of OrbReticleFadeOut_BP_C_0 : RenderComponent has to be 'Movable' if you'd like to move. 
[2016.08.18-22.30.49:562][905]PIE:Warning: Warning Mobility of OrbReticleFadeOut_BP_C_0 : RenderComponent has to be 'Movable' if you'd like to move. 
[2016.08.18-22.30.49:578][906]PIE:Warning: Warning Mobility of OrbReticleFadeOut_BP_C_0 : RenderComponent has to be 'Movable' if you'd like to move. 
[2016.08.18-22.30.49:594][907]PIE:Warning: Warning Mobility of OrbReticleFadeOut_BP_C_0 : RenderComponent has to be 'Movable' if you'd like to move. 
[2016.08.18-22.30.49:610][908]PIE:Warning: Warning Mobility of OrbReticleFadeOut_BP_C_0 : RenderComponent has to be 'Movable' if you'd like to move. 
[2016.08.18-22.30.49:627][909]PIE:Warning: Warning Mobility of OrbReticleFadeOut_BP_C_0 : RenderComponent has to be 'Movable' if you'd like to move. 
[2016.08.18-22.30.49:643][910]PIE:Warning: Warning Mobility of OrbReticleFadeOut_BP_C_0 : RenderComponent has to be 'Movable' if you'd like to move. 
[2016.08.18-22.30.49:659][911]PIE:Warning: Warning Mobility of OrbReticleFadeOut_BP_C_0 : RenderComponent has to be 'Movable' if you'd like to move. 
[2016.08.18-22.30.49:675][912]PIE:Warning: Warning Mobility of OrbReticleFadeOut_BP_C_0 : RenderComponent has to be 'Movable' if you'd like to move. 
[2016.08.18-22.30.49:690][913]PIE:Warning: Warning Mobility of OrbReticleFadeOut_BP_C_0 : RenderComponent has to be 'Movable' if you'd like to move. 
[2016.08.18-22.30.49:707][914]PIE:Warning: Warning Mobility of OrbReticleFadeOut_BP_C_0 : RenderComponent has to be 'Movable' if you'd like to move. 
[2016.08.18-22.30.49:723][915]PIE:Warning: Warning Mobility of OrbReticleFadeOut_BP_C_0 : RenderComponent has to be 'Movable' if you'd like to move. 
[2016.08.18-22.30.49:739][916]PIE:Warning: Warning Mobility of OrbReticleFadeOut_BP_C_0 : RenderComponent has to be 'Movable' if you'd like to move. 
[2016.08.18-22.30.49:755][917]PIE:Warning: Warning Mobility of OrbReticleFadeOut_BP_C_0 : RenderComponent has to be 'Movable' if you'd like to move. 
[2016.08.18-22.30.49:772][918]PIE:Warning: Warning Mobility of OrbReticleFadeOut_BP_C_0 : RenderComponent has to be 'Movable' if you'd like to move. 
[2016.08.18-22.30.49:788][919]PIE:Warning: Warning Mobility of OrbReticleFadeOut_BP_C_0 : RenderComponent has to be 'Movable' if you'd like to move. 
[2016.08.18-22.30.49:804][920]PIE:Warning: Warning Mobility of OrbReticleFadeOut_BP_C_0 : RenderComponent has to be 'Movable' if you'd like to move. 
[2016.08.18-22.30.49:820][921]PIE:Warning: Warning Mobility of OrbReticleFadeOut_BP_C_0 : RenderComponent has to be 'Movable' if you'd like to move. 
[2016.08.18-22.30.49:836][922]PIE:Warning: Warning Mobility of OrbReticleFadeOut_BP_C_0 : RenderComponent has to be 'Movable' if you'd like to move. 
[2016.08.18-22.30.49:853][923]PIE:Warning: Warning Mobility of OrbReticleFadeOut_BP_C_0 : RenderComponent has to be 'Movable' if you'd like to move. 
[2016.08.18-22.30.49:868][924]PIE:Warning: Warning Mobility of OrbReticleFadeOut_BP_C_0 : RenderComponent has to be 'Movable' if you'd like to move. 
[2016.08.18-22.30.49:885][925]PIE:Warning: Warning Mobility of OrbReticleFadeOut_BP_C_0 : RenderComponent has to be 'Movable' if you'd like to move. 
[2016.08.18-22.30.49:901][926]PIE:Warning: Warning Mobility of OrbReticleFadeOut_BP_C_0 : RenderComponent has to be 'Movable' if you'd like to move. 
[2016.08.18-22.30.49:917][927]PIE:Warning: Warning Mobility of OrbReticleFadeOut_BP_C_0 : RenderComponent has to be 'Movable' if you'd like to move. 
[2016.08.18-22.30.49:933][928]PIE:Warning: Warning Mobility of OrbReticleFadeOut_BP_C_0 : RenderComponent has to be 'Movable' if you'd like to move. 
[2016.08.18-22.30.49:949][929]PIE:Warning: Warning Mobility of OrbReticleFadeOut_BP_C_0 : RenderComponent has to be 'Movable' if you'd like to move. 
[2016.08.18-22.30.49:965][930]PIE:Warning: Warning Mobility of OrbReticleFadeOut_BP_C_0 : RenderComponent has to be 'Movable' if you'd like to move. 
[2016.08.18-22.30.49:981][931]PIE:Warning: Warning Mobility of OrbReticleFadeOut_BP_C_0 : RenderComponent has to be 'Movable' if you'd like to move. 
[2016.08.18-22.30.49:997][932]PIE:Warning: Warning Mobility of OrbReticleFadeOut_BP_C_0 : RenderComponent has to be 'Movable' if you'd like to move. 
[2016.08.18-22.30.50:016][933]PIE:Warning: Warning Mobility of OrbReticleFadeOut_BP_C_0 : RenderComponent has to be 'Movable' if you'd like to move. 
[2016.08.18-22.30.50:031][934]PIE:Warning: Warning Mobility of OrbReticleFadeOut_BP_C_0 : RenderComponent has to be 'Movable' if you'd like to move. 
[2016.08.18-22.30.50:047][935]PIE:Warning: Warning Mobility of OrbReticleFadeOut_BP_C_0 : RenderComponent has to be 'Movable' if you'd like to move. 
[2016.08.18-22.30.50:063][936]PIE:Warning: Warning Mobility of OrbReticleFadeOut_BP_C_0 : RenderComponent has to be 'Movable' if you'd like to move. 
[2016.08.18-22.30.50:079][937]PIE:Warning: Warning Mobility of OrbReticleFadeOut_BP_C_0 : RenderComponent has to be 'Movable' if you'd like to move. 
[2016.08.18-22.30.50:096][938]PIE:Warning: Warning Mobility of OrbReticleFadeOut_BP_C_0 : RenderComponent has to be 'Movable' if you'd like to move. 
[2016.08.18-22.30.50:113][939]PIE:Warning: Warning Mobility of OrbReticleFadeOut_BP_C_0 : RenderComponent has to be 'Movable' if you'd like to move. 
[2016.08.18-22.30.50:129][940]PIE:Warning: Warning Mobility of OrbReticleFadeOut_BP_C_0 : RenderComponent has to be 'Movable' if you'd like to move. 
[2016.08.18-22.30.50:145][941]PIE:Warning: Warning Mobility of OrbReticleFadeOut_BP_C_0 : RenderComponent has to be 'Movable' if you'd like to move. 
[2016.08.18-22.30.50:161][942]PIE:Warning: Warning Mobility of OrbReticleFadeOut_BP_C_0 : RenderComponent has to be 'Movable' if you'd like to move. 
[2016.08.18-22.30.50:178][943]PIE:Warning: Warning Mobility of OrbReticleFadeOut_BP_C_0 : RenderComponent has to be 'Movable' if you'd like to move. 
[2016.08.18-22.30.50:194][944]PIE:Warning: Warning Mobility of OrbReticleFadeOut_BP_C_0 : RenderComponent has to be 'Movable' if you'd like to move. 
[2016.08.18-22.30.50:210][945]PIE:Warning: Warning Mobility of OrbReticleFadeOut_BP_C_0 : RenderComponent has to be 'Movable' if you'd like to move. 
[2016.08.18-22.30.50:225][946]PIE:Warning: Warning Mobility of OrbReticleFadeOut_BP_C_0 : RenderComponent has to be 'Movable' if you'd like to move. 
[2016.08.18-22.30.50:240][947]PIE:Warning: Warning Mobility of OrbReticleFadeOut_BP_C_0 : RenderComponent has to be 'Movable' if you'd like to move. 
[2016.08.18-22.30.50:256][948]PIE:Warning: Warning Mobility of OrbReticleFadeOut_BP_C_0 : RenderComponent has to be 'Movable' if you'd like to move. 
[2016.08.18-22.30.50:273][949]PIE:Warning: Warning Mobility of OrbReticleFadeOut_BP_C_0 : RenderComponent has to be 'Movable' if you'd like to move. 
[2016.08.18-22.30.50:289][950]PIE:Warning: Warning Mobility of OrbReticleFadeOut_BP_C_0 : RenderComponent has to be 'Movable' if you'd like to move. 
[2016.08.18-22.30.50:305][951]PIE:Warning: Warning Mobility of OrbReticleFadeOut_BP_C_0 : RenderComponent has to be 'Movable' if you'd like to move. 
[2016.08.18-22.30.50:321][952]PIE:Warning: Warning Mobility of OrbReticleFadeOut_BP_C_0 : RenderComponent has to be 'Movable' if you'd like to move. 
[2016.08.18-22.30.50:337][953]PIE:Warning: Warning Mobility of OrbReticleFadeOut_BP_C_0 : RenderComponent has to be 'Movable' if you'd like to move. 
[2016.08.18-22.30.50:353][954]PIE:Warning: Warning Mobility of OrbReticleFadeOut_BP_C_0 : RenderComponent has to be 'Movable' if you'd like to move. 
[2016.08.18-22.30.50:370][955]PIE:Warning: Warning Mobility of OrbReticleFadeOut_BP_C_0 : RenderComponent has to be 'Movable' if you'd like to move. 
[2016.08.18-22.30.50:386][956]PIE:Warning: Warning Mobility of OrbReticleFadeOut_BP_C_0 : RenderComponent has to be 'Movable' if you'd like to move. 
[2016.08.18-22.30.50:402][957]PIE:Warning: Warning Mobility of OrbReticleFadeOut_BP_C_0 : RenderComponent has to be 'Movable' if you'd like to move. 
[2016.08.18-22.30.50:418][958]PIE:Warning: Warning Mobility of OrbReticleFadeOut_BP_C_0 : RenderComponent has to be 'Movable' if you'd like to move. 
[2016.08.18-22.30.50:434][959]PIE:Warning: Warning Mobility of OrbReticleFadeOut_BP_C_0 : RenderComponent has to be 'Movable' if you'd like to move. 
[2016.08.18-22.30.50:450][960]PIE:Warning: Warning Mobility of OrbReticleFadeOut_BP_C_0 : RenderComponent has to be 'Movable' if you'd like to move. 
[2016.08.18-22.30.50:467][961]PIE:Warning: Warning Mobility of OrbReticleFadeOut_BP_C_0 : RenderComponent has to be 'Movable' if you'd like to move. 
[2016.08.18-22.30.50:482][962]PIE:Warning: Warning Mobility of OrbReticleFadeOut_BP_C_0 : RenderComponent has to be 'Movable' if you'd like to move. 
[2016.08.18-22.30.50:499][963]PIE:Warning: Warning Mobility of OrbReticleFadeOut_BP_C_0 : RenderComponent has to be 'Movable' if you'd like to move. 
[2016.08.18-22.30.50:515][964]PIE:Warning: Warning Mobility of OrbReticleFadeOut_BP_C_0 : RenderComponent has to be 'Movable' if you'd like to move. 
[2016.08.18-22.30.50:531][965]PIE:Warning: Warning Mobility of OrbReticleFadeOut_BP_C_0 : RenderComponent has to be 'Movable' if you'd like to move. 
[2016.08.18-22.30.50:547][966]PIE:Warning: Warning Mobility of OrbReticleFadeOut_BP_C_0 : RenderComponent has to be 'Movable' if you'd like to move. 
[2016.08.18-22.30.50:563][967]PIE:Warning: Warning Mobility of OrbReticleFadeOut_BP_C_0 : RenderComponent has to be 'Movable' if you'd like to move. 
[2016.08.18-22.30.50:579][968]PIE:Warning: Warning Mobility of OrbReticleFadeOut_BP_C_0 : RenderComponent has to be 'Movable' if you'd like to move. 
[2016.08.18-22.30.50:595][969]PIE:Warning: Warning Mobility of OrbReticleFadeOut_BP_C_0 : RenderComponent has to be 'Movable' if you'd like to move. 
[2016.08.18-22.30.50:610][970]PIE:Warning: Warning Mobility of OrbReticleFadeOut_BP_C_0 : RenderComponent has to be 'Movable' if you'd like to move. 
[2016.08.18-22.30.50:627][971]PIE:Warning: Warning Mobility of OrbReticleFadeOut_BP_C_0 : RenderComponent has to be 'Movable' if you'd like to move. 
[2016.08.18-22.30.50:644][972]PIE:Warning: Warning Mobility of OrbReticleFadeOut_BP_C_0 : RenderComponent has to be 'Movable' if you'd like to move. 
[2016.08.18-22.30.50:660][973]PIE:Warning: Warning Mobility of OrbReticleFadeOut_BP_C_0 : RenderComponent has to be 'Movable' if you'd like to move. 
[2016.08.18-22.30.50:675][974]PIE:Warning: Warning Mobility of OrbReticleFadeOut_BP_C_0 : RenderComponent has to be 'Movable' if you'd like to move. 
[2016.08.18-22.30.50:691][975]PIE:Warning: Warning Mobility of OrbReticleFadeOut_BP_C_0 : RenderComponent has to be 'Movable' if you'd like to move. 
[2016.08.18-22.30.50:707][976]PIE:Warning: Warning Mobility of OrbReticleFadeOut_BP_C_0 : RenderComponent has to be 'Movable' if you'd like to move. 
[2016.08.18-22.30.50:723][977]PIE:Warning: Warning Mobility of OrbReticleFadeOut_BP_C_0 : RenderComponent has to be 'Movable' if you'd like to move. 
[2016.08.18-22.30.50:739][978]PIE:Warning: Warning Mobility of OrbReticleFadeOut_BP_C_0 : RenderComponent has to be 'Movable' if you'd like to move. 
[2016.08.18-22.30.50:756][979]PIE:Warning: Warning Mobility of OrbReticleFadeOut_BP_C_0 : RenderComponent has to be 'Movable' if you'd like to move. 
[2016.08.18-22.30.50:772][980]PIE:Warning: Warning Mobility of OrbReticleFadeOut_BP_C_0 : RenderComponent has to be 'Movable' if you'd like to move. 
[2016.08.18-22.30.50:788][981]PIE:Warning: Warning Mobility of OrbReticleFadeOut_BP_C_0 : RenderComponent has to be 'Movable' if you'd like to move. 
[2016.08.18-22.30.50:805][982]PIE:Warning: Warning Mobility of OrbReticleFadeOut_BP_C_0 : RenderComponent has to be 'Movable' if you'd like to move. 
[2016.08.18-22.30.50:820][983]PIE:Warning: Warning Mobility of OrbReticleFadeOut_BP_C_0 : RenderComponent has to be 'Movable' if you'd like to move. 
[2016.08.18-22.30.50:836][984]PIE:Warning: Warning Mobility of OrbReticleFadeOut_BP_C_0 : RenderComponent has to be 'Movable' if you'd like to move. 
[2016.08.18-22.30.50:852][985]PIE:Warning: Warning Mobility of OrbReticleFadeOut_BP_C_0 : RenderComponent has to be 'Movable' if you'd like to move. 
[2016.08.18-22.30.50:869][986]PIE:Warning: Warning Mobility of OrbReticleFadeOut_BP_C_0 : RenderComponent has to be 'Movable' if you'd like to move. 
[2016.08.18-22.30.50:885][987]PIE:Warning: Warning Mobility of OrbReticleFadeOut_BP_C_0 : RenderComponent has to be 'Movable' if you'd like to move. 
[2016.08.18-22.30.50:901][988]PIE:Warning: Warning Mobility of OrbReticleFadeOut_BP_C_0 : RenderComponent has to be 'Movable' if you'd like to move. 
[2016.08.18-22.30.50:917][989]PIE:Warning: Warning Mobility of OrbReticleFadeOut_BP_C_0 : RenderComponent has to be 'Movable' if you'd like to move. 
[2016.08.18-22.30.50:933][990]PIE:Warning: Warning Mobility of OrbReticleFadeOut_BP_C_0 : RenderComponent has to be 'Movable' if you'd like to move. 
[2016.08.18-22.30.50:951][991]PIE:Warning: Warning Mobility of OrbReticleFadeOut_BP_C_0 : RenderComponent has to be 'Movable' if you'd like to move. 
[2016.08.18-22.30.50:966][992]PIE:Warning: Warning Mobility of OrbReticleFadeOut_BP_C_0 : RenderComponent has to be 'Movable' if you'd like to move. 
[2016.08.18-22.30.50:983][993]PIE:Warning: Warning Mobility of OrbReticleFadeOut_BP_C_0 : RenderComponent has to be 'Movable' if you'd like to move. 
[2016.08.18-22.30.51:003][994]PIE:Warning: Warning Mobility of OrbReticleFadeOut_BP_C_0 : RenderComponent has to be 'Movable' if you'd like to move. 
[2016.08.18-22.30.51:018][995]PIE:Warning: Warning Mobility of OrbReticleFadeOut_BP_C_0 : RenderComponent has to be 'Movable' if you'd like to move. 
[2016.08.18-22.30.51:033][996]PIE:Warning: Warning Mobility of OrbReticleFadeOut_BP_C_0 : RenderComponent has to be 'Movable' if you'd like to move. 
[2016.08.18-22.30.51:049][997]PIE:Warning: Warning Mobility of OrbReticleFadeOut_BP_C_0 : RenderComponent has to be 'Movable' if you'd like to move. 
[2016.08.18-22.30.51:065][998]PIE:Warning: Warning Mobility of OrbReticleFadeOut_BP_C_0 : RenderComponent has to be 'Movable' if you'd like to move. 
[2016.08.18-22.30.51:082][999]PIE:Warning: Warning Mobility of OrbReticleFadeOut_BP_C_0 : RenderComponent has to be 'Movable' if you'd like to move. 
[2016.08.18-22.30.51:097][  0]PIE:Warning: Warning Mobility of OrbReticleFadeOut_BP_C_0 : RenderComponent has to be 'Movable' if you'd like to move. 
[2016.08.18-22.30.51:113][  1]PIE:Warning: Warning Mobility of OrbReticleFadeOut_BP_C_0 : RenderComponent has to be 'Movable' if you'd like to move. 
[2016.08.18-22.30.51:129][  2]PIE:Warning: Warning Mobility of OrbReticleFadeOut_BP_C_0 : RenderComponent has to be 'Movable' if you'd like to move. 
[2016.08.18-22.30.51:143][  3]PIE:Warning: Warning Mobility of OrbReticleFadeOut_BP_C_0 : RenderComponent has to be 'Movable' if you'd like to move. 
[2016.08.18-22.30.51:159][  4]PIE:Warning: Warning Mobility of OrbReticleFadeOut_BP_C_0 : RenderComponent has to be 'Movable' if you'd like to move. 
[2016.08.18-22.30.51:175][  5]PIE:Warning: Warning Mobility of OrbReticleFadeOut_BP_C_0 : RenderComponent has to be 'Movable' if you'd like to move. 
[2016.08.18-22.30.51:191][  6]PIE:Warning: Warning Mobility of OrbReticleFadeOut_BP_C_0 : RenderComponent has to be 'Movable' if you'd like to move. 
[2016.08.18-22.30.51:207][  7]PIE:Warning: Warning Mobility of OrbReticleFadeOut_BP_C_0 : RenderComponent has to be 'Movable' if you'd like to move. 
[2016.08.18-22.30.51:223][  8]PIE:Warning: Warning Mobility of OrbReticleFadeOut_BP_C_0 : RenderComponent has to be 'Movable' if you'd like to move. 
[2016.08.18-22.30.51:240][  9]PIE:Warning: Warning Mobility of OrbReticleFadeOut_BP_C_0 : RenderComponent has to be 'Movable' if you'd like to move. 
[2016.08.18-22.30.51:256][ 10]PIE:Warning: Warning Mobility of OrbReticleFadeOut_BP_C_0 : RenderComponent has to be 'Movable' if you'd like to move. 
[2016.08.18-22.30.51:272][ 11]PIE:Warning: Warning Mobility of OrbReticleFadeOut_BP_C_0 : RenderComponent has to be 'Movable' if you'd like to move. 
[2016.08.18-22.30.51:288][ 12]PIE:Warning: Warning Mobility of OrbReticleFadeOut_BP_C_0 : RenderComponent has to be 'Movable' if you'd like to move. 
[2016.08.18-22.30.51:304][ 13]PIE:Warning: Warning Mobility of OrbReticleFadeOut_BP_C_0 : RenderComponent has to be 'Movable' if you'd like to move. 
[2016.08.18-22.30.51:320][ 14]PIE:Warning: Warning Mobility of OrbReticleFadeOut_BP_C_0 : RenderComponent has to be 'Movable' if you'd like to move. 
[2016.08.18-22.30.51:336][ 15]PIE:Warning: Warning Mobility of OrbReticleFadeOut_BP_C_0 : RenderComponent has to be 'Movable' if you'd like to move. 
[2016.08.18-22.30.51:352][ 16]PIE:Warning: Warning Mobility of OrbReticleFadeOut_BP_C_0 : RenderComponent has to be 'Movable' if you'd like to move. 
[2016.08.18-22.30.51:368][ 17]PIE:Warning: Warning Mobility of OrbReticleFadeOut_BP_C_0 : RenderComponent has to be 'Movable' if you'd like to move. 
[2016.08.18-22.30.51:385][ 18]PIE:Warning: Warning Mobility of OrbReticleFadeOut_BP_C_0 : RenderComponent has to be 'Movable' if you'd like to move. 
[2016.08.18-22.30.51:401][ 19]PIE:Warning: Warning Mobility of OrbReticleFadeOut_BP_C_0 : RenderComponent has to be 'Movable' if you'd like to move. 
[2016.08.18-22.30.51:417][ 20]PIE:Warning: Warning Mobility of OrbReticleFadeOut_BP_C_0 : RenderComponent has to be 'Movable' if you'd like to move. 
[2016.08.18-22.30.51:433][ 21]PIE:Warning: Warning Mobility of OrbReticleFadeOut_BP_C_0 : RenderComponent has to be 'Movable' if you'd like to move. 
[2016.08.18-22.30.51:449][ 22]PIE:Warning: Warning Mobility of OrbReticleFadeOut_BP_C_0 : RenderComponent has to be 'Movable' if you'd like to move. 
[2016.08.18-22.30.51:465][ 23]PIE:Warning: Warning Mobility of OrbReticleFadeOut_BP_C_0 : RenderComponent has to be 'Movable' if you'd like to move. 
[2016.08.18-22.30.51:481][ 24]PIE:Warning: Warning Mobility of OrbReticleFadeOut_BP_C_0 : RenderComponent has to be 'Movable' if you'd like to move. 
[2016.08.18-22.30.51:497][ 25]PIE:Warning: Warning Mobility of OrbReticleFadeOut_BP_C_0 : RenderComponent has to be 'Movable' if you'd like to move. 
[2016.08.18-22.30.51:514][ 26]PIE:Warning: Warning Mobility of OrbReticleFadeOut_BP_C_0 : RenderComponent has to be 'Movable' if you'd like to move. 
[2016.08.18-22.30.51:530][ 27]PIE:Warning: Warning Mobility of OrbReticleFadeOut_BP_C_0 : RenderComponent has to be 'Movable' if you'd like to move. 
[2016.08.18-22.30.51:546][ 28]PIE:Warning: Warning Mobility of OrbReticleFadeOut_BP_C_0 : RenderComponent has to be 'Movable' if you'd like to move. 
[2016.08.18-22.30.51:562][ 29]PIE:Warning: Warning Mobility of OrbReticleFadeOut_BP_C_0 : RenderComponent has to be 'Movable' if you'd like to move. 
[2016.08.18-22.30.51:578][ 30]PIE:Warning: Warning Mobility of OrbReticleFadeOut_BP_C_0 : RenderComponent has to be 'Movable' if you'd like to move. 
[2016.08.18-22.30.51:594][ 31]PIE:Warning: Warning Mobility of OrbReticleFadeOut_BP_C_0 : RenderComponent has to be 'Movable' if you'd like to move. 
[2016.08.18-22.30.51:611][ 32]PIE:Warning: Warning Mobility of OrbReticleFadeOut_BP_C_0 : RenderComponent has to be 'Movable' if you'd like to move. 
[2016.08.18-22.30.51:627][ 33]PIE:Warning: Warning Mobility of OrbReticleFadeOut_BP_C_0 : RenderComponent has to be 'Movable' if you'd like to move. 
[2016.08.18-22.30.51:643][ 34]PIE:Warning: Warning Mobility of OrbReticleFadeOut_BP_C_0 : RenderComponent has to be 'Movable' if you'd like to move. 
[2016.08.18-22.30.51:660][ 35]PIE:Warning: Warning Mobility of OrbReticleFadeOut_BP_C_0 : RenderComponent has to be 'Movable' if you'd like to move. 
[2016.08.18-22.30.51:676][ 36]PIE:Warning: Warning Mobility of OrbReticleFadeOut_BP_C_0 : RenderComponent has to be 'Movable' if you'd like to move. 
[2016.08.18-22.30.51:692][ 37]PIE:Warning: Warning Mobility of OrbReticleFadeOut_BP_C_0 : RenderComponent has to be 'Movable' if you'd like to move. 
[2016.08.18-22.30.51:708][ 38]PIE:Warning: Warning Mobility of OrbReticleFadeOut_BP_C_0 : RenderComponent has to be 'Movable' if you'd like to move. 
[2016.08.18-22.30.51:725][ 39]PIE:Warning: Warning Mobility of OrbReticleFadeOut_BP_C_0 : RenderComponent has to be 'Movable' if you'd like to move. 
[2016.08.18-22.30.51:740][ 40]PIE:Warning: Warning Mobility of OrbReticleFadeOut_BP_C_0 : RenderComponent has to be 'Movable' if you'd like to move. 
[2016.08.18-22.30.51:757][ 41]PIE:Warning: Warning Mobility of OrbReticleFadeOut_BP_C_0 : RenderComponent has to be 'Movable' if you'd like to move. 
[2016.08.18-22.30.51:773][ 42]PIE:Warning: Warning Mobility of OrbReticleFadeOut_BP_C_0 : RenderComponent has to be 'Movable' if you'd like to move. 
[2016.08.18-22.30.51:789][ 43]PIE:Warning: Warning Mobility of OrbReticleFadeOut_BP_C_0 : RenderComponent has to be 'Movable' if you'd like to move. 
[2016.08.18-22.30.51:805][ 44]LogBlueprintUserMessages: [BattleGameMode_BP_C_0] Animation
[2016.08.18-22.30.51:805][ 44]PIE:Warning: Warning Mobility of OrbReticleFadeOut_BP_C_0 : RenderComponent has to be 'Movable' if you'd like to move. 
[2016.08.18-22.30.51:805][ 44]LogTemp:Warning: Round: 6	Entity: Sluagh2
[2016.08.18-22.30.51:805][ 44]LogTemp:Warning: Entity #:0: Entity Name: Sluagh2
[2016.08.18-22.30.51:805][ 44]LogTemp:Warning: Entity #:1: Entity Name: Beck
[2016.08.18-22.30.51:806][ 44]LogTemp:Warning: Entity #:2: Entity Name: Sluagh
[2016.08.18-22.30.51:806][ 44]LogTemp:Warning: Entity #:3: Entity Name: Sluagh2
[2016.08.18-22.30.51:806][ 44]LogTemp:Warning: Entity #:4: Entity Name: Beck
[2016.08.18-22.30.51:806][ 44]LogTemp:Warning: Entity #:5: Entity Name: Sluagh
[2016.08.18-22.30.51:806][ 44]LogTemp:Warning: Entity #:6: Entity Name: Sluagh2
[2016.08.18-22.30.51:806][ 44]LogTemp:Warning: Sluagh Timer Active.
[2016.08.18-22.30.51:821][ 45]PIE:Warning: Warning Mobility of OrbReticleFadeOut_BP_C_0 : RenderComponent has to be 'Movable' if you'd like to move. 
[2016.08.18-22.30.51:836][ 46]PIE:Warning: Warning Mobility of OrbReticleFadeOut_BP_C_0 : RenderComponent has to be 'Movable' if you'd like to move. 
[2016.08.18-22.30.51:852][ 47]PIE:Warning: Warning Mobility of OrbReticleFadeOut_BP_C_0 : RenderComponent has to be 'Movable' if you'd like to move. 
[2016.08.18-22.30.51:868][ 48]PIE:Warning: Warning Mobility of OrbReticleFadeOut_BP_C_0 : RenderComponent has to be 'Movable' if you'd like to move. 
[2016.08.18-22.30.51:884][ 49]PIE:Warning: Warning Mobility of OrbReticleFadeOut_BP_C_0 : RenderComponent has to be 'Movable' if you'd like to move. 
[2016.08.18-22.30.51:901][ 50]PIE:Warning: Warning Mobility of OrbReticleFadeOut_BP_C_0 : RenderComponent has to be 'Movable' if you'd like to move. 
[2016.08.18-22.30.51:917][ 51]PIE:Warning: Warning Mobility of OrbReticleFadeOut_BP_C_0 : RenderComponent has to be 'Movable' if you'd like to move. 
[2016.08.18-22.30.51:933][ 52]PIE:Warning: Warning Mobility of OrbReticleFadeOut_BP_C_0 : RenderComponent has to be 'Movable' if you'd like to move. 
[2016.08.18-22.30.51:949][ 53]PIE:Warning: Warning Mobility of OrbReticleFadeOut_BP_C_0 : RenderComponent has to be 'Movable' if you'd like to move. 
[2016.08.18-22.30.51:965][ 54]PIE:Warning: Warning Mobility of OrbReticleFadeOut_BP_C_0 : RenderComponent has to be 'Movable' if you'd like to move. 
[2016.08.18-22.30.51:981][ 55]PIE:Warning: Warning Mobility of OrbReticleFadeOut_BP_C_0 : RenderComponent has to be 'Movable' if you'd like to move. 
[2016.08.18-22.30.52:000][ 56]PIE:Warning: Warning Mobility of OrbReticleFadeOut_BP_C_0 : RenderComponent has to be 'Movable' if you'd like to move. 
[2016.08.18-22.30.52:014][ 57]PIE:Warning: Warning Mobility of OrbReticleFadeOut_BP_C_0 : RenderComponent has to be 'Movable' if you'd like to move. 
[2016.08.18-22.30.52:030][ 58]PIE:Warning: Warning Mobility of OrbReticleFadeOut_BP_C_0 : RenderComponent has to be 'Movable' if you'd like to move. 
[2016.08.18-22.30.52:046][ 59]PIE:Warning: Warning Mobility of OrbReticleFadeOut_BP_C_0 : RenderComponent has to be 'Movable' if you'd like to move. 
[2016.08.18-22.30.52:062][ 60]PIE:Warning: Warning Mobility of OrbReticleFadeOut_BP_C_0 : RenderComponent has to be 'Movable' if you'd like to move. 
[2016.08.18-22.30.52:078][ 61]PIE:Warning: Warning Mobility of OrbReticleFadeOut_BP_C_0 : RenderComponent has to be 'Movable' if you'd like to move. 
[2016.08.18-22.30.52:094][ 62]PIE:Warning: Warning Mobility of OrbReticleFadeOut_BP_C_0 : RenderComponent has to be 'Movable' if you'd like to move. 
[2016.08.18-22.30.52:110][ 63]PIE:Warning: Warning Mobility of OrbReticleFadeOut_BP_C_0 : RenderComponent has to be 'Movable' if you'd like to move. 
[2016.08.18-22.30.52:129][ 64]PIE:Warning: Warning Mobility of OrbReticleFadeOut_BP_C_0 : RenderComponent has to be 'Movable' if you'd like to move. 
[2016.08.18-22.30.52:145][ 65]PIE:Warning: Warning Mobility of OrbReticleFadeOut_BP_C_0 : RenderComponent has to be 'Movable' if you'd like to move. 
[2016.08.18-22.30.52:161][ 66]PIE:Warning: Warning Mobility of OrbReticleFadeOut_BP_C_0 : RenderComponent has to be 'Movable' if you'd like to move. 
[2016.08.18-22.30.52:177][ 67]PIE:Warning: Warning Mobility of OrbReticleFadeOut_BP_C_0 : RenderComponent has to be 'Movable' if you'd like to move. 
[2016.08.18-22.30.52:192][ 68]PIE:Warning: Warning Mobility of OrbReticleFadeOut_BP_C_0 : RenderComponent has to be 'Movable' if you'd like to move. 
[2016.08.18-22.30.52:208][ 69]PIE:Warning: Warning Mobility of OrbReticleFadeOut_BP_C_0 : RenderComponent has to be 'Movable' if you'd like to move. 
[2016.08.18-22.30.52:224][ 70]PIE:Warning: Warning Mobility of OrbReticleFadeOut_BP_C_0 : RenderComponent has to be 'Movable' if you'd like to move. 
[2016.08.18-22.30.52:241][ 71]PIE:Warning: Warning Mobility of OrbReticleFadeOut_BP_C_0 : RenderComponent has to be 'Movable' if you'd like to move. 
[2016.08.18-22.30.52:256][ 72]PIE:Warning: Warning Mobility of OrbReticleFadeOut_BP_C_0 : RenderComponent has to be 'Movable' if you'd like to move. 
[2016.08.18-22.30.52:272][ 73]PIE:Warning: Warning Mobility of OrbReticleFadeOut_BP_C_0 : RenderComponent has to be 'Movable' if you'd like to move. 
[2016.08.18-22.30.52:289][ 74]PIE:Warning: Warning Mobility of OrbReticleFadeOut_BP_C_0 : RenderComponent has to be 'Movable' if you'd like to move. 
[2016.08.18-22.30.52:305][ 75]PIE:Warning: Warning Mobility of OrbReticleFadeOut_BP_C_0 : RenderComponent has to be 'Movable' if you'd like to move. 
[2016.08.18-22.30.52:321][ 76]PIE:Warning: Warning Mobility of OrbReticleFadeOut_BP_C_0 : RenderComponent has to be 'Movable' if you'd like to move. 
[2016.08.18-22.30.52:337][ 77]PIE:Warning: Warning Mobility of OrbReticleFadeOut_BP_C_0 : RenderComponent has to be 'Movable' if you'd like to move. 
[2016.08.18-22.30.52:353][ 78]PIE:Warning: Warning Mobility of OrbReticleFadeOut_BP_C_0 : RenderComponent has to be 'Movable' if you'd like to move. 
[2016.08.18-22.30.52:370][ 79]PIE:Warning: Warning Mobility of OrbReticleFadeOut_BP_C_0 : RenderComponent has to be 'Movable' if you'd like to move. 
[2016.08.18-22.30.52:385][ 80]PIE:Warning: Warning Mobility of OrbReticleFadeOut_BP_C_0 : RenderComponent has to be 'Movable' if you'd like to move. 
[2016.08.18-22.30.52:402][ 81]PIE:Warning: Warning Mobility of OrbReticleFadeOut_BP_C_0 : RenderComponent has to be 'Movable' if you'd like to move. 
[2016.08.18-22.30.52:418][ 82]PIE:Warning: Warning Mobility of OrbReticleFadeOut_BP_C_0 : RenderComponent has to be 'Movable' if you'd like to move. 
[2016.08.18-22.30.52:434][ 83]PIE:Warning: Warning Mobility of OrbReticleFadeOut_BP_C_0 : RenderComponent has to be 'Movable' if you'd like to move. 
[2016.08.18-22.30.52:451][ 84]PIE:Warning: Warning Mobility of OrbReticleFadeOut_BP_C_0 : RenderComponent has to be 'Movable' if you'd like to move. 
[2016.08.18-22.30.52:466][ 85]PIE:Warning: Warning Mobility of OrbReticleFadeOut_BP_C_0 : RenderComponent has to be 'Movable' if you'd like to move. 
[2016.08.18-22.30.52:482][ 86]PIE:Warning: Warning Mobility of OrbReticleFadeOut_BP_C_0 : RenderComponent has to be 'Movable' if you'd like to move. 
[2016.08.18-22.30.52:499][ 87]PIE:Warning: Warning Mobility of OrbReticleFadeOut_BP_C_0 : RenderComponent has to be 'Movable' if you'd like to move. 
[2016.08.18-22.30.52:515][ 88]PIE:Warning: Warning Mobility of OrbReticleFadeOut_BP_C_0 : RenderComponent has to be 'Movable' if you'd like to move. 
[2016.08.18-22.30.52:531][ 89]PIE:Warning: Warning Mobility of OrbReticleFadeOut_BP_C_0 : RenderComponent has to be 'Movable' if you'd like to move. 
[2016.08.18-22.30.52:547][ 90]PIE:Warning: Warning Mobility of OrbReticleFadeOut_BP_C_0 : RenderComponent has to be 'Movable' if you'd like to move. 
[2016.08.18-22.30.52:563][ 91]PIE:Warning: Warning Mobility of OrbReticleFadeOut_BP_C_0 : RenderComponent has to be 'Movable' if you'd like to move. 
[2016.08.18-22.30.52:579][ 92]PIE:Warning: Warning Mobility of OrbReticleFadeOut_BP_C_0 : RenderComponent has to be 'Movable' if you'd like to move. 
[2016.08.18-22.30.52:595][ 93]PIE:Warning: Warning Mobility of OrbReticleFadeOut_BP_C_0 : RenderComponent has to be 'Movable' if you'd like to move. 
[2016.08.18-22.30.52:611][ 94]PIE:Warning: Warning Mobility of OrbReticleFadeOut_BP_C_0 : RenderComponent has to be 'Movable' if you'd like to move. 
[2016.08.18-22.30.52:628][ 95]PIE:Warning: Warning Mobility of OrbReticleFadeOut_BP_C_0 : RenderComponent has to be 'Movable' if you'd like to move. 
[2016.08.18-22.30.52:644][ 96]PIE:Warning: Warning Mobility of OrbReticleFadeOut_BP_C_0 : RenderComponent has to be 'Movable' if you'd like to move. 
[2016.08.18-22.30.52:661][ 97]PIE:Warning: Warning Mobility of OrbReticleFadeOut_BP_C_0 : RenderComponent has to be 'Movable' if you'd like to move. 
[2016.08.18-22.30.52:676][ 98]PIE:Warning: Warning Mobility of OrbReticleFadeOut_BP_C_0 : RenderComponent has to be 'Movable' if you'd like to move. 
[2016.08.18-22.30.52:692][ 99]PIE:Warning: Warning Mobility of OrbReticleFadeOut_BP_C_0 : RenderComponent has to be 'Movable' if you'd like to move. 
[2016.08.18-22.30.52:708][100]PIE:Warning: Warning Mobility of OrbReticleFadeOut_BP_C_0 : RenderComponent has to be 'Movable' if you'd like to move. 
[2016.08.18-22.30.52:724][101]PIE:Warning: Warning Mobility of OrbReticleFadeOut_BP_C_0 : RenderComponent has to be 'Movable' if you'd like to move. 
[2016.08.18-22.30.52:741][102]PIE:Warning: Warning Mobility of OrbReticleFadeOut_BP_C_0 : RenderComponent has to be 'Movable' if you'd like to move. 
[2016.08.18-22.30.52:757][103]PIE:Warning: Warning Mobility of OrbReticleFadeOut_BP_C_0 : RenderComponent has to be 'Movable' if you'd like to move. 
[2016.08.18-22.30.52:773][104]PIE:Warning: Warning Mobility of OrbReticleFadeOut_BP_C_0 : RenderComponent has to be 'Movable' if you'd like to move. 
[2016.08.18-22.30.52:789][105]PIE:Warning: Warning Mobility of OrbReticleFadeOut_BP_C_0 : RenderComponent has to be 'Movable' if you'd like to move. 
[2016.08.18-22.30.52:805][106]PIE:Warning: Warning Mobility of OrbReticleFadeOut_BP_C_0 : RenderComponent has to be 'Movable' if you'd like to move. 
[2016.08.18-22.30.52:821][107]PIE:Warning: Warning Mobility of OrbReticleFadeOut_BP_C_0 : RenderComponent has to be 'Movable' if you'd like to move. 
[2016.08.18-22.30.52:822][107]LogBlueprintUserMessages: [AttackBroadcaster_BP] Attack Time Set
[2016.08.18-22.30.52:822][107]LogPrimitiveComponent: Zero scaling not supported (/Temp/Autosaves/Game/Levels/UEDPCOverworldLevel.OverworldLevel:PersistentLevel.SoulTerminator_BP_C_1.RenderComponent)
[2016.08.18-22.30.52:837][108]PIE:Warning: Warning Mobility of OrbReticleFadeOut_BP_C_0 : RenderComponent has to be 'Movable' if you'd like to move. 
[2016.08.18-22.30.52:853][109]PIE:Warning: Warning Mobility of OrbReticleFadeOut_BP_C_0 : RenderComponent has to be 'Movable' if you'd like to move. 
[2016.08.18-22.30.52:869][110]PIE:Warning: Warning Mobility of OrbReticleFadeOut_BP_C_0 : RenderComponent has to be 'Movable' if you'd like to move. 
[2016.08.18-22.30.52:885][111]PIE:Warning: Warning Mobility of OrbReticleFadeOut_BP_C_0 : RenderComponent has to be 'Movable' if you'd like to move. 
[2016.08.18-22.30.52:901][112]PIE:Warning: Warning Mobility of OrbReticleFadeOut_BP_C_0 : RenderComponent has to be 'Movable' if you'd like to move. 
[2016.08.18-22.30.52:917][113]PIE:Warning: Warning Mobility of OrbReticleFadeOut_BP_C_0 : RenderComponent has to be 'Movable' if you'd like to move. 
[2016.08.18-22.30.52:933][114]PIE:Warning: Warning Mobility of OrbReticleFadeOut_BP_C_0 : RenderComponent has to be 'Movable' if you'd like to move. 
[2016.08.18-22.30.52:949][115]PIE:Warning: Warning Mobility of OrbReticleFadeOut_BP_C_0 : RenderComponent has to be 'Movable' if you'd like to move. 
[2016.08.18-22.30.52:965][116]PIE:Warning: Warning Mobility of OrbReticleFadeOut_BP_C_0 : RenderComponent has to be 'Movable' if you'd like to move. 
[2016.08.18-22.30.52:981][117]PIE:Warning: Warning Mobility of OrbReticleFadeOut_BP_C_0 : RenderComponent has to be 'Movable' if you'd like to move. 
[2016.08.18-22.30.52:997][118]PIE:Warning: Warning Mobility of OrbReticleFadeOut_BP_C_0 : RenderComponent has to be 'Movable' if you'd like to move. 
[2016.08.18-22.30.53:017][119]PIE:Warning: Warning Mobility of OrbReticleFadeOut_BP_C_0 : RenderComponent has to be 'Movable' if you'd like to move. 
[2016.08.18-22.30.53:030][120]PIE:Warning: Warning Mobility of OrbReticleFadeOut_BP_C_0 : RenderComponent has to be 'Movable' if you'd like to move. 
[2016.08.18-22.30.53:047][121]PIE:Warning: Warning Mobility of OrbReticleFadeOut_BP_C_0 : RenderComponent has to be 'Movable' if you'd like to move. 
[2016.08.18-22.30.53:062][122]PIE:Warning: Warning Mobility of OrbReticleFadeOut_BP_C_0 : RenderComponent has to be 'Movable' if you'd like to move. 
[2016.08.18-22.30.53:078][123]PIE:Warning: Warning Mobility of OrbReticleFadeOut_BP_C_0 : RenderComponent has to be 'Movable' if you'd like to move. 
[2016.08.18-22.30.53:097][124]PIE:Warning: Warning Mobility of OrbReticleFadeOut_BP_C_0 : RenderComponent has to be 'Movable' if you'd like to move. 
[2016.08.18-22.30.53:113][125]PIE:Warning: Warning Mobility of OrbReticleFadeOut_BP_C_0 : RenderComponent has to be 'Movable' if you'd like to move. 
[2016.08.18-22.30.53:129][126]PIE:Warning: Warning Mobility of OrbReticleFadeOut_BP_C_0 : RenderComponent has to be 'Movable' if you'd like to move. 
[2016.08.18-22.30.53:145][127]PIE:Warning: Warning Mobility of OrbReticleFadeOut_BP_C_0 : RenderComponent has to be 'Movable' if you'd like to move. 
[2016.08.18-22.30.53:162][128]PIE:Warning: Warning Mobility of OrbReticleFadeOut_BP_C_0 : RenderComponent has to be 'Movable' if you'd like to move. 
[2016.08.18-22.30.53:178][129]PIE:Warning: Warning Mobility of OrbReticleFadeOut_BP_C_0 : RenderComponent has to be 'Movable' if you'd like to move. 
[2016.08.18-22.30.53:192][130]PIE:Warning: Warning Mobility of OrbReticleFadeOut_BP_C_0 : RenderComponent has to be 'Movable' if you'd like to move. 
[2016.08.18-22.30.53:208][131]PIE:Warning: Warning Mobility of OrbReticleFadeOut_BP_C_0 : RenderComponent has to be 'Movable' if you'd like to move. 
[2016.08.18-22.30.53:224][132]PIE:Warning: Warning Mobility of OrbReticleFadeOut_BP_C_0 : RenderComponent has to be 'Movable' if you'd like to move. 
[2016.08.18-22.30.53:241][133]PIE:Warning: Warning Mobility of OrbReticleFadeOut_BP_C_0 : RenderComponent has to be 'Movable' if you'd like to move. 
[2016.08.18-22.30.53:257][134]PIE:Warning: Warning Mobility of OrbReticleFadeOut_BP_C_0 : RenderComponent has to be 'Movable' if you'd like to move. 
[2016.08.18-22.30.53:273][135]PIE:Warning: Warning Mobility of OrbReticleFadeOut_BP_C_0 : RenderComponent has to be 'Movable' if you'd like to move. 
[2016.08.18-22.30.53:289][136]PIE:Warning: Warning Mobility of OrbReticleFadeOut_BP_C_0 : RenderComponent has to be 'Movable' if you'd like to move. 
[2016.08.18-22.30.53:305][137]PIE:Warning: Warning Mobility of OrbReticleFadeOut_BP_C_0 : RenderComponent has to be 'Movable' if you'd like to move. 
[2016.08.18-22.30.53:321][138]PIE:Warning: Warning Mobility of OrbReticleFadeOut_BP_C_0 : RenderComponent has to be 'Movable' if you'd like to move. 
[2016.08.18-22.30.53:337][139]PIE:Warning: Warning Mobility of OrbReticleFadeOut_BP_C_0 : RenderComponent has to be 'Movable' if you'd like to move. 
[2016.08.18-22.30.53:354][140]PIE:Warning: Warning Mobility of OrbReticleFadeOut_BP_C_0 : RenderComponent has to be 'Movable' if you'd like to move. 
[2016.08.18-22.30.53:370][141]PIE:Warning: Warning Mobility of OrbReticleFadeOut_BP_C_0 : RenderComponent has to be 'Movable' if you'd like to move. 
[2016.08.18-22.30.53:385][142]PIE:Warning: Warning Mobility of OrbReticleFadeOut_BP_C_0 : RenderComponent has to be 'Movable' if you'd like to move. 
[2016.08.18-22.30.53:402][143]PIE:Warning: Warning Mobility of OrbReticleFadeOut_BP_C_0 : RenderComponent has to be 'Movable' if you'd like to move. 
[2016.08.18-22.30.53:418][144]PIE:Warning: Warning Mobility of OrbReticleFadeOut_BP_C_0 : RenderComponent has to be 'Movable' if you'd like to move. 
[2016.08.18-22.30.53:434][145]PIE:Warning: Warning Mobility of OrbReticleFadeOut_BP_C_0 : RenderComponent has to be 'Movable' if you'd like to move. 
[2016.08.18-22.30.53:449][146]PIE:Warning: Warning Mobility of OrbReticleFadeOut_BP_C_0 : RenderComponent has to be 'Movable' if you'd like to move. 
[2016.08.18-22.30.53:467][147]PIE:Warning: Warning Mobility of OrbReticleFadeOut_BP_C_0 : RenderComponent has to be 'Movable' if you'd like to move. 
[2016.08.18-22.30.53:482][148]PIE:Warning: Warning Mobility of OrbReticleFadeOut_BP_C_0 : RenderComponent has to be 'Movable' if you'd like to move. 
[2016.08.18-22.30.53:498][149]PIE:Warning: Warning Mobility of OrbReticleFadeOut_BP_C_0 : RenderComponent has to be 'Movable' if you'd like to move. 
[2016.08.18-22.30.53:514][150]PIE:Warning: Warning Mobility of OrbReticleFadeOut_BP_C_0 : RenderComponent has to be 'Movable' if you'd like to move. 
[2016.08.18-22.30.53:530][151]PIE:Warning: Warning Mobility of OrbReticleFadeOut_BP_C_0 : RenderComponent has to be 'Movable' if you'd like to move. 
[2016.08.18-22.30.53:546][152]PIE:Warning: Warning Mobility of OrbReticleFadeOut_BP_C_0 : RenderComponent has to be 'Movable' if you'd like to move. 
[2016.08.18-22.30.53:563][153]PIE:Warning: Warning Mobility of OrbReticleFadeOut_BP_C_0 : RenderComponent has to be 'Movable' if you'd like to move. 
[2016.08.18-22.30.53:579][154]PIE:Warning: Warning Mobility of OrbReticleFadeOut_BP_C_0 : RenderComponent has to be 'Movable' if you'd like to move. 
[2016.08.18-22.30.53:595][155]PIE:Warning: Warning Mobility of OrbReticleFadeOut_BP_C_0 : RenderComponent has to be 'Movable' if you'd like to move. 
[2016.08.18-22.30.53:612][156]PIE:Warning: Warning Mobility of OrbReticleFadeOut_BP_C_0 : RenderComponent has to be 'Movable' if you'd like to move. 
[2016.08.18-22.30.53:628][157]PIE:Warning: Warning Mobility of OrbReticleFadeOut_BP_C_0 : RenderComponent has to be 'Movable' if you'd like to move. 
[2016.08.18-22.30.53:643][158]PIE:Warning: Warning Mobility of OrbReticleFadeOut_BP_C_0 : RenderComponent has to be 'Movable' if you'd like to move. 
[2016.08.18-22.30.53:659][159]PIE:Warning: Warning Mobility of OrbReticleFadeOut_BP_C_0 : RenderComponent has to be 'Movable' if you'd like to move. 
[2016.08.18-22.30.53:675][160]PIE:Warning: Warning Mobility of OrbReticleFadeOut_BP_C_0 : RenderComponent has to be 'Movable' if you'd like to move. 
[2016.08.18-22.30.53:692][161]PIE:Warning: Warning Mobility of OrbReticleFadeOut_BP_C_0 : RenderComponent has to be 'Movable' if you'd like to move. 
[2016.08.18-22.30.53:708][162]PIE:Warning: Warning Mobility of OrbReticleFadeOut_BP_C_0 : RenderComponent has to be 'Movable' if you'd like to move. 
[2016.08.18-22.30.53:724][163]PIE:Warning: Warning Mobility of OrbReticleFadeOut_BP_C_0 : RenderComponent has to be 'Movable' if you'd like to move. 
[2016.08.18-22.30.53:741][164]PIE:Warning: Warning Mobility of OrbReticleFadeOut_BP_C_0 : RenderComponent has to be 'Movable' if you'd like to move. 
[2016.08.18-22.30.53:756][165]PIE:Warning: Warning Mobility of OrbReticleFadeOut_BP_C_0 : RenderComponent has to be 'Movable' if you'd like to move. 
[2016.08.18-22.30.53:773][166]PIE:Warning: Warning Mobility of OrbReticleFadeOut_BP_C_0 : RenderComponent has to be 'Movable' if you'd like to move. 
[2016.08.18-22.30.53:789][167]PIE:Warning: Warning Mobility of OrbReticleFadeOut_BP_C_0 : RenderComponent has to be 'Movable' if you'd like to move. 
[2016.08.18-22.30.53:805][168]PIE:Warning: Warning Mobility of OrbReticleFadeOut_BP_C_0 : RenderComponent has to be 'Movable' if you'd like to move. 
[2016.08.18-22.30.53:821][169]PIE:Warning: Warning Mobility of OrbReticleFadeOut_BP_C_0 : RenderComponent has to be 'Movable' if you'd like to move. 
[2016.08.18-22.30.53:837][170]PIE:Warning: Warning Mobility of OrbReticleFadeOut_BP_C_0 : RenderComponent has to be 'Movable' if you'd like to move. 
[2016.08.18-22.30.53:854][171]PIE:Warning: Warning Mobility of OrbReticleFadeOut_BP_C_0 : RenderComponent has to be 'Movable' if you'd like to move. 
[2016.08.18-22.30.53:870][172]PIE:Warning: Warning Mobility of OrbReticleFadeOut_BP_C_0 : RenderComponent has to be 'Movable' if you'd like to move. 
[2016.08.18-22.30.53:886][173]PIE:Warning: Warning Mobility of OrbReticleFadeOut_BP_C_0 : RenderComponent has to be 'Movable' if you'd like to move. 
[2016.08.18-22.30.53:902][174]PIE:Warning: Warning Mobility of OrbReticleFadeOut_BP_C_0 : RenderComponent has to be 'Movable' if you'd like to move. 
[2016.08.18-22.30.53:918][175]PIE:Warning: Warning Mobility of OrbReticleFadeOut_BP_C_0 : RenderComponent has to be 'Movable' if you'd like to move. 
[2016.08.18-22.30.53:934][176]PIE:Warning: Warning Mobility of OrbReticleFadeOut_BP_C_0 : RenderComponent has to be 'Movable' if you'd like to move. 
[2016.08.18-22.30.53:951][177]PIE:Warning: Warning Mobility of OrbReticleFadeOut_BP_C_0 : RenderComponent has to be 'Movable' if you'd like to move. 
[2016.08.18-22.30.53:967][178]PIE:Warning: Warning Mobility of OrbReticleFadeOut_BP_C_0 : RenderComponent has to be 'Movable' if you'd like to move. 
[2016.08.18-22.30.53:983][179]PIE:Warning: Warning Mobility of OrbReticleFadeOut_BP_C_0 : RenderComponent has to be 'Movable' if you'd like to move. 
[2016.08.18-22.30.54:000][180]PIE:Warning: Warning Mobility of OrbReticleFadeOut_BP_C_0 : RenderComponent has to be 'Movable' if you'd like to move. 
[2016.08.18-22.30.54:017][181]PIE:Warning: Warning Mobility of OrbReticleFadeOut_BP_C_0 : RenderComponent has to be 'Movable' if you'd like to move. 
[2016.08.18-22.30.54:033][182]PIE:Warning: Warning Mobility of OrbReticleFadeOut_BP_C_0 : RenderComponent has to be 'Movable' if you'd like to move. 
[2016.08.18-22.30.54:049][183]PIE:Warning: Warning Mobility of OrbReticleFadeOut_BP_C_0 : RenderComponent has to be 'Movable' if you'd like to move. 
[2016.08.18-22.30.54:065][184]PIE:Warning: Warning Mobility of OrbReticleFadeOut_BP_C_0 : RenderComponent has to be 'Movable' if you'd like to move. 
[2016.08.18-22.30.54:080][185]PIE:Warning: Warning Mobility of OrbReticleFadeOut_BP_C_0 : RenderComponent has to be 'Movable' if you'd like to move. 
[2016.08.18-22.30.54:097][186]PIE:Warning: Warning Mobility of OrbReticleFadeOut_BP_C_0 : RenderComponent has to be 'Movable' if you'd like to move. 
[2016.08.18-22.30.54:111][187]PIE:Warning: Warning Mobility of OrbReticleFadeOut_BP_C_0 : RenderComponent has to be 'Movable' if you'd like to move. 
[2016.08.18-22.30.54:126][188]PIE:Warning: Warning Mobility of OrbReticleFadeOut_BP_C_0 : RenderComponent has to be 'Movable' if you'd like to move. 
[2016.08.18-22.30.54:143][189]PIE:Warning: Warning Mobility of OrbReticleFadeOut_BP_C_0 : RenderComponent has to be 'Movable' if you'd like to move. 
[2016.08.18-22.30.54:159][190]PIE:Warning: Warning Mobility of OrbReticleFadeOut_BP_C_0 : RenderComponent has to be 'Movable' if you'd like to move. 
[2016.08.18-22.30.54:176][191]PIE:Warning: Warning Mobility of OrbReticleFadeOut_BP_C_0 : RenderComponent has to be 'Movable' if you'd like to move. 
[2016.08.18-22.30.54:192][192]PIE:Warning: Warning Mobility of OrbReticleFadeOut_BP_C_0 : RenderComponent has to be 'Movable' if you'd like to move. 
[2016.08.18-22.30.54:208][193]PIE:Warning: Warning Mobility of OrbReticleFadeOut_BP_C_0 : RenderComponent has to be 'Movable' if you'd like to move. 
[2016.08.18-22.30.54:224][194]PIE:Warning: Warning Mobility of OrbReticleFadeOut_BP_C_0 : RenderComponent has to be 'Movable' if you'd like to move. 
[2016.08.18-22.30.54:241][195]PIE:Warning: Warning Mobility of OrbReticleFadeOut_BP_C_0 : RenderComponent has to be 'Movable' if you'd like to move. 
[2016.08.18-22.30.54:257][196]PIE:Warning: Warning Mobility of OrbReticleFadeOut_BP_C_0 : RenderComponent has to be 'Movable' if you'd like to move. 
[2016.08.18-22.30.54:273][197]PIE:Warning: Warning Mobility of OrbReticleFadeOut_BP_C_0 : RenderComponent has to be 'Movable' if you'd like to move. 
[2016.08.18-22.30.54:289][198]PIE:Warning: Warning Mobility of OrbReticleFadeOut_BP_C_0 : RenderComponent has to be 'Movable' if you'd like to move. 
[2016.08.18-22.30.54:305][199]PIE:Warning: Warning Mobility of OrbReticleFadeOut_BP_C_0 : RenderComponent has to be 'Movable' if you'd like to move. 
[2016.08.18-22.30.54:321][200]PIE:Warning: Warning Mobility of OrbReticleFadeOut_BP_C_0 : RenderComponent has to be 'Movable' if you'd like to move. 
[2016.08.18-22.30.54:337][201]PIE:Warning: Warning Mobility of OrbReticleFadeOut_BP_C_0 : RenderComponent has to be 'Movable' if you'd like to move. 
[2016.08.18-22.30.54:353][202]PIE:Warning: Warning Mobility of OrbReticleFadeOut_BP_C_0 : RenderComponent has to be 'Movable' if you'd like to move. 
[2016.08.18-22.30.54:369][203]PIE:Warning: Warning Mobility of OrbReticleFadeOut_BP_C_0 : RenderComponent has to be 'Movable' if you'd like to move. 
[2016.08.18-22.30.54:385][204]PIE:Warning: Warning Mobility of OrbReticleFadeOut_BP_C_0 : RenderComponent has to be 'Movable' if you'd like to move. 
[2016.08.18-22.30.54:402][205]PIE:Warning: Warning Mobility of OrbReticleFadeOut_BP_C_0 : RenderComponent has to be 'Movable' if you'd like to move. 
[2016.08.18-22.30.54:418][206]PIE:Warning: Warning Mobility of OrbReticleFadeOut_BP_C_0 : RenderComponent has to be 'Movable' if you'd like to move. 
[2016.08.18-22.30.54:434][207]PIE:Warning: Warning Mobility of OrbReticleFadeOut_BP_C_0 : RenderComponent has to be 'Movable' if you'd like to move. 
[2016.08.18-22.30.54:451][208]PIE:Warning: Warning Mobility of OrbReticleFadeOut_BP_C_0 : RenderComponent has to be 'Movable' if you'd like to move. 
[2016.08.18-22.30.54:466][209]PIE:Warning: Warning Mobility of OrbReticleFadeOut_BP_C_0 : RenderComponent has to be 'Movable' if you'd like to move. 
[2016.08.18-22.30.54:483][210]PIE:Warning: Warning Mobility of OrbReticleFadeOut_BP_C_0 : RenderComponent has to be 'Movable' if you'd like to move. 
[2016.08.18-22.30.54:499][211]PIE:Warning: Warning Mobility of OrbReticleFadeOut_BP_C_0 : RenderComponent has to be 'Movable' if you'd like to move. 
[2016.08.18-22.30.54:515][212]PIE:Warning: Warning Mobility of OrbReticleFadeOut_BP_C_0 : RenderComponent has to be 'Movable' if you'd like to move. 
[2016.08.18-22.30.54:532][213]PIE:Warning: Warning Mobility of OrbReticleFadeOut_BP_C_0 : RenderComponent has to be 'Movable' if you'd like to move. 
[2016.08.18-22.30.54:547][214]PIE:Warning: Warning Mobility of OrbReticleFadeOut_BP_C_0 : RenderComponent has to be 'Movable' if you'd like to move. 
[2016.08.18-22.30.54:563][215]PIE:Warning: Warning Mobility of OrbReticleFadeOut_BP_C_0 : RenderComponent has to be 'Movable' if you'd like to move. 
[2016.08.18-22.30.54:580][216]PIE:Warning: Warning Mobility of OrbReticleFadeOut_BP_C_0 : RenderComponent has to be 'Movable' if you'd like to move. 
[2016.08.18-22.30.54:595][217]PIE:Warning: Warning Mobility of OrbReticleFadeOut_BP_C_0 : RenderComponent has to be 'Movable' if you'd like to move. 
[2016.08.18-22.30.54:612][218]PIE:Warning: Warning Mobility of OrbReticleFadeOut_BP_C_0 : RenderComponent has to be 'Movable' if you'd like to move. 
[2016.08.18-22.30.54:628][219]PIE:Warning: Warning Mobility of OrbReticleFadeOut_BP_C_0 : RenderComponent has to be 'Movable' if you'd like to move. 
[2016.08.18-22.30.54:644][220]PIE:Warning: Warning Mobility of OrbReticleFadeOut_BP_C_0 : RenderComponent has to be 'Movable' if you'd like to move. 
[2016.08.18-22.30.54:661][221]PIE:Warning: Warning Mobility of OrbReticleFadeOut_BP_C_0 : RenderComponent has to be 'Movable' if you'd like to move. 
[2016.08.18-22.30.54:676][222]PIE:Warning: Warning Mobility of OrbReticleFadeOut_BP_C_0 : RenderComponent has to be 'Movable' if you'd like to move. 
[2016.08.18-22.30.54:692][223]PIE:Warning: Warning Mobility of OrbReticleFadeOut_BP_C_0 : RenderComponent has to be 'Movable' if you'd like to move. 
[2016.08.18-22.30.54:708][224]PIE:Warning: Warning Mobility of OrbReticleFadeOut_BP_C_0 : RenderComponent has to be 'Movable' if you'd like to move. 
[2016.08.18-22.30.54:724][225]PIE:Warning: Warning Mobility of OrbReticleFadeOut_BP_C_0 : RenderComponent has to be 'Movable' if you'd like to move. 
[2016.08.18-22.30.54:741][226]PIE:Warning: Warning Mobility of OrbReticleFadeOut_BP_C_0 : RenderComponent has to be 'Movable' if you'd like to move. 
[2016.08.18-22.30.54:756][227]PIE:Warning: Warning Mobility of OrbReticleFadeOut_BP_C_0 : RenderComponent has to be 'Movable' if you'd like to move. 
[2016.08.18-22.30.54:773][228]PIE:Warning: Warning Mobility of OrbReticleFadeOut_BP_C_0 : RenderComponent has to be 'Movable' if you'd like to move. 
[2016.08.18-22.30.54:789][229]PIE:Warning: Warning Mobility of OrbReticleFadeOut_BP_C_0 : RenderComponent has to be 'Movable' if you'd like to move. 
[2016.08.18-22.30.54:805][230]PIE:Warning: Warning Mobility of OrbReticleFadeOut_BP_C_0 : RenderComponent has to be 'Movable' if you'd like to move. 
[2016.08.18-22.30.54:820][231]PIE:Warning: Warning Mobility of OrbReticleFadeOut_BP_C_0 : RenderComponent has to be 'Movable' if you'd like to move. 
[2016.08.18-22.30.54:836][232]PIE:Warning: Warning Mobility of OrbReticleFadeOut_BP_C_0 : RenderComponent has to be 'Movable' if you'd like to move. 
[2016.08.18-22.30.54:853][233]PIE:Warning: Warning Mobility of OrbReticleFadeOut_BP_C_0 : RenderComponent has to be 'Movable' if you'd like to move. 
[2016.08.18-22.30.54:978][234]LogWindowsTextInputMethodSystem:Display: IME system now deactivated.
[2016.08.18-22.30.54:991][234]LogEngine: All Windows Closed
[2016.08.18-22.30.54:991][234]LogWindows: FPlatformMisc::RequestExit(0)
[2016.08.18-22.30.55:261][235]LogExit: Preparing to exit.
[2016.08.18-22.30.56:056][235]LogExit: Game engine shut down
[2016.08.18-22.30.56:171][235]LogObj: Freed 0b from 0 cluster array pools.
[2016.08.18-22.30.56:171][235]LogExit: Object subsystem successfully closed.
[2016.08.18-22.30.56:179][235]LogD3D11RHI: Shutdown
[2016.08.18-22.30.56:179][235]LogD3D11RHI: CleanupD3DDevice
[2016.08.18-22.30.56:245][235]LogD3D11RHI: ~FD3D11DynamicRHI
[2016.08.18-22.30.56:421][235]LogDerivedDataCache: Shutdown
[2016.08.18-22.30.56:421][235]LogModuleManager: Shutting down and abandoning module AndroidDeviceDetection (126)
[2016.08.18-22.30.56:861][235]LogModuleManager: Shutting down and abandoning module AutomationController (125)
[2016.08.18-22.30.56:862][235]LogModuleManager: Shutting down and abandoning module AutomationWorker (124)
[2016.08.18-22.30.56:862][235]LogModuleManager: Shutting down and abandoning module CharacterAI (123)
[2016.08.18-22.30.56:862][235]LogModuleManager: Shutting down and abandoning module AITestSuite (122)
[2016.08.18-22.30.56:862][235]LogModuleManager: Shutting down and abandoning module GameplayDebugger (121)
[2016.08.18-22.30.56:862][235]LogModuleManager: Shutting down and abandoning module AIModule (120)
[2016.08.18-22.30.56:862][235]LogModuleManager: Shutting down and abandoning module AssetRegistry (119)
[2016.08.18-22.30.56:862][235]LogModuleManager: Shutting down and abandoning module MovieSceneCapture (118)
[2016.08.18-22.30.56:862][235]LogModuleManager: Shutting down and abandoning module StreamingPauseRendering (117)
[2016.08.18-22.30.56:862][235]LogModuleManager: Shutting down and abandoning module PortalServices (116)
[2016.08.18-22.30.56:862][235]LogModuleManager: Shutting down and abandoning module PortalRpc (115)
[2016.08.18-22.30.56:862][235]LogModuleManager: Shutting down and abandoning module MessagingRpc (114)
[2016.08.18-22.30.56:862][235]LogModuleManager: Shutting down and abandoning module ProfilerService (113)
[2016.08.18-22.30.56:975][235]LogModuleManager: Shutting down and abandoning module TaskGraph (112)
[2016.08.18-22.30.56:975][235]LogModuleManager: Shutting down and abandoning module SlateRemote (111)
[2016.08.18-22.30.56:975][235]LogModuleManager: Shutting down and abandoning module SteamVRController (110)
[2016.08.18-22.30.56:975][235]LogModuleManager: Shutting down and abandoning module SteamVR (109)
[2016.08.18-22.30.56:975][235]LogModuleManager: Shutting down and abandoning module ProceduralMeshComponent (108)
[2016.08.18-22.30.56:975][235]LogModuleManager: Shutting down and abandoning module OculusLibrary (107)
[2016.08.18-22.30.56:975][235]LogModuleManager: Shutting down and abandoning module OculusInput (106)
[2016.08.18-22.30.56:975][235]LogModuleManager: Shutting down and abandoning module CustomMeshComponent (105)
[2016.08.18-22.30.56:975][235]LogModuleManager: Shutting down and abandoning module CableComponent (104)
[2016.08.18-22.30.56:975][235]LogModuleManager: Shutting down and abandoning module ArchVisCharacter (103)
[2016.08.18-22.30.56:975][235]LogModuleManager: Shutting down and abandoning module HTML5Networking (102)
[2016.08.18-22.30.56:975][235]LogModuleManager: Shutting down and abandoning module DesktopPlatform (101)
[2016.08.18-22.30.56:975][235]LogModuleManager: Shutting down and abandoning module DirectoryWatcher (100)
[2016.08.18-22.30.56:975][235]LogModuleManager: Shutting down and abandoning module HotReload (99)
[2016.08.18-22.30.56:976][235]LogModuleManager: Shutting down and abandoning module VisualStudioSourceCodeAccess (98)
[2016.08.18-22.30.56:976][235]LogModuleManager: Shutting down and abandoning module UObjectPlugin (97)
[2016.08.18-22.30.56:976][235]LogModuleManager: Shutting down and abandoning module SubversionSourceControl (96)
[2016.08.18-22.30.56:976][235]LogModuleManager: Shutting down and abandoning module SourceControl (95)
[2016.08.18-22.30.56:976][235]LogModuleManager: Shutting down and abandoning module PerforceSourceControl (94)
[2016.08.18-22.30.56:976][235]LogModuleManager: Shutting down and abandoning module ProjectOne (93)
[2016.08.18-22.30.56:976][235]LogModuleManager: Shutting down and abandoning module UdpMessaging (92)
[2016.08.18-22.30.57:076][235]LogModuleManager: Shutting down and abandoning module LightPropagationVolumeRuntime (91)
[2016.08.18-22.30.57:076][235]LogModuleManager: Shutting down and abandoning module Paper2D (90)
[2016.08.18-22.30.57:076][235]LogModuleManager: Shutting down and abandoning module WindowsMoviePlayer (89)
[2016.08.18-22.30.57:076][235]LogModuleManager: Shutting down and abandoning module Media (88)
[2016.08.18-22.30.57:076][235]LogModuleManager: Shutting down and abandoning module WmfMedia (87)
[2016.08.18-22.30.57:076][235]LogModuleManager: Shutting down and abandoning module MediaAssets (86)
[2016.08.18-22.30.57:076][235]LogModuleManager: Shutting down and abandoning module GameLiveStreaming (85)
[2016.08.18-22.30.57:076][235]LogModuleManager: Shutting down and abandoning module GameplayTagsEditor (84)
[2016.08.18-22.30.57:076][235]LogModuleManager: Shutting down and abandoning module OnlineBlueprintSupport (83)
[2016.08.18-22.30.57:076][235]LogModuleManager: Shutting down and abandoning module GameplayTasksEditor (82)
[2016.08.18-22.30.57:076][235]LogModuleManager: Shutting down and abandoning module PropertyEditor (81)
[2016.08.18-22.30.57:076][235]LogModuleManager: Shutting down and abandoning module BehaviorTreeEditor (80)
[2016.08.18-22.30.57:076][235]LogModuleManager: Shutting down and abandoning module FunctionalTesting (79)
[2016.08.18-22.30.57:076][235]LogModuleManager: Shutting down and abandoning module CollisionAnalyzer (78)
[2016.08.18-22.30.57:076][235]LogModuleManager: Shutting down and abandoning module WorkspaceMenuStructure (77)
[2016.08.18-22.30.57:076][235]LogModuleManager: Shutting down and abandoning module MessageLog (76)
[2016.08.18-22.30.57:076][235]LogModuleManager: Shutting down and abandoning module Sequencer (75)
[2016.08.18-22.30.57:076][235]LogModuleManager: Shutting down and abandoning module AssetTools (74)
[2016.08.18-22.30.57:077][235]LogModuleManager: Shutting down and abandoning module UMGEditor (73)
[2016.08.18-22.30.57:077][235]LogModuleManager: Shutting down and abandoning module UMG (72)
[2016.08.18-22.30.57:077][235]LogModuleManager: Shutting down and abandoning module SlateReflector (71)
[2016.08.18-22.30.57:077][235]LogModuleManager: Shutting down and abandoning module Slate (70)
[2016.08.18-22.30.57:077][235]LogModuleManager: Shutting down and abandoning module EditorStyle (69)
[2016.08.18-22.30.57:078][235]LogModuleManager: Shutting down and abandoning module SessionServices (68)
[2016.08.18-22.30.57:078][235]LogModuleManager: Shutting down and abandoning module SourceCodeAccess (67)
[2016.08.18-22.30.57:078][235]LogModuleManager: Shutting down and abandoning module HeadMountedDisplay (66)
[2016.08.18-22.30.57:078][235]LogModuleManager: Shutting down and abandoning module XAudio2 (65)
[2016.08.18-22.30.57:078][235]LogModuleManager: Shutting down and abandoning module Networking (63)
[2016.08.18-22.30.57:078][235]LogModuleManager: Shutting down and abandoning module Core (62)
[2016.08.18-22.30.57:078][235]LogModuleManager: Shutting down and abandoning module KismetCompiler (61)
[2016.08.18-22.30.57:078][235]LogModuleManager: Shutting down and abandoning module PhysXFormats (60)
[2016.08.18-22.30.57:078][235]LogModuleManager: Shutting down and abandoning module MeshUtilities (59)
[2016.08.18-22.30.57:078][235]LogModuleManager: Shutting down and abandoning module CookingStats (58)
[2016.08.18-22.30.57:078][235]LogModuleManager: Shutting down and abandoning module DerivedDataCache (57)
[2016.08.18-22.30.57:078][235]LogDerivedDataCache: Shutdown
[2016.08.18-22.30.57:078][235]LogModuleManager: Shutting down and abandoning module ShaderFormatOpenGL (56)
[2016.08.18-22.30.57:078][235]LogModuleManager: Shutting down and abandoning module ShaderFormatD3D (55)
[2016.08.18-22.30.57:079][235]LogModuleManager: Shutting down and abandoning module MetalShaderFormat (54)
[2016.08.18-22.30.57:079][235]LogModuleManager: Shutting down and abandoning module TextureFormatUncompressed (53)
[2016.08.18-22.30.57:079][235]LogModuleManager: Shutting down and abandoning module TextureFormatPVR (52)
[2016.08.18-22.30.57:079][235]LogModuleManager: Shutting down and abandoning module TextureFormatIntelISPCTexComp (51)
[2016.08.18-22.30.57:079][235]LogModuleManager: Shutting down and abandoning module TextureFormatDXT (50)
[2016.08.18-22.30.57:079][235]LogModuleManager: Shutting down and abandoning module ImageWrapper (49)
[2016.08.18-22.30.57:079][235]LogModuleManager: Shutting down and abandoning module TextureFormatASTC (48)
[2016.08.18-22.30.57:079][235]LogModuleManager: Shutting down and abandoning module TextureFormatAndroid (47)
[2016.08.18-22.30.57:079][235]LogModuleManager: Shutting down and abandoning module AudioFormatOpus (46)
[2016.08.18-22.30.57:079][235]LogModuleManager: Shutting down and abandoning module AudioFormatOgg (45)
[2016.08.18-22.30.57:079][235]LogModuleManager: Shutting down and abandoning module AudioFormatADPCM (44)
[2016.08.18-22.30.57:079][235]LogModuleManager: Shutting down and abandoning module LinuxTargetPlatform (43)
[2016.08.18-22.30.57:079][235]LogModuleManager: Shutting down and abandoning module LinuxServerTargetPlatform (42)
[2016.08.18-22.30.57:079][235]LogModuleManager: Shutting down and abandoning module LinuxNoEditorTargetPlatform (41)
[2016.08.18-22.30.57:079][235]LogModuleManager: Shutting down and abandoning module TVOSTargetPlatform (40)
[2016.08.18-22.30.57:079][235]LogModuleManager: Shutting down and abandoning module Messaging (39)
[2016.08.18-22.30.57:079][235]LogModuleManager: Shutting down and abandoning module IOSTargetPlatform (38)
[2016.08.18-22.30.57:079][235]LogModuleManager: Shutting down and abandoning module HTML5TargetPlatform (37)
[2016.08.18-22.30.57:079][235]LogModuleManager: Shutting down and abandoning module Android_PVRTCTargetPlatform (36)
[2016.08.18-22.30.57:079][235]LogModuleManager: Shutting down and abandoning module Android_MultiTargetPlatform (35)
[2016.08.18-22.30.57:079][235]LogModuleManager: Shutting down and abandoning module Android_ETC2TargetPlatform (34)
[2016.08.18-22.30.57:079][235]LogModuleManager: Shutting down and abandoning module Android_ETC1TargetPlatform (33)
[2016.08.18-22.30.57:079][235]LogModuleManager: Shutting down and abandoning module Android_DXTTargetPlatform (32)
[2016.08.18-22.30.57:079][235]LogModuleManager: Shutting down and abandoning module Android_ATCTargetPlatform (31)
[2016.08.18-22.30.57:079][235]LogModuleManager: Shutting down and abandoning module Android_ASTCTargetPlatform (30)
[2016.08.18-22.30.57:079][235]LogModuleManager: Shutting down and abandoning module AndroidTargetPlatform (29)
[2016.08.18-22.30.57:079][235]LogModuleManager: Shutting down and abandoning module WindowsTargetPlatform (28)
[2016.08.18-22.30.57:079][235]LogModuleManager: Shutting down and abandoning module WindowsServerTargetPlatform (27)
[2016.08.18-22.30.57:079][235]LogModuleManager: Shutting down and abandoning module WindowsNoEditorTargetPlatform (26)
[2016.08.18-22.30.57:079][235]LogModuleManager: Shutting down and abandoning module WindowsClientTargetPlatform (25)
[2016.08.18-22.30.57:079][235]LogModuleManager: Shutting down and abandoning module AllDesktopTargetPlatform (24)
[2016.08.18-22.30.57:079][235]LogModuleManager: Shutting down and abandoning module TargetPlatform (23)
[2016.08.18-22.30.57:079][235]LogModuleManager: Shutting down and abandoning module InputCore (22)
[2016.08.18-22.30.57:079][235]LogModuleManager: Shutting down and abandoning module Settings (21)
[2016.08.18-22.30.57:079][235]LogModuleManager: Shutting down and abandoning module OnlineSubsystem (19)
[2016.08.18-22.30.57:079][235]LogModuleManager: Shutting down and abandoning module HTTP (18)
[2016.08.18-22.30.57:079][235]LogModuleManager: Shutting down and abandoning module XMPP (17)
[2016.08.18-22.30.57:079][235]LogModuleManager: Shutting down and abandoning module OculusRift (16)
[2016.08.18-22.30.57:079][235]LogModuleManager: Shutting down and abandoning module ExampleDeviceProfileSelector (15)
[2016.08.18-22.30.57:079][235]LogModuleManager: Shutting down and abandoning module TextureCompressor (14)
[2016.08.18-22.30.57:079][235]LogModuleManager: Shutting down and abandoning module ShaderCore (13)
[2016.08.18-22.30.57:079][235]LogModuleManager: Shutting down and abandoning module Landscape (12)
[2016.08.18-22.30.57:079][235]LogModuleManager: Shutting down and abandoning module SlateRHIRenderer (11)
[2016.08.18-22.30.57:080][235]LogModuleManager: Shutting down and abandoning module OpenGLDrv (10)
[2016.08.18-22.30.57:080][235]LogModuleManager: Shutting down and abandoning module D3D11RHI (9)
[2016.08.18-22.30.57:080][235]LogModuleManager: Shutting down and abandoning module AnimGraphRuntime (8)
[2016.08.18-22.30.57:080][235]LogModuleManager: Shutting down and abandoning module Renderer (7)
[2016.08.18-22.30.57:080][235]LogModuleManager: Shutting down and abandoning module Engine (6)
[2016.08.18-22.30.57:080][235]LogModuleManager: Shutting down and abandoning module CoreUObject (5)
[2016.08.18-22.30.57:080][235]LogModuleManager: Shutting down and abandoning module NetworkFile (4)
[2016.08.18-22.30.57:080][235]LogModuleManager: Shutting down and abandoning module StreamingFile (3)
[2016.08.18-22.30.57:080][235]LogModuleManager: Shutting down and abandoning module SandboxFile (2)
[2016.08.18-22.30.57:080][235]LogModuleManager: Shutting down and abandoning module PakFile (1)
[2016.08.18-22.30.57:082][235]LogExit: Exiting.
[2016.08.18-22.30.57:083][235]Log file closed, 08/18/16 18:30:57
