Log file open, 08/18/16 17:09:29
LogInit:Display: Running engine for game: ProjectOne
LogPlatformFile: Not using cached read wrapper
LogInit:Display: RandInit(-258624994) SRandInit(-258624992).
LogTaskGraph: Started task graph with 4 named threads and 7 total threads.
LogStats: Stats thread started at 0.089977
LogInit: Version: 4.11.2-2946394+++UE4+Release-4.11
LogInit: API Version: 2927265
LogInit: Compiled (64-bit): Apr 18 2016 02:18:46
LogInit: Compiled with Visual C++: 19.00.23026.00
LogInit: Build Configuration: Development
LogInit: Branch Name: ++UE4+Release-4.11
LogInit: Command line:  /Temp/Autosaves/Game/Levels/UEDPCOverworldLevel -game -PIEVIACONSOLE -ResX=1280 -ResY=720  -Multiprocess -messaging -SessionName="Play in Standalone Game" 
LogInit: Base directory: C:/Program Files/Epic Games/4.11/Engine/Binaries/Win64/
LogInit: Installed Engine Build: 1
LogInit: Using libcurl 7.41.0
LogInit:  - built for x86_64-pc-win32
LogInit:  - supports SSL with WinSSL
LogInit:  - other features:
LogInit:      CURL_VERSION_SSL
LogInit:      CURL_VERSION_IPV6
LogInit:      CURL_VERSION_ASYNCHDNS
LogInit:      CURL_VERSION_LARGEFILE
LogInit:      CURL_VERSION_IDN
LogInit:  CurlRequestOptions (configurable via config and command line):
LogInit:  - bVerifyPeer = true  - Libcurl will verify peer certificate
LogInit:  - bUseHttpProxy = false  - Libcurl will NOT use HTTP proxy
LogInit:  - bDontReuseConnections = false  - Libcurl will reuse connections
LogInit:  - CertBundlePath = nullptr  - Libcurl will use whatever was configured at build time.
LogInit: Presizing for max 16777216 objects, including 0 objects not considered by GC, pre-allocating 0 bytes for permanent pool.
LogInit: Object subsystem initialized
[2016.08.18-21.09.29:791][  0]LogInit: Selected Device Profile: [Windows]
[2016.08.18-21.09.29:791][  0]LogInit: Applying CVar settings loaded from the selected device profile: [Windows]
[2016.08.18-21.09.29:795][  0]LogInit: Computer: FAHAD-PC
[2016.08.18-21.09.29:795][  0]LogInit: User: Fahad
[2016.08.18-21.09.29:795][  0]LogInit: CPU Page size=65536, Cores=4
[2016.08.18-21.09.29:795][  0]LogInit: High frequency timer resolution =3.215352 MHz
[2016.08.18-21.09.29:795][  0]LogMemory: Memory total: Physical=8.0GB (8GB approx)
[2016.08.18-21.09.29:795][  0]LogMemory: Platform Memory Stats for Windows
[2016.08.18-21.09.29:795][  0]LogMemory: Process Physical Memory: 313.67 MB used, 313.67 MB peak
[2016.08.18-21.09.29:795][  0]LogMemory: Process Virtual Memory: 314.86 MB used, 314.86 MB peak
[2016.08.18-21.09.29:795][  0]LogMemory: Physical Memory: 6765.63 MB used, 8174.67 MB total
[2016.08.18-21.09.29:795][  0]LogMemory: Virtual Memory: 651.88 MB used, 134217728.00 MB total
[2016.08.18-21.09.29:847][  0]LogTextLocalizationManager: No specific translations for ('en-US') exist, so ('en') translations will be used.
[2016.08.18-21.09.30:253][  0]LogD3D11RHI: D3D11 adapters:
[2016.08.18-21.09.30:279][  0]LogD3D11RHI:    0. 'NVIDIA GeForce GTX 970' (Feature Level 11_0)
[2016.08.18-21.09.30:279][  0]LogD3D11RHI:       4007MB of dedicated video memory, 0MB of dedicated system memory, and 4087MB of shared system memory, 2 output[s]
[2016.08.18-21.09.30:281][  0]LogD3D11RHI:    1. 'Microsoft Basic Render Driver' (Feature Level 11_0)
[2016.08.18-21.09.30:281][  0]LogD3D11RHI:       0MB of dedicated video memory, 0MB of dedicated system memory, and 4087MB of shared system memory, 0 output[s]
[2016.08.18-21.09.30:281][  0]LogD3D11RHI: Chosen D3D11 Adapter: 0
[2016.08.18-21.09.30:286][  0]LogD3D11RHI: Creating new Direct3DDevice
[2016.08.18-21.09.30:286][  0]LogD3D11RHI:     Adapter Name: NVIDIA GeForce GTX 970
[2016.08.18-21.09.30:286][  0]LogD3D11RHI:   Driver Version: 10.18.13.6510 (internal 10.18.13.6510)
[2016.08.18-21.09.30:286][  0]LogD3D11RHI:      Driver Date: 4-27-2016
[2016.08.18-21.09.30:286][  0]LogRHI: Texture pool is 1361 MB (70% of 1945 MB)
[2016.08.18-21.09.30:301][  0]LogD3D11RHI: Async texture creation enabled
[2016.08.18-21.09.30:766][  0]LogShaderCompilers: Guid format shader working directory is -48 characters bigger than the processId version (../../../../../../Users/Fahad/Desktop/MX2 Game Suite/GitHub Directory/project-1-mx2/ProjectOne/Intermediate/Shaders/WorkingDirectory/9440/).
[2016.08.18-21.09.30:766][  0]LogShaderCompilers: Cleaned the shader compiler working directory 'C:/Users/Fahad/AppData/Local/Temp/UnrealShaderWorkingDir/19AF1E004FDFAE9129A3B494FF4FB7A3/'.
[2016.08.18-21.09.30:766][  0]LogShaderCompilers:Display: Using Local Shader Compiler.
[2016.08.18-21.09.31:832][  0]LogTemp:Display: Loaded TP AllDesktopTargetPlatform
[2016.08.18-21.09.31:838][  0]LogTemp:Display: Loaded TP WindowsClientTargetPlatform
[2016.08.18-21.09.31:845][  0]LogTemp:Display: Loaded TP WindowsNoEditorTargetPlatform
[2016.08.18-21.09.31:851][  0]LogTemp:Display: Loaded TP WindowsServerTargetPlatform
[2016.08.18-21.09.31:858][  0]LogTemp:Display: Loaded TP WindowsTargetPlatform
[2016.08.18-21.09.31:863][  0]LogTemp:Display: Loaded TP AndroidTargetPlatform
[2016.08.18-21.09.31:867][  0]LogTemp:Display: Loaded TP Android_ASTCTargetPlatform
[2016.08.18-21.09.31:871][  0]LogTemp:Display: Loaded TP Android_ATCTargetPlatform
[2016.08.18-21.09.31:875][  0]LogTemp:Display: Loaded TP Android_DXTTargetPlatform
[2016.08.18-21.09.31:879][  0]LogTemp:Display: Loaded TP Android_ETC1TargetPlatform
[2016.08.18-21.09.31:883][  0]LogTemp:Display: Loaded TP Android_ETC2TargetPlatform
[2016.08.18-21.09.31:892][  0]LogTemp:Display: Loaded TP Android_MultiTargetPlatform
[2016.08.18-21.09.31:892][  0]LogTemp:Display: Loaded TP Android_PVRTCTargetPlatform
[2016.08.18-21.09.31:894][  0]LogTemp:Display: Loaded TP HTML5TargetPlatform
[2016.08.18-21.09.31:914][  0]LogTemp:Display: Loaded TP IOSTargetPlatform
[2016.08.18-21.09.31:917][  0]LogTemp:Display: Loaded TP TVOSTargetPlatform
[2016.08.18-21.09.31:921][  0]LogTemp:Display: Loaded TP LinuxNoEditorTargetPlatform
[2016.08.18-21.09.31:925][  0]LogTemp:Display: Loaded TP LinuxServerTargetPlatform
[2016.08.18-21.09.31:930][  0]LogTemp:Display: Loaded TP LinuxTargetPlatform
[2016.08.18-21.09.31:930][  0]LogTargetPlatformManager:Display: Building Assets For Windows
[2016.08.18-21.09.32:046][  0]LogDerivedDataCache:Display: Max Cache Size: 512 MB
[2016.08.18-21.09.32:120][  0]LogDerivedDataCache: Loaded boot cache 0.07s 74MB C:/Users/Fahad/AppData/Local/UnrealEngine/4.11/DerivedDataCache/Boot.ddc.
[2016.08.18-21.09.32:120][  0]LogDerivedDataCache:Display: Loaded Boot cache: C:/Users/Fahad/AppData/Local/UnrealEngine/4.11/DerivedDataCache/Boot.ddc
[2016.08.18-21.09.32:120][  0]LogDerivedDataCache: FDerivedDataBackendGraph:  Pak pak cache file ../../../../../../Users/Fahad/Desktop/MX2 Game Suite/GitHub Directory/project-1-mx2/ProjectOne/DerivedDataCache/DDC.ddp not found, will not use a pak cache.
[2016.08.18-21.09.32:120][  0]LogDerivedDataCache: Unable to find inner node Pak for hierarchical cache Hierarchy.
[2016.08.18-21.09.32:120][  0]LogDerivedDataCache: FDerivedDataBackendGraph:  CompressedPak pak cache file ../../../../../../Users/Fahad/Desktop/MX2 Game Suite/GitHub Directory/project-1-mx2/ProjectOne/DerivedDataCache/Compressed.ddp not found, will not use a pak cache.
[2016.08.18-21.09.32:120][  0]LogDerivedDataCache: Unable to find inner node CompressedPak for hierarchical cache Hierarchy.
[2016.08.18-21.09.32:136][  0]LogDerivedDataCache:Display: Pak cache opened for reading ../../../Engine/DerivedDataCache/Compressed.ddp.
[2016.08.18-21.09.32:149][  0]LogDerivedDataCache: Using Local data cache path C:/Users/Fahad/AppData/Local/UnrealEngine/Common/DerivedDataCache: Writable
[2016.08.18-21.09.32:390][  0]LogInit: Selected Device Profile: [Windows]
[2016.08.18-21.09.32:397][  0]LogMaterial: Uniform references updated for custom material expression Custom.
[2016.08.18-21.09.32:398][  0]LogContentStreaming: Texture pool size is 1000.00 MB
[2016.08.18-21.09.32:534][  0]LogMeshUtilities: No automatic mesh reduction module available
[2016.08.18-21.09.32:534][  0]LogMeshUtilities: No automatic mesh merging module available
[2016.08.18-21.09.32:534][  0]LogMeshUtilities: No distributed automatic mesh merging module available
[2016.08.18-21.09.32:802][  0]LogInit: WinSock: version 1.1 (2.2), MaxSocks=32767, MaxUdp=65467
[2016.08.18-21.09.32:915][  0]LogSlate: SlateFontCache - WITH_FREETYPE: 1, WITH_HARFBUZZ: 1
[2016.08.18-21.09.32:915][  0]LogSlate: SlateFontCache - WITH_FREETYPE: 1, WITH_HARFBUZZ: 1
[2016.08.18-21.09.33:093][  0]LogWindowsMoviePlayer: Unable to load movie: ../../../../../../Users/Fahad/Desktop/MX2 Game Suite/GitHub Directory/project-1-mx2/ProjectOne/Content/Movies/Default_Startup.mp4
[2016.08.18-21.09.33:181][  0]LogUdpMessaging: Initializing bridge on interface 0.0.0.0:0 to multicast group 230.0.0.1:6666.
[2016.08.18-21.09.33:250][  0]LogTemp:Warning: No World
[2016.08.18-21.09.33:268][  0]SourceControl: Info Source control is disabled
[2016.08.18-21.09.33:268][  0]SourceControl: Info Source control is disabled
[2016.08.18-21.09.33:281][  0]SourceControl: Info Source control is disabled
[2016.08.18-21.09.33:424][  0]LogHMD: Failed to initialize OpenVR with code 108
[2016.08.18-21.09.33:453][  0]LogUObjectArray: 29307 objects as part of root set at end of initial load.
[2016.08.18-21.09.33:453][  0]LogUObjectAllocator: 6107216 out of 0 bytes used by permanent object pool.
[2016.08.18-21.09.33:453][  0]LogUObjectArray: CloseDisregardForGC: 0/0 objects in disregard for GC pool
[2016.08.18-21.09.33:514][  0]LogEngine: Initializing Engine...
[2016.08.18-21.09.34:215][  0]LogInit: XAudio2 using 'Speakers (5- Logitech USB Headset)' : 2 channels at 44.1 kHz using 16 bits per sample (channel mask 0x3)
[2016.08.18-21.09.34:226][  0]LogInit: FAudioDevice initialized.
[2016.08.18-21.09.34:236][  0]LogInit: Texture streaming: Enabled
[2016.08.18-21.09.34:327][  0]LogNet: Browse: /Temp/Autosaves/Game/Levels/UEDPCOverworldLevel?Name=Player
[2016.08.18-21.09.34:327][  0]LogLoad: LoadMap: /Temp/Autosaves/Game/Levels/UEDPCOverworldLevel?Name=Player
[2016.08.18-21.09.34:362][  0]LogMemory: Platform Memory Stats for Windows
[2016.08.18-21.09.34:362][  0]LogMemory: Process Physical Memory: 774.71 MB used, 780.51 MB peak
[2016.08.18-21.09.34:362][  0]LogMemory: Process Virtual Memory: 895.23 MB used, 895.24 MB peak
[2016.08.18-21.09.34:362][  0]LogMemory: Physical Memory: 7177.20 MB used, 8174.67 MB total
[2016.08.18-21.09.34:362][  0]LogMemory: Virtual Memory: 1468.32 MB used, 134217728.00 MB total
[2016.08.18-21.09.34:362][  0]LogMemory: 
[2016.08.18-21.09.34:362][  0]Allocator Stats for TBB: (not implemented)
[2016.08.18-21.09.34:366][  0]LogTemp:Warning: No World
[2016.08.18-21.09.34:463][  0]LogAssetRegistry: FAssetRegistry took 0.0001 seconds to start up
[2016.08.18-21.09.34:703][  0]LogTemp:Warning: No World
[2016.08.18-21.09.34:803][  0]LogTemp:Warning: No World
[2016.08.18-21.09.34:857][  0]LogAIModule: Creating AISystem for world OverworldLevel
[2016.08.18-21.09.34:857][  0]LogWorld: Game class is 'BattleGameMode_BP_C'
[2016.08.18-21.09.34:859][  0]LogWorld: Bringing World /Temp/Autosaves/Game/Levels/UEDPCOverworldLevel.OverworldLevel up for play (max tick rate 0) at 2016.08.18-17.09.34
[2016.08.18-21.09.34:860][  0]LogWorld: Bringing up level for play took: 0.002026
[2016.08.18-21.09.34:861][  0]LogInit:Display: Game Engine Initialized.
[2016.08.18-21.09.35:083][  0]LogLoad: Full Startup: 6.19 seconds (BP compile: 0.37 seconds)
[2016.08.18-21.09.35:083][  0]LogExternalProfiler: Found external profiler: VSPerf
[2016.08.18-21.09.35:083][  0]LogExternalProfiler: Using external profiler: VSPerf
[2016.08.18-21.09.35:101][  0]LogWindowsTextInputMethodSystem:Display: IME system now deactivated.
[2016.08.18-21.09.35:101][  0]LogOcInput: OculusInput pre-init called
[2016.08.18-21.09.35:217][  2]LogRenderer: Reallocating scene render targets to support 1280x720 (Frame:2).
[2016.08.18-21.09.38:103][177]LogTemp:Warning: got player controller successfully
[2016.08.18-21.09.38:103][177]LogTemp:Warning: Entity #:0: Entity Name: Beck
[2016.08.18-21.09.38:103][177]LogTemp:Warning: Entity #:1: Entity Name: Sluagh
[2016.08.18-21.09.38:103][177]LogTemp:Warning: Entity #:2: Entity Name: Sluagh2
[2016.08.18-21.09.38:103][177]LogTemp:Warning: Entity #:3: Entity Name: Beck
[2016.08.18-21.09.38:103][177]LogTemp:Warning: Entity #:4: Entity Name: Sluagh
[2016.08.18-21.09.38:103][177]LogTemp:Warning: Entity #:5: Entity Name: Sluagh2
[2016.08.18-21.09.38:103][177]LogTemp:Warning: Entity #:6: Entity Name: Beck
[2016.08.18-21.09.38:262][187]LogTemp:Warning: Round: 6	Entity: Beck
[2016.08.18-21.09.38:262][187]LogTemp:Warning: Entity #:0: Entity Name: Beck
[2016.08.18-21.09.38:262][187]LogTemp:Warning: Entity #:1: Entity Name: Sluagh
[2016.08.18-21.09.38:262][187]LogTemp:Warning: Entity #:2: Entity Name: Sluagh2
[2016.08.18-21.09.38:262][187]LogTemp:Warning: Entity #:3: Entity Name: Beck
[2016.08.18-21.09.38:262][187]LogTemp:Warning: Entity #:4: Entity Name: Sluagh
[2016.08.18-21.09.38:262][187]LogTemp:Warning: Entity #:5: Entity Name: Sluagh2
[2016.08.18-21.09.38:262][187]LogTemp:Warning: Entity #:6: Entity Name: Beck
[2016.08.18-21.09.38:954][230]LogBlueprintUserMessages: [BattleGameMode_BP_C_0] Animation
[2016.08.18-21.09.38:954][230]LogTemp:Warning: Round: 6	Entity: Sluagh
[2016.08.18-21.09.38:954][230]LogTemp:Warning: Entity #:0: Entity Name: Sluagh
[2016.08.18-21.09.38:954][230]LogTemp:Warning: Entity #:1: Entity Name: Sluagh2
[2016.08.18-21.09.38:954][230]LogTemp:Warning: Entity #:2: Entity Name: Beck
[2016.08.18-21.09.38:954][230]LogTemp:Warning: Entity #:3: Entity Name: Sluagh
[2016.08.18-21.09.38:954][230]LogTemp:Warning: Entity #:4: Entity Name: Sluagh2
[2016.08.18-21.09.38:954][230]LogTemp:Warning: Entity #:5: Entity Name: Beck
[2016.08.18-21.09.38:954][230]LogTemp:Warning: Entity #:6: Entity Name: Sluagh
[2016.08.18-21.09.38:954][230]LogTemp:Warning: Sluagh Timer Active.
[2016.08.18-21.09.39:972][293]LogBlueprintUserMessages: [AttackBroadcaster_BP] Attack Time Set
[2016.08.18-21.09.39:972][293]LogPrimitiveComponent: Zero scaling not supported (/Temp/Autosaves/Game/Levels/UEDPCOverworldLevel.OverworldLevel:PersistentLevel.SoulTerminator_BP_C_0.RenderComponent)
[2016.08.18-21.09.39:972][293]LogBlueprintUserMessages: [OrbReticle_BP_C_0] 10.606602
[2016.08.18-21.09.39:987][294]LogBlueprintUserMessages: [OrbReticle_BP_C_0] 10.561031
[2016.08.18-21.09.40:003][295]LogBlueprintUserMessages: [OrbReticle_BP_C_0] 10.51556
[2016.08.18-21.09.40:019][296]LogBlueprintUserMessages: [OrbReticle_BP_C_0] 10.470189
[2016.08.18-21.09.40:036][297]LogBlueprintUserMessages: [OrbReticle_BP_C_0] 10.424921
[2016.08.18-21.09.40:052][298]LogBlueprintUserMessages: [OrbReticle_BP_C_0] 10.379756
[2016.08.18-21.09.40:068][299]LogBlueprintUserMessages: [OrbReticle_BP_C_0] 10.334695
[2016.08.18-21.09.40:084][300]LogBlueprintUserMessages: [OrbReticle_BP_C_0] 10.289741
[2016.08.18-21.09.40:100][301]LogBlueprintUserMessages: [OrbReticle_BP_C_0] 10.244894
[2016.08.18-21.09.40:116][302]LogBlueprintUserMessages: [OrbReticle_BP_C_0] 10.200155
[2016.08.18-21.09.40:132][303]LogBlueprintUserMessages: [OrbReticle_BP_C_0] 10.155528
[2016.08.18-21.09.40:148][304]LogBlueprintUserMessages: [OrbReticle_BP_C_0] 10.111012
[2016.08.18-21.09.40:165][305]LogBlueprintUserMessages: [OrbReticle_BP_C_0] 10.066608
[2016.08.18-21.09.40:181][306]LogBlueprintUserMessages: [OrbReticle_BP_C_0] 10.022321
[2016.08.18-21.09.40:197][307]LogBlueprintUserMessages: [OrbReticle_BP_C_0] 9.978149
[2016.08.18-21.09.40:213][308]LogBlueprintUserMessages: [OrbReticle_BP_C_0] 9.934095
[2016.08.18-21.09.40:229][309]LogBlueprintUserMessages: [OrbReticle_BP_C_0] 9.890161
[2016.08.18-21.09.40:245][310]LogBlueprintUserMessages: [OrbReticle_BP_C_0] 9.846347
[2016.08.18-21.09.40:262][311]LogBlueprintUserMessages: [OrbReticle_BP_C_0] 9.802656
[2016.08.18-21.09.40:278][312]LogBlueprintUserMessages: [OrbReticle_BP_C_0] 9.75909
[2016.08.18-21.09.40:294][313]LogBlueprintUserMessages: [OrbReticle_BP_C_0] 9.715649
[2016.08.18-21.09.40:310][314]LogBlueprintUserMessages: [OrbReticle_BP_C_0] 9.672337
[2016.08.18-21.09.40:326][315]LogBlueprintUserMessages: [OrbReticle_BP_C_0] 9.629152
[2016.08.18-21.09.40:342][316]LogBlueprintUserMessages: [OrbReticle_BP_C_0] 9.586068
[2016.08.18-21.09.40:358][317]LogBlueprintUserMessages: [OrbReticle_BP_C_0] 9.543149
[2016.08.18-21.09.40:375][318]LogBlueprintUserMessages: [OrbReticle_BP_C_0] 9.500363
[2016.08.18-21.09.40:390][319]LogBlueprintUserMessages: [OrbReticle_BP_C_0] 9.457715
[2016.08.18-21.09.40:406][320]LogBlueprintUserMessages: [OrbReticle_BP_C_0] 9.415206
[2016.08.18-21.09.40:423][321]LogBlueprintUserMessages: [OrbReticle_BP_C_0] 9.372837
[2016.08.18-21.09.40:439][322]LogBlueprintUserMessages: [OrbReticle_BP_C_0] 9.330609
[2016.08.18-21.09.40:455][323]LogBlueprintUserMessages: [OrbReticle_BP_C_0] 9.288526
[2016.08.18-21.09.40:471][324]LogBlueprintUserMessages: [OrbReticle_BP_C_0] 9.246588
[2016.08.18-21.09.40:487][325]LogBlueprintUserMessages: [OrbReticle_BP_C_0] 9.2048
[2016.08.18-21.09.40:503][326]LogBlueprintUserMessages: [OrbReticle_BP_C_0] 9.16316
[2016.08.18-21.09.40:520][327]LogBlueprintUserMessages: [OrbReticle_BP_C_0] 9.121673
[2016.08.18-21.09.40:536][328]LogBlueprintUserMessages: [OrbReticle_BP_C_0] 9.080341
[2016.08.18-21.09.40:552][329]LogBlueprintUserMessages: [OrbReticle_BP_C_0] 9.039165
[2016.08.18-21.09.40:568][330]LogBlueprintUserMessages: [OrbReticle_BP_C_0] 8.998147
[2016.08.18-21.09.40:584][331]LogBlueprintUserMessages: [OrbReticle_BP_C_0] 8.95729
[2016.08.18-21.09.40:600][332]LogBlueprintUserMessages: [OrbReticle_BP_C_0] 8.916596
[2016.08.18-21.09.40:616][333]LogBlueprintUserMessages: [OrbReticle_BP_C_0] 8.876066
[2016.08.18-21.09.40:632][334]LogBlueprintUserMessages: [OrbReticle_BP_C_0] 8.835705
[2016.08.18-21.09.40:648][335]LogBlueprintUserMessages: [OrbReticle_BP_C_0] 8.795513
[2016.08.18-21.09.40:665][336]LogBlueprintUserMessages: [OrbReticle_BP_C_0] 8.755493
[2016.08.18-21.09.40:681][337]LogBlueprintUserMessages: [OrbReticle_BP_C_0] 8.715453
[2016.08.18-21.09.40:697][338]LogBlueprintUserMessages: [OrbReticle_BP_C_0] 8.675786
[2016.08.18-21.09.40:713][339]LogBlueprintUserMessages: [OrbReticle_BP_C_0] 8.636298
[2016.08.18-21.09.40:729][340]LogBlueprintUserMessages: [OrbReticle_BP_C_0] 8.596992
[2016.08.18-21.09.40:744][341]LogBlueprintUserMessages: [OrbReticle_BP_C_0] 8.557869
[2016.08.18-21.09.40:761][342]LogBlueprintUserMessages: [OrbReticle_BP_C_0] 8.518933
[2016.08.18-21.09.40:778][343]LogBlueprintUserMessages: [OrbReticle_BP_C_0] 8.480187
[2016.08.18-21.09.40:794][344]LogBlueprintUserMessages: [OrbReticle_BP_C_0] 8.441632
[2016.08.18-21.09.40:810][345]LogBlueprintUserMessages: [OrbReticle_BP_C_0] 8.403236
[2016.08.18-21.09.40:826][346]LogBlueprintUserMessages: [OrbReticle_BP_C_0] 8.365074
[2016.08.18-21.09.40:842][347]LogBlueprintUserMessages: [OrbReticle_BP_C_0] 8.327112
[2016.08.18-21.09.40:858][348]LogBlueprintUserMessages: [OrbReticle_BP_C_0] 8.289352
[2016.08.18-21.09.40:874][349]LogBlueprintUserMessages: [OrbReticle_BP_C_0] 8.251799
[2016.08.18-21.09.40:890][350]LogBlueprintUserMessages: [OrbReticle_BP_C_0] 8.214453
[2016.08.18-21.09.40:907][351]LogBlueprintUserMessages: [OrbReticle_BP_C_0] 8.177319
[2016.08.18-21.09.40:923][352]LogBlueprintUserMessages: [OrbReticle_BP_C_0] 8.140398
[2016.08.18-21.09.40:939][353]LogBlueprintUserMessages: [OrbReticle_BP_C_0] 8.103695
[2016.08.18-21.09.40:955][354]LogBlueprintUserMessages: [OrbReticle_BP_C_0] 8.067212
[2016.08.18-21.09.40:971][355]LogBlueprintUserMessages: [OrbReticle_BP_C_0] 8.030951
[2016.08.18-21.09.40:987][356]LogBlueprintUserMessages: [OrbReticle_BP_C_0] 7.994916
[2016.08.18-21.09.41:003][357]LogBlueprintUserMessages: [OrbReticle_BP_C_0] 7.959111
[2016.08.18-21.09.41:019][358]LogBlueprintUserMessages: [OrbReticle_BP_C_0] 7.923538
[2016.08.18-21.09.41:036][359]LogBlueprintUserMessages: [OrbReticle_BP_C_0] 7.888199
[2016.08.18-21.09.41:052][360]LogBlueprintUserMessages: [OrbReticle_BP_C_0] 7.8531
[2016.08.18-21.09.41:068][361]LogBlueprintUserMessages: [OrbReticle_BP_C_0] 7.818242
[2016.08.18-21.09.41:084][362]LogBlueprintUserMessages: [OrbReticle_BP_C_0] 7.783629
[2016.08.18-21.09.41:100][363]LogBlueprintUserMessages: [OrbReticle_BP_C_0] 7.749264
[2016.08.18-21.09.41:116][364]LogBlueprintUserMessages: [OrbReticle_BP_C_0] 7.715151
[2016.08.18-21.09.41:133][365]LogBlueprintUserMessages: [OrbReticle_BP_C_0] 7.681293
[2016.08.18-21.09.41:148][366]LogBlueprintUserMessages: [OrbReticle_BP_C_0] 7.647693
[2016.08.18-21.09.41:165][367]LogBlueprintUserMessages: [OrbReticle_BP_C_0] 7.614355
[2016.08.18-21.09.41:182][368]LogBlueprintUserMessages: [OrbReticle_BP_C_0] 7.581282
[2016.08.18-21.09.41:197][369]LogBlueprintUserMessages: [OrbReticle_BP_C_0] 7.548478
[2016.08.18-21.09.41:214][370]LogBlueprintUserMessages: [OrbReticle_BP_C_0] 7.515945
[2016.08.18-21.09.41:231][371]LogBlueprintUserMessages: [OrbReticle_BP_C_0] 7.483689
[2016.08.18-21.09.41:246][372]LogBlueprintUserMessages: [OrbReticle_BP_C_0] 7.451713
[2016.08.18-21.09.41:263][373]LogBlueprintUserMessages: [OrbReticle_BP_C_0] 7.420018
[2016.08.18-21.09.41:279][374]LogBlueprintUserMessages: [OrbReticle_BP_C_0] 7.38861
[2016.08.18-21.09.41:296][375]LogBlueprintUserMessages: [OrbReticle_BP_C_0] 7.357493
[2016.08.18-21.09.41:312][376]LogBlueprintUserMessages: [OrbReticle_BP_C_0] 7.32667
[2016.08.18-21.09.41:327][377]LogBlueprintUserMessages: [OrbReticle_BP_C_0] 7.296144
[2016.08.18-21.09.41:343][378]LogBlueprintUserMessages: [OrbReticle_BP_C_0] 7.26592
[2016.08.18-21.09.41:359][379]LogBlueprintUserMessages: [OrbReticle_BP_C_0] 7.236001
[2016.08.18-21.09.41:375][380]LogBlueprintUserMessages: [OrbReticle_BP_C_0] 7.206391
[2016.08.18-21.09.41:391][381]LogBlueprintUserMessages: [OrbReticle_BP_C_0] 7.177094
[2016.08.18-21.09.41:407][382]LogBlueprintUserMessages: [OrbReticle_BP_C_0] 7.148113
[2016.08.18-21.09.41:424][383]LogBlueprintUserMessages: [OrbReticle_BP_C_0] 7.119452
[2016.08.18-21.09.41:440][384]LogBlueprintUserMessages: [OrbReticle_BP_C_0] 7.091117
[2016.08.18-21.09.41:456][385]LogBlueprintUserMessages: [OrbReticle_BP_C_0] 7.06311
[2016.08.18-21.09.41:472][386]LogBlueprintUserMessages: [OrbReticle_BP_C_0] 7.035434
[2016.08.18-21.09.41:488][387]LogBlueprintUserMessages: [OrbReticle_BP_C_0] 7.008096
[2016.08.18-21.09.41:505][388]LogBlueprintUserMessages: [OrbReticle_BP_C_0] 6.981097
[2016.08.18-21.09.41:521][389]LogBlueprintUserMessages: [OrbReticle_BP_C_0] 6.981097
[2016.08.18-21.09.41:537][390]LogBlueprintUserMessages: [OrbReticle_BP_C_0] 6.981097
[2016.08.18-21.09.41:553][391]LogBlueprintUserMessages: [OrbReticle_BP_C_0] 6.981097
[2016.08.18-21.09.41:569][392]LogBlueprintUserMessages: [OrbReticle_BP_C_0] 6.981097
[2016.08.18-21.09.41:584][393]LogBlueprintUserMessages: [OrbReticle_BP_C_0] 6.981097
[2016.08.18-21.09.41:601][394]LogBlueprintUserMessages: [OrbReticle_BP_C_0] 6.981097
[2016.08.18-21.09.41:617][395]LogBlueprintUserMessages: [OrbReticle_BP_C_0] 6.981097
[2016.08.18-21.09.41:633][396]LogBlueprintUserMessages: [OrbReticle_BP_C_0] 6.981097
[2016.08.18-21.09.41:650][397]LogBlueprintUserMessages: [OrbReticle_BP_C_0] 6.981097
[2016.08.18-21.09.41:666][398]LogBlueprintUserMessages: [OrbReticle_BP_C_0] 6.981097
[2016.08.18-21.09.41:682][399]LogBlueprintUserMessages: [OrbReticle_BP_C_0] 6.981097
[2016.08.18-21.09.41:698][400]LogBlueprintUserMessages: [OrbReticle_BP_C_0] 6.981097
[2016.08.18-21.09.41:715][401]LogBlueprintUserMessages: [OrbReticle_BP_C_0] 6.981097
[2016.08.18-21.09.41:731][402]LogBlueprintUserMessages: [OrbReticle_BP_C_0] 6.981097
[2016.08.18-21.09.41:746][403]LogBlueprintUserMessages: [OrbReticle_BP_C_0] 6.981097
[2016.08.18-21.09.41:763][404]LogBlueprintUserMessages: [OrbReticle_BP_C_0] 6.981097
[2016.08.18-21.09.41:779][405]LogBlueprintUserMessages: [OrbReticle_BP_C_0] 6.981097
[2016.08.18-21.09.41:796][406]LogBlueprintUserMessages: [OrbReticle_BP_C_0] 6.981097
[2016.08.18-21.09.41:812][407]LogBlueprintUserMessages: [OrbReticle_BP_C_0] 6.981097
[2016.08.18-21.09.41:827][408]LogBlueprintUserMessages: [OrbReticle_BP_C_0] 6.981097
[2016.08.18-21.09.41:843][409]LogBlueprintUserMessages: [OrbReticle_BP_C_0] 6.981097
[2016.08.18-21.09.41:859][410]LogBlueprintUserMessages: [OrbReticle_BP_C_0] 6.981097
[2016.08.18-21.09.41:877][411]LogBlueprintUserMessages: [OrbReticle_BP_C_0] 6.981097
[2016.08.18-21.09.41:891][412]LogBlueprintUserMessages: [OrbReticle_BP_C_0] 6.981097
[2016.08.18-21.09.41:909][413]LogBlueprintUserMessages: [OrbReticle_BP_C_0] 6.981097
[2016.08.18-21.09.41:925][414]LogBlueprintUserMessages: [OrbReticle_BP_C_0] 6.981097
[2016.08.18-21.09.41:941][415]LogBlueprintUserMessages: [OrbReticle_BP_C_0] 6.981097
[2016.08.18-21.09.41:955][416]LogBlueprintUserMessages: [OrbReticle_BP_C_0] 6.981097
[2016.08.18-21.09.41:971][417]LogBlueprintUserMessages: [OrbReticle_BP_C_0] 6.981097
[2016.08.18-21.09.41:989][418]LogBlueprintUserMessages: [OrbReticle_BP_C_0] 6.981097
[2016.08.18-21.09.42:005][419]LogBlueprintUserMessages: [OrbReticle_BP_C_0] 6.981097
[2016.08.18-21.09.42:023][420]LogBlueprintUserMessages: [OrbReticle_BP_C_0] 6.981097
[2016.08.18-21.09.42:037][421]LogBlueprintUserMessages: [OrbReticle_BP_C_0] 6.981097
[2016.08.18-21.09.42:053][422]LogBlueprintUserMessages: [OrbReticle_BP_C_0] 6.981097
[2016.08.18-21.09.42:069][423]LogBlueprintUserMessages: [OrbReticle_BP_C_0] 6.981097
[2016.08.18-21.09.42:084][424]LogBlueprintUserMessages: [OrbReticle_BP_C_0] 6.981097
[2016.08.18-21.09.42:101][425]LogBlueprintUserMessages: [OrbReticle_BP_C_0] 6.981097
[2016.08.18-21.09.42:116][426]LogBlueprintUserMessages: [OrbReticle_BP_C_0] 6.981097
[2016.08.18-21.09.42:136][427]LogBlueprintUserMessages: [OrbReticle_BP_C_0] 6.981097
[2016.08.18-21.09.42:149][428]LogBlueprintUserMessages: [OrbReticle_BP_C_0] 6.981097
[2016.08.18-21.09.42:166][429]LogBlueprintUserMessages: [OrbReticle_BP_C_0] 6.981097
[2016.08.18-21.09.42:182][430]LogBlueprintUserMessages: [OrbReticle_BP_C_0] 6.981097
[2016.08.18-21.09.42:198][431]LogBlueprintUserMessages: [OrbReticle_BP_C_0] 6.981097
[2016.08.18-21.09.42:214][432]LogBlueprintUserMessages: [OrbReticle_BP_C_0] 6.981097
[2016.08.18-21.09.42:231][433]LogBlueprintUserMessages: [OrbReticle_BP_C_0] 6.981097
[2016.08.18-21.09.42:247][434]LogBlueprintUserMessages: [OrbReticle_BP_C_0] 6.981097
[2016.08.18-21.09.42:263][435]LogBlueprintUserMessages: [OrbReticle_BP_C_0] 6.981097
[2016.08.18-21.09.42:279][436]LogBlueprintUserMessages: [OrbReticle_BP_C_0] 6.981097
[2016.08.18-21.09.42:296][437]LogBlueprintUserMessages: [OrbReticle_BP_C_0] 6.981097
[2016.08.18-21.09.42:312][438]LogBlueprintUserMessages: [OrbReticle_BP_C_0] 6.981097
[2016.08.18-21.09.42:327][439]LogBlueprintUserMessages: [OrbReticle_BP_C_0] 6.981097
[2016.08.18-21.09.42:343][440]LogBlueprintUserMessages: [OrbReticle_BP_C_0] 6.981097
[2016.08.18-21.09.42:359][441]LogBlueprintUserMessages: [OrbReticle_BP_C_0] 6.981097
[2016.08.18-21.09.42:375][442]LogBlueprintUserMessages: [OrbReticle_BP_C_0] 6.981097
[2016.08.18-21.09.42:392][443]LogBlueprintUserMessages: [OrbReticle_BP_C_0] 6.981097
[2016.08.18-21.09.42:406][444]LogBlueprintUserMessages: [OrbReticle_BP_C_0] 6.981097
[2016.08.18-21.09.42:424][445]LogBlueprintUserMessages: [OrbReticle_BP_C_0] 6.981097
[2016.08.18-21.09.42:440][446]LogBlueprintUserMessages: [OrbReticle_BP_C_0] 6.981097
[2016.08.18-21.09.42:456][447]LogBlueprintUserMessages: [OrbReticle_BP_C_0] 6.981097
[2016.08.18-21.09.42:472][448]LogBlueprintUserMessages: [OrbReticle_BP_C_0] 6.981097
[2016.08.18-21.09.42:488][449]LogBlueprintUserMessages: [OrbReticle_BP_C_0] 6.981097
[2016.08.18-21.09.42:505][450]LogBlueprintUserMessages: [OrbReticle_BP_C_0] 6.981097
[2016.08.18-21.09.42:520][451]LogBlueprintUserMessages: [OrbReticle_BP_C_0] 6.981097
[2016.08.18-21.09.42:537][452]LogBlueprintUserMessages: [OrbReticle_BP_C_0] 6.981097
[2016.08.18-21.09.42:553][453]LogBlueprintUserMessages: [OrbReticle_BP_C_0] 6.981097
[2016.08.18-21.09.42:570][454]LogBlueprintUserMessages: [OrbReticle_BP_C_0] 6.981097
[2016.08.18-21.09.42:584][455]LogBlueprintUserMessages: [OrbReticle_BP_C_0] 6.981097
[2016.08.18-21.09.42:600][456]LogBlueprintUserMessages: [OrbReticle_BP_C_0] 6.981097
[2016.08.18-21.09.42:616][457]LogBlueprintUserMessages: [OrbReticle_BP_C_0] 6.981097
[2016.08.18-21.09.42:632][458]LogBlueprintUserMessages: [OrbReticle_BP_C_0] 6.981097
[2016.08.18-21.09.42:648][459]LogBlueprintUserMessages: [OrbReticle_BP_C_0] 6.981097
[2016.08.18-21.09.42:664][460]LogBlueprintUserMessages: [OrbReticle_BP_C_0] 6.981097
[2016.08.18-21.09.42:683][461]LogBlueprintUserMessages: [OrbReticle_BP_C_0] 6.981097
[2016.08.18-21.09.42:697][462]LogBlueprintUserMessages: [OrbReticle_BP_C_0] 6.981097
[2016.08.18-21.09.42:715][463]LogBlueprintUserMessages: [OrbReticle_BP_C_0] 6.981097
[2016.08.18-21.09.42:730][464]LogBlueprintUserMessages: [OrbReticle_BP_C_0] 6.981097
[2016.08.18-21.09.42:747][465]LogBlueprintUserMessages: [OrbReticle_BP_C_0] 6.981097
[2016.08.18-21.09.42:762][466]LogBlueprintUserMessages: [OrbReticle_BP_C_0] 6.981097
[2016.08.18-21.09.42:779][467]LogBlueprintUserMessages: [OrbReticle_BP_C_0] 6.981097
[2016.08.18-21.09.42:797][468]LogBlueprintUserMessages: [OrbReticle_BP_C_0] 6.981097
[2016.08.18-21.09.42:813][469]LogBlueprintUserMessages: [OrbReticle_BP_C_0] 6.981097
[2016.08.18-21.09.42:830][470]LogBlueprintUserMessages: [OrbReticle_BP_C_0] 6.981097
[2016.08.18-21.09.42:843][471]LogBlueprintUserMessages: [OrbReticle_BP_C_0] 6.981097
[2016.08.18-21.09.42:860][472]LogBlueprintUserMessages: [OrbReticle_BP_C_0] 6.981097
[2016.08.18-21.09.42:876][473]LogBlueprintUserMessages: [OrbReticle_BP_C_0] 6.981097
[2016.08.18-21.09.42:894][474]LogBlueprintUserMessages: [OrbReticle_BP_C_0] 6.981097
[2016.08.18-21.09.42:909][475]LogBlueprintUserMessages: [OrbReticle_BP_C_0] 6.981097
[2016.08.18-21.09.42:925][476]LogBlueprintUserMessages: [OrbReticle_BP_C_0] 6.981097
[2016.08.18-21.09.42:941][477]LogBlueprintUserMessages: [OrbReticle_BP_C_0] 6.981097
[2016.08.18-21.09.42:958][478]LogBlueprintUserMessages: [OrbReticle_BP_C_0] 6.981097
[2016.08.18-21.09.42:974][479]LogBlueprintUserMessages: [OrbReticle_BP_C_0] 6.981097
[2016.08.18-21.09.42:987][480]LogBlueprintUserMessages: [OrbReticle_BP_C_0] 6.981097
[2016.08.18-21.09.43:006][481]LogBlueprintUserMessages: [OrbReticle_BP_C_0] 6.981097
[2016.08.18-21.09.43:021][482]LogBlueprintUserMessages: [OrbReticle_BP_C_0] 6.981097
[2016.08.18-21.09.43:038][483]LogBlueprintUserMessages: [OrbReticle_BP_C_0] 6.981097
[2016.08.18-21.09.43:052][484]LogBlueprintUserMessages: [OrbReticle_BP_C_0] 6.981097
[2016.08.18-21.09.43:069][485]LogBlueprintUserMessages: [OrbReticle_BP_C_0] 6.981097
[2016.08.18-21.09.43:085][486]LogBlueprintUserMessages: [OrbReticle_BP_C_0] 6.981097
[2016.08.18-21.09.43:100][487]LogBlueprintUserMessages: [OrbReticle_BP_C_0] 6.981097
[2016.08.18-21.09.43:116][488]LogBlueprintUserMessages: [OrbReticle_BP_C_0] 6.981097
[2016.08.18-21.09.43:132][489]LogBlueprintUserMessages: [OrbReticle_BP_C_0] 6.981097
[2016.08.18-21.09.43:150][490]LogBlueprintUserMessages: [OrbReticle_BP_C_0] 6.981097
[2016.08.18-21.09.43:165][491]LogBlueprintUserMessages: [OrbReticle_BP_C_0] 6.981097
[2016.08.18-21.09.43:181][492]LogBlueprintUserMessages: [OrbReticle_BP_C_0] 6.981097
[2016.08.18-21.09.43:198][493]LogBlueprintUserMessages: [OrbReticle_BP_C_0] 6.981097
[2016.08.18-21.09.43:214][494]LogBlueprintUserMessages: [OrbReticle_BP_C_0] 6.981097
[2016.08.18-21.09.43:231][495]LogBlueprintUserMessages: [OrbReticle_BP_C_0] 6.981097
[2016.08.18-21.09.43:247][496]LogBlueprintUserMessages: [OrbReticle_BP_C_0] 6.981097
[2016.08.18-21.09.43:262][497]LogBlueprintUserMessages: [OrbReticle_BP_C_0] 6.981097
[2016.08.18-21.09.43:279][498]LogBlueprintUserMessages: [OrbReticle_BP_C_0] 6.981097
[2016.08.18-21.09.43:295][499]LogBlueprintUserMessages: [OrbReticle_BP_C_0] 6.981097
[2016.08.18-21.09.43:312][500]LogBlueprintUserMessages: [OrbReticle_BP_C_0] 6.981097
[2016.08.18-21.09.43:327][501]LogBlueprintUserMessages: [OrbReticle_BP_C_0] 6.981097
[2016.08.18-21.09.43:342][502]LogBlueprintUserMessages: [OrbReticle_BP_C_0] 6.981097
[2016.08.18-21.09.43:358][503]LogBlueprintUserMessages: [OrbReticle_BP_C_0] 6.981097
[2016.08.18-21.09.43:374][504]LogBlueprintUserMessages: [OrbReticle_BP_C_0] 6.981097
[2016.08.18-21.09.43:393][505]LogBlueprintUserMessages: [OrbReticle_BP_C_0] 6.981097
[2016.08.18-21.09.43:407][506]LogBlueprintUserMessages: [OrbReticle_BP_C_0] 6.981097
[2016.08.18-21.09.43:423][507]LogBlueprintUserMessages: [OrbReticle_BP_C_0] 6.981097
[2016.08.18-21.09.43:439][508]LogBlueprintUserMessages: [OrbReticle_BP_C_0] 6.981097
[2016.08.18-21.09.43:454][509]LogBlueprintUserMessages: [OrbReticle_BP_C_0] 6.981097
[2016.08.18-21.09.43:471][510]LogBlueprintUserMessages: [OrbReticle_BP_C_0] 6.981097
[2016.08.18-21.09.43:489][511]LogBlueprintUserMessages: [OrbReticle_BP_C_0] 6.981097
[2016.08.18-21.09.43:503][512]LogBlueprintUserMessages: [OrbReticle_BP_C_0] 6.981097
[2016.08.18-21.09.43:520][513]LogBlueprintUserMessages: [OrbReticle_BP_C_0] 6.981097
[2016.08.18-21.09.43:536][514]LogBlueprintUserMessages: [OrbReticle_BP_C_0] 6.981097
[2016.08.18-21.09.43:552][515]LogBlueprintUserMessages: [OrbReticle_BP_C_0] 6.981097
[2016.08.18-21.09.43:568][516]LogBlueprintUserMessages: [OrbReticle_BP_C_0] 6.981097
[2016.08.18-21.09.43:584][517]LogBlueprintUserMessages: [OrbReticle_BP_C_0] 6.981097
[2016.08.18-21.09.43:600][518]LogBlueprintUserMessages: [OrbReticle_BP_C_0] 6.981097
[2016.08.18-21.09.43:618][519]LogBlueprintUserMessages: [OrbReticle_BP_C_0] 6.981097
[2016.08.18-21.09.43:634][520]LogBlueprintUserMessages: [OrbReticle_BP_C_0] 6.981097
[2016.08.18-21.09.43:650][521]LogBlueprintUserMessages: [OrbReticle_BP_C_0] 6.981097
[2016.08.18-21.09.43:666][522]LogBlueprintUserMessages: [OrbReticle_BP_C_0] 6.981097
[2016.08.18-21.09.43:683][523]LogBlueprintUserMessages: [OrbReticle_BP_C_0] 6.981097
[2016.08.18-21.09.43:698][524]LogBlueprintUserMessages: [OrbReticle_BP_C_0] 6.981097
[2016.08.18-21.09.43:715][525]LogBlueprintUserMessages: [OrbReticle_BP_C_0] 6.981097
[2016.08.18-21.09.43:730][526]LogBlueprintUserMessages: [OrbReticle_BP_C_0] 6.981097
[2016.08.18-21.09.43:745][527]LogBlueprintUserMessages: [OrbReticle_BP_C_0] 6.981097
[2016.08.18-21.09.43:764][528]LogBlueprintUserMessages: [OrbReticle_BP_C_0] 6.981097
[2016.08.18-21.09.43:778][529]LogBlueprintUserMessages: [OrbReticle_BP_C_0] 6.981097
[2016.08.18-21.09.43:794][530]LogBlueprintUserMessages: [OrbReticle_BP_C_0] 6.981097
[2016.08.18-21.09.43:810][531]LogBlueprintUserMessages: [OrbReticle_BP_C_0] 6.981097
[2016.08.18-21.09.43:826][532]LogBlueprintUserMessages: [OrbReticle_BP_C_0] 6.981097
[2016.08.18-21.09.43:842][533]LogBlueprintUserMessages: [OrbReticle_BP_C_0] 6.981097
[2016.08.18-21.09.43:859][534]LogBlueprintUserMessages: [OrbReticle_BP_C_0] 6.981097
[2016.08.18-21.09.43:875][535]LogBlueprintUserMessages: [OrbReticle_BP_C_0] 6.981097
[2016.08.18-21.09.43:891][536]LogBlueprintUserMessages: [OrbReticle_BP_C_0] 6.981097
[2016.08.18-21.09.43:907][537]LogBlueprintUserMessages: [OrbReticle_BP_C_0] 6.981097
[2016.08.18-21.09.43:925][538]LogBlueprintUserMessages: [OrbReticle_BP_C_0] 6.981097
[2016.08.18-21.09.43:941][539]LogBlueprintUserMessages: [OrbReticle_BP_C_0] 6.981097
[2016.08.18-21.09.43:957][540]LogBlueprintUserMessages: [OrbReticle_BP_C_0] 6.981097
[2016.08.18-21.09.43:974][541]LogBlueprintUserMessages: [OrbReticle_BP_C_0] 6.981097
[2016.08.18-21.09.43:990][542]LogBlueprintUserMessages: [OrbReticle_BP_C_0] 6.981097
[2016.08.18-21.09.44:005][543]LogBlueprintUserMessages: [OrbReticle_BP_C_0] 6.981097
[2016.08.18-21.09.44:021][544]LogBlueprintUserMessages: [OrbReticle_BP_C_0] 6.981097
[2016.08.18-21.09.44:037][545]LogBlueprintUserMessages: [OrbReticle_BP_C_0] 6.981097
[2016.08.18-21.09.44:053][546]LogBlueprintUserMessages: [OrbReticle_BP_C_0] 6.981097
[2016.08.18-21.09.44:068][547]LogBlueprintUserMessages: [OrbReticle_BP_C_0] 6.981097
[2016.08.18-21.09.44:086][548]LogBlueprintUserMessages: [OrbReticle_BP_C_0] 6.981097
[2016.08.18-21.09.44:101][549]LogBlueprintUserMessages: [OrbReticle_BP_C_0] 6.981097
[2016.08.18-21.09.44:117][550]LogBlueprintUserMessages: [OrbReticle_BP_C_0] 6.981097
[2016.08.18-21.09.44:134][551]LogBlueprintUserMessages: [OrbReticle_BP_C_0] 6.981097
[2016.08.18-21.09.44:149][552]LogBlueprintUserMessages: [OrbReticle_BP_C_0] 6.981097
[2016.08.18-21.09.44:166][553]LogBlueprintUserMessages: [OrbReticle_BP_C_0] 6.981097
[2016.08.18-21.09.44:181][554]LogBlueprintUserMessages: [OrbReticle_BP_C_0] 6.981097
[2016.08.18-21.09.44:197][555]LogBlueprintUserMessages: [OrbReticle_BP_C_0] 6.981097
[2016.08.18-21.09.44:215][556]LogBlueprintUserMessages: [OrbReticle_BP_C_0] 6.981097
[2016.08.18-21.09.44:230][557]LogBlueprintUserMessages: [OrbReticle_BP_C_0] 6.981097
[2016.08.18-21.09.44:247][558]LogBlueprintUserMessages: [OrbReticle_BP_C_0] 6.981097
[2016.08.18-21.09.44:263][559]LogBlueprintUserMessages: [OrbReticle_BP_C_0] 6.981097
[2016.08.18-21.09.44:279][560]LogBlueprintUserMessages: [OrbReticle_BP_C_0] 6.981097
[2016.08.18-21.09.44:295][561]LogBlueprintUserMessages: [OrbReticle_BP_C_0] 6.981097
[2016.08.18-21.09.44:312][562]LogBlueprintUserMessages: [OrbReticle_BP_C_0] 6.981097
[2016.08.18-21.09.44:328][563]LogBlueprintUserMessages: [OrbReticle_BP_C_0] 6.981097
[2016.08.18-21.09.44:343][564]LogBlueprintUserMessages: [OrbReticle_BP_C_0] 6.981097
[2016.08.18-21.09.44:359][565]LogBlueprintUserMessages: [OrbReticle_BP_C_0] 6.981097
[2016.08.18-21.09.44:378][566]LogBlueprintUserMessages: [OrbReticle_BP_C_0] 6.981097
[2016.08.18-21.09.44:391][567]LogBlueprintUserMessages: [OrbReticle_BP_C_0] 6.981097
[2016.08.18-21.09.44:407][568]LogBlueprintUserMessages: [OrbReticle_BP_C_0] 6.981097
[2016.08.18-21.09.44:423][569]LogBlueprintUserMessages: [OrbReticle_BP_C_0] 6.981097
[2016.08.18-21.09.44:440][570]LogBlueprintUserMessages: [OrbReticle_BP_C_0] 6.981097
[2016.08.18-21.09.44:456][571]LogBlueprintUserMessages: [OrbReticle_BP_C_0] 6.981097
[2016.08.18-21.09.44:475][572]LogBlueprintUserMessages: [OrbReticle_BP_C_0] 6.981097
[2016.08.18-21.09.44:488][573]LogBlueprintUserMessages: [OrbReticle_BP_C_0] 6.981097
[2016.08.18-21.09.44:505][574]LogBlueprintUserMessages: [OrbReticle_BP_C_0] 6.981097
[2016.08.18-21.09.44:521][575]LogBlueprintUserMessages: [OrbReticle_BP_C_0] 6.981097
[2016.08.18-21.09.44:537][576]LogBlueprintUserMessages: [OrbReticle_BP_C_0] 6.981097
[2016.08.18-21.09.44:553][577]LogBlueprintUserMessages: [OrbReticle_BP_C_0] 6.981097
[2016.08.18-21.09.44:569][578]LogBlueprintUserMessages: [OrbReticle_BP_C_0] 6.981097
[2016.08.18-21.09.44:586][579]LogBlueprintUserMessages: [OrbReticle_BP_C_0] 6.981097
[2016.08.18-21.09.44:603][580]LogBlueprintUserMessages: [OrbReticle_BP_C_0] 6.981097
[2016.08.18-21.09.44:617][581]LogBlueprintUserMessages: [OrbReticle_BP_C_0] 6.981097
[2016.08.18-21.09.44:633][582]LogBlueprintUserMessages: [OrbReticle_BP_C_0] 6.981097
[2016.08.18-21.09.44:649][583]LogBlueprintUserMessages: [OrbReticle_BP_C_0] 6.981097
[2016.08.18-21.09.44:665][584]LogBlueprintUserMessages: [OrbReticle_BP_C_0] 6.981097
[2016.08.18-21.09.44:681][585]LogBlueprintUserMessages: [OrbReticle_BP_C_0] 6.981097
[2016.08.18-21.09.44:698][586]LogBlueprintUserMessages: [OrbReticle_BP_C_0] 6.981097
[2016.08.18-21.09.44:713][587]LogBlueprintUserMessages: [OrbReticle_BP_C_0] 6.981097
[2016.08.18-21.09.44:729][588]LogBlueprintUserMessages: [OrbReticle_BP_C_0] 6.981097
[2016.08.18-21.09.44:745][589]LogBlueprintUserMessages: [OrbReticle_BP_C_0] 6.981097
[2016.08.18-21.09.44:762][590]LogBlueprintUserMessages: [OrbReticle_BP_C_0] 6.981097
[2016.08.18-21.09.44:779][591]LogBlueprintUserMessages: [OrbReticle_BP_C_0] 6.981097
[2016.08.18-21.09.44:797][592]LogBlueprintUserMessages: [OrbReticle_BP_C_0] 6.981097
[2016.08.18-21.09.44:814][593]LogBlueprintUserMessages: [OrbReticle_BP_C_0] 6.981097
[2016.08.18-21.09.44:830][594]LogBlueprintUserMessages: [OrbReticle_BP_C_0] 6.981097
[2016.08.18-21.09.44:847][595]LogBlueprintUserMessages: [OrbReticle_BP_C_0] 6.981097
[2016.08.18-21.09.44:863][596]LogBlueprintUserMessages: [OrbReticle_BP_C_0] 6.981097
[2016.08.18-21.09.44:877][597]LogBlueprintUserMessages: [OrbReticle_BP_C_0] 6.981097
[2016.08.18-21.09.44:893][598]LogBlueprintUserMessages: [OrbReticle_BP_C_0] 6.981097
[2016.08.18-21.09.44:909][599]LogBlueprintUserMessages: [OrbReticle_BP_C_0] 6.981097
[2016.08.18-21.09.44:925][600]LogBlueprintUserMessages: [OrbReticle_BP_C_0] 6.981097
[2016.08.18-21.09.44:941][601]LogBlueprintUserMessages: [OrbReticle_BP_C_0] 6.981097
[2016.08.18-21.09.44:957][602]LogBlueprintUserMessages: [OrbReticle_BP_C_0] 6.981097
[2016.08.18-21.09.44:973][603]LogBlueprintUserMessages: [OrbReticle_BP_C_0] 6.981097
[2016.08.18-21.09.44:989][604]LogBlueprintUserMessages: [OrbReticle_BP_C_0] 6.981097
[2016.08.18-21.09.45:005][605]LogBlueprintUserMessages: [OrbReticle_BP_C_0] 6.981097
[2016.08.18-21.09.45:021][606]LogBlueprintUserMessages: [OrbReticle_BP_C_0] 6.981097
[2016.08.18-21.09.45:039][607]LogBlueprintUserMessages: [OrbReticle_BP_C_0] 6.981097
[2016.08.18-21.09.45:053][608]LogBlueprintUserMessages: [OrbReticle_BP_C_0] 6.981097
[2016.08.18-21.09.45:069][609]LogBlueprintUserMessages: [OrbReticle_BP_C_0] 6.981097
[2016.08.18-21.09.45:085][610]LogBlueprintUserMessages: [OrbReticle_BP_C_0] 6.981097
[2016.08.18-21.09.45:102][611]LogBlueprintUserMessages: [OrbReticle_BP_C_0] 6.981097
[2016.08.18-21.09.45:118][612]LogBlueprintUserMessages: [OrbReticle_BP_C_0] 6.981097
[2016.08.18-21.09.45:135][613]LogBlueprintUserMessages: [OrbReticle_BP_C_0] 6.981097
[2016.08.18-21.09.45:153][614]LogBlueprintUserMessages: [OrbReticle_BP_C_0] 6.981097
[2016.08.18-21.09.45:166][615]LogBlueprintUserMessages: [OrbReticle_BP_C_0] 6.981097
[2016.08.18-21.09.45:182][616]LogBlueprintUserMessages: [OrbReticle_BP_C_0] 6.981097
[2016.08.18-21.09.45:199][617]LogBlueprintUserMessages: [OrbReticle_BP_C_0] 6.981097
[2016.08.18-21.09.45:215][618]LogBlueprintUserMessages: [OrbReticle_BP_C_0] 6.981097
[2016.08.18-21.09.45:231][619]LogBlueprintUserMessages: [OrbReticle_BP_C_0] 6.981097
[2016.08.18-21.09.45:247][620]LogBlueprintUserMessages: [OrbReticle_BP_C_0] 6.981097
[2016.08.18-21.09.45:264][621]LogBlueprintUserMessages: [OrbReticle_BP_C_0] 6.981097
[2016.08.18-21.09.45:280][622]LogBlueprintUserMessages: [OrbReticle_BP_C_0] 6.981097
[2016.08.18-21.09.45:296][623]LogBlueprintUserMessages: [OrbReticle_BP_C_0] 6.981097
[2016.08.18-21.09.45:312][624]LogBlueprintUserMessages: [OrbReticle_BP_C_0] 6.981097
[2016.08.18-21.09.45:329][625]LogBlueprintUserMessages: [OrbReticle_BP_C_0] 6.981097
[2016.08.18-21.09.45:344][626]LogBlueprintUserMessages: [OrbReticle_BP_C_0] 6.981097
[2016.08.18-21.09.45:360][627]LogBlueprintUserMessages: [OrbReticle_BP_C_0] 6.981097
[2016.08.18-21.09.45:380][628]LogBlueprintUserMessages: [OrbReticle_BP_C_0] 6.981097
[2016.08.18-21.09.45:391][629]LogBlueprintUserMessages: [OrbReticle_BP_C_0] 6.981097
[2016.08.18-21.09.45:408][630]LogBlueprintUserMessages: [OrbReticle_BP_C_0] 6.981097
[2016.08.18-21.09.45:424][631]LogBlueprintUserMessages: [OrbReticle_BP_C_0] 6.981097
[2016.08.18-21.09.45:440][632]LogBlueprintUserMessages: [OrbReticle_BP_C_0] 6.981097
[2016.08.18-21.09.45:456][633]LogBlueprintUserMessages: [OrbReticle_BP_C_0] 6.981097
[2016.08.18-21.09.45:472][634]LogBlueprintUserMessages: [OrbReticle_BP_C_0] 6.981097
[2016.08.18-21.09.45:490][635]LogBlueprintUserMessages: [OrbReticle_BP_C_0] 6.981097
[2016.08.18-21.09.45:505][636]LogBlueprintUserMessages: [OrbReticle_BP_C_0] 6.981097
[2016.08.18-21.09.45:522][637]LogBlueprintUserMessages: [OrbReticle_BP_C_0] 6.981097
[2016.08.18-21.09.45:538][638]LogBlueprintUserMessages: [OrbReticle_BP_C_0] 6.981097
[2016.08.18-21.09.45:554][639]LogBlueprintUserMessages: [OrbReticle_BP_C_0] 6.981097
[2016.08.18-21.09.45:570][640]LogBlueprintUserMessages: [OrbReticle_BP_C_0] 6.981097
[2016.08.18-21.09.45:587][641]LogBlueprintUserMessages: [OrbReticle_BP_C_0] 6.981097
[2016.08.18-21.09.45:603][642]LogBlueprintUserMessages: [OrbReticle_BP_C_0] 6.981097
[2016.08.18-21.09.45:617][643]LogBlueprintUserMessages: [OrbReticle_BP_C_0] 6.981097
[2016.08.18-21.09.45:634][644]LogBlueprintUserMessages: [OrbReticle_BP_C_0] 6.981097
[2016.08.18-21.09.45:650][645]LogBlueprintUserMessages: [OrbReticle_BP_C_0] 6.981097
[2016.08.18-21.09.45:667][646]LogBlueprintUserMessages: [OrbReticle_BP_C_0] 6.981097
[2016.08.18-21.09.45:683][647]LogBlueprintUserMessages: [OrbReticle_BP_C_0] 6.981097
[2016.08.18-21.09.45:699][648]LogBlueprintUserMessages: [OrbReticle_BP_C_0] 6.981097
[2016.08.18-21.09.45:717][649]LogBlueprintUserMessages: [OrbReticle_BP_C_0] 6.981097
[2016.08.18-21.09.45:733][650]LogBlueprintUserMessages: [OrbReticle_BP_C_0] 6.981097
[2016.08.18-21.09.45:749][651]LogBlueprintUserMessages: [OrbReticle_BP_C_0] 6.981097
[2016.08.18-21.09.45:765][652]LogBlueprintUserMessages: [OrbReticle_BP_C_0] 6.981097
[2016.08.18-21.09.45:781][653]LogBlueprintUserMessages: [OrbReticle_BP_C_0] 6.981097
[2016.08.18-21.09.45:797][654]LogBlueprintUserMessages: [OrbReticle_BP_C_0] 6.981097
[2016.08.18-21.09.45:813][655]LogBlueprintUserMessages: [OrbReticle_BP_C_0] 6.981097
[2016.08.18-21.09.45:830][656]LogBlueprintUserMessages: [OrbReticle_BP_C_0] 6.981097
[2016.08.18-21.09.45:846][657]LogBlueprintUserMessages: [OrbReticle_BP_C_0] 6.981097
[2016.08.18-21.09.45:863][658]LogBlueprintUserMessages: [OrbReticle_BP_C_0] 6.981097
[2016.08.18-21.09.45:877][659]LogBlueprintUserMessages: [OrbReticle_BP_C_0] 6.981097
[2016.08.18-21.09.45:893][660]LogBlueprintUserMessages: [OrbReticle_BP_C_0] 6.981097
[2016.08.18-21.09.45:909][661]LogBlueprintUserMessages: [OrbReticle_BP_C_0] 6.981097
[2016.08.18-21.09.45:924][662]LogBlueprintUserMessages: [OrbReticle_BP_C_0] 6.981097
[2016.08.18-21.09.45:942][663]LogBlueprintUserMessages: [OrbReticle_BP_C_0] 6.981097
[2016.08.18-21.09.45:957][664]LogBlueprintUserMessages: [OrbReticle_BP_C_0] 6.981097
[2016.08.18-21.09.46:004][667]LogBlueprintUserMessages: [BattleGameMode_BP_C_0] Animation
[2016.08.18-21.09.46:005][667]LogTemp:Warning: Round: 6	Entity: Sluagh2
[2016.08.18-21.09.46:005][667]LogTemp:Warning: Entity #:0: Entity Name: Sluagh2
[2016.08.18-21.09.46:005][667]LogTemp:Warning: Entity #:1: Entity Name: Beck
[2016.08.18-21.09.46:005][667]LogTemp:Warning: Entity #:2: Entity Name: Sluagh
[2016.08.18-21.09.46:005][667]LogTemp:Warning: Entity #:3: Entity Name: Sluagh2
[2016.08.18-21.09.46:005][667]LogTemp:Warning: Entity #:4: Entity Name: Beck
[2016.08.18-21.09.46:005][667]LogTemp:Warning: Entity #:5: Entity Name: Sluagh
[2016.08.18-21.09.46:005][667]LogTemp:Warning: Entity #:6: Entity Name: Sluagh2
[2016.08.18-21.09.46:005][667]LogTemp:Warning: Sluagh Timer Active.
[2016.08.18-21.09.46:784][708]LogWindowsTextInputMethodSystem:Display: IME system now deactivated.
[2016.08.18-21.09.46:798][708]LogEngine: All Windows Closed
[2016.08.18-21.09.46:798][708]LogWindows: FPlatformMisc::RequestExit(0)
[2016.08.18-21.09.47:522][709]LogExit: Preparing to exit.
[2016.08.18-21.09.48:323][709]LogExit: Game engine shut down
[2016.08.18-21.09.48:435][709]LogObj: Freed 0b from 0 cluster array pools.
[2016.08.18-21.09.48:435][709]LogExit: Object subsystem successfully closed.
[2016.08.18-21.09.48:457][709]LogD3D11RHI: Shutdown
[2016.08.18-21.09.48:457][709]LogD3D11RHI: CleanupD3DDevice
[2016.08.18-21.09.48:521][709]LogD3D11RHI: ~FD3D11DynamicRHI
[2016.08.18-21.09.48:649][709]LogDerivedDataCache: Shutdown
[2016.08.18-21.09.48:649][709]LogModuleManager: Shutting down and abandoning module AndroidDeviceDetection (126)
[2016.08.18-21.09.49:109][709]LogModuleManager: Shutting down and abandoning module AutomationController (125)
[2016.08.18-21.09.49:109][709]LogModuleManager: Shutting down and abandoning module AutomationWorker (124)
[2016.08.18-21.09.49:109][709]LogModuleManager: Shutting down and abandoning module CharacterAI (123)
[2016.08.18-21.09.49:109][709]LogModuleManager: Shutting down and abandoning module AITestSuite (122)
[2016.08.18-21.09.49:109][709]LogModuleManager: Shutting down and abandoning module GameplayDebugger (121)
[2016.08.18-21.09.49:109][709]LogModuleManager: Shutting down and abandoning module AIModule (120)
[2016.08.18-21.09.49:109][709]LogModuleManager: Shutting down and abandoning module AssetRegistry (119)
[2016.08.18-21.09.49:109][709]LogModuleManager: Shutting down and abandoning module MovieSceneCapture (118)
[2016.08.18-21.09.49:109][709]LogModuleManager: Shutting down and abandoning module StreamingPauseRendering (117)
[2016.08.18-21.09.49:109][709]LogModuleManager: Shutting down and abandoning module PortalServices (116)
[2016.08.18-21.09.49:109][709]LogModuleManager: Shutting down and abandoning module PortalRpc (115)
[2016.08.18-21.09.49:109][709]LogModuleManager: Shutting down and abandoning module MessagingRpc (114)
[2016.08.18-21.09.49:109][709]LogModuleManager: Shutting down and abandoning module ProfilerService (113)
[2016.08.18-21.09.49:234][709]LogModuleManager: Shutting down and abandoning module TaskGraph (112)
[2016.08.18-21.09.49:234][709]LogModuleManager: Shutting down and abandoning module SlateRemote (111)
[2016.08.18-21.09.49:234][709]LogModuleManager: Shutting down and abandoning module SteamVRController (110)
[2016.08.18-21.09.49:234][709]LogModuleManager: Shutting down and abandoning module SteamVR (109)
[2016.08.18-21.09.49:234][709]LogModuleManager: Shutting down and abandoning module ProceduralMeshComponent (108)
[2016.08.18-21.09.49:234][709]LogModuleManager: Shutting down and abandoning module OculusLibrary (107)
[2016.08.18-21.09.49:234][709]LogModuleManager: Shutting down and abandoning module OculusInput (106)
[2016.08.18-21.09.49:234][709]LogModuleManager: Shutting down and abandoning module CustomMeshComponent (105)
[2016.08.18-21.09.49:234][709]LogModuleManager: Shutting down and abandoning module CableComponent (104)
[2016.08.18-21.09.49:234][709]LogModuleManager: Shutting down and abandoning module ArchVisCharacter (103)
[2016.08.18-21.09.49:234][709]LogModuleManager: Shutting down and abandoning module HTML5Networking (102)
[2016.08.18-21.09.49:234][709]LogModuleManager: Shutting down and abandoning module DesktopPlatform (101)
[2016.08.18-21.09.49:234][709]LogModuleManager: Shutting down and abandoning module DirectoryWatcher (100)
[2016.08.18-21.09.49:234][709]LogModuleManager: Shutting down and abandoning module HotReload (99)
[2016.08.18-21.09.49:234][709]LogModuleManager: Shutting down and abandoning module VisualStudioSourceCodeAccess (98)
[2016.08.18-21.09.49:234][709]LogModuleManager: Shutting down and abandoning module UObjectPlugin (97)
[2016.08.18-21.09.49:234][709]LogModuleManager: Shutting down and abandoning module SubversionSourceControl (96)
[2016.08.18-21.09.49:234][709]LogModuleManager: Shutting down and abandoning module SourceControl (95)
[2016.08.18-21.09.49:234][709]LogModuleManager: Shutting down and abandoning module PerforceSourceControl (94)
[2016.08.18-21.09.49:234][709]LogModuleManager: Shutting down and abandoning module ProjectOne (93)
[2016.08.18-21.09.49:234][709]LogModuleManager: Shutting down and abandoning module UdpMessaging (92)
[2016.08.18-21.09.49:335][709]LogModuleManager: Shutting down and abandoning module LightPropagationVolumeRuntime (91)
[2016.08.18-21.09.49:335][709]LogModuleManager: Shutting down and abandoning module Paper2D (90)
[2016.08.18-21.09.49:335][709]LogModuleManager: Shutting down and abandoning module WindowsMoviePlayer (89)
[2016.08.18-21.09.49:335][709]LogModuleManager: Shutting down and abandoning module Media (88)
[2016.08.18-21.09.49:335][709]LogModuleManager: Shutting down and abandoning module WmfMedia (87)
[2016.08.18-21.09.49:335][709]LogModuleManager: Shutting down and abandoning module MediaAssets (86)
[2016.08.18-21.09.49:335][709]LogModuleManager: Shutting down and abandoning module GameLiveStreaming (85)
[2016.08.18-21.09.49:335][709]LogModuleManager: Shutting down and abandoning module GameplayTagsEditor (84)
[2016.08.18-21.09.49:335][709]LogModuleManager: Shutting down and abandoning module OnlineBlueprintSupport (83)
[2016.08.18-21.09.49:335][709]LogModuleManager: Shutting down and abandoning module GameplayTasksEditor (82)
[2016.08.18-21.09.49:335][709]LogModuleManager: Shutting down and abandoning module PropertyEditor (81)
[2016.08.18-21.09.49:335][709]LogModuleManager: Shutting down and abandoning module BehaviorTreeEditor (80)
[2016.08.18-21.09.49:335][709]LogModuleManager: Shutting down and abandoning module FunctionalTesting (79)
[2016.08.18-21.09.49:335][709]LogModuleManager: Shutting down and abandoning module CollisionAnalyzer (78)
[2016.08.18-21.09.49:335][709]LogModuleManager: Shutting down and abandoning module WorkspaceMenuStructure (77)
[2016.08.18-21.09.49:335][709]LogModuleManager: Shutting down and abandoning module MessageLog (76)
[2016.08.18-21.09.49:335][709]LogModuleManager: Shutting down and abandoning module Sequencer (75)
[2016.08.18-21.09.49:335][709]LogModuleManager: Shutting down and abandoning module AssetTools (74)
[2016.08.18-21.09.49:335][709]LogModuleManager: Shutting down and abandoning module UMGEditor (73)
[2016.08.18-21.09.49:335][709]LogModuleManager: Shutting down and abandoning module UMG (72)
[2016.08.18-21.09.49:335][709]LogModuleManager: Shutting down and abandoning module SlateReflector (71)
[2016.08.18-21.09.49:335][709]LogModuleManager: Shutting down and abandoning module Slate (70)
[2016.08.18-21.09.49:335][709]LogModuleManager: Shutting down and abandoning module EditorStyle (69)
[2016.08.18-21.09.49:337][709]LogModuleManager: Shutting down and abandoning module SessionServices (68)
[2016.08.18-21.09.49:337][709]LogModuleManager: Shutting down and abandoning module SourceCodeAccess (67)
[2016.08.18-21.09.49:337][709]LogModuleManager: Shutting down and abandoning module HeadMountedDisplay (66)
[2016.08.18-21.09.49:337][709]LogModuleManager: Shutting down and abandoning module XAudio2 (65)
[2016.08.18-21.09.49:337][709]LogModuleManager: Shutting down and abandoning module Networking (63)
[2016.08.18-21.09.49:337][709]LogModuleManager: Shutting down and abandoning module Core (62)
[2016.08.18-21.09.49:337][709]LogModuleManager: Shutting down and abandoning module KismetCompiler (61)
[2016.08.18-21.09.49:337][709]LogModuleManager: Shutting down and abandoning module PhysXFormats (60)
[2016.08.18-21.09.49:337][709]LogModuleManager: Shutting down and abandoning module MeshUtilities (59)
[2016.08.18-21.09.49:337][709]LogModuleManager: Shutting down and abandoning module CookingStats (58)
[2016.08.18-21.09.49:337][709]LogModuleManager: Shutting down and abandoning module DerivedDataCache (57)
[2016.08.18-21.09.49:337][709]LogDerivedDataCache: Shutdown
[2016.08.18-21.09.49:337][709]LogModuleManager: Shutting down and abandoning module ShaderFormatOpenGL (56)
[2016.08.18-21.09.49:337][709]LogModuleManager: Shutting down and abandoning module ShaderFormatD3D (55)
[2016.08.18-21.09.49:337][709]LogModuleManager: Shutting down and abandoning module MetalShaderFormat (54)
[2016.08.18-21.09.49:337][709]LogModuleManager: Shutting down and abandoning module TextureFormatUncompressed (53)
[2016.08.18-21.09.49:337][709]LogModuleManager: Shutting down and abandoning module TextureFormatPVR (52)
[2016.08.18-21.09.49:337][709]LogModuleManager: Shutting down and abandoning module TextureFormatIntelISPCTexComp (51)
[2016.08.18-21.09.49:337][709]LogModuleManager: Shutting down and abandoning module TextureFormatDXT (50)
[2016.08.18-21.09.49:337][709]LogModuleManager: Shutting down and abandoning module ImageWrapper (49)
[2016.08.18-21.09.49:337][709]LogModuleManager: Shutting down and abandoning module TextureFormatASTC (48)
[2016.08.18-21.09.49:337][709]LogModuleManager: Shutting down and abandoning module TextureFormatAndroid (47)
[2016.08.18-21.09.49:337][709]LogModuleManager: Shutting down and abandoning module AudioFormatOpus (46)
[2016.08.18-21.09.49:337][709]LogModuleManager: Shutting down and abandoning module AudioFormatOgg (45)
[2016.08.18-21.09.49:337][709]LogModuleManager: Shutting down and abandoning module AudioFormatADPCM (44)
[2016.08.18-21.09.49:337][709]LogModuleManager: Shutting down and abandoning module LinuxTargetPlatform (43)
[2016.08.18-21.09.49:337][709]LogModuleManager: Shutting down and abandoning module LinuxServerTargetPlatform (42)
[2016.08.18-21.09.49:337][709]LogModuleManager: Shutting down and abandoning module LinuxNoEditorTargetPlatform (41)
[2016.08.18-21.09.49:337][709]LogModuleManager: Shutting down and abandoning module TVOSTargetPlatform (40)
[2016.08.18-21.09.49:337][709]LogModuleManager: Shutting down and abandoning module Messaging (39)
[2016.08.18-21.09.49:337][709]LogModuleManager: Shutting down and abandoning module IOSTargetPlatform (38)
[2016.08.18-21.09.49:337][709]LogModuleManager: Shutting down and abandoning module HTML5TargetPlatform (37)
[2016.08.18-21.09.49:337][709]LogModuleManager: Shutting down and abandoning module Android_PVRTCTargetPlatform (36)
[2016.08.18-21.09.49:337][709]LogModuleManager: Shutting down and abandoning module Android_MultiTargetPlatform (35)
[2016.08.18-21.09.49:337][709]LogModuleManager: Shutting down and abandoning module Android_ETC2TargetPlatform (34)
[2016.08.18-21.09.49:337][709]LogModuleManager: Shutting down and abandoning module Android_ETC1TargetPlatform (33)
[2016.08.18-21.09.49:337][709]LogModuleManager: Shutting down and abandoning module Android_DXTTargetPlatform (32)
[2016.08.18-21.09.49:337][709]LogModuleManager: Shutting down and abandoning module Android_ATCTargetPlatform (31)
[2016.08.18-21.09.49:337][709]LogModuleManager: Shutting down and abandoning module Android_ASTCTargetPlatform (30)
[2016.08.18-21.09.49:337][709]LogModuleManager: Shutting down and abandoning module AndroidTargetPlatform (29)
[2016.08.18-21.09.49:337][709]LogModuleManager: Shutting down and abandoning module WindowsTargetPlatform (28)
[2016.08.18-21.09.49:337][709]LogModuleManager: Shutting down and abandoning module WindowsServerTargetPlatform (27)
[2016.08.18-21.09.49:337][709]LogModuleManager: Shutting down and abandoning module WindowsNoEditorTargetPlatform (26)
[2016.08.18-21.09.49:337][709]LogModuleManager: Shutting down and abandoning module WindowsClientTargetPlatform (25)
[2016.08.18-21.09.49:337][709]LogModuleManager: Shutting down and abandoning module AllDesktopTargetPlatform (24)
[2016.08.18-21.09.49:337][709]LogModuleManager: Shutting down and abandoning module TargetPlatform (23)
[2016.08.18-21.09.49:337][709]LogModuleManager: Shutting down and abandoning module InputCore (22)
[2016.08.18-21.09.49:337][709]LogModuleManager: Shutting down and abandoning module Settings (21)
[2016.08.18-21.09.49:337][709]LogModuleManager: Shutting down and abandoning module OnlineSubsystem (19)
[2016.08.18-21.09.49:337][709]LogModuleManager: Shutting down and abandoning module HTTP (18)
[2016.08.18-21.09.49:338][709]LogModuleManager: Shutting down and abandoning module XMPP (17)
[2016.08.18-21.09.49:338][709]LogModuleManager: Shutting down and abandoning module OculusRift (16)
[2016.08.18-21.09.49:338][709]LogModuleManager: Shutting down and abandoning module ExampleDeviceProfileSelector (15)
[2016.08.18-21.09.49:338][709]LogModuleManager: Shutting down and abandoning module TextureCompressor (14)
[2016.08.18-21.09.49:338][709]LogModuleManager: Shutting down and abandoning module ShaderCore (13)
[2016.08.18-21.09.49:338][709]LogModuleManager: Shutting down and abandoning module Landscape (12)
[2016.08.18-21.09.49:338][709]LogModuleManager: Shutting down and abandoning module SlateRHIRenderer (11)
[2016.08.18-21.09.49:338][709]LogModuleManager: Shutting down and abandoning module OpenGLDrv (10)
[2016.08.18-21.09.49:338][709]LogModuleManager: Shutting down and abandoning module D3D11RHI (9)
[2016.08.18-21.09.49:338][709]LogModuleManager: Shutting down and abandoning module AnimGraphRuntime (8)
[2016.08.18-21.09.49:338][709]LogModuleManager: Shutting down and abandoning module Renderer (7)
[2016.08.18-21.09.49:338][709]LogModuleManager: Shutting down and abandoning module Engine (6)
[2016.08.18-21.09.49:338][709]LogModuleManager: Shutting down and abandoning module CoreUObject (5)
[2016.08.18-21.09.49:338][709]LogModuleManager: Shutting down and abandoning module NetworkFile (4)
[2016.08.18-21.09.49:338][709]LogModuleManager: Shutting down and abandoning module StreamingFile (3)
[2016.08.18-21.09.49:338][709]LogModuleManager: Shutting down and abandoning module SandboxFile (2)
[2016.08.18-21.09.49:338][709]LogModuleManager: Shutting down and abandoning module PakFile (1)
[2016.08.18-21.09.49:339][709]LogExit: Exiting.
[2016.08.18-21.09.49:340][709]Log file closed, 08/18/16 17:09:49
