Log file open, 08/18/16 13:30:59
LogInit:Display: Running engine for game: ProjectOne
LogPlatformFile: Not using cached read wrapper
LogInit:Display: RandInit(536763483) SRandInit(536763486).
LogTaskGraph: Started task graph with 4 named threads and 7 total threads.
LogStats: Stats thread started at 0.086662
LogInit: Version: 4.11.2-2946394+++UE4+Release-4.11
LogInit: API Version: 2927265
LogInit: Compiled (64-bit): Apr 18 2016 02:18:46
LogInit: Compiled with Visual C++: 19.00.23026.00
LogInit: Build Configuration: Development
LogInit: Branch Name: ++UE4+Release-4.11
LogInit: Command line:  /Temp/Autosaves/Game/Levels/UEDPCOverworldLevel -game -PIEVIACONSOLE -ResX=1280 -ResY=720  -Multiprocess -messaging -SessionName="Play in Standalone Game" 
LogInit: Base directory: C:/Program Files/Epic Games/4.11/Engine/Binaries/Win64/
LogInit: Installed Engine Build: 1
LogInit: Using libcurl 7.41.0
LogInit:  - built for x86_64-pc-win32
LogInit:  - supports SSL with WinSSL
LogInit:  - other features:
LogInit:      CURL_VERSION_SSL
LogInit:      CURL_VERSION_IPV6
LogInit:      CURL_VERSION_ASYNCHDNS
LogInit:      CURL_VERSION_LARGEFILE
LogInit:      CURL_VERSION_IDN
LogInit:  CurlRequestOptions (configurable via config and command line):
LogInit:  - bVerifyPeer = true  - Libcurl will verify peer certificate
LogInit:  - bUseHttpProxy = false  - Libcurl will NOT use HTTP proxy
LogInit:  - bDontReuseConnections = false  - Libcurl will reuse connections
LogInit:  - CertBundlePath = nullptr  - Libcurl will use whatever was configured at build time.
LogInit: Presizing for max 16777216 objects, including 0 objects not considered by GC, pre-allocating 0 bytes for permanent pool.
LogInit: Object subsystem initialized
[2016.08.18-17.30.59:510][  0]LogInit: Selected Device Profile: [Windows]
[2016.08.18-17.30.59:510][  0]LogInit: Applying CVar settings loaded from the selected device profile: [Windows]
[2016.08.18-17.30.59:514][  0]LogInit: Computer: FAHAD-PC
[2016.08.18-17.30.59:514][  0]LogInit: User: Fahad
[2016.08.18-17.30.59:514][  0]LogInit: CPU Page size=65536, Cores=4
[2016.08.18-17.30.59:514][  0]LogInit: High frequency timer resolution =3.215352 MHz
[2016.08.18-17.30.59:514][  0]LogMemory: Memory total: Physical=8.0GB (8GB approx)
[2016.08.18-17.30.59:514][  0]LogMemory: Platform Memory Stats for Windows
[2016.08.18-17.30.59:514][  0]LogMemory: Process Physical Memory: 313.46 MB used, 313.46 MB peak
[2016.08.18-17.30.59:514][  0]LogMemory: Process Virtual Memory: 315.80 MB used, 315.80 MB peak
[2016.08.18-17.30.59:514][  0]LogMemory: Physical Memory: 5538.39 MB used, 8174.67 MB total
[2016.08.18-17.30.59:514][  0]LogMemory: Virtual Memory: 652.82 MB used, 134217728.00 MB total
[2016.08.18-17.30.59:568][  0]LogTextLocalizationManager: No specific translations for ('en-US') exist, so ('en') translations will be used.
[2016.08.18-17.30.59:966][  0]LogD3D11RHI: D3D11 adapters:
[2016.08.18-17.31.00:002][  0]LogD3D11RHI:    0. 'NVIDIA GeForce GTX 970' (Feature Level 11_0)
[2016.08.18-17.31.00:002][  0]LogD3D11RHI:       4007MB of dedicated video memory, 0MB of dedicated system memory, and 4087MB of shared system memory, 2 output[s]
[2016.08.18-17.31.00:012][  0]LogD3D11RHI:    1. 'Microsoft Basic Render Driver' (Feature Level 11_0)
[2016.08.18-17.31.00:012][  0]LogD3D11RHI:       0MB of dedicated video memory, 0MB of dedicated system memory, and 4087MB of shared system memory, 0 output[s]
[2016.08.18-17.31.00:012][  0]LogD3D11RHI: Chosen D3D11 Adapter: 0
[2016.08.18-17.31.00:016][  0]LogD3D11RHI: Creating new Direct3DDevice
[2016.08.18-17.31.00:017][  0]LogD3D11RHI:     Adapter Name: NVIDIA GeForce GTX 970
[2016.08.18-17.31.00:017][  0]LogD3D11RHI:   Driver Version: 10.18.13.6510 (internal 10.18.13.6510)
[2016.08.18-17.31.00:017][  0]LogD3D11RHI:      Driver Date: 4-27-2016
[2016.08.18-17.31.00:017][  0]LogRHI: Texture pool is 1361 MB (70% of 1945 MB)
[2016.08.18-17.31.00:031][  0]LogD3D11RHI: Async texture creation enabled
[2016.08.18-17.31.00:493][  0]LogShaderCompilers: Guid format shader working directory is -49 characters bigger than the processId version (../../../../../../Users/Fahad/Desktop/MX2 Game Suite/GitHub Directory/project-1-mx2/ProjectOne/Intermediate/Shaders/WorkingDirectory/10372/).
[2016.08.18-17.31.00:493][  0]LogShaderCompilers: Cleaned the shader compiler working directory 'C:/Users/Fahad/AppData/Local/Temp/UnrealShaderWorkingDir/101C75324C4222086F30A1BA8CC8BA70/'.
[2016.08.18-17.31.00:493][  0]LogShaderCompilers:Display: Using Local Shader Compiler.
[2016.08.18-17.31.01:543][  0]LogTemp:Display: Loaded TP AllDesktopTargetPlatform
[2016.08.18-17.31.01:549][  0]LogTemp:Display: Loaded TP WindowsClientTargetPlatform
[2016.08.18-17.31.01:556][  0]LogTemp:Display: Loaded TP WindowsNoEditorTargetPlatform
[2016.08.18-17.31.01:563][  0]LogTemp:Display: Loaded TP WindowsServerTargetPlatform
[2016.08.18-17.31.01:570][  0]LogTemp:Display: Loaded TP WindowsTargetPlatform
[2016.08.18-17.31.01:574][  0]LogTemp:Display: Loaded TP AndroidTargetPlatform
[2016.08.18-17.31.01:579][  0]LogTemp:Display: Loaded TP Android_ASTCTargetPlatform
[2016.08.18-17.31.01:583][  0]LogTemp:Display: Loaded TP Android_ATCTargetPlatform
[2016.08.18-17.31.01:587][  0]LogTemp:Display: Loaded TP Android_DXTTargetPlatform
[2016.08.18-17.31.01:592][  0]LogTemp:Display: Loaded TP Android_ETC1TargetPlatform
[2016.08.18-17.31.01:596][  0]LogTemp:Display: Loaded TP Android_ETC2TargetPlatform
[2016.08.18-17.31.01:605][  0]LogTemp:Display: Loaded TP Android_MultiTargetPlatform
[2016.08.18-17.31.01:605][  0]LogTemp:Display: Loaded TP Android_PVRTCTargetPlatform
[2016.08.18-17.31.01:607][  0]LogTemp:Display: Loaded TP HTML5TargetPlatform
[2016.08.18-17.31.01:628][  0]LogTemp:Display: Loaded TP IOSTargetPlatform
[2016.08.18-17.31.01:631][  0]LogTemp:Display: Loaded TP TVOSTargetPlatform
[2016.08.18-17.31.01:635][  0]LogTemp:Display: Loaded TP LinuxNoEditorTargetPlatform
[2016.08.18-17.31.01:639][  0]LogTemp:Display: Loaded TP LinuxServerTargetPlatform
[2016.08.18-17.31.01:643][  0]LogTemp:Display: Loaded TP LinuxTargetPlatform
[2016.08.18-17.31.01:643][  0]LogTargetPlatformManager:Display: Building Assets For Windows
[2016.08.18-17.31.01:769][  0]LogDerivedDataCache:Display: Max Cache Size: 512 MB
[2016.08.18-17.31.01:839][  0]LogDerivedDataCache: Loaded boot cache 0.07s 65MB C:/Users/Fahad/AppData/Local/UnrealEngine/4.11/DerivedDataCache/Boot.ddc.
[2016.08.18-17.31.01:839][  0]LogDerivedDataCache:Display: Loaded Boot cache: C:/Users/Fahad/AppData/Local/UnrealEngine/4.11/DerivedDataCache/Boot.ddc
[2016.08.18-17.31.01:839][  0]LogDerivedDataCache: FDerivedDataBackendGraph:  Pak pak cache file ../../../../../../Users/Fahad/Desktop/MX2 Game Suite/GitHub Directory/project-1-mx2/ProjectOne/DerivedDataCache/DDC.ddp not found, will not use a pak cache.
[2016.08.18-17.31.01:839][  0]LogDerivedDataCache: Unable to find inner node Pak for hierarchical cache Hierarchy.
[2016.08.18-17.31.01:839][  0]LogDerivedDataCache: FDerivedDataBackendGraph:  CompressedPak pak cache file ../../../../../../Users/Fahad/Desktop/MX2 Game Suite/GitHub Directory/project-1-mx2/ProjectOne/DerivedDataCache/Compressed.ddp not found, will not use a pak cache.
[2016.08.18-17.31.01:839][  0]LogDerivedDataCache: Unable to find inner node CompressedPak for hierarchical cache Hierarchy.
[2016.08.18-17.31.01:855][  0]LogDerivedDataCache:Display: Pak cache opened for reading ../../../Engine/DerivedDataCache/Compressed.ddp.
[2016.08.18-17.31.01:868][  0]LogDerivedDataCache: Using Local data cache path C:/Users/Fahad/AppData/Local/UnrealEngine/Common/DerivedDataCache: Writable
[2016.08.18-17.31.02:149][  0]LogInit: Selected Device Profile: [Windows]
[2016.08.18-17.31.02:150][  0]LogMaterial: Uniform references updated for custom material expression Custom.
[2016.08.18-17.31.02:151][  0]LogContentStreaming: Texture pool size is 1000.00 MB
[2016.08.18-17.31.02:295][  0]LogMeshUtilities: No automatic mesh reduction module available
[2016.08.18-17.31.02:295][  0]LogMeshUtilities: No automatic mesh merging module available
[2016.08.18-17.31.02:295][  0]LogMeshUtilities: No distributed automatic mesh merging module available
[2016.08.18-17.31.02:542][  0]LogInit: WinSock: version 1.1 (2.2), MaxSocks=32767, MaxUdp=65467
[2016.08.18-17.31.02:650][  0]LogSlate: SlateFontCache - WITH_FREETYPE: 1, WITH_HARFBUZZ: 1
[2016.08.18-17.31.02:650][  0]LogSlate: SlateFontCache - WITH_FREETYPE: 1, WITH_HARFBUZZ: 1
[2016.08.18-17.31.02:828][  0]LogWindowsMoviePlayer: Unable to load movie: ../../../../../../Users/Fahad/Desktop/MX2 Game Suite/GitHub Directory/project-1-mx2/ProjectOne/Content/Movies/Default_Startup.mp4
[2016.08.18-17.31.02:920][  0]LogUdpMessaging: Initializing bridge on interface 0.0.0.0:0 to multicast group 230.0.0.1:6666.
[2016.08.18-17.31.02:994][  0]LogTemp:Warning: No World
[2016.08.18-17.31.03:014][  0]SourceControl: Info Source control is disabled
[2016.08.18-17.31.03:014][  0]SourceControl: Info Source control is disabled
[2016.08.18-17.31.03:028][  0]SourceControl: Info Source control is disabled
[2016.08.18-17.31.03:186][  0]LogHMD: Failed to initialize OpenVR with code 108
[2016.08.18-17.31.03:219][  0]LogUObjectArray: 29307 objects as part of root set at end of initial load.
[2016.08.18-17.31.03:219][  0]LogUObjectAllocator: 6107216 out of 0 bytes used by permanent object pool.
[2016.08.18-17.31.03:219][  0]LogUObjectArray: CloseDisregardForGC: 0/0 objects in disregard for GC pool
[2016.08.18-17.31.03:281][  0]LogEngine: Initializing Engine...
[2016.08.18-17.31.03:981][  0]LogInit: XAudio2 using 'Speakers (5- Logitech USB Headset)' : 2 channels at 44.1 kHz using 16 bits per sample (channel mask 0x3)
[2016.08.18-17.31.03:993][  0]LogInit: FAudioDevice initialized.
[2016.08.18-17.31.04:003][  0]LogInit: Texture streaming: Enabled
[2016.08.18-17.31.04:090][  0]LogNet: Browse: /Temp/Autosaves/Game/Levels/UEDPCOverworldLevel?Name=Player
[2016.08.18-17.31.04:090][  0]LogLoad: LoadMap: /Temp/Autosaves/Game/Levels/UEDPCOverworldLevel?Name=Player
[2016.08.18-17.31.04:124][  0]LogMemory: Platform Memory Stats for Windows
[2016.08.18-17.31.04:124][  0]LogMemory: Process Physical Memory: 765.33 MB used, 786.95 MB peak
[2016.08.18-17.31.04:124][  0]LogMemory: Process Virtual Memory: 894.16 MB used, 894.16 MB peak
[2016.08.18-17.31.04:124][  0]LogMemory: Physical Memory: 5930.49 MB used, 8174.67 MB total
[2016.08.18-17.31.04:124][  0]LogMemory: Virtual Memory: 1467.02 MB used, 134217728.00 MB total
[2016.08.18-17.31.04:124][  0]LogMemory: 
[2016.08.18-17.31.04:124][  0]Allocator Stats for TBB: (not implemented)
[2016.08.18-17.31.04:129][  0]LogTemp:Warning: No World
[2016.08.18-17.31.04:226][  0]LogAssetRegistry: FAssetRegistry took 0.0001 seconds to start up
[2016.08.18-17.31.04:464][  0]LogTemp:Warning: No World
[2016.08.18-17.31.04:563][  0]LogTemp:Warning: No World
[2016.08.18-17.31.04:617][  0]LogAIModule: Creating AISystem for world OverworldLevel
[2016.08.18-17.31.04:617][  0]LogWorld: Game class is 'BattleGameMode_BP_C'
[2016.08.18-17.31.04:620][  0]LogWorld: Bringing World /Temp/Autosaves/Game/Levels/UEDPCOverworldLevel.OverworldLevel up for play (max tick rate 0) at 2016.08.18-13.31.04
[2016.08.18-17.31.04:621][  0]LogWorld: Bringing up level for play took: 0.002687
[2016.08.18-17.31.04:622][  0]LogInit:Display: Game Engine Initialized.
[2016.08.18-17.31.04:848][  0]LogLoad: Full Startup: 6.27 seconds (BP compile: 0.37 seconds)
[2016.08.18-17.31.04:848][  0]LogExternalProfiler: Found external profiler: VSPerf
[2016.08.18-17.31.04:848][  0]LogExternalProfiler: Using external profiler: VSPerf
[2016.08.18-17.31.04:866][  0]LogWindowsTextInputMethodSystem:Display: IME system now deactivated.
[2016.08.18-17.31.04:867][  0]LogOcInput: OculusInput pre-init called
[2016.08.18-17.31.04:981][  2]LogRenderer: Reallocating scene render targets to support 1280x720 (Frame:2).
[2016.08.18-17.31.07:821][174]LogTemp:Warning: got player controller successfully
[2016.08.18-17.31.07:821][174]LogTemp:Warning: Entity #:0: Entity Name: Beck
[2016.08.18-17.31.07:821][174]LogTemp:Warning: Entity #:1: Entity Name: Sluagh
[2016.08.18-17.31.07:821][174]LogTemp:Warning: Entity #:2: Entity Name: Sluagh2
[2016.08.18-17.31.07:821][174]LogTemp:Warning: Entity #:3: Entity Name: Beck
[2016.08.18-17.31.07:821][174]LogTemp:Warning: Entity #:4: Entity Name: Sluagh
[2016.08.18-17.31.07:821][174]LogTemp:Warning: Entity #:5: Entity Name: Sluagh2
[2016.08.18-17.31.07:821][174]LogTemp:Warning: Entity #:6: Entity Name: Beck
[2016.08.18-17.31.07:982][184]LogTemp:Warning: Round: 6	Entity: Beck
[2016.08.18-17.31.07:982][184]LogTemp:Warning: Entity #:0: Entity Name: Beck
[2016.08.18-17.31.07:982][184]LogTemp:Warning: Entity #:1: Entity Name: Sluagh
[2016.08.18-17.31.07:982][184]LogTemp:Warning: Entity #:2: Entity Name: Sluagh2
[2016.08.18-17.31.07:982][184]LogTemp:Warning: Entity #:3: Entity Name: Beck
[2016.08.18-17.31.07:982][184]LogTemp:Warning: Entity #:4: Entity Name: Sluagh
[2016.08.18-17.31.07:982][184]LogTemp:Warning: Entity #:5: Entity Name: Sluagh2
[2016.08.18-17.31.07:982][184]LogTemp:Warning: Entity #:6: Entity Name: Beck
[2016.08.18-17.31.08:819][236]LogBlueprintUserMessages: [BattleGameMode_BP_C_0] Animation
[2016.08.18-17.31.08:820][236]LogTemp:Warning: Round: 6	Entity: Sluagh
[2016.08.18-17.31.08:820][236]LogTemp:Warning: Entity #:0: Entity Name: Sluagh
[2016.08.18-17.31.08:820][236]LogTemp:Warning: Entity #:1: Entity Name: Sluagh2
[2016.08.18-17.31.08:820][236]LogTemp:Warning: Entity #:2: Entity Name: Beck
[2016.08.18-17.31.08:820][236]LogTemp:Warning: Entity #:3: Entity Name: Sluagh
[2016.08.18-17.31.08:820][236]LogTemp:Warning: Entity #:4: Entity Name: Sluagh2
[2016.08.18-17.31.08:820][236]LogTemp:Warning: Entity #:5: Entity Name: Beck
[2016.08.18-17.31.08:820][236]LogTemp:Warning: Entity #:6: Entity Name: Sluagh
[2016.08.18-17.31.08:820][236]LogTemp:Warning: Sluagh Timer Active.
[2016.08.18-17.31.09:835][299]LogBlueprintUserMessages: [AttackBroadcaster_BP] Attack Time Set
[2016.08.18-17.31.14:869][611]LogBlueprintUserMessages: [BattleGameMode_BP_C_0] Animation
[2016.08.18-17.31.14:869][611]LogTemp:Warning: Round: 6	Entity: Sluagh2
[2016.08.18-17.31.14:869][611]LogTemp:Warning: Entity #:0: Entity Name: Sluagh2
[2016.08.18-17.31.14:869][611]LogTemp:Warning: Entity #:1: Entity Name: Beck
[2016.08.18-17.31.14:869][611]LogTemp:Warning: Entity #:2: Entity Name: Sluagh
[2016.08.18-17.31.14:869][611]LogTemp:Warning: Entity #:3: Entity Name: Sluagh2
[2016.08.18-17.31.14:869][611]LogTemp:Warning: Entity #:4: Entity Name: Beck
[2016.08.18-17.31.14:869][611]LogTemp:Warning: Entity #:5: Entity Name: Sluagh
[2016.08.18-17.31.14:869][611]LogTemp:Warning: Entity #:6: Entity Name: Sluagh2
[2016.08.18-17.31.14:869][611]LogTemp:Warning: Sluagh Timer Active.
[2016.08.18-17.31.15:886][674]LogBlueprintUserMessages: [AttackBroadcaster_BP] Attack Time Set
[2016.08.18-17.31.17:224][757]LogBlueprintUserMessages: [SoulOrb_BP_C_12] X=-272.641 Y=161.453 Z=630.000
[2016.08.18-17.31.19:824][910]LogWindowsTextInputMethodSystem:Display: IME system now deactivated.
[2016.08.18-17.31.19:834][910]LogEngine: All Windows Closed
[2016.08.18-17.31.19:834][910]LogWindows: FPlatformMisc::RequestExit(0)
[2016.08.18-17.31.20:291][911]LogExit: Preparing to exit.
[2016.08.18-17.31.21:073][911]LogExit: Game engine shut down
[2016.08.18-17.31.21:182][911]LogObj: Freed 0b from 0 cluster array pools.
[2016.08.18-17.31.21:182][911]LogExit: Object subsystem successfully closed.
[2016.08.18-17.31.21:200][911]LogD3D11RHI: Shutdown
[2016.08.18-17.31.21:200][911]LogD3D11RHI: CleanupD3DDevice
[2016.08.18-17.31.21:262][911]LogD3D11RHI: ~FD3D11DynamicRHI
[2016.08.18-17.31.21:370][911]LogDerivedDataCache: Shutdown
[2016.08.18-17.31.21:370][911]LogModuleManager: Shutting down and abandoning module AndroidDeviceDetection (126)
[2016.08.18-17.31.21:859][911]LogModuleManager: Shutting down and abandoning module AutomationController (125)
[2016.08.18-17.31.21:859][911]LogModuleManager: Shutting down and abandoning module AutomationWorker (124)
[2016.08.18-17.31.21:859][911]LogModuleManager: Shutting down and abandoning module CharacterAI (123)
[2016.08.18-17.31.21:859][911]LogModuleManager: Shutting down and abandoning module AITestSuite (122)
[2016.08.18-17.31.21:859][911]LogModuleManager: Shutting down and abandoning module GameplayDebugger (121)
[2016.08.18-17.31.21:859][911]LogModuleManager: Shutting down and abandoning module AIModule (120)
[2016.08.18-17.31.21:859][911]LogModuleManager: Shutting down and abandoning module AssetRegistry (119)
[2016.08.18-17.31.21:859][911]LogModuleManager: Shutting down and abandoning module MovieSceneCapture (118)
[2016.08.18-17.31.21:859][911]LogModuleManager: Shutting down and abandoning module StreamingPauseRendering (117)
[2016.08.18-17.31.21:859][911]LogModuleManager: Shutting down and abandoning module PortalServices (116)
[2016.08.18-17.31.21:859][911]LogModuleManager: Shutting down and abandoning module PortalRpc (115)
[2016.08.18-17.31.21:859][911]LogModuleManager: Shutting down and abandoning module MessagingRpc (114)
[2016.08.18-17.31.21:859][911]LogModuleManager: Shutting down and abandoning module ProfilerService (113)
[2016.08.18-17.31.22:002][911]LogModuleManager: Shutting down and abandoning module TaskGraph (112)
[2016.08.18-17.31.22:002][911]LogModuleManager: Shutting down and abandoning module SlateRemote (111)
[2016.08.18-17.31.22:002][911]LogModuleManager: Shutting down and abandoning module SteamVRController (110)
[2016.08.18-17.31.22:002][911]LogModuleManager: Shutting down and abandoning module SteamVR (109)
[2016.08.18-17.31.22:002][911]LogModuleManager: Shutting down and abandoning module ProceduralMeshComponent (108)
[2016.08.18-17.31.22:002][911]LogModuleManager: Shutting down and abandoning module OculusLibrary (107)
[2016.08.18-17.31.22:002][911]LogModuleManager: Shutting down and abandoning module OculusInput (106)
[2016.08.18-17.31.22:002][911]LogModuleManager: Shutting down and abandoning module CustomMeshComponent (105)
[2016.08.18-17.31.22:002][911]LogModuleManager: Shutting down and abandoning module CableComponent (104)
[2016.08.18-17.31.22:002][911]LogModuleManager: Shutting down and abandoning module ArchVisCharacter (103)
[2016.08.18-17.31.22:002][911]LogModuleManager: Shutting down and abandoning module HTML5Networking (102)
[2016.08.18-17.31.22:002][911]LogModuleManager: Shutting down and abandoning module DesktopPlatform (101)
[2016.08.18-17.31.22:002][911]LogModuleManager: Shutting down and abandoning module DirectoryWatcher (100)
[2016.08.18-17.31.22:002][911]LogModuleManager: Shutting down and abandoning module HotReload (99)
[2016.08.18-17.31.22:002][911]LogModuleManager: Shutting down and abandoning module VisualStudioSourceCodeAccess (98)
[2016.08.18-17.31.22:002][911]LogModuleManager: Shutting down and abandoning module UObjectPlugin (97)
[2016.08.18-17.31.22:002][911]LogModuleManager: Shutting down and abandoning module SubversionSourceControl (96)
[2016.08.18-17.31.22:002][911]LogModuleManager: Shutting down and abandoning module SourceControl (95)
[2016.08.18-17.31.22:002][911]LogModuleManager: Shutting down and abandoning module PerforceSourceControl (94)
[2016.08.18-17.31.22:002][911]LogModuleManager: Shutting down and abandoning module ProjectOne (93)
[2016.08.18-17.31.22:002][911]LogModuleManager: Shutting down and abandoning module UdpMessaging (92)
[2016.08.18-17.31.22:103][911]LogModuleManager: Shutting down and abandoning module LightPropagationVolumeRuntime (91)
[2016.08.18-17.31.22:103][911]LogModuleManager: Shutting down and abandoning module Paper2D (90)
[2016.08.18-17.31.22:103][911]LogModuleManager: Shutting down and abandoning module WindowsMoviePlayer (89)
[2016.08.18-17.31.22:103][911]LogModuleManager: Shutting down and abandoning module Media (88)
[2016.08.18-17.31.22:103][911]LogModuleManager: Shutting down and abandoning module WmfMedia (87)
[2016.08.18-17.31.22:103][911]LogModuleManager: Shutting down and abandoning module MediaAssets (86)
[2016.08.18-17.31.22:103][911]LogModuleManager: Shutting down and abandoning module GameLiveStreaming (85)
[2016.08.18-17.31.22:103][911]LogModuleManager: Shutting down and abandoning module GameplayTagsEditor (84)
[2016.08.18-17.31.22:103][911]LogModuleManager: Shutting down and abandoning module OnlineBlueprintSupport (83)
[2016.08.18-17.31.22:103][911]LogModuleManager: Shutting down and abandoning module GameplayTasksEditor (82)
[2016.08.18-17.31.22:103][911]LogModuleManager: Shutting down and abandoning module PropertyEditor (81)
[2016.08.18-17.31.22:103][911]LogModuleManager: Shutting down and abandoning module BehaviorTreeEditor (80)
[2016.08.18-17.31.22:103][911]LogModuleManager: Shutting down and abandoning module FunctionalTesting (79)
[2016.08.18-17.31.22:103][911]LogModuleManager: Shutting down and abandoning module CollisionAnalyzer (78)
[2016.08.18-17.31.22:103][911]LogModuleManager: Shutting down and abandoning module WorkspaceMenuStructure (77)
[2016.08.18-17.31.22:104][911]LogModuleManager: Shutting down and abandoning module MessageLog (76)
[2016.08.18-17.31.22:104][911]LogModuleManager: Shutting down and abandoning module Sequencer (75)
[2016.08.18-17.31.22:104][911]LogModuleManager: Shutting down and abandoning module AssetTools (74)
[2016.08.18-17.31.22:104][911]LogModuleManager: Shutting down and abandoning module UMGEditor (73)
[2016.08.18-17.31.22:104][911]LogModuleManager: Shutting down and abandoning module UMG (72)
[2016.08.18-17.31.22:104][911]LogModuleManager: Shutting down and abandoning module SlateReflector (71)
[2016.08.18-17.31.22:104][911]LogModuleManager: Shutting down and abandoning module Slate (70)
[2016.08.18-17.31.22:104][911]LogModuleManager: Shutting down and abandoning module EditorStyle (69)
[2016.08.18-17.31.22:106][911]LogModuleManager: Shutting down and abandoning module SessionServices (68)
[2016.08.18-17.31.22:106][911]LogModuleManager: Shutting down and abandoning module SourceCodeAccess (67)
[2016.08.18-17.31.22:106][911]LogModuleManager: Shutting down and abandoning module HeadMountedDisplay (66)
[2016.08.18-17.31.22:106][911]LogModuleManager: Shutting down and abandoning module XAudio2 (65)
[2016.08.18-17.31.22:106][911]LogModuleManager: Shutting down and abandoning module Networking (63)
[2016.08.18-17.31.22:106][911]LogModuleManager: Shutting down and abandoning module Core (62)
[2016.08.18-17.31.22:106][911]LogModuleManager: Shutting down and abandoning module KismetCompiler (61)
[2016.08.18-17.31.22:106][911]LogModuleManager: Shutting down and abandoning module PhysXFormats (60)
[2016.08.18-17.31.22:106][911]LogModuleManager: Shutting down and abandoning module MeshUtilities (59)
[2016.08.18-17.31.22:106][911]LogModuleManager: Shutting down and abandoning module CookingStats (58)
[2016.08.18-17.31.22:106][911]LogModuleManager: Shutting down and abandoning module DerivedDataCache (57)
[2016.08.18-17.31.22:106][911]LogDerivedDataCache: Shutdown
[2016.08.18-17.31.22:106][911]LogModuleManager: Shutting down and abandoning module ShaderFormatOpenGL (56)
[2016.08.18-17.31.22:106][911]LogModuleManager: Shutting down and abandoning module ShaderFormatD3D (55)
[2016.08.18-17.31.22:106][911]LogModuleManager: Shutting down and abandoning module MetalShaderFormat (54)
[2016.08.18-17.31.22:106][911]LogModuleManager: Shutting down and abandoning module TextureFormatUncompressed (53)
[2016.08.18-17.31.22:106][911]LogModuleManager: Shutting down and abandoning module TextureFormatPVR (52)
[2016.08.18-17.31.22:106][911]LogModuleManager: Shutting down and abandoning module TextureFormatIntelISPCTexComp (51)
[2016.08.18-17.31.22:106][911]LogModuleManager: Shutting down and abandoning module TextureFormatDXT (50)
[2016.08.18-17.31.22:106][911]LogModuleManager: Shutting down and abandoning module ImageWrapper (49)
[2016.08.18-17.31.22:106][911]LogModuleManager: Shutting down and abandoning module TextureFormatASTC (48)
[2016.08.18-17.31.22:106][911]LogModuleManager: Shutting down and abandoning module TextureFormatAndroid (47)
[2016.08.18-17.31.22:106][911]LogModuleManager: Shutting down and abandoning module AudioFormatOpus (46)
[2016.08.18-17.31.22:106][911]LogModuleManager: Shutting down and abandoning module AudioFormatOgg (45)
[2016.08.18-17.31.22:106][911]LogModuleManager: Shutting down and abandoning module AudioFormatADPCM (44)
[2016.08.18-17.31.22:106][911]LogModuleManager: Shutting down and abandoning module LinuxTargetPlatform (43)
[2016.08.18-17.31.22:106][911]LogModuleManager: Shutting down and abandoning module LinuxServerTargetPlatform (42)
[2016.08.18-17.31.22:106][911]LogModuleManager: Shutting down and abandoning module LinuxNoEditorTargetPlatform (41)
[2016.08.18-17.31.22:106][911]LogModuleManager: Shutting down and abandoning module TVOSTargetPlatform (40)
[2016.08.18-17.31.22:106][911]LogModuleManager: Shutting down and abandoning module Messaging (39)
[2016.08.18-17.31.22:106][911]LogModuleManager: Shutting down and abandoning module IOSTargetPlatform (38)
[2016.08.18-17.31.22:107][911]LogModuleManager: Shutting down and abandoning module HTML5TargetPlatform (37)
[2016.08.18-17.31.22:107][911]LogModuleManager: Shutting down and abandoning module Android_PVRTCTargetPlatform (36)
[2016.08.18-17.31.22:107][911]LogModuleManager: Shutting down and abandoning module Android_MultiTargetPlatform (35)
[2016.08.18-17.31.22:107][911]LogModuleManager: Shutting down and abandoning module Android_ETC2TargetPlatform (34)
[2016.08.18-17.31.22:107][911]LogModuleManager: Shutting down and abandoning module Android_ETC1TargetPlatform (33)
[2016.08.18-17.31.22:107][911]LogModuleManager: Shutting down and abandoning module Android_DXTTargetPlatform (32)
[2016.08.18-17.31.22:107][911]LogModuleManager: Shutting down and abandoning module Android_ATCTargetPlatform (31)
[2016.08.18-17.31.22:107][911]LogModuleManager: Shutting down and abandoning module Android_ASTCTargetPlatform (30)
[2016.08.18-17.31.22:107][911]LogModuleManager: Shutting down and abandoning module AndroidTargetPlatform (29)
[2016.08.18-17.31.22:107][911]LogModuleManager: Shutting down and abandoning module WindowsTargetPlatform (28)
[2016.08.18-17.31.22:107][911]LogModuleManager: Shutting down and abandoning module WindowsServerTargetPlatform (27)
[2016.08.18-17.31.22:107][911]LogModuleManager: Shutting down and abandoning module WindowsNoEditorTargetPlatform (26)
[2016.08.18-17.31.22:107][911]LogModuleManager: Shutting down and abandoning module WindowsClientTargetPlatform (25)
[2016.08.18-17.31.22:107][911]LogModuleManager: Shutting down and abandoning module AllDesktopTargetPlatform (24)
[2016.08.18-17.31.22:107][911]LogModuleManager: Shutting down and abandoning module TargetPlatform (23)
[2016.08.18-17.31.22:107][911]LogModuleManager: Shutting down and abandoning module InputCore (22)
[2016.08.18-17.31.22:107][911]LogModuleManager: Shutting down and abandoning module Settings (21)
[2016.08.18-17.31.22:107][911]LogModuleManager: Shutting down and abandoning module OnlineSubsystem (19)
[2016.08.18-17.31.22:107][911]LogModuleManager: Shutting down and abandoning module HTTP (18)
[2016.08.18-17.31.22:107][911]LogModuleManager: Shutting down and abandoning module XMPP (17)
[2016.08.18-17.31.22:107][911]LogModuleManager: Shutting down and abandoning module OculusRift (16)
[2016.08.18-17.31.22:107][911]LogModuleManager: Shutting down and abandoning module ExampleDeviceProfileSelector (15)
[2016.08.18-17.31.22:107][911]LogModuleManager: Shutting down and abandoning module TextureCompressor (14)
[2016.08.18-17.31.22:107][911]LogModuleManager: Shutting down and abandoning module ShaderCore (13)
[2016.08.18-17.31.22:107][911]LogModuleManager: Shutting down and abandoning module Landscape (12)
[2016.08.18-17.31.22:107][911]LogModuleManager: Shutting down and abandoning module SlateRHIRenderer (11)
[2016.08.18-17.31.22:107][911]LogModuleManager: Shutting down and abandoning module OpenGLDrv (10)
[2016.08.18-17.31.22:107][911]LogModuleManager: Shutting down and abandoning module D3D11RHI (9)
[2016.08.18-17.31.22:107][911]LogModuleManager: Shutting down and abandoning module AnimGraphRuntime (8)
[2016.08.18-17.31.22:107][911]LogModuleManager: Shutting down and abandoning module Renderer (7)
[2016.08.18-17.31.22:107][911]LogModuleManager: Shutting down and abandoning module Engine (6)
[2016.08.18-17.31.22:107][911]LogModuleManager: Shutting down and abandoning module CoreUObject (5)
[2016.08.18-17.31.22:107][911]LogModuleManager: Shutting down and abandoning module NetworkFile (4)
[2016.08.18-17.31.22:107][911]LogModuleManager: Shutting down and abandoning module StreamingFile (3)
[2016.08.18-17.31.22:107][911]LogModuleManager: Shutting down and abandoning module SandboxFile (2)
[2016.08.18-17.31.22:107][911]LogModuleManager: Shutting down and abandoning module PakFile (1)
[2016.08.18-17.31.22:108][911]LogExit: Exiting.
[2016.08.18-17.31.22:110][911]Log file closed, 08/18/16 13:31:22
