Log file open, 08/18/16 17:09:55
LogInit:Display: Running engine for game: ProjectOne
LogPlatformFile: Not using cached read wrapper
LogInit:Display: RandInit(-174207374) SRandInit(-174207372).
LogTaskGraph: Started task graph with 4 named threads and 7 total threads.
LogStats: Stats thread started at 0.086442
LogInit: Version: 4.11.2-2946394+++UE4+Release-4.11
LogInit: API Version: 2927265
LogInit: Compiled (64-bit): Apr 18 2016 02:18:46
LogInit: Compiled with Visual C++: 19.00.23026.00
LogInit: Build Configuration: Development
LogInit: Branch Name: ++UE4+Release-4.11
LogInit: Command line:  /Temp/Autosaves/Game/Levels/UEDPCOverworldLevel -game -PIEVIACONSOLE -ResX=1280 -ResY=720  -Multiprocess -messaging -SessionName="Play in Standalone Game" 
LogInit: Base directory: C:/Program Files/Epic Games/4.11/Engine/Binaries/Win64/
LogInit: Installed Engine Build: 1
LogInit: Using libcurl 7.41.0
LogInit:  - built for x86_64-pc-win32
LogInit:  - supports SSL with WinSSL
LogInit:  - other features:
LogInit:      CURL_VERSION_SSL
LogInit:      CURL_VERSION_IPV6
LogInit:      CURL_VERSION_ASYNCHDNS
LogInit:      CURL_VERSION_LARGEFILE
LogInit:      CURL_VERSION_IDN
LogInit:  CurlRequestOptions (configurable via config and command line):
LogInit:  - bVerifyPeer = true  - Libcurl will verify peer certificate
LogInit:  - bUseHttpProxy = false  - Libcurl will NOT use HTTP proxy
LogInit:  - bDontReuseConnections = false  - Libcurl will reuse connections
LogInit:  - CertBundlePath = nullptr  - Libcurl will use whatever was configured at build time.
LogInit: Presizing for max 16777216 objects, including 0 objects not considered by GC, pre-allocating 0 bytes for permanent pool.
LogInit: Object subsystem initialized
[2016.08.18-21.09.56:041][  0]LogInit: Selected Device Profile: [Windows]
[2016.08.18-21.09.56:041][  0]LogInit: Applying CVar settings loaded from the selected device profile: [Windows]
[2016.08.18-21.09.56:044][  0]LogInit: Computer: FAHAD-PC
[2016.08.18-21.09.56:044][  0]LogInit: User: Fahad
[2016.08.18-21.09.56:044][  0]LogInit: CPU Page size=65536, Cores=4
[2016.08.18-21.09.56:044][  0]LogInit: High frequency timer resolution =3.215352 MHz
[2016.08.18-21.09.56:045][  0]LogMemory: Memory total: Physical=8.0GB (8GB approx)
[2016.08.18-21.09.56:045][  0]LogMemory: Platform Memory Stats for Windows
[2016.08.18-21.09.56:045][  0]LogMemory: Process Physical Memory: 313.69 MB used, 313.69 MB peak
[2016.08.18-21.09.56:045][  0]LogMemory: Process Virtual Memory: 314.85 MB used, 314.85 MB peak
[2016.08.18-21.09.56:045][  0]LogMemory: Physical Memory: 6760.48 MB used, 8174.67 MB total
[2016.08.18-21.09.56:045][  0]LogMemory: Virtual Memory: 651.88 MB used, 134217728.00 MB total
[2016.08.18-21.09.56:097][  0]LogTextLocalizationManager: No specific translations for ('en-US') exist, so ('en') translations will be used.
[2016.08.18-21.09.56:513][  0]LogD3D11RHI: D3D11 adapters:
[2016.08.18-21.09.56:540][  0]LogD3D11RHI:    0. 'NVIDIA GeForce GTX 970' (Feature Level 11_0)
[2016.08.18-21.09.56:540][  0]LogD3D11RHI:       4007MB of dedicated video memory, 0MB of dedicated system memory, and 4087MB of shared system memory, 2 output[s]
[2016.08.18-21.09.56:542][  0]LogD3D11RHI:    1. 'Microsoft Basic Render Driver' (Feature Level 11_0)
[2016.08.18-21.09.56:542][  0]LogD3D11RHI:       0MB of dedicated video memory, 0MB of dedicated system memory, and 4087MB of shared system memory, 0 output[s]
[2016.08.18-21.09.56:542][  0]LogD3D11RHI: Chosen D3D11 Adapter: 0
[2016.08.18-21.09.56:547][  0]LogD3D11RHI: Creating new Direct3DDevice
[2016.08.18-21.09.56:547][  0]LogD3D11RHI:     Adapter Name: NVIDIA GeForce GTX 970
[2016.08.18-21.09.56:547][  0]LogD3D11RHI:   Driver Version: 10.18.13.6510 (internal 10.18.13.6510)
[2016.08.18-21.09.56:547][  0]LogD3D11RHI:      Driver Date: 4-27-2016
[2016.08.18-21.09.56:547][  0]LogRHI: Texture pool is 1361 MB (70% of 1945 MB)
[2016.08.18-21.09.56:562][  0]LogD3D11RHI: Async texture creation enabled
[2016.08.18-21.09.57:057][  0]LogShaderCompilers: Guid format shader working directory is -49 characters bigger than the processId version (../../../../../../Users/Fahad/Desktop/MX2 Game Suite/GitHub Directory/project-1-mx2/ProjectOne/Intermediate/Shaders/WorkingDirectory/12152/).
[2016.08.18-21.09.57:057][  0]LogShaderCompilers: Cleaned the shader compiler working directory 'C:/Users/Fahad/AppData/Local/Temp/UnrealShaderWorkingDir/6D8760E44B53F7B99A4EC1823EA4E6DD/'.
[2016.08.18-21.09.57:057][  0]LogShaderCompilers:Display: Using Local Shader Compiler.
[2016.08.18-21.09.58:169][  0]LogTemp:Display: Loaded TP AllDesktopTargetPlatform
[2016.08.18-21.09.58:175][  0]LogTemp:Display: Loaded TP WindowsClientTargetPlatform
[2016.08.18-21.09.58:182][  0]LogTemp:Display: Loaded TP WindowsNoEditorTargetPlatform
[2016.08.18-21.09.58:189][  0]LogTemp:Display: Loaded TP WindowsServerTargetPlatform
[2016.08.18-21.09.58:197][  0]LogTemp:Display: Loaded TP WindowsTargetPlatform
[2016.08.18-21.09.58:202][  0]LogTemp:Display: Loaded TP AndroidTargetPlatform
[2016.08.18-21.09.58:206][  0]LogTemp:Display: Loaded TP Android_ASTCTargetPlatform
[2016.08.18-21.09.58:211][  0]LogTemp:Display: Loaded TP Android_ATCTargetPlatform
[2016.08.18-21.09.58:215][  0]LogTemp:Display: Loaded TP Android_DXTTargetPlatform
[2016.08.18-21.09.58:220][  0]LogTemp:Display: Loaded TP Android_ETC1TargetPlatform
[2016.08.18-21.09.58:224][  0]LogTemp:Display: Loaded TP Android_ETC2TargetPlatform
[2016.08.18-21.09.58:233][  0]LogTemp:Display: Loaded TP Android_MultiTargetPlatform
[2016.08.18-21.09.58:233][  0]LogTemp:Display: Loaded TP Android_PVRTCTargetPlatform
[2016.08.18-21.09.58:235][  0]LogTemp:Display: Loaded TP HTML5TargetPlatform
[2016.08.18-21.09.58:254][  0]LogTemp:Display: Loaded TP IOSTargetPlatform
[2016.08.18-21.09.58:258][  0]LogTemp:Display: Loaded TP TVOSTargetPlatform
[2016.08.18-21.09.58:262][  0]LogTemp:Display: Loaded TP LinuxNoEditorTargetPlatform
[2016.08.18-21.09.58:265][  0]LogTemp:Display: Loaded TP LinuxServerTargetPlatform
[2016.08.18-21.09.58:269][  0]LogTemp:Display: Loaded TP LinuxTargetPlatform
[2016.08.18-21.09.58:269][  0]LogTargetPlatformManager:Display: Building Assets For Windows
[2016.08.18-21.09.58:392][  0]LogDerivedDataCache:Display: Max Cache Size: 512 MB
[2016.08.18-21.09.58:473][  0]LogDerivedDataCache: Loaded boot cache 0.08s 74MB C:/Users/Fahad/AppData/Local/UnrealEngine/4.11/DerivedDataCache/Boot.ddc.
[2016.08.18-21.09.58:473][  0]LogDerivedDataCache:Display: Loaded Boot cache: C:/Users/Fahad/AppData/Local/UnrealEngine/4.11/DerivedDataCache/Boot.ddc
[2016.08.18-21.09.58:473][  0]LogDerivedDataCache: FDerivedDataBackendGraph:  Pak pak cache file ../../../../../../Users/Fahad/Desktop/MX2 Game Suite/GitHub Directory/project-1-mx2/ProjectOne/DerivedDataCache/DDC.ddp not found, will not use a pak cache.
[2016.08.18-21.09.58:473][  0]LogDerivedDataCache: Unable to find inner node Pak for hierarchical cache Hierarchy.
[2016.08.18-21.09.58:473][  0]LogDerivedDataCache: FDerivedDataBackendGraph:  CompressedPak pak cache file ../../../../../../Users/Fahad/Desktop/MX2 Game Suite/GitHub Directory/project-1-mx2/ProjectOne/DerivedDataCache/Compressed.ddp not found, will not use a pak cache.
[2016.08.18-21.09.58:473][  0]LogDerivedDataCache: Unable to find inner node CompressedPak for hierarchical cache Hierarchy.
[2016.08.18-21.09.58:490][  0]LogDerivedDataCache:Display: Pak cache opened for reading ../../../Engine/DerivedDataCache/Compressed.ddp.
[2016.08.18-21.09.58:502][  0]LogDerivedDataCache: Using Local data cache path C:/Users/Fahad/AppData/Local/UnrealEngine/Common/DerivedDataCache: Writable
[2016.08.18-21.09.58:759][  0]LogInit: Selected Device Profile: [Windows]
[2016.08.18-21.09.58:766][  0]LogMaterial: Uniform references updated for custom material expression Custom.
[2016.08.18-21.09.58:767][  0]LogContentStreaming: Texture pool size is 1000.00 MB
[2016.08.18-21.09.58:909][  0]LogMeshUtilities: No automatic mesh reduction module available
[2016.08.18-21.09.58:909][  0]LogMeshUtilities: No automatic mesh merging module available
[2016.08.18-21