Log file open, 08/18/16 18:28:01
LogInit:Display: Running engine for game: ProjectOne
LogPlatformFile: Not using cached read wrapper
LogInit:Display: RandInit(2006049793) SRandInit(2006049795).
LogTaskGraph: Started task graph with 4 named threads and 7 total threads.
LogStats: Stats thread started at 0.085223
LogInit: Version: 4.11.2-2946394+++UE4+Release-4.11
LogInit: API Version: 2927265
LogInit: Compiled (64-bit): Apr 18 2016 02:18:46
LogInit: Compiled with Visual C++: 19.00.23026.00
LogInit: Build Configuration: Development
LogInit: Branch Name: ++UE4+Release-4.11
LogInit: Command line:  /Temp/Autosaves/Game/Levels/UEDPCOverworldLevel -game -PIEVIACONSOLE -ResX=1280 -ResY=720  -Multiprocess -messaging -SessionName="Play in Standalone Game" 
LogInit: Base directory: C:/Program Files/Epic Games/4.11/Engine/Binaries/Win64/
LogInit: Installed Engine Build: 1
LogInit: Using libcurl 7.41.0
LogInit:  - built for x86_64-pc-win32
LogInit:  - supports SSL with WinSSL
LogInit:  - other features:
LogInit:      CURL_VERSION_SSL
LogInit:      CURL_VERSION_IPV6
LogInit:      CURL_VERSION_ASYNCHDNS
LogInit:      CURL_VERSION_LARGEFILE
LogInit:      CURL_VERSION_IDN
LogInit:  CurlRequestOptions (configurable via config and command line):
LogInit:  - bVerifyPeer = true  - Libcurl will verify peer certificate
LogInit:  - bUseHttpProxy = false  - Libcurl will NOT use HTTP proxy
LogInit:  - bDontReuseConnections = false  - Libcurl will reuse connections
LogInit:  - CertBundlePath = nullptr  - Libcurl will use whatever was configured at build time.
LogInit: Presizing for max 16777216 objects, including 0 objects not considered by GC, pre-allocating 0 bytes for permanent pool.
LogInit: Object subsystem initialized
[2016.08.18-22.28.01:429][  0]LogInit: Selected Device Profile: [Windows]
[2016.08.18-22.28.01:429][  0]LogInit: Applying CVar settings loaded from the selected device profile: [Windows]
[2016.08.18-22.28.01:433][  0]LogInit: Computer: FAHAD-PC
[2016.08.18-22.28.01:433][  0]LogInit: User: Fahad
[2016.08.18-22.28.01:433][  0]LogInit: CPU Page size=65536, Cores=4
[2016.08.18-22.28.01:433][  0]LogInit: High frequency timer resolution =3.215352 MHz
[2016.08.18-22.28.01:433][  0]LogMemory: Memory total: Physical=8.0GB (8GB approx)
[2016.08.18-22.28.01:433][  0]LogMemory: Platform Memory Stats for Windows
[2016.08.18-22.28.01:433][  0]LogMemory: Process Physical Memory: 313.70 MB used, 313.70 MB peak
[2016.08.18-22.28.01:433][  0]LogMemory: Process Virtual Memory: 314.93 MB used, 314.93 MB peak
[2016.08.18-22.28.01:433][  0]LogMemory: Physical Memory: 5646.63 MB used, 8174.67 MB total
[2016.08.18-22.28.01:433][  0]LogMemory: Virtual Memory: 651.88 MB used, 134217728.00 MB total
[2016.08.18-22.28.01:484][  0]LogTextLocalizationManager: No specific translations for ('en-US') exist, so ('en') translations will be used.
[2016.08.18-22.28.01:886][  0]LogD3D11RHI: D3D11 adapters:
[2016.08.18-22.28.01:910][  0]LogD3D11RHI:    0. 'NVIDIA GeForce GTX 970' (Feature Level 11_0)
[2016.08.18-22.28.01:910][  0]LogD3D11RHI:       4007MB of dedicated video memory, 0MB of dedicated system memory, and 4087MB of shared system memory, 2 output[s]
[2016.08.18-22.28.01:912][  0]LogD3D11RHI:    1. 'Microsoft Basic Render Driver' (Feature Level 11_0)
[2016.08.18-22.28.01:912][  0]LogD3D11RHI:       0MB of dedicated video memory, 0MB of dedicated system memory, and 4087MB of shared system memory, 0 output[s]
[2016.08.18-22.28.01:912][  0]LogD3D11RHI: Chosen D3D11 Adapter: 0
[2016.08.18-22.28.01:916][  0]LogD3D11RHI: Creating new Direct3DDevice
[2016.08.18-22.28.01:917][  0]LogD3D11RHI:     Adapter Name: NVIDIA GeForce GTX 970
[2016.08.18-22.28.01:917][  0]LogD3D11RHI:   Driver Version: 10.18.13.6510 (internal 10.18.13.6510)
[2016.08.18-22.28.01:917][  0]LogD3D11RHI:      Driver Date: 4-27-2016
[2016.08.18-22.28.01:917][  0]LogRHI: Texture pool is 1361 MB (70% of 1945 MB)
[2016.08.18-22.28.01:931][  0]LogD3D11RHI: Async texture creation enabled
[2016.08.18-22.28.02:398][  0]LogShaderCompilers: Guid format shader working directory is -48 characters bigger than the processId version (../../../../../../Users/Fahad/Desktop/MX2 Game Suite/GitHub Directory/project-1-mx2/ProjectOne/Intermediate/Shaders/WorkingDirectory/3612/).
[2016.08.18-22.28.02:398][  0]LogShaderCompilers: Cleaned the shader compiler working directory 'C:/Users/Fahad/AppData/Local/Temp/UnrealShaderWorkingDir/253E53E4419142E0B17A49801C9734D0/'.
[2016.08.18-22.28.02:398][  0]LogShaderCompilers:Display: Using Local Shader Compiler.
[2016.08.18-22.28.03:436][  0]LogTemp:Display: Loaded TP AllDesktopTargetPlatform
[2016.08.18-22.28.03:442][  0]LogTemp:Display: Loaded TP WindowsClientTargetPlatform
[2016.08.18-22.28.03:448][  0]LogTemp:Display: Loaded TP WindowsNoEditorTargetPlatform
[2016.08.18-22.28.03:455][  0]LogTemp:Display: Loaded TP WindowsServerTargetPlatform
[2016.08.18-22.28.03:461][  0]LogTemp:Display: Loaded TP WindowsTargetPlatform
[2016.08.18-22.28.03:466][  0]LogTemp:Display: Loaded TP AndroidTargetPlatform
[2016.08.18-22.28.03:470][  0]LogTemp:Display: Loaded TP Android_ASTCTargetPlatform
[2016.08.18-22.28.03:474][  0]LogTemp:Display: Loaded TP Android_ATCTargetPlatform
[2016.08.18-22.28.03:478][  0]LogTemp:Display: Loaded TP Android_DXTTargetPlatform
[2016.08.18-22.28.03:482][  0]LogTemp:Display: Loaded TP Android_ETC1TargetPlatform
[2016.08.18-22.28.03:486][  0]LogTemp:Display: Loaded TP Android_ETC2TargetPlatform
[2016.08.18-22.28.03:494][  0]LogTemp:Display: Loaded TP Android_MultiTargetPlatform
[2016.08.18-22.28.03:494][  0]LogTemp:Display: Loaded TP Android_PVRTCTargetPlatform
[2016.08.18-22.28.03:495][  0]LogTemp:Display: Loaded TP HTML5TargetPlatform
[2016.08.18-22.28.03:515][  0]LogTemp:Display: Loaded TP IOSTargetPlatform
[2016.08.18-22.28.03:518][  0]LogTemp:Display: Loaded TP TVOSTargetPlatform
[2016.08.18-22.28.03:522][  0]LogTemp:Display: Loaded TP LinuxNoEditorTargetPlatform
[2016.08.18-22.28.03:526][  0]LogTemp:Display: Loaded TP LinuxServerTargetPlatform
[2016.08.18-22.28.03:531][  0]LogTemp:Display: Loaded TP LinuxTargetPlatform
[2016.08.18-22.28.03:531][  0]LogTargetPlatformManager:Display: Building Assets For Windows
[2016.08.18-22.28.03:647][  0]LogDerivedDataCache:Display: Max Cache Size: 512 MB
[2016.08.18-22.28.03:716][  0]LogDerivedDataCache: Loaded boot cache 0.07s 65MB C:/Users/Fahad/AppData/Local/UnrealEngine/4.11/DerivedDataCache/Boot.ddc.
[2016.08.18-22.28.03:717][  0]LogDerivedDataCache:Display: Loaded Boot cache: C:/Users/Fahad/AppData/Local/UnrealEngine/4.11/DerivedDataCache/Boot.ddc
[2016.08.18-22.28.03:717][  0]LogDerivedDataCache: FDerivedDataBackendGraph:  Pak pak cache file ../../../../../../Users/Fahad/Desktop/MX2 Game Suite/GitHub Directory/project-1-mx2/ProjectOne/DerivedDataCache/DDC.ddp not found, will not use a pak cache.
[2016.08.18-22.28.03:717][  0]LogDerivedDataCache: Unable to find inner node Pak for hierarchical cache Hierarchy.
[2016.08.18-22.28.03:717][  0]LogDerivedDataCache: FDerivedDataBackendGraph:  CompressedPak pak cache file ../../../../../../Users/Fahad/Desktop/MX2 Game Suite/GitHub Directory/project-1-mx2/ProjectOne/DerivedDataCache/Compressed.ddp not found, will not use a pak cache.
[2016.08.18-22.28.03:717][  0]LogDerivedDataCache: Unable to find inner node CompressedPak for hierarchical cache Hierarchy.
[2016.08.18-22.28.03:733][  0]LogDerivedDataCache:Display: Pak cache opened for reading ../../../Engine/DerivedDataCache/Compressed.ddp.
[2016.08.18-22.28.03:745][  0]LogDerivedDataCache: Using Local data cache path C:/Users/Fahad/AppData/Local/UnrealEngine/Common/DerivedDataCache: Writable
[2016.08.18-22.28.03:984][  0]LogInit: Selected Device Profile: [Windows]
[2016.08.18-22.28.03:990][  0]LogMaterial: Uniform references updated for custom material expression Custom.
[2016.08.18-22.28.03:991][  0]LogContentStreaming: Texture pool size is 1000.00 MB
[2016.08.18-22.28.04:127][  0]LogMeshUtilities: No automatic mesh reduction module available
[2016.08.18-22.28.04:127][  0]LogMeshUtilities: No automatic mesh merging module available
[2016.08.18-22.28.04:127][  0]LogMeshUtilities: No distributed automatic mesh merging module available
[2016.08.18-22.28.04:370][  0]LogInit: WinSock: version 1.1 (2.2), MaxSocks=32767, MaxUdp=65467
[2016.08.18-22.28.04:475][  0]LogSlate: SlateFontCache - WITH_FREETYPE: 1, WITH_HARFBUZZ: 1
[2016.08.18-22.28.04:476][  0]LogSlate: SlateFontCache - WITH_FREETYPE: 1, WITH_HARFBUZZ: 1
[2016.08.18-22.28.04:661][  0]LogWindowsMoviePlayer: Unable to load movie: ../../../../../../Users/Fahad/Desktop/MX2 Game Suite/GitHub Directory/project-1-mx2/ProjectOne/Content/Movies/Default_Startup.mp4
[2016.08.18-22.28.04:747][  0]LogUdpMessaging: Initializing bridge on interface 0.0.0.0:0 to multicast group 230.0.0.1:6666.
[2016.08.18-22.28.04:815][  0]LogTemp:Warning: No World
[2016.08.18-22.28.04:833][  0]SourceControl: Info Source control is disabled
[2016.08.18-22.28.04:833][  0]SourceControl: Info Source control is disabled
[2016.08.18-22.28.04:845][  0]SourceControl: Info Source control is disabled
[2016.08.18-22.28.04:993][  0]LogHMD: Failed to initialize OpenVR with code 108
[2016.08.18-22.28.05:023][  0]LogUObjectArray: 29307 objects as part of root set at end of initial load.
[2016.08.18-22.28.05:023][  0]LogUObjectAllocator: 6107224 out of 0 bytes used by permanent object pool.
[2016.08.18-22.28.05:023][  0]LogUObjectArray: CloseDisregardForGC: 0/0 objects in disregard for GC pool
[2016.08.18-22.28.05:085][  0]LogEngine: Initializing Engine...
[2016.08.18-22.28.05:780][  0]LogInit: XAudio2 using 'Speakers (5- Logitech USB Headset)' : 2 channels at 44.1 kHz using 16 bits per sample (channel mask 0x3)
[2016.08.18-22.28.05:792][  0]LogInit: FAudioDevice initialized.
[2016.08.18-22.28.05:801][  0]LogInit: Texture streaming: Enabled
[2016.08.18-22.28.05:888][  0]LogNet: Browse: /Temp/Autosaves/Game/Levels/UEDPCOverworldLevel?Name=Player
[2016.08.18-22.28.05:889][  0]LogLoad: LoadMap: /Temp/Autosaves/Game/Levels/UEDPCOverworldLevel?Name=Player
[2016.08.18-22.28.05:922][  0]LogMemory: Platform Memory Stats for Windows
[2016.08.18-22.28.05:922][  0]LogMemory: Process Physical Memory: 758.05 MB used, 786.58 MB peak
[2016.08.18-22.28.05:922][  0]LogMemory: Process Virtual Memory: 885.74 MB used, 885.75 MB peak
[2016.08.18-22.28.05:922][  0]LogMemory: Physical Memory: 6029.14 MB used, 8174.67 MB total
[2016.08.18-22.28.05:922][  0]LogMemory: Virtual Memory: 1458.49 MB used, 134217728.00 MB total
[2016.08.18-22.28.05:922][  0]LogMemory: 
[2016.08.18-22.28.05:922][  0]Allocator Stats for TBB: (not implemented)
[2016.08.18-22.28.05:927][  0]LogTemp:Warning: No World
[2016.08.18-22.28.06:052][  0]LogAssetRegistry: FAssetRegistry took 0.0001 seconds to start up
[2016.08.18-22.28.06:296][  0]LogTemp:Warning: No World
[2016.08.18-22.28.06:408][  0]LogTemp:Warning: No World
[2016.08.18-22.28.06:465][  0]LogAIModule: Creating AISystem for world OverworldLevel
[2016.08.18-22.28.06:465][  0]LogWorld: Game class is 'BattleGameMode_BP_C'
[2016.08.18-22.28.06:467][  0]LogWorld: Bringing World /Temp/Autosaves/Game/Levels/UEDPCOverworldLevel.OverworldLevel up for play (max tick rate 0) at 2016.08.18-18.28.06
[2016.08.18-22.28.06:468][  0]LogWorld: Bringing up level for play took: 0.001997
[2016.08.18-22.28.06:469][  0]LogInit:Display: Game Engine Initialized.
[2016.08.18-22.28.06:693][  0]LogLoad: Full Startup: 6.16 seconds (BP compile: 0.39 seconds)
[2016.08.18-22.28.06:693][  0]LogExternalProfiler: Found external profiler: VSPerf
[2016.08.18-22.28.06:693][  0]LogExternalProfiler: Using external profiler: VSPerf
[2016.08.18-22.28.06:710][  0]LogWindowsTextInputMethodSystem:Display: IME system now deactivated.
[2016.08.18-22.28.06:710][  0]LogOcInput: OculusInput pre-init called
[2016.08.18-22.28.06:824][  2]LogRenderer: Reallocating scene render targets to support 1280x720 (Frame:2).
[2016.08.18-22.28.11:217][271]LogTemp:Warning: got player controller successfully
[2016.08.18-22.28.11:217][271]LogTemp:Warning: Entity #:0: Entity Name: Beck
[2016.08.18-22.28.11:217][271]LogTemp:Warning: Entity #:1: Entity Name: Sluagh
[2016.08.18-22.28.11:217][271]LogTemp:Warning: Entity #:2: Entity Name: Sluagh2
[2016.08.18-22.28.11:217][271]LogTemp:Warning: Entity #:3: Entity Name: Beck
[2016.08.18-22.28.11:217][271]LogTemp:Warning: Entity #:4: Entity Name: Sluagh
[2016.08.18-22.28.11:217][271]LogTemp:Warning: Entity #:5: Entity Name: Sluagh2
[2016.08.18-22.28.11:217][271]LogTemp:Warning: Entity #:6: Entity Name: Beck
[2016.08.18-22.28.11:377][281]LogTemp:Warning: Round: 6	Entity: Beck
[2016.08.18-22.28.11:377][281]LogTemp:Warning: Entity #:0: Entity Name: Beck
[2016.08.18-22.28.11:377][281]LogTemp:Warning: Entity #:1: Entity Name: Sluagh
[2016.08.18-22.28.11:377][281]LogTemp:Warning: Entity #:2: Entity Name: Sluagh2
[2016.08.18-22.28.11:377][281]LogTemp:Warning: Entity #:3: Entity Name: Beck
[2016.08.18-22.28.11:377][281]LogTemp:Warning: Entity #:4: Entity Name: Sluagh
[2016.08.18-22.28.11:377][281]LogTemp:Warning: Entity #:5: Entity Name: Sluagh2
[2016.08.18-22.28.11:377][281]LogTemp:Warning: Entity #:6: Entity Name: Beck
[2016.08.18-22.28.12:796][369]LogBlueprintUserMessages: [BattleGameMode_BP_C_0] Animation
[2016.08.18-22.28.12:797][369]LogTemp:Warning: Round: 6	Entity: Sluagh
[2016.08.18-22.28.12:797][369]LogTemp:Warning: Entity #:0: Entity Name: Sluagh
[2016.08.18-22.28.12:797][369]LogTemp:Warning: Entity #:1: Entity Name: Sluagh2
[2016.08.18-22.28.12:797][369]LogTemp:Warning: Entity #:2: Entity Name: Beck
[2016.08.18-22.28.12:797][369]LogTemp:Warning: Entity #:3: Entity Name: Sluagh
[2016.08.18-22.28.12:797][369]LogTemp:Warning: Entity #:4: Entity Name: Sluagh2
[2016.08.18-22.28.12:797][369]LogTemp:Warning: Entity #:5: Entity Name: Beck
[2016.08.18-22.28.12:797][369]LogTemp:Warning: Entity #:6: Entity Name: Sluagh
[2016.08.18-22.28.12:797][369]LogTemp:Warning: Sluagh Timer Active.
[2016.08.18-22.28.13:813][432]LogBlueprintUserMessages: [AttackBroadcaster_BP] Attack Time Set
[2016.08.18-22.28.22:281][957]PIE:Warning: Warning Mobility of OrbReticleFadeOut_BP_C_0 : RenderComponent has to be 'Movable' if you'd like to move. 
[2016.08.18-22.28.22:281][957]LogPhysics:Warning: MoveFixedBody: Trying to move component'/Temp/Autosaves/Game/Levels/UEDPCOverworldLevel.OverworldLevel:PersistentLevel.OrbReticleFadeOut_BP_C_0.RenderComponent' with a non-Movable Mobility.
[2016.08.18-22.28.22:283][957]PIE:Warning: Warning Mobility of OrbReticleFadeOut_BP_C_0 : RenderComponent has to be 'Movable' if you'd like to move. 
[2016.08.18-22.28.22:283][957]LogBlueprintUserMessages: [OrbReticleFadeOut_BP_C_0] X=-267.734 Y=170.297 Z=630.000
[2016.08.18-22.28.22:297][958]PIE:Warning: Warning Mobility of OrbReticleFadeOut_BP_C_0 : RenderComponent has to be 'Movable' if you'd like to move. 
[2016.08.18-22.28.22:297][958]LogBlueprintUserMessages: [OrbReticleFadeOut_BP_C_0] X=-267.734 Y=170.297 Z=630.000
[2016.08.18-22.28.22:313][959]PIE:Warning: Warning Mobility of OrbReticleFadeOut_BP_C_0 : RenderComponent has to be 'Movable' if you'd like to move. 
[2016.08.18-22.28.22:313][959]LogBlueprintUserMessages: [OrbReticleFadeOut_BP_C_0] X=-267.734 Y=170.297 Z=630.000
[2016.08.18-22.28.22:329][960]PIE:Warning: Warning Mobility of OrbReticleFadeOut_BP_C_0 : RenderComponent has to be 'Movable' if you'd like to move. 
[2016.08.18-22.28.22:329][960]LogBlueprintUserMessages: [OrbReticleFadeOut_BP_C_0] X=-267.734 Y=170.297 Z=630.000
[2016.08.18-22.28.22:345][961]PIE:Warning: Warning Mobility of OrbReticleFadeOut_BP_C_0 : RenderComponent has to be 'Movable' if you'd like to move. 
[2016.08.18-22.28.22:345][961]LogBlueprintUserMessages: [OrbReticleFadeOut_BP_C_0] X=-267.734 Y=170.297 Z=630.000
[2016.08.18-22.28.22:361][962]PIE:Warning: Warning Mobility of OrbReticleFadeOut_BP_C_0 : RenderComponent has to be 'Movable' if you'd like to move. 
[2016.08.18-22.28.22:362][962]LogBlueprintUserMessages: [OrbReticleFadeOut_BP_C_0] X=-267.734 Y=170.297 Z=630.000
[2016.08.18-22.28.22:378][963]PIE:Warning: Warning Mobility of OrbReticleFadeOut_BP_C_0 : RenderComponent has to be 'Movable' if you'd like to move. 
[2016.08.18-22.28.22:378][963]LogBlueprintUserMessages: [OrbReticleFadeOut_BP_C_0] X=-267.734 Y=170.297 Z=630.000
[2016.08.18-22.28.22:394][964]PIE:Warning: Warning Mobility of OrbReticleFadeOut_BP_C_0 : RenderComponent has to be 'Movable' if you'd like to move. 
[2016.08.18-22.28.22:394][964]LogBlueprintUserMessages: [OrbReticleFadeOut_BP_C_0] X=-267.734 Y=170.297 Z=630.000
[2016.08.18-22.28.22:410][965]PIE:Warning: Warning Mobility of OrbReticleFadeOut_BP_C_0 : RenderComponent has to be 'Movable' if you'd like to move. 
[2016.08.18-22.28.22:410][965]LogBlueprintUserMessages: [OrbReticleFadeOut_BP_C_0] X=-267.734 Y=170.297 Z=630.000
[2016.08.18-22.28.22:426][966]PIE:Warning: Warning Mobility of OrbReticleFadeOut_BP_C_0 : RenderComponent has to be 'Movable' if you'd like to move. 
[2016.08.18-22.28.22:426][966]LogBlueprintUserMessages: [OrbReticleFadeOut_BP_C_0] X=-267.734 Y=170.297 Z=630.000
[2016.08.18-22.28.22:442][967]PIE:Warning: Warning Mobility of OrbReticleFadeOut_BP_C_0 : RenderComponent has to be 'Movable' if you'd like to move. 
[2016.08.18-22.28.22:442][967]LogBlueprintUserMessages: [OrbReticleFadeOut_BP_C_0] X=-267.734 Y=170.297 Z=630.000
[2016.08.18-22.28.22:458][968]PIE:Warning: Warning Mobility of OrbReticleFadeOut_BP_C_0 : RenderComponent has to be 'Movable' if you'd like to move. 
[2016.08.18-22.28.22:458][968]LogBlueprintUserMessages: [OrbReticleFadeOut_BP_C_0] X=-267.734 Y=170.297 Z=630.000
[2016.08.18-22.28.22:474][969]PIE:Warning: Warning Mobility of OrbReticleFadeOut_BP_C_0 : RenderComponent has to be 'Movable' if you'd like to move. 
[2016.08.18-22.28.22:474][969]LogBlueprintUserMessages: [OrbReticleFadeOut_BP_C_0] X=-267.734 Y=170.297 Z=630.000
[2016.08.18-22.28.22:490][970]PIE:Warning: Warning Mobility of OrbReticleFadeOut_BP_C_0 : RenderComponent has to be 'Movable' if you'd like to move. 
[2016.08.18-22.28.22:490][970]LogBlueprintUserMessages: [OrbReticleFadeOut_BP_C_0] X=-267.734 Y=170.297 Z=630.000
[2016.08.18-22.28.22:506][971]PIE:Warning: Warning Mobility of OrbReticleFadeOut_BP_C_0 : RenderComponent has to be 'Movable' if you'd like to move. 
[2016.08.18-22.28.22:506][971]LogBlueprintUserMessages: [OrbReticleFadeOut_BP_C_0] X=-267.734 Y=170.297 Z=630.000
[2016.08.18-22.28.22:522][972]PIE:Warning: Warning Mobility of OrbReticleFadeOut_BP_C_0 : RenderComponent has to be 'Movable' if you'd like to move. 
[2016.08.18-22.28.22:522][972]LogBlueprintUserMessages: [OrbReticleFadeOut_BP_C_0] X=-267.734 Y=170.297 Z=630.000
[2016.08.18-22.28.22:539][973]PIE:Warning: Warning Mobility of OrbReticleFadeOut_BP_C_0 : RenderComponent has to be 'Movable' if you'd like to move. 
[2016.08.18-22.28.22:539][973]LogBlueprintUserMessages: [OrbReticleFadeOut_BP_C_0] X=-267.734 Y=170.297 Z=630.000
[2016.08.18-22.28.22:555][974]PIE:Warning: Warning Mobility of OrbReticleFadeOut_BP_C_0 : RenderComponent has to be 'Movable' if you'd like to move. 
[2016.08.18-22.28.22:555][974]LogBlueprintUserMessages: [OrbReticleFadeOut_BP_C_0] X=-267.734 Y=170.297 Z=630.000
[2016.08.18-22.28.22:571][975]PIE:Warning: Warning Mobility of OrbReticleFadeOut_BP_C_0 : RenderComponent has to be 'Movable' if you'd like to move. 
[2016.08.18-22.28.22:571][975]LogBlueprintUserMessages: [OrbReticleFadeOut_BP_C_0] X=-267.734 Y=170.297 Z=630.000
[2016.08.18-22.28.22:587][976]PIE:Warning: Warning Mobility of OrbReticleFadeOut_BP_C_0 : RenderComponent has to be 'Movable' if you'd like to move. 
[2016.08.18-22.28.22:587][976]LogBlueprintUserMessages: [OrbReticleFadeOut_BP_C_0] X=-267.734 Y=170.297 Z=630.000
[2016.08.18-22.28.22:603][977]PIE:Warning: Warning Mobility of OrbReticleFadeOut_BP_C_0 : RenderComponent has to be 'Movable' if you'd like to move. 
[2016.08.18-22.28.22:603][977]LogBlueprintUserMessages: [OrbReticleFadeOut_BP_C_0] X=-267.734 Y=170.297 Z=630.000
[2016.08.18-22.28.22:619][978]PIE:Warning: Warning Mobility of OrbReticleFadeOut_BP_C_0 : RenderComponent has to be 'Movable' if you'd like to move. 
[2016.08.18-22.28.22:619][978]LogBlueprintUserMessages: [OrbReticleFadeOut_BP_C_0] X=-267.734 Y=170.297 Z=630.000
[2016.08.18-22.28.22:636][979]PIE:Warning: Warning Mobility of OrbReticleFadeOut_BP_C_0 : RenderComponent has to be 'Movable' if you'd like to move. 
[2016.08.18-22.28.22:636][979]LogBlueprintUserMessages: [OrbReticleFadeOut_BP_C_0] X=-267.734 Y=170.297 Z=630.000
[2016.08.18-22.28.22:652][980]PIE:Warning: Warning Mobility of OrbReticleFadeOut_BP_C_0 : RenderComponent has to be 'Movable' if you'd like to move. 
[2016.08.18-22.28.22:652][980]LogBlueprintUserMessages: [OrbReticleFadeOut_BP_C_0] X=-267.734 Y=170.297 Z=630.000
[2016.08.18-22.28.22:668][981]PIE:Warning: Warning Mobility of OrbReticleFadeOut_BP_C_0 : RenderComponent has to be 'Movable' if you'd like to move. 
[2016.08.18-22.28.22:668][981]LogBlueprintUserMessages: [OrbReticleFadeOut_BP_C_0] X=-267.734 Y=170.297 Z=630.000
[2016.08.18-22.28.22:684][982]PIE:Warning: Warning Mobility of OrbReticleFadeOut_BP_C_0 : RenderComponent has to be 'Movable' if you'd like to move. 
[2016.08.18-22.28.22:684][982]LogBlueprintUserMessages: [OrbReticleFadeOut_BP_C_0] X=-267.734 Y=170.297 Z=630.000
[2016.08.18-22.28.22:700][983]PIE:Warning: Warning Mobility of OrbReticleFadeOut_BP_C_0 : RenderComponent has to be 'Movable' if you'd like to move. 
[2016.08.18-22.28.22:700][983]LogBlueprintUserMessages: [OrbReticleFadeOut_BP_C_0] X=-267.734 Y=170.297 Z=630.000
[2016.08.18-22.28.22:717][984]PIE:Warning: Warning Mobility of OrbReticleFadeOut_BP_C_0 : RenderComponent has to be 'Movable' if you'd like to move. 
[2016.08.18-22.28.22:717][984]LogBlueprintUserMessages: [OrbReticleFadeOut_BP_C_0] X=-267.734 Y=170.297 Z=630.000
[2016.08.18-22.28.22:732][985]PIE:Warning: Warning Mobility of OrbReticleFadeOut_BP_C_0 : RenderComponent has to be 'Movable' if you'd like to move. 
[2016.08.18-22.28.22:732][985]LogBlueprintUserMessages: [OrbReticleFadeOut_BP_C_0] X=-267.734 Y=170.297 Z=630.000
[2016.08.18-22.28.22:751][986]PIE:Warning: Warning Mobility of OrbReticleFadeOut_BP_C_0 : RenderComponent has to be 'Movable' if you'd like to move. 
[2016.08.18-22.28.22:751][986]LogBlueprintUserMessages: [OrbReticleFadeOut_BP_C_0] X=-267.734 Y=170.297 Z=630.000
[2016.08.18-22.28.22:767][987]PIE:Warning: Warning Mobility of OrbReticleFadeOut_BP_C_0 : RenderComponent has to be 'Movable' if you'd like to move. 
[2016.08.18-22.28.22:767][987]LogBlueprintUserMessages: [OrbReticleFadeOut_BP_C_0] X=-267.734 Y=170.297 Z=630.000
[2016.08.18-22.28.22:783][988]PIE:Warning: Warning Mobility of OrbReticleFadeOut_BP_C_0 : RenderComponent has to be 'Movable' if you'd like to move. 
[2016.08.18-22.28.22:783][988]LogBlueprintUserMessages: [OrbReticleFadeOut_BP_C_0] X=-267.734 Y=170.297 Z=630.000
[2016.08.18-22.28.22:800][989]PIE:Warning: Warning Mobility of OrbReticleFadeOut_BP_C_0 : RenderComponent has to be 'Movable' if you'd like to move. 
[2016.08.18-22.28.22:800][989]LogBlueprintUserMessages: [OrbReticleFadeOut_BP_C_0] X=-267.734 Y=170.297 Z=630.000
[2016.08.18-22.28.22:816][990]PIE:Warning: Warning Mobility of OrbReticleFadeOut_BP_C_0 : RenderComponent has to be 'Movable' if you'd like to move. 
[2016.08.18-22.28.22:816][990]LogBlueprintUserMessages: [OrbReticleFadeOut_BP_C_0] X=-267.734 Y=170.297 Z=630.000
[2016.08.18-22.28.22:832][991]PIE:Warning: Warning Mobility of OrbReticleFadeOut_BP_C_0 : RenderComponent has to be 'Movable' if you'd like to move. 
[2016.08.18-22.28.22:832][991]LogBlueprintUserMessages: [OrbReticleFadeOut_BP_C_0] X=-267.734 Y=170.297 Z=630.000
[2016.08.18-22.28.22:848][992]PIE:Warning: Warning Mobility of OrbReticleFadeOut_BP_C_0 : RenderComponent has to be 'Movable' if you'd like to move. 
[2016.08.18-22.28.22:848][992]LogBlueprintUserMessages: [OrbReticleFadeOut_BP_C_0] X=-267.844 Y=170.281 Z=630.000
[2016.08.18-22.28.22:865][993]PIE:Warning: Warning Mobility of OrbReticleFadeOut_BP_C_0 : RenderComponent has to be 'Movable' if you'd like to move. 
[2016.08.18-22.28.22:865][993]LogBlueprintUserMessages: [OrbReticleFadeOut_BP_C_0] X=-268.063 Y=170.313 Z=630.000
[2016.08.18-22.28.22:882][994]PIE:Warning: Warning Mobility of OrbReticleFadeOut_BP_C_0 : RenderComponent has to be 'Movable' if you'd like to move. 
[2016.08.18-22.28.22:882][994]LogBlueprintUserMessages: [OrbReticleFadeOut_BP_C_0] X=-268.172 Y=170.328 Z=630.000
[2016.08.18-22.28.22:898][995]PIE:Warning: Warning Mobility of OrbReticleFadeOut_BP_C_0 : RenderComponent has to be 'Movable' if you'd like to move. 
[2016.08.18-22.28.22:898][995]LogBlueprintUserMessages: [OrbReticleFadeOut_BP_C_0] X=-268.219 Y=170.359 Z=630.000
[2016.08.18-22.28.22:914][996]PIE:Warning: Warning Mobility of OrbReticleFadeOut_BP_C_0 : RenderComponent has to be 'Movable' if you'd like to move. 
[2016.08.18-22.28.22:914][996]LogBlueprintUserMessages: [OrbReticleFadeOut_BP_C_0] X=-268.281 Y=170.406 Z=630.000
[2016.08.18-22.28.22:931][997]PIE:Warning: Warning Mobility of OrbReticleFadeOut_BP_C_0 : RenderComponent has to be 'Movable' if you'd like to move. 
[2016.08.18-22.28.22:931][997]LogBlueprintUserMessages: [OrbReticleFadeOut_BP_C_0] X=-268.391 Y=170.516 Z=630.000
[2016.08.18-22.28.22:947][998]PIE:Warning: Warning Mobility of OrbReticleFadeOut_BP_C_0 : RenderComponent has to be 'Movable' if you'd like to move. 
[2016.08.18-22.28.22:947][998]LogBlueprintUserMessages: [OrbReticleFadeOut_BP_C_0] X=-268.531 Y=170.781 Z=630.000
[2016.08.18-22.28.22:962][999]PIE:Warning: Warning Mobility of OrbReticleFadeOut_BP_C_0 : RenderComponent has to be 'Movable' if you'd like to move. 
[2016.08.18-22.28.22:962][999]LogBlueprintUserMessages: [OrbReticleFadeOut_BP_C_0] X=-268.625 Y=171.063 Z=630.000
[2016.08.18-22.28.22:978][  0]PIE:Warning: Warning Mobility of OrbReticleFadeOut_BP_C_0 : RenderComponent has to be 'Movable' if you'd like to move. 
[2016.08.18-22.28.22:978][  0]LogBlueprintUserMessages: [OrbReticleFadeOut_BP_C_0] X=-268.672 Y=171.297 Z=630.000
[2016.08.18-22.28.22:994][  1]PIE:Warning: Warning Mobility of OrbReticleFadeOut_BP_C_0 : RenderComponent has to be 'Movable' if you'd like to move. 
[2016.08.18-22.28.22:994][  1]LogBlueprintUserMessages: [OrbReticleFadeOut_BP_C_0] X=-268.734 Y=171.469 Z=630.000
[2016.08.18-22.28.23:011][  2]PIE:Warning: Warning Mobility of OrbReticleFadeOut_BP_C_0 : RenderComponent has to be 'Movable' if you'd like to move. 
[2016.08.18-22.28.23:011][  2]LogBlueprintUserMessages: [OrbReticleFadeOut_BP_C_0] X=-268.750 Y=171.594 Z=630.000
[2016.08.18-22.28.23:027][  3]PIE:Warning: Warning Mobility of OrbReticleFadeOut_BP_C_0 : RenderComponent has to be 'Movable' if you'd like to move. 
[2016.08.18-22.28.23:027][  3]LogBlueprintUserMessages: [OrbReticleFadeOut_BP_C_0] X=-268.750 Y=171.672 Z=630.000
[2016.08.18-22.28.23:042][  4]PIE:Warning: Warning Mobility of OrbReticleFadeOut_BP_C_0 : RenderComponent has to be 'Movable' if you'd like to move. 
[2016.08.18-22.28.23:042][  4]LogBlueprintUserMessages: [OrbReticleFadeOut_BP_C_0] X=-268.750 Y=171.672 Z=630.000
[2016.08.18-22.28.23:058][  5]PIE:Warning: Warning Mobility of OrbReticleFadeOut_BP_C_0 : RenderComponent has to be 'Movable' if you'd like to move. 
[2016.08.18-22.28.23:058][  5]LogBlueprintUserMessages: [OrbReticleFadeOut_BP_C_0] X=-268.750 Y=171.672 Z=630.000
[2016.08.18-22.28.23:075][  6]PIE:Warning: Warning Mobility of OrbReticleFadeOut_BP_C_0 : RenderComponent has to be 'Movable' if you'd like to move. 
[2016.08.18-22.28.23:075][  6]LogBlueprintUserMessages: [OrbReticleFadeOut_BP_C_0] X=-268.750 Y=171.719 Z=630.000
[2016.08.18-22.28.23:091][  7]PIE:Warning: Warning Mobility of OrbReticleFadeOut_BP_C_0 : RenderComponent has to be 'Movable' if you'd like to move. 
[2016.08.18-22.28.23:091][  7]LogBlueprintUserMessages: [OrbReticleFadeOut_BP_C_0] X=-268.734 Y=171.906 Z=630.000
[2016.08.18-22.28.23:107][  8]PIE:Warning: Warning Mobility of OrbReticleFadeOut_BP_C_0 : RenderComponent has to be 'Movable' if you'd like to move. 
[2016.08.18-22.28.23:107][  8]LogBlueprintUserMessages: [OrbReticleFadeOut_BP_C_0] X=-268.688 Y=172.219 Z=630.000
[2016.08.18-22.28.23:123][  9]PIE:Warning: Warning Mobility of OrbReticleFadeOut_BP_C_0 : RenderComponent has to be 'Movable' if you'd like to move. 
[2016.08.18-22.28.23:123][  9]LogBlueprintUserMessages: [OrbReticleFadeOut_BP_C_0] X=-268.656 Y=172.484 Z=630.000
[2016.08.18-22.28.23:139][ 10]PIE:Warning: Warning Mobility of OrbReticleFadeOut_BP_C_0 : RenderComponent has to be 'Movable' if you'd like to move. 
[2016.08.18-22.28.23:139][ 10]LogBlueprintUserMessages: [OrbReticleFadeOut_BP_C_0] X=-268.609 Y=172.766 Z=630.000
[2016.08.18-22.28.23:156][ 11]PIE:Warning: Warning Mobility of OrbReticleFadeOut_BP_C_0 : RenderComponent has to be 'Movable' if you'd like to move. 
[2016.08.18-22.28.23:156][ 11]LogBlueprintUserMessages: [OrbReticleFadeOut_BP_C_0] X=-268.578 Y=172.938 Z=630.000
[2016.08.18-22.28.23:171][ 12]PIE:Warning: Warning Mobility of OrbReticleFadeOut_BP_C_0 : RenderComponent has to be 'Movable' if you'd like to move. 
[2016.08.18-22.28.23:171][ 12]LogBlueprintUserMessages: [OrbReticleFadeOut_BP_C_0] X=-268.563 Y=173.109 Z=630.000
[2016.08.18-22.28.23:188][ 13]PIE:Warning: Warning Mobility of OrbReticleFadeOut_BP_C_0 : RenderComponent has to be 'Movable' if you'd like to move. 
[2016.08.18-22.28.23:188][ 13]LogBlueprintUserMessages: [OrbReticleFadeOut_BP_C_0] X=-268.547 Y=173.219 Z=630.000
[2016.08.18-22.28.23:204][ 14]PIE:Warning: Warning Mobility of OrbReticleFadeOut_BP_C_0 : RenderComponent has to be 'Movable' if you'd like to move. 
[2016.08.18-22.28.23:204][ 14]LogBlueprintUserMessages: [OrbReticleFadeOut_BP_C_0] X=-268.547 Y=173.359 Z=630.000
[2016.08.18-22.28.23:220][ 15]PIE:Warning: Warning Mobility of OrbReticleFadeOut_BP_C_0 : RenderComponent has to be 'Movable' if you'd like to move. 
[2016.08.18-22.28.23:220][ 15]LogBlueprintUserMessages: [OrbReticleFadeOut_BP_C_0] X=-268.516 Y=173.547 Z=630.000
[2016.08.18-22.28.23:238][ 16]PIE:Warning: Warning Mobility of OrbReticleFadeOut_BP_C_0 : RenderComponent has to be 'Movable' if you'd like to move. 
[2016.08.18-22.28.23:238][ 16]LogBlueprintUserMessages: [OrbReticleFadeOut_BP_C_0] X=-268.500 Y=173.953 Z=630.000
[2016.08.18-22.28.23:254][ 17]PIE:Warning: Warning Mobility of OrbReticleFadeOut_BP_C_0 : RenderComponent has to be 'Movable' if you'd like to move. 
[2016.08.18-22.28.23:254][ 17]LogBlueprintUserMessages: [OrbReticleFadeOut_BP_C_0] X=-268.469 Y=174.172 Z=630.000
[2016.08.18-22.28.23:270][ 18]PIE:Warning: Warning Mobility of OrbReticleFadeOut_BP_C_0 : RenderComponent has to be 'Movable' if you'd like to move. 
[2016.08.18-22.28.23:270][ 18]LogBlueprintUserMessages: [OrbReticleFadeOut_BP_C_0] X=-268.453 Y=174.281 Z=630.000
[2016.08.18-22.28.23:285][ 19]PIE:Warning: Warning Mobility of OrbReticleFadeOut_BP_C_0 : RenderComponent has to be 'Movable' if you'd like to move. 
[2016.08.18-22.28.23:285][ 19]LogBlueprintUserMessages: [OrbReticleFadeOut_BP_C_0] X=-268.453 Y=174.313 Z=630.000
[2016.08.18-22.28.23:301][ 20]PIE:Warning: Warning Mobility of OrbReticleFadeOut_BP_C_0 : RenderComponent has to be 'Movable' if you'd like to move. 
[2016.08.18-22.28.23:301][ 20]LogBlueprintUserMessages: [OrbReticleFadeOut_BP_C_0] X=-268.453 Y=174.328 Z=630.000
[2016.08.18-22.28.23:316][ 21]PIE:Warning: Warning Mobility of OrbReticleFadeOut_BP_C_0 : RenderComponent has to be 'Movable' if you'd like to move. 
[2016.08.18-22.28.23:316][ 21]LogBlueprintUserMessages: [OrbReticleFadeOut_BP_C_0] X=-268.453 Y=174.328 Z=630.000
[2016.08.18-22.28.23:332][ 22]PIE:Warning: Warning Mobility of OrbReticleFadeOut_BP_C_0 : RenderComponent has to be 'Movable' if you'd like to move. 
[2016.08.18-22.28.23:332][ 22]LogBlueprintUserMessages: [OrbReticleFadeOut_BP_C_0] X=-268.453 Y=174.328 Z=630.000
[2016.08.18-22.28.23:348][ 23]PIE:Warning: Warning Mobility of OrbReticleFadeOut_BP_C_0 : RenderComponent has to be 'Movable' if you'd like to move. 
[2016.08.18-22.28.23:348][ 23]LogBlueprintUserMessages: [OrbReticleFadeOut_BP_C_0] X=-268.453 Y=174.328 Z=630.000
[2016.08.18-22.28.23:364][ 24]PIE:Warning: Warning Mobility of OrbReticleFadeOut_BP_C_0 : RenderComponent has to be 'Movable' if you'd like to move. 
[2016.08.18-22.28.23:364][ 24]LogBlueprintUserMessages: [OrbReticleFadeOut_BP_C_0] X=-268.453 Y=174.328 Z=630.000
[2016.08.18-22.28.23:380][ 25]PIE:Warning: Warning Mobility of OrbReticleFadeOut_BP_C_0 : RenderComponent has to be 'Movable' if you'd like to move. 
[2016.08.18-22.28.23:380][ 25]LogBlueprintUserMessages: [OrbReticleFadeOut_BP_C_0] X=-268.453 Y=174.328 Z=630.000
[2016.08.18-22.28.23:396][ 26]PIE:Warning: Warning Mobility of OrbReticleFadeOut_BP_C_0 : RenderComponent has to be 'Movable' if you'd like to move. 
[2016.08.18-22.28.23:396][ 26]LogBlueprintUserMessages: [OrbReticleFadeOut_BP_C_0] X=-268.453 Y=174.328 Z=630.000
[2016.08.18-22.28.23:413][ 27]PIE:Warning: Warning Mobility of OrbReticleFadeOut_BP_C_0 : RenderComponent has to be 'Movable' if you'd like to move. 
[2016.08.18-22.28.23:413][ 27]LogBlueprintUserMessages: [OrbReticleFadeOut_BP_C_0] X=-268.453 Y=174.328 Z=630.000
[2016.08.18-22.28.23:429][ 28]PIE:Warning: Warning Mobility of OrbReticleFadeOut_BP_C_0 : RenderComponent has to be 'Movable' if you'd like to move. 
[2016.08.18-22.28.23:429][ 28]LogBlueprintUserMessages: [OrbReticleFadeOut_BP_C_0] X=-268.453 Y=174.328 Z=630.000
[2016.08.18-22.28.23:445][ 29]PIE:Warning: Warning Mobility of OrbReticleFadeOut_BP_C_0 : RenderComponent has to be 'Movable' if you'd like to move. 
[2016.08.18-22.28.23:445][ 29]LogBlueprintUserMessages: [OrbReticleFadeOut_BP_C_0] X=-268.453 Y=174.328 Z=630.000
[2016.08.18-22.28.23:461][ 30]PIE:Warning: Warning Mobility of OrbReticleFadeOut_BP_C_0 : RenderComponent has to be 'Movable' if you'd like to move. 
[2016.08.18-22.28.23:461][ 30]LogBlueprintUserMessages: [OrbReticleFadeOut_BP_C_0] X=-268.453 Y=174.328 Z=630.000
[2016.08.18-22.28.23:477][ 31]PIE:Warning: Warning Mobility of OrbReticleFadeOut_BP_C_0 : RenderComponent has to be 'Movable' if you'd like to move. 
[2016.08.18-22.28.23:477][ 31]LogBlueprintUserMessages: [OrbReticleFadeOut_BP_C_0] X=-268.453 Y=174.328 Z=630.000
[2016.08.18-22.28.23:493][ 32]PIE:Warning: Warning Mobility of OrbReticleFadeOut_BP_C_0 : RenderComponent has to be 'Movable' if you'd like to move. 
[2016.08.18-22.28.23:493][ 32]LogBlueprintUserMessages: [OrbReticleFadeOut_BP_C_0] X=-268.453 Y=174.328 Z=630.000
[2016.08.18-22.28.23:509][ 33]PIE:Warning: Warning Mobility of OrbReticleFadeOut_BP_C_0 : RenderComponent has to be 'Movable' if you'd like to move. 
[2016.08.18-22.28.23:509][ 33]LogBlueprintUserMessages: [OrbReticleFadeOut_BP_C_0] X=-268.453 Y=174.328 Z=630.000
[2016.08.18-22.28.23:526][ 34]PIE:Warning: Warning Mobility of OrbReticleFadeOut_BP_C_0 : RenderComponent has to be 'Movable' if you'd like to move. 
[2016.08.18-22.28.23:526][ 34]LogBlueprintUserMessages: [OrbReticleFadeOut_BP_C_0] X=-268.453 Y=174.328 Z=630.000
[2016.08.18-22.28.23:543][ 35]PIE:Warning: Warning Mobility of OrbReticleFadeOut_BP_C_0 : RenderComponent has to be 'Movable' if you'd like to move. 
[2016.08.18-22.28.23:543][ 35]LogBlueprintUserMessages: [OrbReticleFadeOut_BP_C_0] X=-268.406 Y=174.406 Z=630.000
[2016.08.18-22.28.23:559][ 36]PIE:Warning: Warning Mobility of OrbReticleFadeOut_BP_C_0 : RenderComponent has to be 'Movable' if you'd like to move. 
[2016.08.18-22.28.23:559][ 36]LogBlueprintUserMessages: [OrbReticleFadeOut_BP_C_0] X=-268.234 Y=174.922 Z=630.000
[2016.08.18-22.28.23:575][ 37]PIE:Warning: Warning Mobility of OrbReticleFadeOut_BP_C_0 : RenderComponent has to be 'Movable' if you'd like to move. 
[2016.08.18-22.28.23:575][ 37]LogBlueprintUserMessages: [OrbReticleFadeOut_BP_C_0] X=-135.344 Y=535.218 Z=20.000
[2016.08.18-22.28.23:591][ 38]PIE:Warning: Warning Mobility of OrbReticleFadeOut_BP_C_0 : RenderComponent has to be 'Movable' if you'd like to move. 
[2016.08.18-22.28.23:591][ 38]LogBlueprintUserMessages: [OrbReticleFadeOut_BP_C_0] X=-110.156 Y=586.563 Z=20.000
[2016.08.18-22.28.23:607][ 39]PIE:Warning: Warning Mobility of OrbReticleFadeOut_BP_C_0 : RenderComponent has to be 'Movable' if you'd like to move. 
[2016.08.18-22.28.23:607][ 39]LogBlueprintUserMessages: [OrbReticleFadeOut_BP_C_0] X=-85.937 Y=623.376 Z=20.000
[2016.08.18-22.28.23:623][ 40]PIE:Warning: Warning Mobility of OrbReticleFadeOut_BP_C_0 : RenderComponent has to be 'Movable' if you'd like to move. 
[2016.08.18-22.28.23:623][ 40]LogBlueprintUserMessages: [OrbReticleFadeOut_BP_C_0] X=-64.627 Y=648.563 Z=20.000
[2016.08.18-22.28.23:640][ 41]PIE:Warning: Warning Mobility of OrbReticleFadeOut_BP_C_0 : RenderComponent has to be 'Movable' if you'd like to move. 
[2016.08.18-22.28.23:640][ 41]LogBlueprintUserMessages: [OrbReticleFadeOut_BP_C_0] X=-44.283 Y=669.875 Z=20.000
[2016.08.18-22.28.23:655][ 42]PIE:Warning: Warning Mobility of OrbReticleFadeOut_BP_C_0 : RenderComponent has to be 'Movable' if you'd like to move. 
[2016.08.18-22.28.23:655][ 42]LogBlueprintUserMessages: [OrbReticleFadeOut_BP_C_0] X=-20.064 Y=686.345 Z=20.000
[2016.08.18-22.28.23:671][ 43]PIE:Warning: Warning Mobility of OrbReticleFadeOut_BP_C_0 : RenderComponent has to be 'Movable' if you'd like to move. 
[2016.08.18-22.28.23:672][ 43]LogBlueprintUserMessages: [OrbReticleFadeOut_BP_C_0] X=6.094 Y=701.844 Z=20.000
[2016.08.18-22.28.23:688][ 44]PIE:Warning: Warning Mobility of OrbReticleFadeOut_BP_C_0 : RenderComponent has to be 'Movable' if you'd like to move. 
[2016.08.18-22.28.23:688][ 44]LogBlueprintUserMessages: [OrbReticleFadeOut_BP_C_0] X=30.312 Y=715.407 Z=20.000
[2016.08.18-22.28.23:704][ 45]PIE:Warning: Warning Mobility of OrbReticleFadeOut_BP_C_0 : RenderComponent has to be 'Movable' if you'd like to move. 
[2016.08.18-22.28.23:704][ 45]LogBlueprintUserMessages: [OrbReticleFadeOut_BP_C_0] X=51.623 Y=723.156 Z=20.000
[2016.08.18-22.28.23:720][ 46]PIE:Warning: Warning Mobility of OrbReticleFadeOut_BP_C_0 : RenderComponent has to be 'Movable' if you'd like to move. 
[2016.08.18-22.28.23:720][ 46]LogBlueprintUserMessages: [OrbReticleFadeOut_BP_C_0] X=67.123 Y=728.970 Z=20.000
[2016.08.18-22.28.23:736][ 47]PIE:Warning: Warning Mobility of OrbReticleFadeOut_BP_C_0 : RenderComponent has to be 'Movable' if you'd like to move. 
[2016.08.18-22.28.23:736][ 47]LogBlueprintUserMessages: [OrbReticleFadeOut_BP_C_0] X=74.875 Y=730.908 Z=20.000
[2016.08.18-22.28.23:753][ 48]PIE:Warning: Warning Mobility of OrbReticleFadeOut_BP_C_0 : RenderComponent has to be 'Movable' if you'd like to move. 
[2016.08.18-22.28.23:753][ 48]LogBlueprintUserMessages: [OrbReticleFadeOut_BP_C_0] X=0.000 Y=0.000 Z=0.000
[2016.08.18-22.28.23:768][ 49]PIE:Warning: Warning Mobility of OrbReticleFadeOut_BP_C_0 : RenderComponent has to be 'Movable' if you'd like to move. 
[2016.08.18-22.28.23:769][ 49]LogBlueprintUserMessages: [OrbReticleFadeOut_BP_C_0] X=0.000 Y=0.000 Z=0.000
[2016.08.18-22.28.23:785][ 50]PIE:Warning: Warning Mobility of OrbReticleFadeOut_BP_C_0 : RenderComponent has to be 'Movable' if you'd like to move. 
[2016.08.18-22.28.23:785][ 50]LogBlueprintUserMessages: [OrbReticleFadeOut_BP_C_0] X=0.000 Y=0.000 Z=0.000
[2016.08.18-22.28.23:799][ 51]PIE:Warning: Warning Mobility of OrbReticleFadeOut_BP_C_0 : RenderComponent has to be 'Movable' if you'd like to move. 
[2016.08.18-22.28.23:799][ 51]LogBlueprintUserMessages: [OrbReticleFadeOut_BP_C_0] X=0.000 Y=0.000 Z=0.000
[2016.08.18-22.28.23:816][ 52]PIE:Warning: Warning Mobility of OrbReticleFadeOut_BP_C_0 : RenderComponent has to be 'Movable' if you'd like to move. 
[2016.08.18-22.28.23:816][ 52]LogBlueprintUserMessages: [OrbReticleFadeOut_BP_C_0] X=0.000 Y=0.000 Z=0.000
[2016.08.18-22.28.23:832][ 53]PIE:Warning: Warning Mobility of OrbReticleFadeOut_BP_C_0 : RenderComponent has to be 'Movable' if you'd like to move. 
[2016.08.18-22.28.23:832][ 53]LogBlueprintUserMessages: [OrbReticleFadeOut_BP_C_0] X=0.000 Y=0.000 Z=0.000
[2016.08.18-22.28.23:848][ 54]PIE:Warning: Warning Mobility of OrbReticleFadeOut_BP_C_0 : RenderComponent has to be 'Movable' if you'd like to move. 
[2016.08.18-22.28.23:848][ 54]LogBlueprintUserMessages: [OrbReticleFadeOut_BP_C_0] X=0.000 Y=0.000 Z=0.000
[2016.08.18-22.28.23:864][ 55]PIE:Warning: Warning Mobility of OrbReticleFadeOut_BP_C_0 : RenderComponent has to be 'Movable' if you'd like to move. 
[2016.08.18-22.28.23:864][ 55]LogBlueprintUserMessages: [OrbReticleFadeOut_BP_C_0] X=0.000 Y=0.000 Z=0.000
[2016.08.18-22.28.23:882][ 56]PIE:Warning: Warning Mobility of OrbReticleFadeOut_BP_C_0 : RenderComponent has to be 'Movable' if you'd like to move. 
[2016.08.18-22.28.23:882][ 56]LogBlueprintUserMessages: [OrbReticleFadeOut_BP_C_0] X=0.000 Y=0.000 Z=0.000
[2016.08.18-22.28.23:898][ 57]PIE:Warning: Warning Mobility of OrbReticleFadeOut_BP_C_0 : RenderComponent has to be 'Movable' if you'd like to move. 
[2016.08.18-22.28.23:898][ 57]LogBlueprintUserMessages: [OrbReticleFadeOut_BP_C_0] X=0.000 Y=0.000 Z=0.000
[2016.08.18-22.28.23:914][ 58]PIE:Warning: Warning Mobility of OrbReticleFadeOut_BP_C_0 : RenderComponent has to be 'Movable' if you'd like to move. 
[2016.08.18-22.28.23:914][ 58]LogBlueprintUserMessages: [OrbReticleFadeOut_BP_C_0] X=0.000 Y=0.000 Z=0.000
[2016.08.18-22.28.23:931][ 59]PIE:Warning: Warning Mobility of OrbReticleFadeOut_BP_C_0 : RenderComponent has to be 'Movable' if you'd like to move. 
[2016.08.18-22.28.23:931][ 59]LogBlueprintUserMessages: [OrbReticleFadeOut_BP_C_0] X=0.000 Y=0.000 Z=0.000
[2016.08.18-22.28.23:945][ 60]PIE:Warning: Warning Mobility of OrbReticleFadeOut_BP_C_0 : RenderComponent has to be 'Movable' if you'd like to move. 
[2016.08.18-22.28.23:945][ 60]LogBlueprintUserMessages: [OrbReticleFadeOut_BP_C_0] X=0.000 Y=0.000 Z=0.000
[2016.08.18-22.28.23:962][ 61]PIE:Warning: Warning Mobility of OrbReticleFadeOut_BP_C_0 : RenderComponent has to be 'Movable' if you'd like to move. 
[2016.08.18-22.28.23:962][ 61]LogBlueprintUserMessages: [OrbReticleFadeOut_BP_C_0] X=0.000 Y=0.000 Z=0.000
[2016.08.18-22.28.23:978][ 62]PIE:Warning: Warning Mobility of OrbReticleFadeOut_BP_C_0 : RenderComponent has to be 'Movable' if you'd like to move. 
[2016.08.18-22.28.23:978][ 62]LogBlueprintUserMessages: [OrbReticleFadeOut_BP_C_0] X=0.000 Y=0.000 Z=0.000
[2016.08.18-22.28.23:994][ 63]PIE:Warning: Warning Mobility of OrbReticleFadeOut_BP_C_0 : RenderComponent has to be 'Movable' if you'd like to move. 
[2016.08.18-22.28.23:994][ 63]LogBlueprintUserMessages: [OrbReticleFadeOut_BP_C_0] X=0.000 Y=0.000 Z=0.000
[2016.08.18-22.28.24:010][ 64]PIE:Warning: Warning Mobility of OrbReticleFadeOut_BP_C_0 : RenderComponent has to be 'Movable' if you'd like to move. 
[2016.08.18-22.28.24:010][ 64]LogBlueprintUserMessages: [OrbReticleFadeOut_BP_C_0] X=0.000 Y=0.000 Z=0.000
[2016.08.18-22.28.24:026][ 65]PIE:Warning: Warning Mobility of OrbReticleFadeOut_BP_C_0 : RenderComponent has to be 'Movable' if you'd like to move. 
[2016.08.18-22.28.24:026][ 65]LogBlueprintUserMessages: [OrbReticleFadeOut_BP_C_0] X=0.000 Y=0.000 Z=0.000
[2016.08.18-22.28.24:043][ 66]PIE:Warning: Warning Mobility of OrbReticleFadeOut_BP_C_0 : RenderComponent has to be 'Movable' if you'd like to move. 
[2016.08.18-22.28.24:043][ 66]LogBlueprintUserMessages: [OrbReticleFadeOut_BP_C_0] X=0.000 Y=0.000 Z=0.000
[2016.08.18-22.28.24:059][ 67]PIE:Warning: Warning Mobility of OrbReticleFadeOut_BP_C_0 : RenderComponent has to be 'Movable' if you'd like to move. 
[2016.08.18-22.28.24:059][ 67]LogBlueprintUserMessages: [OrbReticleFadeOut_BP_C_0] X=0.000 Y=0.000 Z=0.000
[2016.08.18-22.28.24:075][ 68]PIE:Warning: Warning Mobility of OrbReticleFadeOut_BP_C_0 : RenderComponent has to be 'Movable' if you'd like to move. 
[2016.08.18-22.28.24:075][ 68]LogBlueprintUserMessages: [OrbReticleFadeOut_BP_C_0] X=0.000 Y=0.000 Z=0.000
[2016.08.18-22.28.24:091][ 69]PIE:Warning: Warning Mobility of OrbReticleFadeOut_BP_C_0 : RenderComponent has to be 'Movable' if you'd like to move. 
[2016.08.18-22.28.24:091][ 69]LogBlueprintUserMessages: [OrbReticleFadeOut_BP_C_0] X=0.000 Y=0.000 Z=0.000
[2016.08.18-22.28.24:107][ 70]PIE:Warning: Warning Mobility of OrbReticleFadeOut_BP_C_0 : RenderComponent has to be 'Movable' if you'd like to move. 
[2016.08.18-22.28.24:108][ 70]LogBlueprintUserMessages: [OrbReticleFadeOut_BP_C_0] X=0.000 Y=0.000 Z=0.000
[2016.08.18-22.28.24:123][ 71]PIE:Warning: Warning Mobility of OrbReticleFadeOut_BP_C_0 : RenderComponent has to be 'Movable' if you'd like to move. 
[2016.08.18-22.28.24:123][ 71]LogBlueprintUserMessages: [OrbReticleFadeOut_BP_C_0] X=0.000 Y=0.000 Z=0.000
[2016.08.18-22.28.24:140][ 72]PIE:Warning: Warning Mobility of OrbReticleFadeOut_BP_C_0 : RenderComponent has to be 'Movable' if you'd like to move. 
[2016.08.18-22.28.24:140][ 72]LogBlueprintUserMessages: [OrbReticleFadeOut_BP_C_0] X=0.000 Y=0.000 Z=0.000
[2016.08.18-22.28.24:156][ 73]PIE:Warning: Warning Mobility of OrbReticleFadeOut_BP_C_0 : RenderComponent has to be 'Movable' if you'd like to move. 
[2016.08.18-22.28.24:156][ 73]LogBlueprintUserMessages: [OrbReticleFadeOut_BP_C_0] X=0.000 Y=0.000 Z=0.000
[2016.08.18-22.28.24:171][ 74]PIE:Warning: Warning Mobility of OrbReticleFadeOut_BP_C_0 : RenderComponent has to be 'Movable' if you'd like to move. 
[2016.08.18-22.28.24:171][ 74]LogBlueprintUserMessages: [OrbReticleFadeOut_BP_C_0] X=0.000 Y=0.000 Z=0.000
[2016.08.18-22.28.24:319][ 75]LogWindowsTextInputMethodSystem:Display: IME system now deactivated.
[2016.08.18-22.28.24:333][ 75]LogEngine: All Windows Closed
[2016.08.18-22.28.24:333][ 75]LogWindows: FPlatformMisc::RequestExit(0)
[2016.08.18-22.28.25:098][ 76]LogExit: Preparing to exit.
[2016.08.18-22.28.25:897][ 76]LogExit: Game engine shut down
[2016.08.18-22.28.26:013][ 76]LogObj: Freed 0b from 0 cluster array pools.
[2016.08.18-22.28.26:013][ 76]LogExit: Object subsystem successfully closed.
[2016.08.18-22.28.26:026][ 76]LogD3D11RHI: Shutdown
[2016.08.18-22.28.26:026][ 76]LogD3D11RHI: CleanupD3DDevice
[2016.08.18-22.28.26:088][ 76]LogD3D11RHI: ~FD3D11DynamicRHI
[2016.08.18-22.28.26:245][ 76]LogDerivedDataCache: Shutdown
[2016.08.18-22.28.26:245][ 76]LogModuleManager: Shutting down and abandoning module AndroidDeviceDetection (126)
[2016.08.18-22.28.26:708][ 76]LogModuleManager: Shutting down and abandoning module AutomationController (125)
[2016.08.18-22.28.26:708][ 76]LogModuleManager: Shutting down and abandoning module AutomationWorker (124)
[2016.08.18-22.28.26:708][ 76]LogModuleManager: Shutting down and abandoning module CharacterAI (123)
[2016.08.18-22.28.26:708][ 76]LogModuleManager: Shutting down and abandoning module AITestSuite (122)
[2016.08.18-22.28.26:708][ 76]LogModuleManager: Shutting down and abandoning module GameplayDebugger (121)
[2016.08.18-22.28.26:708][ 76]LogModuleManager: Shutting down and abandoning module AIModule (120)
[2016.08.18-22.28.26:708][ 76]LogModuleManager: Shutting down and abandoning module AssetRegistry (119)
[2016.08.18-22.28.26:708][ 76]LogModuleManager: Shutting down and abandoning module MovieSceneCapture (118)
[2016.08.18-22.28.26:708][ 76]LogModuleManager: Shutting down and abandoning module StreamingPauseRendering (117)
[2016.08.18-22.28.26:708][ 76]LogModuleManager: Shutting down and abandoning module PortalServices (116)
[2016.08.18-22.28.26:708][ 76]LogModuleManager: Shutting down and abandoning module PortalRpc (115)
[2016.08.18-22.28.26:708][ 76]LogModuleManager: Shutting down and abandoning module MessagingRpc (114)
[2016.08.18-22.28.26:708][ 76]LogModuleManager: Shutting down and abandoning module ProfilerService (113)
[2016.08.18-22.28.26:809][ 76]LogModuleManager: Shutting down and abandoning module TaskGraph (112)
[2016.08.18-22.28.26:809][ 76]LogModuleManager: Shutting down and abandoning module SlateRemote (111)
[2016.08.18-22.28.26:809][ 76]LogModuleManager: Shutting down and abandoning module SteamVRController (110)
[2016.08.18-22.28.26:809][ 76]LogModuleManager: Shutting down and abandoning module SteamVR (109)
[2016.08.18-22.28.26:809][ 76]LogModuleManager: Shutting down and abandoning module ProceduralMeshComponent (108)
[2016.08.18-22.28.26:809][ 76]LogModuleManager: Shutting down and abandoning module OculusLibrary (107)
[2016.08.18-22.28.26:809][ 76]LogModuleManager: Shutting down and abandoning module OculusInput (106)
[2016.08.18-22.28.26:809][ 76]LogModuleManager: Shutting down and abandoning module CustomMeshComponent (105)
[2016.08.18-22.28.26:809][ 76]LogModuleManager: Shutting down and abandoning module CableComponent (104)
[2016.08.18-22.28.26:809][ 76]LogModuleManager: Shutting down and abandoning module ArchVisCharacter (103)
[2016.08.18-22.28.26:809][ 76]LogModuleManager: Shutting down and abandoning module HTML5Networking (102)
[2016.08.18-22.28.26:809][ 76]LogModuleManager: Shutting down and abandoning module DesktopPlatform (101)
[2016.08.18-22.28.26:809][ 76]LogModuleManager: Shutting down and abandoning module DirectoryWatcher (100)
[2016.08.18-22.28.26:809][ 76]LogModuleManager: Shutting down and abandoning module HotReload (99)
[2016.08.18-22.28.26:809][ 76]LogModuleManager: Shutting down and abandoning module VisualStudioSourceCodeAccess (98)
[2016.08.18-22.28.26:809][ 76]LogModuleManager: Shutting down and abandoning module UObjectPlugin (97)
[2016.08.18-22.28.26:809][ 76]LogModuleManager: Shutting down and abandoning module SubversionSourceControl (96)
[2016.08.18-22.28.26:809][ 76]LogModuleManager: Shutting down and abandoning module SourceControl (95)
[2016.08.18-22.28.26:809][ 76]LogModuleManager: Shutting down and abandoning module PerforceSourceControl (94)
[2016.08.18-22.28.26:809][ 76]LogModuleManager: Shutting down and abandoning module ProjectOne (93)
[2016.08.18-22.28.26:809][ 76]LogModuleManager: Shutting down and abandoning module UdpMessaging (92)
[2016.08.18-22.28.26:910][ 76]LogModuleManager: Shutting down and abandoning module LightPropagationVolumeRuntime (91)
[2016.08.18-22.28.26:910][ 76]LogModuleManager: Shutting down and abandoning module Paper2D (90)
[2016.08.18-22.28.26:910][ 76]LogModuleManager: Shutting down and abandoning module WindowsMoviePlayer (89)
[2016.08.18-22.28.26:910][ 76]LogModuleManager: Shutting down and abandoning module Media (88)
[2016.08.18-22.28.26:910][ 76]LogModuleManager: Shutting down and abandoning module WmfMedia (87)
[2016.08.18-22.28.26:910][ 76]LogModuleManager: Shutting down and abandoning module MediaAssets (86)
[2016.08.18-22.28.26:910][ 76]LogModuleManager: Shutting down and abandoning module GameLiveStreaming (85)
[2016.08.18-22.28.26:910][ 76]LogModuleManager: Shutting down and abandoning module GameplayTagsEditor (84)
[2016.08.18-22.28.26:910][ 76]LogModuleManager: Shutting down and abandoning module OnlineBlueprintSupport (83)
[2016.08.18-22.28.26:910][ 76]LogModuleManager: Shutting down and abandoning module GameplayTasksEditor (82)
[2016.08.18-22.28.26:910][ 76]LogModuleManager: Shutting down and abandoning module PropertyEditor (81)
[2016.08.18-22.28.26:910][ 76]LogModuleManager: Shutting down and abandoning module BehaviorTreeEditor (80)
[2016.08.18-22.28.26:910][ 76]LogModuleManager: Shutting down and abandoning module FunctionalTesting (79)
[2016.08.18-22.28.26:910][ 76]LogModuleManager: Shutting down and abandoning module CollisionAnalyzer (78)
[2016.08.18-22.28.26:910][ 76]LogModuleManager: Shutting down and abandoning module WorkspaceMenuStructure (77)
[2016.08.18-22.28.26:910][ 76]LogModuleManager: Shutting down and abandoning module MessageLog (76)
[2016.08.18-22.28.26:910][ 76]LogModuleManager: Shutting down and abandoning module Sequencer (75)
[2016.08.18-22.28.26:910][ 76]LogModuleManager: Shutting down and abandoning module AssetTools (74)
[2016.08.18-22.28.26:910][ 76]LogModuleManager: Shutting down and abandoning module UMGEditor (73)
[2016.08.18-22.28.26:910][ 76]LogModuleManager: Shutting down and abandoning module UMG (72)
[2016.08.18-22.28.26:910][ 76]LogModuleManager: Shutting down and abandoning module SlateReflector (71)
[2016.08.18-22.28.26:910][ 76]LogModuleManager: Shutting down and abandoning module Slate (70)
[2016.08.18-22.28.26:910][ 76]LogModuleManager: Shutting down and abandoning module EditorStyle (69)
[2016.08.18-22.28.26:912][ 76]LogModuleManager: Shutting down and abandoning module SessionServices (68)
[2016.08.18-22.28.26:912][ 76]LogModuleManager: Shutting down and abandoning module SourceCodeAccess (67)
[2016.08.18-22.28.26:912][ 76]LogModuleManager: Shutting down and abandoning module HeadMountedDisplay (66)
[2016.08.18-22.28.26:912][ 76]LogModuleManager: Shutting down and abandoning module XAudio2 (65)
[2016.08.18-22.28.26:912][ 76]LogModuleManager: Shutting down and abandoning module Networking (63)
[2016.08.18-22.28.26:912][ 76]LogModuleManager: Shutting down and abandoning module Core (62)
[2016.08.18-22.28.26:912][ 76]LogModuleManager: Shutting down and abandoning module KismetCompiler (61)
[2016.08.18-22.28.26:912][ 76]LogModuleManager: Shutting down and abandoning module PhysXFormats (60)
[2016.08.18-22.28.26:912][ 76]LogModuleManager: Shutting down and abandoning module MeshUtilities (59)
[2016.08.18-22.28.26:912][ 76]LogModuleManager: Shutting down and abandoning module CookingStats (58)
[2016.08.18-22.28.26:912][ 76]LogModuleManager: Shutting down and abandoning module DerivedDataCache (57)
[2016.08.18-22.28.26:912][ 76]LogDerivedDataCache: Shutdown
[2016.08.18-22.28.26:912][ 76]LogModuleManager: Shutting down and abandoning module ShaderFormatOpenGL (56)
[2016.08.18-22.28.26:912][ 76]LogModuleManager: Shutting down and abandoning module ShaderFormatD3D (55)
[2016.08.18-22.28.26:912][ 76]LogModuleManager: Shutting down and abandoning module MetalShaderFormat (54)
[2016.08.18-22.28.26:912][ 76]LogModuleManager: Shutting down and abandoning module TextureFormatUncompressed (53)
[2016.08.18-22.28.26:912][ 76]LogModuleManager: Shutting down and abandoning module TextureFormatPVR (52)
[2016.08.18-22.28.26:912][ 76]LogModuleManager: Shutting down and abandoning module TextureFormatIntelISPCTexComp (51)
[2016.08.18-22.28.26:912][ 76]LogModuleManager: Shutting down and abandoning module TextureFormatDXT (50)
[2016.08.18-22.28.26:912][ 76]LogModuleManager: Shutting down and abandoning module ImageWrapper (49)
[2016.08.18-22.28.26:912][ 76]LogModuleManager: Shutting down and abandoning module TextureFormatASTC (48)
[2016.08.18-22.28.26:912][ 76]LogModuleManager: Shutting down and abandoning module TextureFormatAndroid (47)
[2016.08.18-22.28.26:912][ 76]LogModuleManager: Shutting down and abandoning module AudioFormatOpus (46)
[2016.08.18-22.28.26:913][ 76]LogModuleManager: Shutting down and abandoning module AudioFormatOgg (45)
[2016.08.18-22.28.26:913][ 76]LogModuleManager: Shutting down and abandoning module AudioFormatADPCM (44)
[2016.08.18-22.28.26:913][ 76]LogModuleManager: Shutting down and abandoning module LinuxTargetPlatform (43)
[2016.08.18-22.28.26:913][ 76]LogModuleManager: Shutting down and abandoning module LinuxServerTargetPlatform (42)
[2016.08.18-22.28.26:913][ 76]LogModuleManager: Shutting down and abandoning module LinuxNoEditorTargetPlatform (41)
[2016.08.18-22.28.26:913][ 76]LogModuleManager: Shutting down and abandoning module TVOSTargetPlatform (40)
[2016.08.18-22.28.26:913][ 76]LogModuleManager: Shutting down and abandoning module Messaging (39)
[2016.08.18-22.28.26:913][ 76]LogModuleManager: Shutting down and abandoning module IOSTargetPlatform (38)
[2016.08.18-22.28.26:913][ 76]LogModuleManager: Shutting down and abandoning module HTML5TargetPlatform (37)
[2016.08.18-22.28.26:913][ 76]LogModuleManager: Shutting down and abandoning module Android_PVRTCTargetPlatform (36)
[2016.08.18-22.28.26:913][ 76]LogModuleManager: Shutting down and abandoning module Android_MultiTargetPlatform (35)
[2016.08.18-22.28.26:913][ 76]LogModuleManager: Shutting down and abandoning module Android_ETC2TargetPlatform (34)
[2016.08.18-22.28.26:913][ 76]LogModuleManager: Shutting down and abandoning module Android_ETC1TargetPlatform (33)
[2016.08.18-22.28.26:913][ 76]LogModuleManager: Shutting down and abandoning module Android_DXTTargetPlatform (32)
[2016.08.18-22.28.26:913][ 76]LogModuleManager: Shutting down and abandoning module Android_ATCTargetPlatform (31)
[2016.08.18-22.28.26:913][ 76]LogModuleManager: Shutting down and abandoning module Android_ASTCTargetPlatform (30)
[2016.08.18-22.28.26:913][ 76]LogModuleManager: Shutting down and abandoning module AndroidTargetPlatform (29)
[2016.08.18-22.28.26:913][ 76]LogModuleManager: Shutting down and abandoning module WindowsTargetPlatform (28)
[2016.08.18-22.28.26:913][ 76]LogModuleManager: Shutting down and abandoning module WindowsServerTargetPlatform (27)
[2016.08.18-22.28.26:913][ 76]LogModuleManager: Shutting down and abandoning module WindowsNoEditorTargetPlatform (26)
[2016.08.18-22.28.26:913][ 76]LogModuleManager: Shutting down and abandoning module WindowsClientTargetPlatform (25)
[2016.08.18-22.28.26:913][ 76]LogModuleManager: Shutting down and abandoning module AllDesktopTargetPlatform (24)
[2016.08.18-22.28.26:913][ 76]LogModuleManager: Shutting down and abandoning module TargetPlatform (23)
[2016.08.18-22.28.26:913][ 76]LogModuleManager: Shutting down and abandoning module InputCore (22)
[2016.08.18-22.28.26:913][ 76]LogModuleManager: Shutting down and abandoning module Settings (21)
[2016.08.18-22.28.26:913][ 76]LogModuleManager: Shutting down and abandoning module OnlineSubsystem (19)
[2016.08.18-22.28.26:913][ 76]LogModuleManager: Shutting down and abandoning module HTTP (18)
[2016.08.18-22.28.26:913][ 76]LogModuleManager: Shutting down and abandoning module XMPP (17)
[2016.08.18-22.28.26:913][ 76]LogModuleManager: Shutting down and abandoning module OculusRift (16)
[2016.08.18-22.28.26:913][ 76]LogModuleManager: Shutting down and abandoning module ExampleDeviceProfileSelector (15)
[2016.08.18-22.28.26:913][ 76]LogModuleManager: Shutting down and abandoning module TextureCompressor (14)
[2016.08.18-22.28.26:913][ 76]LogModuleManager: Shutting down and abandoning module ShaderCore (13)
[2016.08.18-22.28.26:913][ 76]LogModuleManager: Shutting down and abandoning module Landscape (12)
[2016.08.18-22.28.26:913][ 76]LogModuleManager: Shutting down and abandoning module SlateRHIRenderer (11)
[2016.08.18-22.28.26:913][ 76]LogModuleManager: Shutting down and abandoning module OpenGLDrv (10)
[2016.08.18-22.28.26:913][ 76]LogModuleManager: Shutting down and abandoning module D3D11RHI (9)
[2016.08.18-22.28.26:913][ 76]LogModuleManager: Shutting down and abandoning module AnimGraphRuntime (8)
[2016.08.18-22.28.26:913][ 76]LogModuleManager: Shutting down and abandoning module Renderer (7)
[2016.08.18-22.28.26:913][ 76]LogModuleManager: Shutting down and abandoning module Engine (6)
[2016.08.18-22.28.26:913][ 76]LogModuleManager: Shutting down and abandoning module CoreUObject (5)
[2016.08.18-22.28.26:913][ 76]LogModuleManager: Shutting down and abandoning module NetworkFile (4)
[2016.08.18-22.28.26:913][ 76]LogModuleManager: Shutting down and abandoning module StreamingFile (3)
[2016.08.18-22.28.26:913][ 76]LogModuleManager: Shutting down and abandoning module SandboxFile (2)
[2016.08.18-22.28.26:913][ 76]LogModuleManager: Shutting down and abandoning module PakFile (1)
[2016.08.18-22.28.26:914][ 76]LogExit: Exiting.
[2016.08.18-22.28.26:916][ 76]Log file closed, 08/18/16 18:28:26
