Log file open, 08/10/16 13:57:11
LogInit:Display: Running engine for game: ProjectOne
LogPlatformFile: Not using cached read wrapper
LogInit:Display: RandInit(-594339452) SRandInit(-594339451).
LogTaskGraph: Started task graph with 4 named threads and 7 total threads.
LogStats: Stats thread started at 0.080177
LogInit: Version: 4.11.2-2946394+++UE4+Release-4.11
LogInit: API Version: 2927265
LogInit: Compiled (64-bit): Apr 18 2016 02:18:46
LogInit: Compiled with Visual C++: 19.00.23026.00
LogInit: Build Configuration: Development
LogInit: Branch Name: ++UE4+Release-4.11
LogInit: Command line:  
LogInit: Base directory: C:/Program Files/Epic Games/4.11/Engine/Binaries/Win64/
LogInit: Installed Engine Build: 1
LogInit: Using libcurl 7.41.0
LogInit:  - built for x86_64-pc-win32
LogInit:  - supports SSL with WinSSL
LogInit:  - other features:
LogInit:      CURL_VERSION_SSL
LogInit:      CURL_VERSION_IPV6
LogInit:      CURL_VERSION_ASYNCHDNS
LogInit:      CURL_VERSION_LARGEFILE
LogInit:      CURL_VERSION_IDN
LogInit:  CurlRequestOptions (configurable via config and command line):
LogInit:  - bVerifyPeer = true  - Libcurl will verify peer certificate
LogInit:  - bUseHttpProxy = false  - Libcurl will NOT use HTTP proxy
LogInit:  - bDontReuseConnections = false  - Libcurl will reuse connections
LogInit:  - CertBundlePath = nullptr  - Libcurl will use whatever was configured at build time.
LogInit: Presizing for max 16777216 objects, including 0 objects not considered by GC, pre-allocating 0 bytes for permanent pool.
LogInit: Object subsystem initialized
[2016.08.10-17.57.11:578][  0]LogInit: Selected Device Profile: [Windows]
[2016.08.10-17.57.11:578][  0]LogInit: Applying CVar settings loaded from the selected device profile: [Windows]
[2016.08.10-17.57.11:587][  0]LogInit: Computer: FAHAD-PC
[2016.08.10-17.57.11:588][  0]LogInit: User: Fahad
[2016.08.10-17.57.11:588][  0]LogInit: CPU Page size=65536, Cores=4
[2016.08.10-17.57.11:588][  0]LogInit: High frequency timer resolution =3.215352 MHz
[2016.08.10-17.57.11:588][  0]LogMemory: Memory total: Physical=8.0GB (8GB approx)
[2016.08.10-17.57.11:588][  0]LogMemory: Platform Memory Stats for Windows
[2016.08.10-17.57.11:588][  0]LogMemory: Process Physical Memory: 313.79 MB used, 313.79 MB peak
[2016.08.10-17.57.11:588][  0]LogMemory: Process Virtual Memory: 314.77 MB used, 314.77 MB peak
[2016.08.10-17.57.11:588][  0]LogMemory: Physical Memory: 3899.13 MB used, 8174.67 MB total
[2016.08.10-17.57.11:588][  0]LogMemory: Virtual Memory: 651.87 MB used, 134217728.00 MB total
[2016.08.10-17.57.11:638][  0]LogTextLocalizationManager: No specific translations for ('en-US') exist, so ('en') translations will be used.
[2016.08.10-17.57.12:049][  0]LogD3D11RHI: D3D11 adapters:
[2016.08.10-17.57.12:080][  0]LogD3D11RHI:    0. 'NVIDIA GeForce GTX 970' (Feature Level 11_0)
[2016.08.10-17.57.12:080][  0]LogD3D11RHI:       4007MB of dedicated video memory, 0MB of dedicated system memory, and 4087MB of shared system memory, 2 output[s]
[2016.08.10-17.57.12:082][  0]LogD3D11RHI:    1. 'Microsoft Basic Render Driver' (Feature Level 11_0)
[2016.08.10-17.57.12:082][  0]LogD3D11RHI:       0MB of dedicated video memory, 0MB of dedicated system memory, and 4087MB of shared system memory, 0 output[s]
[2016.08.10-17.57.12:082][  0]LogD3D11RHI: Chosen D3D11 Adapter: 0
[2016.08.10-17.57.12:086][  0]LogD3D11RHI: Creating new Direct3DDevice
[2016.08.10-17.57.12:087][  0]LogD3D11RHI:     Adapter Name: NVIDIA GeForce GTX 970
[2016.08.10-17.57.12:087][  0]LogD3D11RHI:   Driver Version: 10.18.13.6510 (internal 10.18.13.6510)
[2016.08.10-17.57.12:087][  0]LogD3D11RHI:      Driver Date: 4-27-2016
[2016.08.10-17.57.12:087][  0]LogRHI: Texture pool is 1361 MB (70% of 1945 MB)
[2016.08.10-17.57.12:100][  0]LogD3D11RHI: Async texture creation enabled
[2016.08.10-17.57.12:552][  0]LogShaderCompilers: Guid format shader working directory is -48 characters bigger than the processId version (../../../../../../Users/Fahad/Desktop/MX2 Game Suite/GitHub Directory/project-1-mx2/ProjectOne/Intermediate/Shaders/WorkingDirectory/3912/).
[2016.08.10-17.57.12:552][  0]LogShaderCompilers: Cleaned the shader compiler working directory 'C:/Users/Fahad/AppData/Local/Temp/UnrealShaderWorkingDir/A39732BF45C4543B43C0769FE080C2F2/'.
[2016.08.10-17.57.12:552][  0]LogShaderCompilers:Display: Using Local Shader Compiler.
[2016.08.10-17.57.13:590][  0]LogTemp:Display: Loaded TP AllDesktopTargetPlatform
[2016.08.10-17.57.13:596][  0]LogTemp:Display: Loaded TP WindowsClientTargetPlatform
[2016.08.10-17.57.13:603][  0]LogTemp:Display: Loaded TP WindowsNoEditorTargetPlatform
[2016.08.10-17.57.13:609][  0]LogTemp:Display: Loaded TP WindowsServerTargetPlatform
[2016.08.10-17.57.13:616][  0]LogTemp:Display: Loaded TP WindowsTargetPlatform
[2016.08.10-17.57.13:620][  0]LogTemp:Display: Loaded TP AndroidTargetPlatform
[2016.08.10-17.57.13:624][  0]LogTemp:Display: Loaded TP Android_ASTCTargetPlatform
[2016.08.10-17.57.13:628][  0]LogTemp:Display: Loaded TP Android_ATCTargetPlatform
[2016.08.10-17.57.13:632][  0]LogTemp:Display: Loaded TP Android_DXTTargetPlatform
[2016.08.10-17.57.13:636][  0]LogTemp:Display: Loaded TP Android_ETC1TargetPlatform
[2016.08.10-17.57.13:640][  0]LogTemp:Display: Loaded TP Android_ETC2TargetPlatform
[2016.08.10-17.57.13:648][  0]LogTemp:Display: Loaded TP Android_MultiTargetPlatform
[2016.08.10-17.57.13:648][  0]LogTemp:Display: Loaded TP Android_PVRTCTargetPlatform
[2016.08.10-17.57.13:650][  0]LogTemp:Display: Loaded TP HTML5TargetPlatform
[2016.08.10-17.57.13:669][  0]LogTemp:Display: Loaded TP IOSTargetPlatform
[2016.08.10-17.57.13:673][  0]LogTemp:Display: Loaded TP TVOSTargetPlatform
[2016.08.10-17.57.13:677][  0]LogTemp:Display: Loaded TP LinuxNoEditorTargetPlatform
[2016.08.10-17.57.13:681][  0]LogTemp:Display: Loaded TP LinuxServerTargetPlatform
[2016.08.10-17.57.13:685][  0]LogTemp:Display: Loaded TP LinuxTargetPlatform
[2016.08.10-17.57.13:685][  0]LogTargetPlatformManager:Display: Building Assets For Windows
[2016.08.10-17.57.13:809][  0]LogDerivedDataCache:Display: Max Cache Size: 512 MB
[2016.08.10-17.57.13:877][  0]LogDerivedDataCache: Loaded boot cache 0.07s 65MB C:/Users/Fahad/AppData/Local/UnrealEngine/4.11/DerivedDataCache/Boot.ddc.
[2016.08.10-17.57.13:877][  0]LogDerivedDataCache:Display: Loaded Boot cache: C:/Users/Fahad/AppData/Local/UnrealEngine/4.11/DerivedDataCache/Boot.ddc
[2016.08.10-17.57.13:877][  0]LogDerivedDataCache: FDerivedDataBackendGraph:  Pak pak cache file ../../../../../../Users/Fahad/Desktop/MX2 Game Suite/GitHub Directory/project-1-mx2/ProjectOne/DerivedDataCache/DDC.ddp not found, will not use a pak cache.
[2016.08.10-17.57.13:877][  0]LogDerivedDataCache: Unable to find inner node Pak for hierarchical cache Hierarchy.
[2016.08.10-17.57.13:877][  0]LogDerivedDataCache: FDerivedDataBackendGraph:  CompressedPak pak cache file ../../../../../../Users/Fahad/Desktop/MX2 Game Suite/GitHub Directory/project-1-mx2/ProjectOne/DerivedDataCache/Compressed.ddp not found, will not use a pak cache.
[2016.08.10-17.57.13:877][  0]LogDerivedDataCache: Unable to find inner node CompressedPak for hierarchical cache Hierarchy.
[2016.08.10-17.57.13:893][  0]LogDerivedDataCache:Display: Pak cache opened for reading ../../../Engine/DerivedDataCache/Compressed.ddp.
[2016.08.10-17.57.13:906][  0]LogDerivedDataCache: Using Local data cache path C:/Users/Fahad/AppData/Local/UnrealEngine/Common/DerivedDataCache: Writable
[2016.08.10-17.57.14:164][  0]LogInit: Selected Device Profile: [Windows]
[2016.08.10-17.57.14:165][  0]LogContentStreaming: Texture pool size is 0.00 MB
[2016.08.10-17.57.14:210][  0]LogMaterial: Uniform references updated for custom material expression Custom.
[2016.08.10-17.57.14:355][  0]LogMeshUtilities: No automatic mesh reduction module available
[2016.08.10-17.57.14:355][  0]LogMeshUtilities: No automatic mesh merging module available
[2016.08.10-17.57.14:355][  0]LogMeshUtilities: No distributed automatic mesh merging module available
[2016.08.10-17.57.14:620][  0]LogUObjectArray: 27679 objects as part of root set at end of initial load.
[2016.08.10-17.57.14:620][  0]LogUObjectAllocator: 5591600 out of 0 bytes used by permanent object pool.
[2016.08.10-17.57.14:620][  0]LogUObjectArray: CloseDisregardForGC: 0/0 objects in disregard for GC pool
[2016.08.10-17.57.14:631][  0]LogInit: WinSock: version 1.1 (2.2), MaxSocks=32767, MaxUdp=65467
[2016.08.10-17.57.14:762][  0]LogSlate: SlateFontCache - WITH_FREETYPE: 1, WITH_HARFBUZZ: 1
[2016.08.10-17.57.14:762][  0]LogSlate: SlateFontCache - WITH_FREETYPE: 1, WITH_HARFBUZZ: 1
[2016.08.10-17.57.14:932][  0]LogStreaming:Warning: Failed to read file '../../../Engine/Content/Editor/Slate/Common/Selection_16x.png' error.
[2016.08.10-17.57.14:932][  0]LogSlate: Could not find file for Slate resource: ../../../Engine/Content/Editor/Slate/Common/Selection_16x.png
[2016.08.10-17.57.14:932][  0]LogStreaming:Warning: Failed to read file '../../../Engine/Content/Editor/Slate/Common/Selection_16x.png' error.
[2016.08.10-17.57.14:932][  0]LogSlate: Could not find file for Slate resource: ../../../Engine/Content/Editor/Slate/Common/Selection_16x.png
[2016.08.10-17.57.14:932][  0]LogStreaming:Warning: Failed to read file '../../../Engine/Content/Editor/Slate/Common/Selection_16x.png' error.
[2016.08.10-17.57.14:932][  0]LogSlate: Could not find file for Slate resource: ../../../Engine/Content/Editor/Slate/Common/Selection_16x.png
[2016.08.10-17.57.15:789][  0]LogUdpMessaging: Initializing bridge on interface 0.0.0.0:0 to multicast group 230.0.0.1:6666.
[2016.08.10-17.57.15:862][  0]LogTemp:Warning: No World
[2016.08.10-17.57.15:927][  0]LogAssetRegistry: FAssetRegistry took 0.0212 seconds to start up
[2016.08.10-17.57.16:123][  0]SourceControl: Info Source control is disabled
[2016.08.10-17.57.16:169][  0]SourceControl: Info Source control is disabled
[2016.08.10-17.57.16:184][  0]SourceControl: Info Source control is disabled
[2016.08.10-17.57.16:198][  0]SourceControl: Info Source control is disabled
[2016.08.10-17.57.16:406][  0]LogHMD: Failed to initialize OpenVR with code 108
[2016.08.10-17.57.16:493][  0]LogEngine: Initializing Engine...
[2016.08.10-17.57.17:550][  0]LogAIModule: Creating AISystem for world NewWorld
[2016.08.10-17.57.17:560][  0]LogInit: XAudio2 using 'Speakers (5- Logitech USB Headset)' : 2 channels at 44.1 kHz using 16 bits per sample (channel mask 0x3)
[2016.08.10-17.57.17:570][  0]LogInit: FAudioDevice initialized.
[2016.08.10-17.57.17:629][  0]LogDerivedDataCache: Saved boot cache 0.06s 65MB C:/Users/Fahad/AppData/Local/UnrealEngine/4.11/DerivedDataCache/Boot.ddc.
[2016.08.10-17.57.17:638][  0]LogInit: Texture streaming: Enabled
[2016.08.10-17.57.17:671][  0]LogInit: Transaction tracking system initialized
[2016.08.10-17.57.17:706][  0]BlueprintLog: New page: Editor Load
[2016.08.10-17.57.17:825][  0]LocalizationService: Info Localization service is disabled
[2016.08.10-17.57.17:928][  0]LogConsoleResponse:Display: 
[2016.08.10-17.57.18:046][  0]LogCook:Display: Max memory allowance for cook 8192mb
[2016.08.10-17.57.18:046][  0]LogCook:Display: Mobile HDR setting 1
[2016.08.10-17.57.18:046][  0]LogCook:Display: Done creating registry. It took  0.00s.
[2016.08.10-17.57.18:124][  0]LogFileCache: Scanning file cache for directory 'C:/Users/Fahad/Desktop/MX2 Game Suite/GitHub Directory/project-1-mx2/ProjectOne/Content/' took 0.02s
[2016.08.10-17.57.18:124][  0]SourceControl: Info Source control is disabled
[2016.08.10-17.57.18:124][  0]Cmd: MAP LOAD FILE="../../../../../../Users/Fahad/Desktop/MX2 Game Suite/GitHub Directory/project-1-mx2/ProjectOne/Content/Levels/OverworldLevel.umap" TEMPLATE=0 SHOWPROGRESS=1 FEATURELEVEL=3
[2016.08.10-17.57.18:125][  0]LightingResults: New page: Lighting Build
[2016.08.10-17.57.18:129][  0]MapCheck: New page: Map Check
[2016.08.10-17.57.18:129][  0]LightingResults: New page: Lighting Build
[2016.08.10-17.57.18:560][  0]LogTemp:Warning: No World
[2016.08.10-17.57.18:575][  0]LogTemp:Warning: No World
[2016.08.10-17.57.18:584][  0]LogTemp:Warning: No World
[2016.08.10-17.57.18:747][  0]LogAIModule: Creating AISystem for world OverworldLevel
[2016.08.10-17.57.18:754][  0]LogEditorServer: Finished looking for orphan Actors (0.000 secs)
[2016.08.10-17.57.18:755][  0]Cmd: MAP CHECKDEP NOCLEARLOG
[2016.08.10-17.57.18:865][  0]MapCheck: Info Map check complete: 0 Error(s), 0 Warning(s), took 109.672ms to complete.
[2016.08.10-17.57.18:865][  0]LogFileHelpers: Loading map 'OverworldLevel' took 0.741
[2016.08.10-17.57.18:971][  0]LogCollectionManager: Loaded 1 collections in 0.003538 seconds
[2016.08.10-17.57.19:013][  0]LogFileCache: Scanning file cache for directory 'C:/Users/Fahad/Desktop/MX2 Game Suite/GitHub Directory/project-1-mx2/ProjectOne/Saved/Collections/' took 0.01s
[2016.08.10-17.57.19:013][  0]LogFileCache: Scanning file cache for directory 'C:/Users/Fahad/Desktop/MX2 Game Suite/GitHub Directory/project-1-mx2/ProjectOne/Content/Developers/Fahad/Collections/' took 0.01s
[2016.08.10-17.57.19:013][  0]LogFileCache: Scanning file cache for directory 'C:/Users/Fahad/Desktop/MX2 Game Suite/GitHub Directory/project-1-mx2/ProjectOne/Content/Collections/' took 0.01s
[2016.08.10-17.57.19:013][  0]LogCollectionManager: Rebuilt the GUID cache for 1 collections in 0.000006 seconds
[2016.08.10-17.57.19:013][  0]LogCollectionManager: Rebuilt the hierarchy cache for 1 collections in 0.000001 seconds
[2016.08.10-17.57.19:022][  0]LogContentBrowser: Native class hierarchy populated in 0.0091 seconds. Added 1988 classes and 347 folders.
[2016.08.10-17.57.19:027][  0]LogStats: UGameplayTagsManager::ConstructGameplayTagTree: Construct from data asset -  0.000 s
[2016.08.10-17.57.19:027][  0]LogStats: UGameplayTagsManager::ConstructGameplayTagTree: GameplayTagTreeChangedEvent.Broadcast -  0.000 s
[2016.08.10-17.57.19:029][  0]LogContentBrowser: Native class hierarchy updated for 'GameplayTags' in 0.0024 seconds. Added 12 classes and 0 folders.
[2016.08.10-17.57.19:038][  0]LogContentBrowser: Native class hierarchy updated for 'WidgetCarousel' in 0.0017 seconds. Added 0 classes and 0 folders.
[2016.08.10-17.57.19:049][  0]LogContentBrowser: Native class hierarchy updated for 'SuperSearch' in 0.0019 seconds. Added 1 classes and 2 folders.
[2016.08.10-17.57.19:110][  0]LogContentBrowser: Native class hierarchy updated for 'AddContentDialog' in 0.0018 seconds. Added 0 classes and 0 folders.
[2016.08.10-17.57.19:163][  0]LogCrashTracker: Crashtracker disabled due to settings.
[2016.08.10-17.57.19:169][  0]LogUObjectGlobals:Warning: Failed to find object 'Class None.'
[2016.08.10-17.57.19:198][  0]LogContentBrowser: Native class hierarchy updated for 'HierarchicalLODOutliner' in 0.0018 seconds. Added 1 classes and 2 folders.
[2016.08.10-17.57.19:199][  0]LogLoad: Full Startup: 8.61 seconds (BP compile: 0.38 seconds)
[2016.08.10-17.57.19:199][  0]LogExternalProfiler: Found external profiler: VSPerf
[2016.08.10-17.57.19:199][  0]LogExternalProfiler: Using external profiler: VSPerf
[2016.08.10-17.57.19:208][  0]LogWindowsTextInputMethodSystem:Display: IME system now deactivated.
[2016.08.10-17.57.19:208][  0]LogOcInput: OculusInput pre-init called
[2016.08.10-17.57.19:257][  0]LogContentStreaming: Texture pool size now 1000 MB
[2016.08.10-17.57.19:422][  0]LogRenderer: Reallocating scene render targets to support 1248x636 (Frame:2).
[2016.08.10-17.57.19:489][  1]LogAssetRegistry: Asset discovery search completed in 3.5832 seconds
[2016.08.10-17.57.19:489][  1]LogCollectionManager: Rebuilt the object cache for 1 collections in 0.000002 seconds (found 0 objects)
[2016.08.10-17.57.19:489][  1]LogCollectionManager: Fixed up redirectors for 1 collections in 0.000028 seconds (updated 0 objects)
[2016.08.10-17.57.21:006][167]LogBlueprintUserMessages: Early PlayInEditor Detection: Level '/Game/Levels/OverworldLevel.OverworldLevel:PersistentLevel' has LevelScriptBlueprint '/Game/Levels/OverworldLevel.OverworldLevel:PersistentLevel.OverworldLevel' with GeneratedClass '/Game/Levels/OverworldLevel.OverworldLevel_C' with ClassGeneratedBy '/Game/Levels/OverworldLevel.OverworldLevel:PersistentLevel.OverworldLevel'
[2016.08.10-17.57.21:006][167]LogPlayLevel: PlayLevel: No blueprints needed recompiling
[2016.08.10-17.57.21:009][167]PIE: New page: PIE session: OverworldLevel (Aug 10, 2016, 8:57:21 AM)
[2016.08.10-17.57.21:009][167]LogPlayLevel: Creating play world package: /Game/Levels/UEDPIE_0_OverworldLevel
[2016.08.10-17.57.21:023][167]LogPlayLevel: PIE: StaticDuplicateObject took: (0.014105s)
[2016.08.10-17.57.21:024][167]LogAIModule: Creating AISystem for world OverworldLevel
[2016.08.10-17.57.21:024][167]LogPlayLevel: PIE: World Init took: (0.000644s)
[2016.08.10-17.57.21:024][167]LogPlayLevel: PIE: Created PIE world by copying editor world from /Game/Levels/OverworldLevel.OverworldLevel to /Game/Levels/UEDPIE_0_OverworldLevel.OverworldLevel (0.015184s)
[2016.08.10-17.57.21:057][167]LogInit: XAudio2 using 'Speakers (5- Logitech USB Headset)' : 2 channels at 44.1 kHz using 16 bits per sample (channel mask 0x3)
[2016.08.10-17.57.21:064][167]LogInit: FAudioDevice initialized.
[2016.08.10-17.57.21:114][167]LogWorld: Game class is 'BattleGameMode_BP_C'
[2016.08.10-17.57.21:118][167]LogWorld: Bringing World /Game/Levels/UEDPIE_0_OverworldLevel.OverworldLevel up for play (max tick rate 0) at 2016.08.10-13.57.21
[2016.08.10-17.57.21:119][167]LogWorld: Bringing up level for play took: 0.003550
[2016.08.10-17.57.21:126][167]LogContentBrowser: Native class hierarchy updated for 'MovieSceneCapture' in 0.0017 seconds. Added 9 classes and 0 folders.
[2016.08.10-17.57.21:127][167]PIE: Info Play in editor start time for /Game/Levels/UEDPIE_0_OverworldLevel 0.963
[2016.08.10-17.57.21:127][167]LogBlueprintUserMessages: Late PlayInEditor Detection: Level '/Game/Levels/OverworldLevel.OverworldLevel:PersistentLevel' has LevelScriptBlueprint '/Game/Levels/OverworldLevel.OverworldLevel:PersistentLevel.OverworldLevel' with GeneratedClass '/Game/Levels/OverworldLevel.OverworldLevel_C' with ClassGeneratedBy '/Game/Levels/OverworldLevel.OverworldLevel:PersistentLevel.OverworldLevel'
[2016.08.10-17.57.22:945][381]LogBlueprintUserMessages: [MeleeDrawer_52] Hit Max Length
[2016.08.10-17.57.25:991][746]LogTemp:Warning: got player controller successfully
[2016.08.10-17.57.25:991][746]LogTemp:Warning: Entity #:0: Entity Name: Beck
[2016.08.10-17.57.25:992][746]LogTemp:Warning: Entity #:1: Entity Name: Sluagh
[2016.08.10-17.57.25:992][746]LogTemp:Warning: Entity #:2: Entity Name: Sluagh2
[2016.08.10-17.57.25:992][746]LogTemp:Warning: Entity #:3: Entity Name: Beck
[2016.08.10-17.57.25:992][746]LogTemp:Warning: Entity #:4: Entity Name: Sluagh
[2016.08.10-17.57.25:992][746]LogTemp:Warning: Entity #:5: Entity Name: Sluagh2
[2016.08.10-17.57.25:992][746]LogTemp:Warning: Entity #:6: Entity Name: Beck
[2016.08.10-17.57.26:075][756]LogTemp:Warning: Round: 6	Entity: Beck
[2016.08.10-17.57.26:075][756]LogTemp:Warning: Entity #:0: Entity Name: Beck
[2016.08.10-17.57.26:075][756]LogTemp:Warning: Entity #:1: Entity Name: Sluagh
[2016.08.10-17.57.26:075][756]LogTemp:Warning: Entity #:2: Entity Name: Sluagh2
[2016.08.10-17.57.26:075][756]LogTemp:Warning: Entity #:3: Entity Name: Beck
[2016.08.10-17.57.26:075][756]LogTemp:Warning: Entity #:4: Entity Name: Sluagh
[2016.08.10-17.57.26:075][756]LogTemp:Warning: Entity #:5: Entity Name: Sluagh2
[2016.08.10-17.57.26:075][756]LogTemp:Warning: Entity #:6: Entity Name: Beck
[2016.08.10-17.57.27:396][914]LogBlueprintUserMessages: [BattleGameMode_BP_C_0] Animation
[2016.08.10-17.57.27:397][914]LogTemp:Warning: Round: 6	Entity: Sluagh
[2016.08.10-17.57.27:397][914]LogTemp:Warning: Entity #:0: Entity Name: Sluagh
[2016.08.10-17.57.27:397][914]LogTemp:Warning: Entity #:1: Entity Name: Sluagh2
[2016.08.10-17.57.27:397][914]LogTemp:Warning: Entity #:2: Entity Name: Beck
[2016.08.10-17.57.27:397][914]LogTemp:Warning: Entity #:3: Entity Name: Sluagh
[2016.08.10-17.57.27:397][914]LogTemp:Warning: Entity #:4: Entity Name: Sluagh2
[2016.08.10-17.57.27:397][914]LogTemp:Warning: Entity #:5: Entity Name: Beck
[2016.08.10-17.57.27:397][914]LogTemp:Warning: Entity #:6: Entity Name: Sluagh
[2016.08.10-17.57.27:397][914]LogTemp:Warning: Sluagh Timer Active.
[2016.08.10-17.57.28:405][ 35]LogBlueprintUserMessages: [AttackBroadcaster_BP] Attack Time Set
[2016.08.10-17.57.34:428][757]LogBlueprintUserMessages: [BattleGameMode_BP_C_0] Animation
[2016.08.10-17.57.34:428][757]LogTemp:Warning: Round: 6	Entity: Sluagh2
[2016.08.10-17.57.34:428][757]LogTemp:Warning: Entity #:0: Entity Name: Sluagh2
[2016.08.10-17.57.34:428][757]LogTemp:Warning: Entity #:1: Entity Name: Beck
[2016.08.10-17.57.34:428][757]LogTemp:Warning: Entity #:2: Entity Name: Sluagh
[2016.08.10-17.57.34:428][757]LogTemp:Warning: Entity #:3: Entity Name: Sluagh2
[2016.08.10-17.57.34:428][757]LogTemp:Warning: Entity #:4: Entity Name: Beck
[2016.08.10-17.57.34:428][757]LogTemp:Warning: Entity #:5: Entity Name: Sluagh
[2016.08.10-17.57.34:428][757]LogTemp:Warning: Entity #:6: Entity Name: Sluagh2
[2016.08.10-17.57.34:428][757]LogTemp:Warning: Sluagh Timer Active.
[2016.08.10-17.57.35:437][878]LogBlueprintUserMessages: [AttackBroadcaster_BP] Attack Time Set
[2016.08.10-17.57.37:261][ 97]LogBlueprintUserMessages: [SoulOrb_BP_C_5] X=-272.568 Y=165.707 Z=630.000
[2016.08.10-17.57.37:679][147]LogBlueprintUserMessages: [SoulOrb_BP_C_6] X=-273.475 Y=168.267 Z=630.000
[2016.08.10-17.57.41:461][600]LogBlueprintUserMessages: [BattleGameMode_BP_C_0] Animation
[2016.08.10-17.57.41:560][612]LogTemp:Warning: Round: 12	Entity: Beck
[2016.08.10-17.57.41:561][612]LogTemp:Warning: Entity #:0: Entity Name: Beck
[2016.08.10-17.57.41:561][612]LogTemp:Warning: Entity #:1: Entity Name: Sluagh
[2016.08.10-17.57.41:561][612]LogTemp:Warning: Entity #:2: Entity Name: Sluagh2
[2016.08.10-17.57.41:561][612]LogTemp:Warning: Entity #:3: Entity Name: Beck
[2016.08.10-17.57.41:561][612]LogTemp:Warning: Entity #:4: Entity Name: Sluagh
[2016.08.10-17.57.41:561][612]LogTemp:Warning: Entity #:5: Entity Name: Sluagh2
[2016.08.10-17.57.41:561][612]LogTemp:Warning: Entity #:6: Entity Name: Beck
[2016.08.10-17.57.44:194][928]LogBlueprintUserMessages: [BattleGameMode_BP_C_0] Animation
[2016.08.10-17.57.44:194][928]LogTemp:Warning: Round: 12	Entity: Sluagh
[2016.08.10-17.57.44:194][928]LogTemp:Warning: Entity #:0: Entity Name: Sluagh
[2016.08.10-17.57.44:194][928]LogTemp:Warning: Entity #:1: Entity Name: Sluagh2
[2016.08.10-17.57.44:195][928]LogTemp:Warning: Entity #:2: Entity Name: Beck
[2016.08.10-17.57.44:195][928]LogTemp:Warning: Entity #:3: Entity Name: Sluagh
[2016.08.10-17.57.44:195][928]LogTemp:Warning: Entity #:4: Entity Name: Sluagh2
[2016.08.10-17.57.44:195][928]LogTemp:Warning: Entity #:5: Entity Name: Beck
[2016.08.10-17.57.44:195][928]LogTemp:Warning: Entity #:6: Entity Name: Sluagh
[2016.08.10-17.57.44:195][928]LogTemp:Warning: Sluagh Timer Active.
[2016.08.10-17.57.45:203][ 49]LogBlueprintUserMessages: [AttackBroadcaster_BP] Attack Time Set
[2016.08.10-17.57.51:227][771]LogBlueprintUserMessages: [BattleGameMode_BP_C_0] Animation
[2016.08.10-17.57.51:227][771]LogTemp:Warning: Round: 12	Entity: Sluagh2
[2016.08.10-17.57.51:227][771]LogTemp:Warning: Entity #:0: Entity Name: Sluagh2
[2016.08.10-17.57.51:227][771]LogTemp:Warning: Entity #:1: Entity Name: Beck
[2016.08.10-17.57.51:227][771]LogTemp:Warning: Entity #:2: Entity Name: Sluagh
[2016.08.10-17.57.51:227][771]LogTemp:Warning: Entity #:3: Entity Name: Sluagh2
[2016.08.10-17.57.51:227][771]LogTemp:Warning: Entity #:4: Entity Name: Beck
[2016.08.10-17.57.51:227][771]LogTemp:Warning: Entity #:5: Entity Name: Sluagh
[2016.08.10-17.57.51:227][771]LogTemp:Warning: Entity #:6: Entity Name: Sluagh2
[2016.08.10-17.57.51:228][771]LogTemp:Warning: Sluagh Timer Active.
[2016.08.10-17.57.52:236][892]LogBlueprintUserMessages: [AttackBroadcaster_BP] Attack Time Set
[2016.08.10-17.57.58:256][602]LogBlueprintUserMessages: [BattleGameMode_BP_C_0] Animation
[2016.08.10-17.57.58:356][614]LogTemp:Warning: Round: 18	Entity: Beck
[2016.08.10-17.57.58:356][614]LogTemp:Warning: Entity #:0: Entity Name: Beck
[2016.08.10-17.57.58:356][614]LogTemp:Warning: Entity #:1: Entity Name: Sluagh
[2016.08.10-17.57.58:356][614]LogTemp:Warning: Entity #:2: Entity Name: Sluagh2
[2016.08.10-17.57.58:356][614]LogTemp:Warning: Entity #:3: Entity Name: Beck
[2016.08.10-17.57.58:356][614]LogTemp:Warning: Entity #:4: Entity Name: Sluagh
[2016.08.10-17.57.58:356][614]LogTemp:Warning: Entity #:5: Entity Name: Sluagh2
[2016.08.10-17.57.58:356][614]LogTemp:Warning: Entity #:6: Entity Name: Beck
[2016.08.10-17.57.59:698][775]LogBlueprintUserMessages: [BattleGameMode_BP_C_0] Animation
[2016.08.10-17.57.59:698][775]LogTemp:Warning: Round: 18	Entity: Sluagh
[2016.08.10-17.57.59:698][775]LogTemp:Warning: Entity #:0: Entity Name: Sluagh
[2016.08.10-17.57.59:698][775]LogTemp:Warning: Entity #:1: Entity Name: Sluagh2
[2016.08.10-17.57.59:698][775]LogTemp:Warning: Entity #:2: Entity Name: Beck
[2016.08.10-17.57.59:698][775]LogTemp:Warning: Entity #:3: Entity Name: Sluagh
[2016.08.10-17.57.59:698][775]LogTemp:Warning: Entity #:4: Entity Name: Sluagh2
[2016.08.10-17.57.59:698][775]LogTemp:Warning: Entity #:5: Entity Name: Beck
[2016.08.10-17.57.59:699][775]LogTemp:Warning: Entity #:6: Entity Name: Sluagh
[2016.08.10-17.57.59:699][775]LogTemp:Warning: Sluagh Timer Active.
[2016.08.10-17.58.00:706][896]LogBlueprintUserMessages: [AttackBroadcaster_BP] Attack Time Set
[2016.08.10-17.58.06:729][618]LogBlueprintUserMessages: [BattleGameMode_BP_C_0] Animation
[2016.08.10-17.58.06:730][618]LogTemp:Warning: Round: 18	Entity: Sluagh2
[2016.08.10-17.58.06:730][618]LogTemp:Warning: Entity #:0: Entity Name: Sluagh2
[2016.08.10-17.58.06:730][618]LogTemp:Warning: Entity #:1: Entity Name: Beck
[2016.08.10-17.58.06:730][618]LogTemp:Warning: Entity #:2: Entity Name: Sluagh
[2016.08.10-17.58.06:730][618]LogTemp:Warning: Entity #:3: Entity Name: Sluagh2
[2016.08.10-17.58.06:730][618]LogTemp:Warning: Entity #:4: Entity Name: Beck
[2016.08.10-17.58.06:730][618]LogTemp:Warning: Entity #:5: Entity Name: Sluagh
[2016.08.10-17.58.06:730][618]LogTemp:Warning: Entity #:6: Entity Name: Sluagh2
[2016.08.10-17.58.06:730][618]LogTemp:Warning: Sluagh Timer Active.
[2016.08.10-17.58.07:739][739]LogBlueprintUserMessages: [AttackBroadcaster_BP] Attack Time Set
[2016.08.10-17.58.13:754][460]LogBlueprintUserMessages: [BattleGameMode_BP_C_0] Animation
[2016.08.10-17.58.16:882][835]LogBlueprintUserMessages: Early EndPlayMap Detection: Level '/Game/Levels/OverworldLevel.OverworldLevel:PersistentLevel' has LevelScriptBlueprint '/Game/Levels/OverworldLevel.OverworldLevel:PersistentLevel.OverworldLevel' with GeneratedClass '/Game/Levels/OverworldLevel.OverworldLevel_C' with ClassGeneratedBy '/Game/Levels/OverworldLevel.OverworldLevel:PersistentLevel.OverworldLevel'
[2016.08.10-17.58.16:916][835]LogBlueprintUserMessages: Late EndPlayMap Detection: Level '/Game/Levels/OverworldLevel.OverworldLevel:PersistentLevel' has LevelScriptBlueprint '/Game/Levels/OverworldLevel.OverworldLevel:PersistentLevel.OverworldLevel' with GeneratedClass '/Game/Levels/OverworldLevel.OverworldLevel_C' with ClassGeneratedBy '/Game/Levels/OverworldLevel.OverworldLevel:PersistentLevel.OverworldLevel'
[2016.08.10-17.58.25:293][819]LogWindowsTextInputMethodSystem:Display: IME system now deactivated.
[2016.08.10-17.58.25:480][820]Cmd: QUIT_EDITOR
[2016.08.10-17.58.25:804][820]LogExit: Preparing to exit.
[2016.08.10-17.58.26:937][820]LogExit: Editor shut down
[2016.08.10-17.58.26:941][820]LogExit: Transaction tracking system shut down
[2016.08.10-17.58.27:045][820]LogObj: Freed 0b from 0 cluster array pools.
[2016.08.10-17.58.27:045][820]LogExit: Object subsystem successfully closed.
[2016.08.10-17.58.27:055][820]LogD3D11RHI: Shutdown
[2016.08.10-17.58.27:055][820]LogD3D11RHI: CleanupD3DDevice
[2016.08.10-17.58.27:112][820]LogD3D11RHI: ~FD3D11DynamicRHI
[2016.08.10-17.58.27:442][820]LogDerivedDataCache: Shutdown
[2016.08.10-17.58.27:443][820]LogModuleManager: Shutting down and abandoning module MovieSceneCapture (206)
[2016.08.10-17.58.27:443][820]LogModuleManager: Shutting down and abandoning module HierarchicalLODOutliner (205)
[2016.08.10-17.58.27:443][820]LogModuleManager: Shutting down and abandoning module CrashTracker (204)
[2016.08.10-17.58.27:443][820]LogModuleManager: Shutting down and abandoning module SuperSearch (203)
[2016.08.10-17.58.27:443][820]LogModuleManager: Shutting down and abandoning module WidgetCarousel (202)
[2016.08.10-17.58.27:443][820]LogModuleManager: Shutting down and abandoning module AddContentDialog (201)
[2016.08.10-17.58.27:443][820]LogModuleManager: Shutting down and abandoning module GameplayTags (200)
[2016.08.10-17.58.27:444][820]LogModuleManager: Shutting down and abandoning module EditorWidgets (199)
[2016.08.10-17.58.27:444][820]LogModuleManager: Shutting down and abandoning module CollectionManager (198)
[2016.08.10-17.58.27:444][820]LogModuleManager: Shutting down and abandoning module SceneOutliner (197)
[2016.08.10-17.58.27:444][820]LogModuleManager: Shutting down and abandoning module StatsViewer (196)
[2016.08.10-17.58.27:444][820]LogModuleManager: Shutting down and abandoning module FoliageEdit (195)
[2016.08.10-17.58.27:444][820]LogModuleManager: Shutting down and abandoning module LandscapeEditor (194)
[2016.08.10-17.58.27:444][820]LogModuleManager: Shutting down and abandoning module ActorPickerMode (193)
[2016.08.10-17.58.27:444][820]LogModuleManager: Shutting down and abandoning module GeometryMode (192)
[2016.08.10-17.58.27:444][820]LogModuleManager: Shutting down and abandoning module TextureAlignMode (191)
[2016.08.10-17.58.27:444][820]LogModuleManager: Shutting down and abandoning module BspMode (190)
[2016.08.10-17.58.27:444][820]LogModuleManager: Shutting down and abandoning module PlacementMode (189)
[2016.08.10-17.58.27:444][820]LogModuleManager: Shutting down and abandoning module AutomationWorker (188)
[2016.08.10-17.58.27:444][820]LogModuleManager: Shutting down and abandoning module CharacterAI (187)
[2016.08.10-17.58.27:444][820]LogModuleManager: Shutting down and abandoning module SmartSnapping (186)
[2016.08.10-17.58.27:444][820]LogModuleManager: Shutting down and abandoning module ViewportSnapping (185)
[2016.08.10-17.58.27:444][820]LogModuleManager: Shutting down and abandoning module LogVisualizer (184)
[2016.08.10-17.58.27:444][820]LogModuleManager: Shutting down and abandoning module GameProjectGeneration (183)
[2016.08.10-17.58.27:444][820]LogModuleManager: Shutting down and abandoning module IntroTutorials (182)
[2016.08.10-17.58.27:444][820]LogModuleManager: Shutting down and abandoning module EditorLiveStreaming (181)
[2016.08.10-17.58.27:444][820]LogModuleManager: Shutting down and abandoning module IOSPlatformEditor (180)
[2016.08.10-17.58.27:444][820]LogModuleManager: Shutting down and abandoning module HTML5PlatformEditor (179)
[2016.08.10-17.58.27:444][820]LogModuleManager: Shutting down and abandoning module AndroidDeviceDetection (178)
[2016.08.10-17.58.27:895][820]LogModuleManager: Shutting down and abandoning module AndroidPlatformEditor (177)
[2016.08.10-17.58.27:895][820]LogModuleManager: Shutting down and abandoning module IOSRuntimeSettings (176)
[2016.08.10-17.58.27:895][820]LogModuleManager: Shutting down and abandoning module AndroidRuntimeSettings (175)
[2016.08.10-17.58.27:895][820]LogModuleManager: Shutting down and abandoning module MergeActors (174)
[2016.08.10-17.58.27:895][820]LogModuleManager: Shutting down and abandoning module SizeMap (173)
[2016.08.10-17.58.27:895][820]LogModuleManager: Shutting down and abandoning module TreeMap (172)
[2016.08.10-17.58.27:895][820]LogModuleManager: Shutting down and abandoning module ReferenceViewer (171)
[2016.08.10-17.58.27:895][820]LogModuleManager: Shutting down and abandoning module LocalizationService (170)
[2016.08.10-17.58.27:895][820]LogModuleManager: Shutting down and abandoning module LocalizationDashboard (169)
[2016.08.10-17.58.27:895][820]LogModuleManager: Shutting down and abandoning module HardwareTargeting (168)
[2016.08.10-17.58.27:895][820]LogModuleManager: Shutting down and abandoning module DeviceProfileEditor (167)
[2016.08.10-17.58.27:895][820]LogModuleManager: Shutting down and abandoning module UndoHistory (166)
[2016.08.10-17.58.27:895][820]LogModuleManager: Shutting down and abandoning module UserFeedback (165)
[2016.08.10-17.58.27:895][820]LogModuleManager: Shutting down and abandoning module XmlParser (164)
[2016.08.10-17.58.27:895][820]LogModuleManager: Shutting down and abandoning module Blutility (163)
[2016.08.10-17.58.27:895][820]LogModuleManager: Shutting down and abandoning module ProjectTargetPlatformEditor (162)
[2016.08.10-17.58.27:895][820]LogModuleManager: Shutting down and abandoning module ProjectSettingsViewer (161)
[2016.08.10-17.58.27:895][820]LogModuleManager: Shutting down and abandoning module InputBindingEditor (160)
[2016.08.10-17.58.27:895][820]LogModuleManager: Shutting down and abandoning module EditorSettingsViewer (159)
[2016.08.10-17.58.27:895][820]LogModuleManager: Shutting down and abandoning module SettingsEditor (158)
[2016.08.10-17.58.27:895][820]LogModuleManager: Shutting down and abandoning module ProjectLauncher (157)
[2016.08.10-17.58.27:895][820]LogModuleManager: Shutting down and abandoning module SessionFrontend (156)
[2016.08.10-17.58.27:895][820]LogModuleManager: Shutting down and abandoning module ProfilerClient (155)
[2016.08.10-17.58.27:895][820]LogModuleManager: Shutting down and abandoning module TargetDeviceServices (154)
[2016.08.10-17.58.27:895][820]LogModuleManager: Shutting down and abandoning module DeviceManager (153)
[2016.08.10-17.58.27:936][820]LogModuleManager: Shutting down and abandoning module AutomationController (152)
[2016.08.10-17.58.27:936][820]LogModuleManager: Shutting down and abandoning module AutomationWindow (151)
[2016.08.10-17.58.27:936][820]LogModuleManager: Shutting down and abandoning module Layers (150)
[2016.08.10-17.58.27:936][820]LogModuleManager: Shutting down and abandoning module ComponentVisualizers (149)
[2016.08.10-17.58.27:936][820]LogModuleManager: Shutting down and abandoning module DetailCustomizations (148)
[2016.08.10-17.58.27:936][820]LogModuleManager: Shutting down and abandoning module PackagesDialog (147)
[2016.08.10-17.58.27:936][820]LogModuleManager: Shutting down and abandoning module Persona (146)
[2016.08.10-17.58.27:936][820]LogModuleManager: Shutting down and abandoning module Kismet (145)
[2016.08.10-17.58.27:936][820]LogModuleManager: Shutting down and abandoning module GraphEditor (144)
[2016.08.10-17.58.27:936][820]LogModuleManager: Shutting down and abandoning module ClassViewer (143)
[2016.08.10-17.58.27:936][820]LogModuleManager: Shutting down and abandoning module Toolbox (142)
[2016.08.10-17.58.27:936][820]LogModuleManager: Shutting down and abandoning module ModuleUI (141)
[2016.08.10-17.58.27:937][820]LogModuleManager: Shutting down and abandoning module MovieSceneTools (140)
[2016.08.10-17.58.27:937][820]LogModuleManager: Shutting down and abandoning module OutputLog (139)
[2016.08.10-17.58.27:937][820]LogModuleManager: Shutting down and abandoning module GammaUI (138)
[2016.08.10-17.58.27:937][820]LogModuleManager: Shutting down and abandoning module Documentation (137)
[2016.08.10-17.58.27:937][820]LogModuleManager: Shutting down and abandoning module StreamingPauseRendering (136)
[2016.08.10-17.58.27:937][820]LogModuleManager: Shutting down and abandoning module AnalyticsET (135)
[2016.08.10-17.58.27:937][820]LogModuleManager: Shutting down and abandoning module Analytics (134)
[2016.08.10-17.58.27:937][820]LogModuleManager: Shutting down and abandoning module PortalServices (133)
[2016.08.10-17.58.27:937][820]LogModuleManager: Shutting down and abandoning module PortalRpc (132)
[2016.08.10-17.58.27:937][820]LogModuleManager: Shutting down and abandoning module MessagingRpc (131)
[2016.08.10-17.58.27:937][820]LogModuleManager: Shutting down and abandoning module AITestSuite (130)
[2016.08.10-17.58.27:937][820]LogModuleManager: Shutting down and abandoning module GameplayDebugger (129)
[2016.08.10-17.58.27:937][820]LogModuleManager: Shutting down and abandoning module AIModule (128)
[2016.08.10-17.58.27:937][820]LogModuleManager: Shutting down and abandoning module ProfilerService (127)
[2016.08.10-17.58.28:012][820]LogModuleManager: Shutting down and abandoning module TaskGraph (126)
[2016.08.10-17.58.28:012][820]LogModuleManager: Shutting down and abandoning module SlateRemote (125)
[2016.08.10-17.58.28:012][820]LogModuleManager: Shutting down and abandoning module SteamVRController (124)
[2016.08.10-17.58.28:012][820]LogModuleManager: Shutting down and abandoning module SteamVR (123)
[2016.08.10-17.58.28:012][820]LogModuleManager: Shutting down and abandoning module ProceduralMeshComponent (122)
[2016.08.10-17.58.28:012][820]LogModuleManager: Shutting down and abandoning module OculusLibrary (121)
[2016.08.10-17.58.28:012][820]LogModuleManager: Shutting down and abandoning module OculusInput (120)
[2016.08.10-17.58.28:012][820]LogModuleManager: Shutting down and abandoning module CustomMeshComponent (119)
[2016.08.10-17.58.28:012][820]LogModuleManager: Shutting down and abandoning module CableComponent (118)
[2016.08.10-17.58.28:012][820]LogModuleManager: Shutting down and abandoning module ArchVisCharacter (117)
[2016.08.10-17.58.28:012][820]LogModuleManager: Shutting down and abandoning module MediaPlayerEditor (116)
[2016.08.10-17.58.28:012][820]LogModuleManager: Shutting down and abandoning module HTML5Networking (115)
[2016.08.10-17.58.28:012][820]LogModuleManager: Shutting down and abandoning module SpeedTreeImporter (114)
[2016.08.10-17.58.28:012][820]LogModuleManager: Shutting down and abandoning module PluginBrowser (113)
[2016.08.10-17.58.28:012][820]LogModuleManager: Shutting down and abandoning module EpicSurvey (112)
[2016.08.10-17.58.28:012][820]LogModuleManager: Shutting down and abandoning module DesktopPlatform (111)
[2016.08.10-17.58.28:012][820]LogModuleManager: Shutting down and abandoning module VisualStudioSourceCodeAccess (110)
[2016.08.10-17.58.28:012][820]LogModuleManager: Shutting down and abandoning module UObjectPlugin (109)
[2016.08.10-17.58.28:012][820]LogModuleManager: Shutting down and abandoning module SubversionSourceControl (108)
[2016.08.10-17.58.28:012][820]LogModuleManager: Shutting down and abandoning module PerforceSourceControl (107)
[2016.08.10-17.58.28:012][820]LogModuleManager: Shutting down and abandoning module SourceControl (106)
[2016.08.10-17.58.28:012][820]LogModuleManager: Shutting down and abandoning module GitSourceControl (105)
[2016.08.10-17.58.28:012][820]LogModuleManager: Shutting down and abandoning module LightPropagationVolumeEditor (104)
[2016.08.10-17.58.28:012][820]LogModuleManager: Shutting down and abandoning module PaperTiledImporter (103)
[2016.08.10-17.58.28:012][820]LogModuleManager: Shutting down and abandoning module PaperSpriteSheetImporter (102)
[2016.08.10-17.58.28:012][820]LogModuleManager: Shutting down and abandoning module MeshPaint (101)
[2016.08.10-17.58.28:012][820]LogModuleManager: Shutting down and abandoning module HotReload (100)
[2016.08.10-17.58.28:013][820]LogModuleManager: Shutting down and abandoning module MainFrame (99)
[2016.08.10-17.58.28:013][820]LogModuleManager: Shutting down and abandoning module LevelEditor (98)
[2016.08.10-17.58.28:014][820]LogModuleManager: Shutting down and abandoning module DirectoryWatcher (97)
[2016.08.10-17.58.28:014][820]LogModuleManager: Shutting down and abandoning module AssetRegistry (96)
[2016.08.10-17.58.28:095][820]LogModuleManager: Shutting down and abandoning module ContentBrowser (95)
[2016.08.10-17.58.28:095][820]LogModuleManager: Shutting down and abandoning module Paper2DEditor (94)
[2016.08.10-17.58.28:095][820]LogModuleManager: Shutting down and abandoning module ProjectOne (93)
[2016.08.10-17.58.28:095][820]LogModuleManager: Shutting down and abandoning module UdpMessaging (92)
[2016.08.10-17.58.28:196][820]LogModuleManager: Shutting down and abandoning module LightPropagationVolumeRuntime (91)
[2016.08.10-17.58.28:196][820]LogModuleManager: Shutting down and abandoning module Paper2D (90)
[2016.08.10-17.58.28:196][820]LogModuleManager: Shutting down and abandoning module WindowsMoviePlayer (89)
[2016.08.10-17.58.28:196][820]LogModuleManager: Shutting down and abandoning module Media (88)
[2016.08.10-17.58.28:196][820]LogModuleManager: Shutting down and abandoning module WmfMedia (87)
[2016.08.10-17.58.28:196][820]LogModuleManager: Shutting down and abandoning module MediaAssets (86)
[2016.08.10-17.58.28:196][820]LogModuleManager: Shutting down and abandoning module GameLiveStreaming (85)
[2016.08.10-17.58.28:196][820]LogModuleManager: Shutting down and abandoning module GameplayTagsEditor (84)
[2016.08.10-17.58.28:196][820]LogModuleManager: Shutting down and abandoning module OnlineBlueprintSupport (83)
[2016.08.10-17.58.28:196][820]LogModuleManager: Shutting down and abandoning module GameplayTasksEditor (82)
[2016.08.10-17.58.28:196][820]LogModuleManager: Shutting down and abandoning module PropertyEditor (81)
[2016.08.10-17.58.28:196][820]LogModuleManager: Shutting down and abandoning module BehaviorTreeEditor (80)
[2016.08.10-17.58.28:196][820]LogModuleManager: Shutting down and abandoning module FunctionalTesting (79)
[2016.08.10-17.58.28:196][820]LogModuleManager: Shutting down and abandoning module CollisionAnalyzer (78)
[2016.08.10-17.58.28:196][820]LogModuleManager: Shutting down and abandoning module WorkspaceMenuStructure (77)
[2016.08.10-17.58.28:196][820]LogModuleManager: Shutting down and abandoning module MessageLog (76)
[2016.08.10-17.58.28:196][820]LogModuleManager: Shutting down and abandoning module Sequencer (75)
[2016.08.10-17.58.28:196][820]LogModuleManager: Shutting down and abandoning module AssetTools (74)
[2016.08.10-17.58.28:196][820]LogModuleManager: Shutting down and abandoning module UMGEditor (73)
[2016.08.10-17.58.28:196][820]LogModuleManager: Shutting down and abandoning module UMG (72)
[2016.08.10-17.58.28:196][820]LogModuleManager: Shutting down and abandoning module SlateReflector (71)
[2016.08.10-17.58.28:196][820]LogModuleManager: Shutting down and abandoning module Slate (70)
[2016.08.10-17.58.28:196][820]LogModuleManager: Shutting down and abandoning module EditorStyle (69)
[2016.08.10-17.58.28:199][820]LogModuleManager: Shutting down and abandoning module SessionServices (68)
[2016.08.10-17.58.28:199][820]LogModuleManager: Shutting down and abandoning module SourceCodeAccess (67)
[2016.08.10-17.58.28:199][820]LogModuleManager: Shutting down and abandoning module HeadMountedDisplay (66)
[2016.08.10-17.58.28:199][820]LogModuleManager: Shutting down and abandoning module XAudio2 (65)
[2016.08.10-17.58.28:199][820]LogModuleManager: Shutting down and abandoning module Networking (63)
[2016.08.10-17.58.28:199][820]LogModuleManager: Shutting down and abandoning module Core (62)
[2016.08.10-17.58.28:199][820]LogModuleManager: Shutting down and abandoning module KismetCompiler (61)
[2016.08.10-17.58.28:199][820]LogModuleManager: Shutting down and abandoning module PhysXFormats (60)
[2016.08.10-17.58.28:199][820]LogModuleManager: Shutting down and abandoning module MeshUtilities (59)
[2016.08.10-17.58.28:199][820]LogModuleManager: Shutting down and abandoning module CookingStats (58)
[2016.08.10-17.58.28:199][820]LogModuleManager: Shutting down and abandoning module DerivedDataCache (57)
[2016.08.10-17.58.28:199][820]LogDerivedDataCache: Shutdown
[2016.08.10-17.58.28:199][820]LogModuleManager: Shutting down and abandoning module ShaderFormatOpenGL (56)
[2016.08.10-17.58.28:199][820]LogModuleManager: Shutting down and abandoning module ShaderFormatD3D (55)
[2016.08.10-17.58.28:199][820]LogModuleManager: Shutting down and abandoning module MetalShaderFormat (54)
[2016.08.10-17.58.28:199][820]LogModuleManager: Shutting down and abandoning module TextureFormatUncompressed (53)
[2016.08.10-17.58.28:199][820]LogModuleManager: Shutting down and abandoning module TextureFormatPVR (52)
[2016.08.10-17.58.28:199][820]LogModuleManager: Shutting down and abandoning module TextureFormatIntelISPCTexComp (51)
[2016.08.10-17.58.28:199][820]LogModuleManager: Shutting down and abandoning module TextureFormatDXT (50)
[2016.08.10-17.58.28:199][820]LogModuleManager: Shutting down and abandoning module ImageWrapper (49)
[2016.08.10-17.58.28:199][820]LogModuleManager: Shutting down and abandoning module TextureFormatASTC (48)
[2016.08.10-17.58.28:199][820]LogModuleManager: Shutting down and abandoning module TextureFormatAndroid (47)
[2016.08.10-17.58.28:199][820]LogModuleManager: Shutting down and abandoning module AudioFormatOpus (46)
[2016.08.10-17.58.28:199][820]LogModuleManager: Shutting down and abandoning module AudioFormatOgg (45)
[2016.08.10-17.58.28:199][820]LogModuleManager: Shutting down and abandoning module AudioFormatADPCM (44)
[2016.08.10-17.58.28:200][820]LogModuleManager: Shutting down and abandoning module LinuxTargetPlatform (43)
[2016.08.10-17.58.28:200][820]LogModuleManager: Shutting down and abandoning module LinuxServerTargetPlatform (42)
[2016.08.10-17.58.28:200][820]LogModuleManager: Shutting down and abandoning module LinuxNoEditorTargetPlatform (41)
[2016.08.10-17.58.28:200][820]LogModuleManager: Shutting down and abandoning module TVOSTargetPlatform (40)
[2016.08.10-17.58.28:200][820]LogModuleManager: Shutting down and abandoning module Messaging (39)
[2016.08.10-17.58.28:200][820]LogModuleManager: Shutting down and abandoning module IOSTargetPlatform (38)
[2016.08.10-17.58.28:200][820]LogModuleManager: Shutting down and abandoning module HTML5TargetPlatform (37)
[2016.08.10-17.58.28:200][820]LogModuleManager: Shutting down and abandoning module Android_PVRTCTargetPlatform (36)
[2016.08.10-17.58.28:200][820]LogModuleManager: Shutting down and abandoning module Android_MultiTargetPlatform (35)
[2016.08.10-17.58.28:200][820]LogModuleManager: Shutting down and abandoning module Android_ETC2TargetPlatform (34)
[2016.08.10-17.58.28:200][820]LogModuleManager: Shutting down and abandoning module Android_ETC1TargetPlatform (33)
[2016.08.10-17.58.28:200][820]LogModuleManager: Shutting down and abandoning module Android_DXTTargetPlatform (32)
[2016.08.10-17.58.28:200][820]LogModuleManager: Shutting down and abandoning module Android_ATCTargetPlatform (31)
[2016.08.10-17.58.28:200][820]LogModuleManager: Shutting down and abandoning module Android_ASTCTargetPlatform (30)
[2016.08.10-17.58.28:200][820]LogModuleManager: Shutting down and abandoning module AndroidTargetPlatform (29)
[2016.08.10-17.58.28:200][820]LogModuleManager: Shutting down and abandoning module WindowsTargetPlatform (28)
[2016.08.10-17.58.28:200][820]LogModuleManager: Shutting down and abandoning module WindowsServerTargetPlatform (27)
[2016.08.10-17.58.28:200][820]LogModuleManager: Shutting down and abandoning module WindowsNoEditorTargetPlatform (26)
[2016.08.10-17.58.28:200][820]LogModuleManager: Shutting down and abandoning module WindowsClientTargetPlatform (25)
[2016.08.10-17.58.28:200][820]LogModuleManager: Shutting down and abandoning module AllDesktopTargetPlatform (24)
[2016.08.10-17.58.28:200][820]LogModuleManager: Shutting down and abandoning module TargetPlatform (23)
[2016.08.10-17.58.28:200][820]LogModuleManager: Shutting down and abandoning module InputCore (22)
[2016.08.10-17.58.28:200][820]LogModuleManager: Shutting down and abandoning module Settings (21)
[2016.08.10-17.58.28:200][820]LogModuleManager: Shutting down and abandoning module OnlineSubsystem (19)
[2016.08.10-17.58.28:200][820]LogModuleManager: Shutting down and abandoning module HTTP (18)
[2016.08.10-17.58.29:201][820]LogModuleManager: Shutting down and abandoning module XMPP (17)
[2016.08.10-17.58.29:201][820]LogModuleManager: Shutting down and abandoning module OculusRift (16)
[2016.08.10-17.58.29:201][820]LogModuleManager: Shutting down and abandoning module ExampleDeviceProfileSelector (15)
[2016.08.10-17.58.29:201][820]LogModuleManager: Shutting down and abandoning module TextureCompressor (14)
[2016.08.10-17.58.29:201][820]LogModuleManager: Shutting down and abandoning module ShaderCore (13)
[2016.08.10-17.58.29:201][820]LogModuleManager: Shutting down and abandoning module Landscape (12)
[2016.08.10-17.58.29:201][820]LogModuleManager: Shutting down and abandoning module SlateRHIRenderer (11)
[2016.08.10-17.58.29:202][820]LogModuleManager: Shutting down and abandoning module OpenGLDrv (10)
[2016.08.10-17.58.29:202][820]LogModuleManager: Shutting down and abandoning module D3D11RHI (9)
[2016.08.10-17.58.29:202][820]LogModuleManager: Shutting down and abandoning module AnimGraphRuntime (8)
[2016.08.10-17.58.29:202][820]LogModuleManager: Shutting down and abandoning module Renderer (7)
[2016.08.10-17.58.29:202][820]LogModuleManager: Shutting down and abandoning module Engine (6)
[2016.08.10-17.58.29:202][820]LogModuleManager: Shutting down and abandoning module CoreUObject (5)
[2016.08.10-17.58.29:202][820]LogModuleManager: Shutting down and abandoning module NetworkFile (4)
[2016.08.10-17.58.29:202][820]LogModuleManager: Shutting down and abandoning module StreamingFile (3)
[2016.08.10-17.58.29:202][820]LogModuleManager: Shutting down and abandoning module SandboxFile (2)
[2016.08.10-17.58.29:202][820]LogModuleManager: Shutting down and abandoning module PakFile (1)
[2016.08.10-17.58.29:203][820]LogExit: Exiting.
[2016.08.10-17.58.29:204][820]Log file closed, 08/10/16 13:58:29
