Log file open, 08/18/16 18:35:15
LogInit:Display: Running engine for game: ProjectOne
LogPlatformFile: Not using cached read wrapper
LogInit:Display: RandInit(-891361321) SRandInit(-891361319).
LogTaskGraph: Started task graph with 4 named threads and 7 total threads.
LogStats: Stats thread started at 0.092665
LogInit: Version: 4.11.2-2946394+++UE4+Release-4.11
LogInit: API Version: 2927265
LogInit: Compiled (64-bit): Apr 18 2016 02:18:46
LogInit: Compiled with Visual C++: 19.00.23026.00
LogInit: Build Configuration: Development
LogInit: Branch Name: ++UE4+Release-4.11
LogInit: Command line:  /Temp/Autosaves/Game/Levels/UEDPCOverworldLevel -game -PIEVIACONSOLE -ResX=1280 -ResY=720  -Multiprocess -messaging -SessionName="Play in Standalone Game" 
LogInit: Base directory: C:/Program Files/Epic Games/4.11/Engine/Binaries/Win64/
LogInit: Installed Engine Build: 1
LogInit: Using libcurl 7.41.0
LogInit:  - built for x86_64-pc-win32
LogInit:  - supports SSL with WinSSL
LogInit:  - other features:
LogInit:      CURL_VERSION_SSL
LogInit:      CURL_VERSION_IPV6
LogInit:      CURL_VERSION_ASYNCHDNS
LogInit:      CURL_VERSION_LARGEFILE
LogInit:      CURL_VERSION_IDN
LogInit:  CurlRequestOptions (configurable via config and command line):
LogInit:  - bVerifyPeer = true  - Libcurl will verify peer certificate
LogInit:  - bUseHttpProxy = false  - Libcurl will NOT use HTTP proxy
LogInit:  - bDontReuseConnections = false  - Libcurl will reuse connections
LogInit:  - CertBundlePath = nullptr  - Libcurl will use whatever was configured at build time.
LogInit: Presizing for max 16777216 objects, including 0 objects not considered by GC, pre-allocating 0 bytes for permanent pool.
LogInit: Object subsystem initialized
[2016.08.18-22.35.16:090][  0]LogInit: Selected Device Profile: [Windows]
[2016.08.18-22.35.16:090][  0]LogInit: Applying CVar settings loaded from the selected device profile: [Windows]
[2016.08.18-22.35.16:094][  0]LogInit: Computer: FAHAD-PC
[2016.08.18-22.35.16:094][  0]LogInit: User: Fahad
[2016.08.18-22.35.16:094][  0]LogInit: CPU Page size=65536, Cores=4
[2016.08.18-22.35.16:094][  0]LogInit: High frequency timer resolution =3.215352 MHz
[2016.08.18-22.35.16:095][  0]LogMemory: Memory total: Physical=8.0GB (8GB approx)
[2016.08.18-22.35.16:095][  0]LogMemory: Platform Memory Stats for Windows
[2016.08.18-22.35.16:095][  0]LogMemory: Process Physical Memory: 313.66 MB used, 313.66 MB peak
[2016.08.18-22.35.16:095][  0]LogMemory: Process Virtual Memory: 314.87 MB used, 314.87 MB peak
[2016.08.18-22.35.16:095][  0]LogMemory: Physical Memory: 5795.16 MB used, 8174.67 MB total
[2016.08.18-22.35.16:095][  0]LogMemory: Virtual Memory: 651.88 MB used, 134217728.00 MB total
[2016.08.18-22.35.16:150][  0]LogTextLocalizationManager: No specific translations for ('en-US') exist, so ('en') translations will be used.
[2016.08.18-22.35.16:581][  0]LogD3D11RHI: D3D11 adapters:
[2016.08.18-22.35.16:608][  0]LogD3D11RHI:    0. 'NVIDIA GeForce GTX 970' (Feature Level 11_0)
[2016.08.18-22.35.16:608][  0]LogD3D11RHI:       4007MB of dedicated video memory, 0MB of dedicated system memory, and 4087MB of shared system memory, 2 output[s]
[2016.08.18-22.35.16:610][  0]LogD3D11RHI:    1. 'Microsoft Basic Render Driver' (Feature Level 11_0)
[2016.08.18-22.35.16:610][  0]LogD3D11RHI:       0MB of dedicated video memory, 0MB of dedicated system memory, and 4087MB of shared system memory, 0 output[s]
[2016.08.18-22.35.16:610][  0]LogD3D11RHI: Chosen D3D11 Adapter: 0
[2016.08.18-22.35.16:615][  0]LogD3D11RHI: Creating new Direct3DDevice
[2016.08.18-22.35.16:615][  0]LogD3D11RHI:     Adapter Name: NVIDIA GeForce GTX 970
[2016.08.18-22.35.16:615][  0]LogD3D11RHI:   Driver Version: 10.18.13.6510 (internal 10.18.13.6510)
[2016.08.18-22.35.16:615][  0]LogD3D11RHI:      Driver Date: 4-27-2016
[2016.08.18-22.35.16:615][  0]LogRHI: Texture pool is 1361 MB (70% of 1945 MB)
[2016.08.18-22.35.16:630][  0]LogD3D11RHI: Async texture creation enabled
[2016.08.18-22.35.17:103][  0]LogShaderCompilers: Guid format shader working directory is -48 characters bigger than the processId version (../../../../../../Users/Fahad/Desktop/MX2 Game Suite/GitHub Directory/project-1-mx2/ProjectOne/Intermediate/Shaders/WorkingDirectory/5752/).
[2016.08.18-22.35.17:103][  0]LogShaderCompilers: Cleaned the shader compiler working directory 'C:/Users/Fahad/AppData/Local/Temp/UnrealShaderWorkingDir/743F3FF54886EC4358C5FD845D5F640F/'.
[2016.08.18-22.35.17:103][  0]LogShaderCompilers:Display: Using Local Shader Compiler.
[2016.08.18-22.35.18:148][  0]LogTemp:Display: Loaded TP AllDesktopTargetPlatform
[2016.08.18-22.35.18:155][  0]LogTemp:Display: Loaded TP WindowsClientTargetPlatform
[2016.08.18-22.35.18:162][  0]LogTemp:Display: Loaded TP WindowsNoEditorTargetPlatform
[2016.08.18-22.35.18:168][  0]LogTemp:Display: Loaded TP WindowsServerTargetPlatform
[2016.08.18-22.35.18:175][  0]LogTemp:Display: Loaded TP WindowsTargetPlatform
[2016.08.18-22.35.18:179][  0]LogTemp:Display: Loaded TP AndroidTargetPlatform
[2016.08.18-22.35.18:183][  0]LogTemp:Display: Loaded TP Android_ASTCTargetPlatform
[2016.08.18-22.35.18:187][  0]LogTemp:Display: Loaded TP Android_ATCTargetPlatform
[2016.08.18-22.35.18:191][  0]LogTemp:Display: Loaded TP Android_DXTTargetPlatform
[2016.08.18-22.35.18:195][  0]LogTemp:Display: Loaded TP Android_ETC1TargetPlatform
[2016.08.18-22.35.18:198][  0]LogTemp:Display: Loaded TP Android_ETC2TargetPlatform
[2016.08.18-22.35.18:208][  0]LogTemp:Display: Loaded TP Android_MultiTargetPlatform
[2016.08.18-22.35.18:208][  0]LogTemp:Display: Loaded TP Android_PVRTCTargetPlatform
[2016.08.18-22.35.18:209][  0]LogTemp:Display: Loaded TP HTML5TargetPlatform
[2016.08.18-22.35.18:229][  0]LogTemp:Display: Loaded TP IOSTargetPlatform
[2016.08.18-22.35.18:232][  0]LogTemp:Display: Loaded TP TVOSTargetPlatform
[2016.08.18-22.35.18:236][  0]LogTemp:Display: Loaded TP LinuxNoEditorTargetPlatform
[2016.08.18-22.35.18:240][  0]LogTemp:Display: Loaded TP LinuxServerTargetPlatform
[2016.08.18-22.35.18:244][  0]LogTemp:Display: Loaded TP LinuxTargetPlatform
[2016.08.18-22.35.18:244][  0]LogTargetPlatformManager:Display: Building Assets For Windows
[2016.08.18-22.35.18:358][  0]LogDerivedDataCache:Display: Max Cache Size: 512 MB
[2016.08.18-22.35.18:428][  0]LogDerivedDataCache: Loaded boot cache 0.07s 65MB C:/Users/Fahad/AppData/Local/UnrealEngine/4.11/DerivedDataCache/Boot.ddc.
[2016.08.18-22.35.18:428][  0]LogDerivedDataCache:Display: Loaded Boot cache: C:/Users/Fahad/AppData/Local/UnrealEngine/4.11/DerivedDataCache/Boot.ddc
[2016.08.18-22.35.18:428][  0]LogDerivedDataCache: FDerivedDataBackendGraph:  Pak pak cache file ../../../../../../Users/Fahad/Desktop/MX2 Game Suite/GitHub Directory/project-1-mx2/ProjectOne/DerivedDataCache/DDC.ddp not found, will not use a pak cache.
[2016.08.18-22.35.18:428][  0]LogDerivedDataCache: Unable to find inner node Pak for hierarchical cache Hierarchy.
[2016.08.18-22.35.18:428][  0]LogDerivedDataCache: FDerivedDataBackendGraph:  CompressedPak pak cache file ../../../../../../Users/Fahad/Desktop/MX2 Game Suite/GitHub Directory/project-1-mx2/ProjectOne/DerivedDataCache/Compressed.ddp not found, will not use a pak cache.
[2016.08.18-22.35.18:428][  0]LogDerivedDataCache: Unable to find inner node CompressedPak for hierarchical cache Hierarchy.
[2016.08.18-22.35.18:444][  0]LogDerivedDataCache:Display: Pak cache opened for reading ../../../Engine/DerivedDataCache/Compressed.ddp.
[2016.08.18-22.35.18:456][  0]LogDerivedDataCache: Using Local data cache path C:/Users/Fahad/AppData/Local/UnrealEngine/Common/DerivedDataCache: Writable
[2016.08.18-22.35.18:696][  0]LogInit: Selected Device Profile: [Windows]
[2016.08.18-22.35.18:702][  0]LogMaterial: Uniform references updated for custom material expression Custom.
[2016.08.18-22.35.18:703][  0]LogContentStreaming: Texture pool size is 1000.00 MB
[2016.08.18-22.35.18:838][  0]LogMeshUtilities: No automatic mesh reduction module available
[2016.08.18-22.35.18:838][  0]LogMeshUtilities: No automatic mesh merging module available
[2016.08.18-22.35.18:838][  0]LogMeshUtilities: No distributed automatic mesh merging module available
[2016.08.18-22.35.19:078][  0]LogInit: WinSock: version 1.1 (2.2), MaxSocks=32767, MaxUdp=65467
[2016.08.18-22.35.19:182][  0]LogSlate: SlateFontCache - WITH_FREETYPE: 1, WITH_HARFBUZZ: 1
[2016.08.18-22.35.19:182][  0]LogSlate: SlateFontCache - WITH_FREETYPE: 1, WITH_HARFBUZZ: 1
[2016.08.18-22.35.19:363][  0]LogWindowsMoviePlayer: Unable to load movie: ../../../../../../Users/Fahad/Desktop/MX2 Game Suite/GitHub Directory/project-1-mx2/ProjectOne/Content/Movies/Default_Startup.mp4
[2016.08.18-22.35.19:449][  0]LogUdpMessaging: Initializing bridge on interface 0.0.0.0:0 to multicast group 230.0.0.1:6666.
[2016.08.18-22.35.19:518][  0]LogTemp:Warning: No World
[2016.08.18-22.35.19:535][  0]SourceControl: Info Source control is disabled
[2016.08.18-22.35.19:535][  0]SourceControl: Info Source control is disabled
[2016.08.18-22.35.19:548][  0]SourceControl: Info Source control is disabled
[2016.08.18-22.35.19:696][  0]LogHMD: Failed to initialize OpenVR with code 108
[2016.08.18-22.35.19:726][  0]LogUObjectArray: 29307 objects as part of root set at end of initial load.
[2016.08.18-22.35.19:726][  0]LogUObjectAllocator: 6107224 out of 0 bytes used by permanent object pool.
[2016.08.18-22.35.19:726][  0]LogUObjectArray: CloseDisregardForGC: 0/0 objects in disregard for GC pool
[2016.08.18-22.35.19:786][  0]LogEngine: Initializing Engine...
[2016.08.18-22.35.20:479][  0]LogInit: XAudio2 using 'Speakers (5- Logitech USB Headset)' : 2 channels at 44.1 kHz using 16 bits per sample (channel mask 0x3)
[2016.08.18-22.35.20:489][  0]LogInit: FAudioDevice initialized.
[2016.08.18-22.35.20:499][  0]LogInit: Texture streaming: Enabled
[2016.08.18-22.35.20:585][  0]LogNet: Browse: /Temp/Autosaves/Game/Levels/UEDPCOverworldLevel?Name=Player
[2016.08.18-22.35.20:585][  0]LogLoad: LoadMap: /Temp/Autosaves/Game/Levels/UEDPCOverworldLevel?Name=Player
[2016.08.18-22.35.20:619][  0]LogMemory: Platform Memory Stats for Windows
[2016.08.18-22.35.20:619][  0]LogMemory: Process Physical Memory: 781.71 MB used, 784.89 MB peak
[2016.08.18-22.35.20:619][  0]LogMemory: Process Virtual Memory: 909.25 MB used, 909.26 MB peak
[2016.08.18-22.35.20:619][  0]LogMemory: Physical Memory: 6199.94 MB used, 8174.67 MB total
[2016.08.18-22.35.20:619][  0]LogMemory: Virtual Memory: 1481.91 MB used, 134217728.00 MB total
[2016.08.18-22.35.20:619][  0]LogMemory: 
[2016.08.18-22.35.20:619][  0]Allocator Stats for TBB: (not implemented)
[2016.08.18-22.35.20:624][  0]LogTemp:Warning: No World
[2016.08.18-22.35.20:747][  0]LogAssetRegistry: FAssetRegistry took 0.0001 seconds to start up
[2016.08.18-22.35.20:989][  0]LogTemp:Warning: No World
[2016.08.18-22.35.21:099][  0]LogTemp:Warning: No World
[2016.08.18-22.35.21:157][  0]LogAIModule: Creating AISystem for world OverworldLevel
[2016.08.18-22.35.21:157][  0]LogWorld: Game class is 'BattleGameMode_BP_C'
[2016.08.18-22.35.21:159][  0]LogWorld: Bringing World /Temp/Autosaves/Game/Levels/UEDPCOverworldLevel.OverworldLevel up for play (max tick rate 0) at 2016.08.18-18.35.21
[2016.08.18-22.35.21:160][  0]LogWorld: Bringing up level for play took: 0.002220
[2016.08.18-22.35.21:161][  0]LogInit:Display: Game Engine Initialized.
[2016.08.18-22.35.21:383][  0]LogLoad: Full Startup: 6.20 seconds (BP compile: 0.39 seconds)
[2016.08.18-22.35.21:383][  0]LogExternalProfiler: Found external profiler: VSPerf
[2016.08.18-22.35.21:383][  0]LogExternalProfiler: Using external profiler: VSPerf
[2016.08.18-22.35.21:402][  0]LogWindowsTextInputMethodSystem:Display: IME system now deactivated.
[2016.08.18-22.35.21:402][  0]LogOcInput: OculusInput pre-init called
[2016.08.18-22.35.21:451][  1]PIE:Warning: Warning Mobility of OrbReticleFadeOut_BP_2 : RenderComponent has to be 'Movable' if you'd like to move. 
[2016.08.18-22.35.21:518][  2]LogRenderer: Reallocating scene render targets to support 1280x720 (Frame:2).
[2016.08.18-22.35.21:563][  2]PIE:Warning: Warning Mobility of OrbReticleFadeOut_BP_2 : RenderComponent has to be 'Movable' if you'd like to move. 
[2016.08.18-22.35.21:590][  3]PIE:Warning: Warning Mobility of OrbReticleFadeOut_BP_2 : RenderComponent has to be 'Movable' if you'd like to move. 
[2016.08.18-22.35.21:610][  4]PIE:Warning: Warning Mobility of OrbReticleFadeOut_BP_2 : RenderComponent has to be 'Movable' if you'd like to move. 
[2016.08.18-22.35.21:627][  5]PIE:Warning: Warning Mobility of OrbReticleFadeOut_BP_2 : RenderComponent has to be 'Movable' if you'd like to move. 
[2016.08.18-22.35.21:646][  6]PIE:Warning: Warning Mobility of OrbReticleFadeOut_BP_2 : RenderComponent has to be 'Movable' if you'd like to move. 
[2016.08.18-22.35.21:663][  7]PIE:Warning: Warning Mobility of OrbReticleFadeOut_BP_2 : RenderComponent has to be 'Movable' if you'd like to move. 
[2016.08.18-22.35.21:678][  8]PIE:Warning: Warning Mobility of OrbReticleFadeOut_BP_2 : RenderComponent has to be 'Movable' if you'd like to move. 
[2016.08.18-22.35.21:695][  9]PIE:Warning: Warning Mobility of OrbReticleFadeOut_BP_2 : RenderComponent has to be 'Movable' if you'd like to move. 
[2016.08.18-22.35.21:711][ 10]PIE:Warning: Warning Mobility of OrbReticleFadeOut_BP_2 : RenderComponent has to be 'Movable' if you'd like to move. 
[2016.08.18-22.35.21:727][ 11]PIE:Warning: Warning Mobility of OrbReticleFadeOut_BP_2 : RenderComponent has to be 'Movable' if you'd like to move. 
[2016.08.18-22.35.21:744][ 12]PIE:Warning: Warning Mobility of OrbReticleFadeOut_BP_2 : RenderComponent has to be 'Movable' if you'd like to move. 
[2016.08.18-22.35.21:760][ 13]PIE:Warning: Warning Mobility of OrbReticleFadeOut_BP_2 : RenderComponent has to be 'Movable' if you'd like to move. 
[2016.08.18-22.35.21:776][ 14]PIE:Warning: Warning Mobility of OrbReticleFadeOut_BP_2 : RenderComponent has to be 'Movable' if you'd like to move. 
[2016.08.18-22.35.21:792][ 15]PIE:Warning: Warning Mobility of OrbReticleFadeOut_BP_2 : RenderComponent has to be 'Movable' if you'd like to move. 
[2016.08.18-22.35.21:808][ 16]PIE:Warning: Warning Mobility of OrbReticleFadeOut_BP_2 : RenderComponent has to be 'Movable' if you'd like to move. 
[2016.08.18-22.35.21:824][ 17]PIE:Warning: Warning Mobility of OrbReticleFadeOut_BP_2 : RenderComponent has to be 'Movable' if you'd like to move. 
[2016.08.18-22.35.21:840][ 18]PIE:Warning: Warning Mobility of OrbReticleFadeOut_BP_2 : RenderComponent has to be 'Movable' if you'd like to move. 
[2016.08.18-22.35.21:856][ 19]PIE:Warning: Warning Mobility of OrbReticleFadeOut_BP_2 : RenderComponent has to be 'Movable' if you'd like to move. 
[2016.08.18-22.35.21:873][ 20]PIE:Warning: Warning Mobility of OrbReticleFadeOut_BP_2 : RenderComponent has to be 'Movable' if you'd like to move. 
[2016.08.18-22.35.21:889][ 21]PIE:Warning: Warning Mobility of OrbReticleFadeOut_BP_2 : RenderComponent has to be 'Movable' if you'd like to move. 
[2016.08.18-22.35.21:905][ 22]PIE:Warning: Warning Mobility of OrbReticleFadeOut_BP_2 : RenderComponent has to be 'Movable' if you'd like to move. 
[2016.08.18-22.35.21:921][ 23]PIE:Warning: Warning Mobility of OrbReticleFadeOut_BP_2 : RenderComponent has to be 'Movable' if you'd like to move. 
[2016.08.18-22.35.21:937][ 24]PIE:Warning: Warning Mobility of OrbReticleFadeOut_BP_2 : RenderComponent has to be 'Movable' if you'd like to move. 
[2016.08.18-22.35.21:953][ 25]PIE:Warning: Warning Mobility of OrbReticleFadeOut_BP_2 : RenderComponent has to be 'Movable' if you'd like to move. 
[2016.08.18-22.35.21:969][ 26]PIE:Warning: Warning Mobility of OrbReticleFadeOut_BP_2 : RenderComponent has to be 'Movable' if you'd like to move. 
[2016.08.18-22.35.21:985][ 27]PIE:Warning: Warning Mobility of OrbReticleFadeOut_BP_2 : RenderComponent has to be 'Movable' if you'd like to move. 
[2016.08.18-22.35.22:002][ 28]PIE:Warning: Warning Mobility of OrbReticleFadeOut_BP_2 : RenderComponent has to be 'Movable' if you'd like to move. 
[2016.08.18-22.35.22:018][ 29]PIE:Warning: Warning Mobility of OrbReticleFadeOut_BP_2 : RenderComponent has to be 'Movable' if you'd like to move. 
[2016.08.18-22.35.22:034][ 30]PIE:Warning: Warning Mobility of OrbReticleFadeOut_BP_2 : RenderComponent has to be 'Movable' if you'd like to move. 
[2016.08.18-22.35.22:050][ 31]PIE:Warning: Warning Mobility of OrbReticleFadeOut_BP_2 : RenderComponent has to be 'Movable' if you'd like to move. 
[2016.08.18-22.35.22:066][ 32]PIE:Warning: Warning Mobility of OrbReticleFadeOut_BP_2 : RenderComponent has to be 'Movable' if you'd like to move. 
[2016.08.18-22.35.22:082][ 33]PIE:Warning: Warning Mobility of OrbReticleFadeOut_BP_2 : RenderComponent has to be 'Movable' if you'd like to move. 
[2016.08.18-22.35.22:098][ 34]PIE:Warning: Warning Mobility of OrbReticleFadeOut_BP_2 : RenderComponent has to be 'Movable' if you'd like to move. 
[2016.08.18-22.35.22:115][ 35]PIE:Warning: Warning Mobility of OrbReticleFadeOut_BP_2 : RenderComponent has to be 'Movable' if you'd like to move. 
[2016.08.18-22.35.22:130][ 36]PIE:Warning: Warning Mobility of OrbReticleFadeOut_BP_2 : RenderComponent has to be 'Movable' if you'd like to move. 
[2016.08.18-22.35.22:147][ 37]PIE:Warning: Warning Mobility of OrbReticleFadeOut_BP_2 : RenderComponent has to be 'Movable' if you'd like to move. 
[2016.08.18-22.35.22:163][ 38]PIE:Warning: Warning Mobility of OrbReticleFadeOut_BP_2 : RenderComponent has to be 'Movable' if you'd like to move. 
[2016.08.18-22.35.22:179][ 39]PIE:Warning: Warning Mobility of OrbReticleFadeOut_BP_2 : RenderComponent has to be 'Movable' if you'd like to move. 
[2016.08.18-22.35.22:195][ 40]PIE:Warning: Warning Mobility of OrbReticleFadeOut_BP_2 : RenderComponent has to be 'Movable' if you'd like to move. 
[2016.08.18-22.35.22:212][ 41]PIE:Warning: Warning Mobility of OrbReticleFadeOut_BP_2 : RenderComponent has to be 'Movable' if you'd like to move. 
[2016.08.18-22.35.22:228][ 42]PIE:Warning: Warning Mobility of OrbReticleFadeOut_BP_2 : RenderComponent has to be 'Movable' if you'd like to move. 
[2016.08.18-22.35.22:244][ 43]PIE:Warning: Warning Mobility of OrbReticleFadeOut_BP_2 : RenderComponent has to be 'Movable' if you'd like to move. 
[2016.08.18-22.35.22:260][ 44]PIE:Warning: Warning Mobility of OrbReticleFadeOut_BP_2 : RenderComponent has to be 'Movable' if you'd like to move. 
[2016.08.18-22.35.22:276][ 45]PIE:Warning: Warning Mobility of OrbReticleFadeOut_BP_2 : RenderComponent has to be 'Movable' if you'd like to move. 
[2016.08.18-22.35.22:292][ 46]PIE:Warning: Warning Mobility of OrbReticleFadeOut_BP_2 : RenderComponent has to be 'Movable' if you'd like to move. 
[2016.08.18-22.35.22:308][ 47]PIE:Warning: Warning Mobility of OrbReticleFadeOut_BP_2 : RenderComponent has to be 'Movable' if you'd like to move. 
[2016.08.18-22.35.22:324][ 48]PIE:Warning: Warning Mobility of OrbReticleFadeOut_BP_2 : RenderComponent has to be 'Movable' if you'd like to move. 
[2016.08.18-22.35.22:341][ 49]PIE:Warning: Warning Mobility of OrbReticleFadeOut_BP_2 : RenderComponent has to be 'Movable' if you'd like to move. 
[2016.08.18-22.35.22:357][ 50]PIE:Warning: Warning Mobility of OrbReticleFadeOut_BP_2 : RenderComponent has to be 'Movable' if you'd like to move. 
[2016.08.18-22.35.22:373][ 51]PIE:Warning: Warning Mobility of OrbReticleFadeOut_BP_2 : RenderComponent has to be 'Movable' if you'd like to move. 
[2016.08.18-22.35.22:389][ 52]PIE:Warning: Warning Mobility of OrbReticleFadeOut_BP_2 : RenderComponent has to be 'Movable' if you'd like to move. 
[2016.08.18-22.35.22:405][ 53]PIE:Warning: Warning Mobility of OrbReticleFadeOut_BP_2 : RenderComponent has to be 'Movable' if you'd like to move. 
[2016.08.18-22.35.22:421][ 54]PIE:Warning: Warning Mobility of OrbReticleFadeOut_BP_2 : RenderComponent has to be 'Movable' if you'd like to move. 
[2016.08.18-22.35.22:437][ 55]PIE:Warning: Warning Mobility of OrbReticleFadeOut_BP_2 : RenderComponent has to be 'Movable' if you'd like to move. 
[2016.08.18-22.35.22:453][ 56]PIE:Warning: Warning Mobility of OrbReticleFadeOut_BP_2 : RenderComponent has to be 'Movable' if you'd like to move. 
[2016.08.18-22.35.22:470][ 57]PIE:Warning: Warning Mobility of OrbReticleFadeOut_BP_2 : RenderComponent has to be 'Movable' if you'd like to move. 
[2016.08.18-22.35.22:486][ 58]PIE:Warning: Warning Mobility of OrbReticleFadeOut_BP_2 : RenderComponent has to be 'Movable' if you'd like to move. 
[2016.08.18-22.35.22:502][ 59]PIE:Warning: Warning Mobility of OrbReticleFadeOut_BP_2 : RenderComponent has to be 'Movable' if you'd like to move. 
[2016.08.18-22.35.22:518][ 60]PIE:Warning: Warning Mobility of OrbReticleFadeOut_BP_2 : RenderComponent has to be 'Movable' if you'd like to move. 
[2016.08.18-22.35.22:534][ 61]PIE:Warning: Warning Mobility of OrbReticleFadeOut_BP_2 : RenderComponent has to be 'Movable' if you'd like to move. 
[2016.08.18-22.35.22:550][ 62]PIE:Warning: Warning Mobility of OrbReticleFadeOut_BP_2 : RenderComponent has to be 'Movable' if you'd like to move. 
[2016.08.18-22.35.22:566][ 63]PIE:Warning: Warning Mobility of OrbReticleFadeOut_BP_2 : RenderComponent has to be 'Movable' if you'd like to move. 
[2016.08.18-22.35.22:582][ 64]PIE:Warning: Warning Mobility of OrbReticleFadeOut_BP_2 : RenderComponent has to be 'Movable' if you'd like to move. 
[2016.08.18-22.35.22:599][ 65]PIE:Warning: Warning Mobility of OrbReticleFadeOut_BP_2 : RenderComponent has to be 'Movable' if you'd like to move. 
[2016.08.18-22.35.22:615][ 66]PIE:Warning: Warning Mobility of OrbReticleFadeOut_BP_2 : RenderComponent has to be 'Movable' if you'd like to move. 
[2016.08.18-22.35.22:631][ 67]PIE:Warning: Warning Mobility of OrbReticleFadeOut_BP_2 : RenderComponent has to be 'Movable' if you'd like to move. 
[2016.08.18-22.35.22:647][ 68]PIE:Warning: Warning Mobility of OrbReticleFadeOut_BP_2 : RenderComponent has to be 'Movable' if you'd like to move. 
[2016.08.18-22.35.22:663][ 69]PIE:Warning: Warning Mobility of OrbReticleFadeOut_BP_2 : RenderComponent has to be 'Movable' if you'd like to move. 
[2016.08.18-22.35.22:679][ 70]PIE:Warning: Warning Mobility of OrbReticleFadeOut_BP_2 : RenderComponent has to be 'Movable' if you'd like to move. 
[2016.08.18-22.35.22:695][ 71]PIE:Warning: Warning Mobility of OrbReticleFadeOut_BP_2 : RenderComponent has to be 'Movable' if you'd like to move. 
[2016.08.18-22.35.22:711][ 72]PIE:Warning: Warning Mobility of OrbReticleFadeOut_BP_2 : RenderComponent has to be 'Movable' if you'd like to move. 
[2016.08.18-22.35.22:730][ 73]PIE:Warning: Warning Mobility of OrbReticleFadeOut_BP_2 : RenderComponent has to be 'Movable' if you'd like to move. 
[2016.08.18-22.35.22:744][ 74]PIE:Warning: Warning Mobility of OrbReticleFadeOut_BP_2 : RenderComponent has to be 'Movable' if you'd like to move. 
[2016.08.18-22.35.22:760][ 75]PIE:Warning: Warning Mobility of OrbReticleFadeOut_BP_2 : RenderComponent has to be 'Movable' if you'd like to move. 
[2016.08.18-22.35.22:776][ 76]PIE:Warning: Warning Mobility of OrbReticleFadeOut_BP_2 : RenderComponent has to be 'Movable' if you'd like to move. 
[2016.08.18-22.35.22:792][ 77]PIE:Warning: Warning Mobility of OrbReticleFadeOut_BP_2 : RenderComponent has to be 'Movable' if you'd like to move. 
[2016.08.18-22.35.22:808][ 78]PIE:Warning: Warning Mobility of OrbReticleFadeOut_BP_2 : RenderComponent has to be 'Movable' if you'd like to move. 
[2016.08.18-22.35.22:826][ 79]PIE:Warning: Warning Mobility of OrbReticleFadeOut_BP_2 : RenderComponent has to be 'Movable' if you'd like to move. 
[2016.08.18-22.35.22:841][ 80]PIE:Warning: Warning Mobility of OrbReticleFadeOut_BP_2 : RenderComponent has to be 'Movable' if you'd like to move. 
[2016.08.18-22.35.22:857][ 81]PIE:Warning: Warning Mobility of OrbReticleFadeOut_BP_2 : RenderComponent has to be 'Movable' if you'd like to move. 
[2016.08.18-22.35.22:873][ 82]PIE:Warning: Warning Mobility of OrbReticleFadeOut_BP_2 : RenderComponent has to be 'Movable' if you'd like to move. 
[2016.08.18-22.35.22:889][ 83]PIE:Warning: Warning Mobility of OrbReticleFadeOut_BP_2 : RenderComponent has to be 'Movable' if you'd like to move. 
[2016.08.18-22.35.22:905][ 84]PIE:Warning: Warning Mobility of OrbReticleFadeOut_BP_2 : RenderComponent has to be 'Movable' if you'd like to move. 
[2016.08.18-22.35.22:921][ 85]PIE:Warning: Warning Mobility of OrbReticleFadeOut_BP_2 : RenderComponent has to be 'Movable' if you'd like to move. 
[2016.08.18-22.35.22:937][ 86]PIE:Warning: Warning Mobility of OrbReticleFadeOut_BP_2 : RenderComponent has to be 'Movable' if you'd like to move. 
[2016.08.18-22.35.22:953][ 87]PIE:Warning: Warning Mobility of OrbReticleFadeOut_BP_2 : RenderComponent has to be 'Movable' if you'd like to move. 
[2016.08.18-22.35.22:970][ 88]PIE:Warning: Warning Mobility of OrbReticleFadeOut_BP_2 : RenderComponent has to be 'Movable' if you'd like to move. 
[2016.08.18-22.35.22:986][ 89]PIE:Warning: Warning Mobility of OrbReticleFadeOut_BP_2 : RenderComponent has to be 'Movable' if you'd like to move. 
[2016.08.18-22.35.23:002][ 90]PIE:Warning: Warning Mobility of OrbReticleFadeOut_BP_2 : RenderComponent has to be 'Movable' if you'd like to move. 
[2016.08.18-22.35.23:018][ 91]PIE:Warning: Warning Mobility of OrbReticleFadeOut_BP_2 : RenderComponent has to be 'Movable' if you'd like to move. 
[2016.08.18-22.35.23:034][ 92]PIE:Warning: Warning Mobility of OrbReticleFadeOut_BP_2 : RenderComponent has to be 'Movable' if you'd like to move. 
[2016.08.18-22.35.23:050][ 93]PIE:Warning: Warning Mobility of OrbReticleFadeOut_BP_2 : RenderComponent has to be 'Movable' if you'd like to move. 
[2016.08.18-22.35.23:066][ 94]PIE:Warning: Warning Mobility of OrbReticleFadeOut_BP_2 : RenderComponent has to be 'Movable' if you'd like to move. 
[2016.08.18-22.35.23:082][ 95]PIE:Warning: Warning Mobility of OrbReticleFadeOut_BP_2 : RenderComponent has to be 'Movable' if you'd like to move. 
[2016.08.18-22.35.23:099][ 96]PIE:Warning: Warning Mobility of OrbReticleFadeOut_BP_2 : RenderComponent has to be 'Movable' if you'd like to move. 
[2016.08.18-22.35.23:115][ 97]PIE:Warning: Warning Mobility of OrbReticleFadeOut_BP_2 : RenderComponent has to be 'Movable' if you'd like to move. 
[2016.08.18-22.35.23:131][ 98]PIE:Warning: Warning Mobility of OrbReticleFadeOut_BP_2 : RenderComponent has to be 'Movable' if you'd like to move. 
[2016.08.18-22.35.23:147][ 99]PIE:Warning: Warning Mobility of OrbReticleFadeOut_BP_2 : RenderComponent has to be 'Movable' if you'd like to move. 
[2016.08.18-22.35.23:163][100]PIE:Warning: Warning Mobility of OrbReticleFadeOut_BP_2 : RenderComponent has to be 'Movable' if you'd like to move. 
[2016.08.18-22.35.23:179][101]PIE:Warning: Warning Mobility of OrbReticleFadeOut_BP_2 : RenderComponent has to be 'Movable' if you'd like to move. 
[2016.08.18-22.35.23:196][102]PIE:Warning: Warning Mobility of OrbReticleFadeOut_BP_2 : RenderComponent has to be 'Movable' if you'd like to move. 
[2016.08.18-22.35.23:212][103]PIE:Warning: Warning Mobility of OrbReticleFadeOut_BP_2 : RenderComponent has to be 'Movable' if you'd like to move. 
[2016.08.18-22.35.23:228][104]PIE:Warning: Warning Mobility of OrbReticleFadeOut_BP_2 : RenderComponent has to be 'Movable' if you'd like to move. 
[2016.08.18-22.35.23:244][105]PIE:Warning: Warning Mobility of OrbReticleFadeOut_BP_2 : RenderComponent has to be 'Movable' if you'd like to move. 
[2016.08.18-22.35.23:260][106]PIE:Warning: Warning Mobility of OrbReticleFadeOut_BP_2 : RenderComponent has to be 'Movable' if you'd like to move. 
[2016.08.18-22.35.23:276][107]PIE:Warning: Warning Mobility of OrbReticleFadeOut_BP_2 : RenderComponent has to be 'Movable' if you'd like to move. 
[2016.08.18-22.35.23:292][108]PIE:Warning: Warning Mobility of OrbReticleFadeOut_BP_2 : RenderComponent has to be 'Movable' if you'd like to move. 
[2016.08.18-22.35.23:308][109]PIE:Warning: Warning Mobility of OrbReticleFadeOut_BP_2 : RenderComponent has to be 'Movable' if you'd like to move. 
[2016.08.18-22.35.23:325][110]PIE:Warning: Warning Mobility of OrbReticleFadeOut_BP_2 : RenderComponent has to be 'Movable' if you'd like to move. 
[2016.08.18-22.35.23:341][111]PIE:Warning: Warning Mobility of OrbReticleFadeOut_BP_2 : RenderComponent has to be 'Movable' if you'd like to move. 
[2016.08.18-22.35.23:357][112]PIE:Warning: Warning Mobility of OrbReticleFadeOut_BP_2 : RenderComponent has to be 'Movable' if you'd like to move. 
[2016.08.18-22.35.23:373][113]PIE:Warning: Warning Mobility of OrbReticleFadeOut_BP_2 : RenderComponent has to be 'Movable' if you'd like to move. 
[2016.08.18-22.35.23:389][114]PIE:Warning: Warning Mobility of OrbReticleFadeOut_BP_2 : RenderComponent has to be 'Movable' if you'd like to move. 
[2016.08.18-22.35.23:405][115]PIE:Warning: Warning Mobility of OrbReticleFadeOut_BP_2 : RenderComponent has to be 'Movable' if you'd like to move. 
[2016.08.18-22.35.23:421][116]PIE:Warning: Warning Mobility of OrbReticleFadeOut_BP_2 : RenderComponent has to be 'Movable' if you'd like to move. 
[2016.08.18-22.35.23:438][117]PIE:Warning: Warning Mobility of OrbReticleFadeOut_BP_2 : RenderComponent has to be 'Movable' if you'd like to move. 
[2016.08.18-22.35.23:454][118]PIE:Warning: Warning Mobility of OrbReticleFadeOut_BP_2 : RenderComponent has to be 'Movable' if you'd like to move. 
[2016.08.18-22.35.23:470][119]PIE:Warning: Warning Mobility of OrbReticleFadeOut_BP_2 : RenderComponent has to be 'Movable' if you'd like to move. 
[2016.08.18-22.35.23:486][120]PIE:Warning: Warning Mobility of OrbReticleFadeOut_BP_2 : RenderComponent has to be 'Movable' if you'd like to move. 
[2016.08.18-22.35.23:502][121]PIE:Warning: Warning Mobility of OrbReticleFadeOut_BP_2 : RenderComponent has to be 'Movable' if you'd like to move. 
[2016.08.18-22.35.23:518][122]PIE:Warning: Warning Mobility of OrbReticleFadeOut_BP_2 : RenderComponent has to be 'Movable' if you'd like to move. 
[2016.08.18-22.35.23:534][123]PIE:Warning: Warning Mobility of OrbReticleFadeOut_BP_2 : RenderComponent has to be 'Movable' if you'd like to move. 
[2016.08.18-22.35.23:550][124]PIE:Warning: Warning Mobility of OrbReticleFadeOut_BP_2 : RenderComponent has to be 'Movable' if you'd like to move. 
[2016.08.18-22.35.23:566][125]PIE:Warning: Warning Mobility of OrbReticleFadeOut_BP_2 : RenderComponent has to be 'Movable' if you'd like to move. 
[2016.08.18-22.35.23:583][126]PIE:Warning: Warning Mobility of OrbReticleFadeOut_BP_2 : RenderComponent has to be 'Movable' if you'd like to move. 
[2016.08.18-22.35.23:599][127]PIE:Warning: Warning Mobility of OrbReticleFadeOut_BP_2 : RenderComponent has to be 'Movable' if you'd like to move. 
[2016.08.18-22.35.23:615][128]PIE:Warning: Warning Mobility of OrbReticleFadeOut_BP_2 : RenderComponent has to be 'Movable' if you'd like to move. 
[2016.08.18-22.35.23:631][129]PIE:Warning: Warning Mobility of OrbReticleFadeOut_BP_2 : RenderComponent has to be 'Movable' if you'd like to move. 
[2016.08.18-22.35.23:647][130]PIE:Warning: Warning Mobility of OrbReticleFadeOut_BP_2 : RenderComponent has to be 'Movable' if you'd like to move. 
[2016.08.18-22.35.23:663][131]PIE:Warning: Warning Mobility of OrbReticleFadeOut_BP_2 : RenderComponent has to be 'Movable' if you'd like to move. 
[2016.08.18-22.35.23:679][132]PIE:Warning: Warning Mobility of OrbReticleFadeOut_BP_2 : RenderComponent has to be 'Movable' if you'd like to move. 
[2016.08.18-22.35.23:695][133]PIE:Warning: Warning Mobility of OrbReticleFadeOut_BP_2 : RenderComponent has to be 'Movable' if you'd like to move. 
[2016.08.18-22.35.23:712][134]PIE:Warning: Warning Mobility of OrbReticleFadeOut_BP_2 : RenderComponent has to be 'Movable' if you'd like to move. 
[2016.08.18-22.35.23:728][135]PIE:Warning: Warning Mobility of OrbReticleFadeOut_BP_2 : RenderComponent has to be 'Movable' if you'd like to move. 
[2016.08.18-22.35.23:744][136]PIE:Warning: Warning Mobility of OrbReticleFadeOut_BP_2 : RenderComponent has to be 'Movable' if you'd like to move. 
[2016.08.18-22.35.23:760][137]PIE:Warning: Warning Mobility of OrbReticleFadeOut_BP_2 : RenderComponent has to be 'Movable' if you'd like to move. 
[2016.08.18-22.35.23:776][138]PIE:Warning: Warning Mobility of OrbReticleFadeOut_BP_2 : RenderComponent has to be 'Movable' if you'd like to move. 
[2016.08.18-22.35.23:792][139]PIE:Warning: Warning Mobility of OrbReticleFadeOut_BP_2 : RenderComponent has to be 'Movable' if you'd like to move. 
[2016.08.18-22.35.23:808][140]PIE:Warning: Warning Mobility of OrbReticleFadeOut_BP_2 : RenderComponent has to be 'Movable' if you'd like to move. 
[2016.08.18-22.35.23:824][141]PIE:Warning: Warning Mobility of OrbReticleFadeOut_BP_2 : RenderComponent has to be 'Movable' if you'd like to move. 
[2016.08.18-22.35.23:841][142]PIE:Warning: Warning Mobility of OrbReticleFadeOut_BP_2 : RenderComponent has to be 'Movable' if you'd like to move. 
[2016.08.18-22.35.23:857][143]PIE:Warning: Warning Mobility of OrbReticleFadeOut_BP_2 : RenderComponent has to be 'Movable' if you'd like to move. 
[2016.08.18-22.35.23:873][144]PIE:Warning: Warning Mobility of OrbReticleFadeOut_BP_2 : RenderComponent has to be 'Movable' if you'd like to move. 
[2016.08.18-22.35.23:889][145]PIE:Warning: Warning Mobility of OrbReticleFadeOut_BP_2 : RenderComponent has to be 'Movable' if you'd like to move. 
[2016.08.18-22.35.23:905][146]PIE:Warning: Warning Mobility of OrbReticleFadeOut_BP_2 : RenderComponent has to be 'Movable' if you'd like to move. 
[2016.08.18-22.35.23:921][147]PIE:Warning: Warning Mobility of OrbReticleFadeOut_BP_2 : RenderComponent has to be 'Movable' if you'd like to move. 
[2016.08.18-22.35.23:937][148]PIE:Warning: Warning Mobility of OrbReticleFadeOut_BP_2 : RenderComponent has to be 'Movable' if you'd like to move. 
[2016.08.18-22.35.23:954][149]PIE:Warning: Warning Mobility of OrbReticleFadeOut_BP_2 : RenderComponent has to be 'Movable' if you'd like to move. 
[2016.08.18-22.35.23:970][150]PIE:Warning: Warning Mobility of OrbReticleFadeOut_BP_2 : RenderComponent has to be 'Movable' if you'd like to move. 
[2016.08.18-22.35.23:986][151]PIE:Warning: Warning Mobility of OrbReticleFadeOut_BP_2 : RenderComponent has to be 'Movable' if you'd like to move. 
[2016.08.18-22.35.24:002][152]PIE:Warning: Warning Mobility of OrbReticleFadeOut_BP_2 : RenderComponent has to be 'Movable' if you'd like to move. 
[2016.08.18-22.35.24:018][153]PIE:Warning: Warning Mobility of OrbReticleFadeOut_BP_2 : RenderComponent has to be 'Movable' if you'd like to move. 
[2016.08.18-22.35.24:034][154]PIE:Warning: Warning Mobility of OrbReticleFadeOut_BP_2 : RenderComponent has to be 'Movable' if you'd like to move. 
[2016.08.18-22.35.24:050][155]PIE:Warning: Warning Mobility of OrbReticleFadeOut_BP_2 : RenderComponent has to be 'Movable' if you'd like to move. 
[2016.08.18-22.35.24:066][156]PIE:Warning: Warning Mobility of OrbReticleFadeOut_BP_2 : RenderComponent has to be 'Movable' if you'd like to move. 
[2016.08.18-22.35.24:083][157]PIE:Warning: Warning Mobility of OrbReticleFadeOut_BP_2 : RenderComponent has to be 'Movable' if you'd like to move. 
[2016.08.18-22.35.24:099][158]PIE:Warning: Warning Mobility of OrbReticleFadeOut_BP_2 : RenderComponent has to be 'Movable' if you'd like to move. 
[2016.08.18-22.35.24:115][159]PIE:Warning: Warning Mobility of OrbReticleFadeOut_BP_2 : RenderComponent has to be 'Movable' if you'd like to move. 
[2016.08.18-22.35.24:131][160]PIE:Warning: Warning Mobility of OrbReticleFadeOut_BP_2 : RenderComponent has to be 'Movable' if you'd like to move. 
[2016.08.18-22.35.24:147][161]PIE:Warning: Warning Mobility of OrbReticleFadeOut_BP_2 : RenderComponent has to be 'Movable' if you'd like to move. 
[2016.08.18-22.35.24:163][162]PIE:Warning: Warning Mobility of OrbReticleFadeOut_BP_2 : RenderComponent has to be 'Movable' if you'd like to move. 
[2016.08.18-22.35.24:179][163]PIE:Warning: Warning Mobility of OrbReticleFadeOut_BP_2 : RenderComponent has to be 'Movable' if you'd like to move. 
[2016.08.18-22.35.24:195][164]PIE:Warning: Warning Mobility of OrbReticleFadeOut_BP_2 : RenderComponent has to be 'Movable' if you'd like to move. 
[2016.08.18-22.35.24:212][165]PIE:Warning: Warning Mobility of OrbReticleFadeOut_BP_2 : RenderComponent has to be 'Movable' if you'd like to move. 
[2016.08.18-22.35.24:228][166]PIE:Warning: Warning Mobility of OrbReticleFadeOut_BP_2 : RenderComponent has to be 'Movable' if you'd like to move. 
[2016.08.18-22.35.24:244][167]PIE:Warning: Warning Mobility of OrbReticleFadeOut_BP_2 : RenderComponent has to be 'Movable' if you'd like to move. 
[2016.08.18-22.35.24:260][168]PIE:Warning: Warning Mobility of OrbReticleFadeOut_BP_2 : RenderComponent has to be 'Movable' if you'd like to move. 
[2016.08.18-22.35.24:276][169]PIE:Warning: Warning Mobility of OrbReticleFadeOut_BP_2 : RenderComponent has to be 'Movable' if you'd like to move. 
[2016.08.18-22.35.24:292][170]PIE:Warning: Warning Mobility of OrbReticleFadeOut_BP_2 : RenderComponent has to be 'Movable' if you'd like to move. 
[2016.08.18-22.35.24:308][171]PIE:Warning: Warning Mobility of OrbReticleFadeOut_BP_2 : RenderComponent has to be 'Movable' if you'd like to move. 
[2016.08.18-22.35.24:324][172]PIE:Warning: Warning Mobility of OrbReticleFadeOut_BP_2 : RenderComponent has to be 'Movable' if you'd like to move. 
[2016.08.18-22.35.24:340][173]PIE:Warning: Warning Mobility of OrbReticleFadeOut_BP_2 : RenderComponent has to be 'Movable' if you'd like to move. 
[2016.08.18-22.35.24:357][174]PIE:Warning: Warning Mobility of OrbReticleFadeOut_BP_2 : RenderComponent has to be 'Movable' if you'd like to move. 
[2016.08.18-22.35.24:373][175]PIE:Warning: Warning Mobility of OrbReticleFadeOut_BP_2 : RenderComponent has to be 'Movable' if you'd like to move. 
[2016.08.18-22.35.24:389][176]PIE:Warning: Warning Mobility of OrbReticleFadeOut_BP_2 : RenderComponent has to be 'Movable' if you'd like to move. 
[2016.08.18-22.35.24:405][177]PIE:Warning: Warning Mobility of OrbReticleFadeOut_BP_2 : RenderComponent has to be 'Movable' if you'd like to move. 
[2016.08.18-22.35.24:421][178]PIE:Warning: Warning Mobility of OrbReticleFadeOut_BP_2 : RenderComponent has to be 'Movable' if you'd like to move. 
[2016.08.18-22.35.24:437][179]PIE:Warning: Warning Mobility of OrbReticleFadeOut_BP_2 : RenderComponent has to be 'Movable' if you'd like to move. 
[2016.08.18-22.35.24:453][180]PIE:Warning: Warning Mobility of OrbReticleFadeOut_BP_2 : RenderComponent has to be 'Movable' if you'd like to move. 
[2016.08.18-22.35.24:469][181]PIE:Warning: Warning Mobility of OrbReticleFadeOut_BP_2 : RenderComponent has to be 'Movable' if you'd like to move. 
[2016.08.18-22.35.24:486][182]PIE:Warning: Warning Mobility of OrbReticleFadeOut_BP_2 : RenderComponent has to be 'Movable' if you'd like to move. 
[2016.08.18-22.35.24:502][183]PIE:Warning: Warning Mobility of OrbReticleFadeOut_BP_2 : RenderComponent has to be 'Movable' if you'd like to move. 
[2016.08.18-22.35.24:518][184]PIE:Warning: Warning Mobility of OrbReticleFadeOut_BP_2 : RenderComponent has to be 'Movable' if you'd like to move. 
[2016.08.18-22.35.24:534][185]PIE:Warning: Warning Mobility of OrbReticleFadeOut_BP_2 : RenderComponent has to be 'Movable' if you'd like to move. 
[2016.08.18-22.35.24:550][186]PIE:Warning: Warning Mobility of OrbReticleFadeOut_BP_2 : RenderComponent has to be 'Movable' if you'd like to move. 
[2016.08.18-22.35.24:566][187]PIE:Warning: Warning Mobility of OrbReticleFadeOut_BP_2 : RenderComponent has to be 'Movable' if you'd like to move. 
[2016.08.18-22.35.24:582][188]PIE:Warning: Warning Mobility of OrbReticleFadeOut_BP_2 : RenderComponent has to be 'Movable' if you'd like to move. 
[2016.08.18-22.35.24:598][189]PIE:Warning: Warning Mobility of OrbReticleFadeOut_BP_2 : RenderComponent has to be 'Movable' if you'd like to move. 
[2016.08.18-22.35.24:614][190]PIE:Warning: Warning Mobility of OrbReticleFadeOut_BP_2 : RenderComponent has to be 'Movable' if you'd like to move. 
[2016.08.18-22.35.24:631][191]PIE:Warning: Warning Mobility of OrbReticleFadeOut_BP_2 : RenderComponent has to be 'Movable' if you'd like to move. 
[2016.08.18-22.35.24:647][192]PIE:Warning: Warning Mobility of OrbReticleFadeOut_BP_2 : RenderComponent has to be 'Movable' if you'd like to move. 
[2016.08.18-22.35.24:663][193]PIE:Warning: Warning Mobility of OrbReticleFadeOut_BP_2 : RenderComponent has to be 'Movable' if you'd like to move. 
[2016.08.18-22.35.24:679][194]PIE:Warning: Warning Mobility of OrbReticleFadeOut_BP_2 : RenderComponent has to be 'Movable' if you'd like to move. 
[2016.08.18-22.35.24:696][195]PIE:Warning: Warning Mobility of OrbReticleFadeOut_BP_2 : RenderComponent has to be 'Movable' if you'd like to move. 
[2016.08.18-22.35.24:712][196]PIE:Warning: Warning Mobility of OrbReticleFadeOut_BP_2 : RenderComponent has to be 'Movable' if you'd like to move. 
[2016.08.18-22.35.24:728][197]PIE:Warning: Warning Mobility of OrbReticleFadeOut_BP_2 : RenderComponent has to be 'Movable' if you'd like to move. 
[2016.08.18-22.35.24:744][198]PIE:Warning: Warning Mobility of OrbReticleFadeOut_BP_2 : RenderComponent has to be 'Movable' if you'd like to move. 
[2016.08.18-22.35.24:760][199]PIE:Warning: Warning Mobility of OrbReticleFadeOut_BP_2 : RenderComponent has to be 'Movable' if you'd like to move. 
[2016.08.18-22.35.24:776][200]PIE:Warning: Warning Mobility of OrbReticleFadeOut_BP_2 : RenderComponent has to be 'Movable' if you'd like to move. 
[2016.08.18-22.35.24:792][201]PIE:Warning: Warning Mobility of OrbReticleFadeOut_BP_2 : RenderComponent has to be 'Movable' if you'd like to move. 
[2016.08.18-22.35.24:808][202]PIE:Warning: Warning Mobility of OrbReticleFadeOut_BP_2 : RenderComponent has to be 'Movable' if you'd like to move. 
[2016.08.18-22.35.24:824][203]PIE:Warning: Warning Mobility of OrbReticleFadeOut_BP_2 : RenderComponent has to be 'Movable' if you'd like to move. 
[2016.08.18-22.35.24:841][204]PIE:Warning: Warning Mobility of OrbReticleFadeOut_BP_2 : RenderComponent has to be 'Movable' if you'd like to move. 
[2016.08.18-22.35.24:857][205]PIE:Warning: Warning Mobility of OrbReticleFadeOut_BP_2 : RenderComponent has to be 'Movable' if you'd like to move. 
[2016.08.18-22.35.24:873][206]PIE:Warning: Warning Mobility of OrbReticleFadeOut_BP_2 : RenderComponent has to be 'Movable' if you'd like to move. 
[2016.08.18-22.35.24:889][207]PIE:Warning: Warning Mobility of OrbReticleFadeOut_BP_2 : RenderComponent has to be 'Movable' if you'd like to move. 
[2016.08.18-22.35.24:905][208]PIE:Warning: Warning Mobility of OrbReticleFadeOut_BP_2 : RenderComponent has to be 'Movable' if you'd like to move. 
[2016.08.18-22.35.24:921][209]PIE:Warning: Warning Mobility of OrbReticleFadeOut_BP_2 : RenderComponent has to be 'Movable' if you'd like to move. 
[2016.08.18-22.35.24:937][210]PIE:Warning: Warning Mobility of OrbReticleFadeOut_BP_2 : RenderComponent has to be 'Movable' if you'd like to move. 
[2016.08.18-22.35.24:953][211]PIE:Warning: Warning Mobility of OrbReticleFadeOut_BP_2 : RenderComponent has to be 'Movable' if you'd like to move. 
[2016.08.18-22.35.24:970][212]PIE:Warning: Warning Mobility of OrbReticleFadeOut_BP_2 : RenderComponent has to be 'Movable' if you'd like to move. 
[2016.08.18-22.35.24:986][213]PIE:Warning: Warning Mobility of OrbReticleFadeOut_BP_2 : RenderComponent has to be 'Movable' if you'd like to move. 
[2016.08.18-22.35.25:002][214]PIE:Warning: Warning Mobility of OrbReticleFadeOut_BP_2 : RenderComponent has to be 'Movable' if you'd like to move. 
[2016.08.18-22.35.25:018][215]PIE:Warning: Warning Mobility of OrbReticleFadeOut_BP_2 : RenderComponent has to be 'Movable' if you'd like to move. 
[2016.08.18-22.35.25:034][216]PIE:Warning: Warning Mobility of OrbReticleFadeOut_BP_2 : RenderComponent has to be 'Movable' if you'd like to move. 
[2016.08.18-22.35.25:050][217]PIE:Warning: Warning Mobility of OrbReticleFadeOut_BP_2 : RenderComponent has to be 'Movable' if you'd like to move. 
[2016.08.18-22.35.25:066][218]PIE:Warning: Warning Mobility of OrbReticleFadeOut_BP_2 : RenderComponent has to be 'Movable' if you'd like to move. 
[2016.08.18-22.35.25:082][219]PIE:Warning: Warning Mobility of OrbReticleFadeOut_BP_2 : RenderComponent has to be 'Movable' if you'd like to move. 
[2016.08.18-22.35.25:099][220]PIE:Warning: Warning Mobility of OrbReticleFadeOut_BP_2 : RenderComponent has to be 'Movable' if you'd like to move. 
[2016.08.18-22.35.25:115][221]PIE:Warning: Warning Mobility of OrbReticleFadeOut_BP_2 : RenderComponent has to be 'Movable' if you'd like to move. 
[2016.08.18-22.35.25:131][222]PIE:Warning: Warning Mobility of OrbReticleFadeOut_BP_2 : RenderComponent has to be 'Movable' if you'd like to move. 
[2016.08.18-22.35.25:147][223]PIE:Warning: Warning Mobility of OrbReticleFadeOut_BP_2 : RenderComponent has to be 'Movable' if you'd like to move. 
[2016.08.18-22.35.25:163][224]PIE:Warning: Warning Mobility of OrbReticleFadeOut_BP_2 : RenderComponent has to be 'Movable' if you'd like to move. 
[2016.08.18-22.35.25:179][225]PIE:Warning: Warning Mobility of OrbReticleFadeOut_BP_2 : RenderComponent has to be 'Movable' if you'd like to move. 
[2016.08.18-22.35.25:195][226]PIE:Warning: Warning Mobility of OrbReticleFadeOut_BP_2 : RenderComponent has to be 'Movable' if you'd like to move. 
[2016.08.18-22.35.25:211][227]PIE:Warning: Warning Mobility of OrbReticleFadeOut_BP_2 : RenderComponent has to be 'Movable' if you'd like to move. 
[2016.08.18-22.35.25:228][228]PIE:Warning: Warning Mobility of OrbReticleFadeOut_BP_2 : RenderComponent has to be 'Movable' if you'd like to move. 
[2016.08.18-22.35.25:244][229]PIE:Warning: Warning Mobility of OrbReticleFadeOut_BP_2 : RenderComponent has to be 'Movable' if you'd like to move. 
[2016.08.18-22.35.25:260][230]PIE:Warning: Warning Mobility of OrbReticleFadeOut_BP_2 : RenderComponent has to be 'Movable' if you'd like to move. 
[2016.08.18-22.35.25:276][231]PIE:Warning: Warning Mobility of OrbReticleFadeOut_BP_2 : RenderComponent has to be 'Movable' if you'd like to move. 
[2016.08.18-22.35.25:292][232]PIE:Warning: Warning Mobility of OrbReticleFadeOut_BP_2 : RenderComponent has to be 'Movable' if you'd like to move. 
[2016.08.18-22.35.25:308][233]PIE:Warning: Warning Mobility of OrbReticleFadeOut_BP_2 : RenderComponent has to be 'Movable' if you'd like to move. 
[2016.08.18-22.35.25:324][234]PIE:Warning: Warning Mobility of OrbReticleFadeOut_BP_2 : RenderComponent has to be 'Movable' if you'd like to move. 
[2016.08.18-22.35.25:340][235]PIE:Warning: Warning Mobility of OrbReticleFadeOut_BP_2 : RenderComponent has to be 'Movable' if you'd like to move. 
[2016.08.18-22.35.25:356][236]PIE:Warning: Warning Mobility of OrbReticleFadeOut_BP_2 : RenderComponent has to be 'Movable' if you'd like to move. 
[2016.08.18-22.35.25:373][237]PIE:Warning: Warning Mobility of OrbReticleFadeOut_BP_2 : RenderComponent has to be 'Movable' if you'd like to move. 
[2016.08.18-22.35.25:389][238]PIE:Warning: Warning Mobility of OrbReticleFadeOut_BP_2 : RenderComponent has to be 'Movable' if you'd like to move. 
[2016.08.18-22.35.25:405][239]PIE:Warning: Warning Mobility of OrbReticleFadeOut_BP_2 : RenderComponent has to be 'Movable' if you'd like to move. 
[2016.08.18-22.35.25:422][240]PIE:Warning: Warning Mobility of OrbReticleFadeOut_BP_2 : RenderComponent has to be 'Movable' if you'd like to move. 
[2016.08.18-22.35.25:438][241]PIE:Warning: Warning Mobility of OrbReticleFadeOut_BP_2 : RenderComponent has to be 'Movable' if you'd like to move. 
[2016.08.18-22.35.25:454][242]PIE:Warning: Warning Mobility of OrbReticleFadeOut_BP_2 : RenderComponent has to be 'Movable' if you'd like to move. 
[2016.08.18-22.35.25:470][243]PIE:Warning: Warning Mobility of OrbReticleFadeOut_BP_2 : RenderComponent has to be 'Movable' if you'd like to move. 
[2016.08.18-22.35.25:486][244]PIE:Warning: Warning Mobility of OrbReticleFadeOut_BP_2 : RenderComponent has to be 'Movable' if you'd like to move. 
[2016.08.18-22.35.25:502][245]PIE:Warning: Warning Mobility of OrbReticleFadeOut_BP_2 : RenderComponent has to be 'Movable' if you'd like to move. 
[2016.08.18-22.35.25:518][246]PIE:Warning: Warning Mobility of OrbReticleFadeOut_BP_2 : RenderComponent has to be 'Movable' if you'd like to move. 
[2016.08.18-22.35.25:534][247]PIE:Warning: Warning Mobility of OrbReticleFadeOut_BP_2 : RenderComponent has to be 'Movable' if you'd like to move. 
[2016.08.18-22.35.25:550][248]PIE:Warning: Warning Mobility of OrbReticleFadeOut_BP_2 : RenderComponent has to be 'Movable' if you'd like to move. 
[2016.08.18-22.35.25:567][249]PIE:Warning: Warning Mobility of OrbReticleFadeOut_BP_2 : RenderComponent has to be 'Movable' if you'd like to move. 
[2016.08.18-22.35.25:583][250]PIE:Warning: Warning Mobility of OrbReticleFadeOut_BP_2 : RenderComponent has to be 'Movable' if you'd like to move. 
[2016.08.18-22.35.25:599][251]PIE:Warning: Warning Mobility of OrbReticleFadeOut_BP_2 : RenderComponent has to be 'Movable' if you'd like to move. 
[2016.08.18-22.35.25:615][252]PIE:Warning: Warning Mobility of OrbReticleFadeOut_BP_2 : RenderComponent has to be 'Movable' if you'd like to move. 
[2016.08.18-22.35.25:631][253]PIE:Warning: Warning Mobility of OrbReticleFadeOut_BP_2 : RenderComponent has to be 'Movable' if you'd like to move. 
[2016.08.18-22.35.25:647][254]PIE:Warning: Warning Mobility of OrbReticleFadeOut_BP_2 : RenderComponent has to be 'Movable' if you'd like to move. 
[2016.08.18-22.35.25:663][255]PIE:Warning: Warning Mobility of OrbReticleFadeOut_BP_2 : RenderComponent has to be 'Movable' if you'd like to move. 
[2016.08.18-22.35.25:679][256]PIE:Warning: Warning Mobility of OrbReticleFadeOut_BP_2 : RenderComponent has to be 'Movable' if you'd like to move. 
[2016.08.18-22.35.25:696][257]PIE:Warning: Warning Mobility of OrbReticleFadeOut_BP_2 : RenderComponent has to be 'Movable' if you'd like to move. 
[2016.08.18-22.35.25:712][258]PIE:Warning: Warning Mobility of OrbReticleFadeOut_BP_2 : RenderComponent has to be 'Movable' if you'd like to move. 
[2016.08.18-22.35.25:728][259]PIE:Warning: Warning Mobility of OrbReticleFadeOut_BP_2 : RenderComponent has to be 'Movable' if you'd like to move. 
[2016.08.18-22.35.25:744][260]PIE:Warning: Warning Mobility of OrbReticleFadeOut_BP_2 : RenderComponent has to be 'Movable' if you'd like to move. 
[2016.08.18-22.35.25:760][261]PIE:Warning: Warning Mobility of OrbReticleFadeOut_BP_2 : RenderComponent has to be 'Movable' if you'd like to move. 
[2016.08.18-22.35.25:776][262]PIE:Warning: Warning Mobility of OrbReticleFadeOut_BP_2 : RenderComponent has to be 'Movable' if you'd like to move. 
[2016.08.18-22.35.25:792][263]PIE:Warning: Warning Mobility of OrbReticleFadeOut_BP_2 : RenderComponent has to be 'Movable' if you'd like to move. 
[2016.08.18-22.35.25:808][264]PIE:Warning: Warning Mobility of OrbReticleFadeOut_BP_2 : RenderComponent has to be 'Movable' if you'd like to move. 
[2016.08.18-22.35.25:825][265]PIE:Warning: Warning Mobility of OrbReticleFadeOut_BP_2 : RenderComponent has to be 'Movable' if you'd like to move. 
[2016.08.18-22.35.25:841][266]PIE:Warning: Warning Mobility of OrbReticleFadeOut_BP_2 : RenderComponent has to be 'Movable' if you'd like to move. 
[2016.08.18-22.35.25:857][267]PIE:Warning: Warning Mobility of OrbReticleFadeOut_BP_2 : RenderComponent has to be 'Movable' if you'd like to move. 
[2016.08.18-22.35.25:874][268]PIE:Warning: Warning Mobility of OrbReticleFadeOut_BP_2 : RenderComponent has to be 'Movable' if you'd like to move. 
[2016.08.18-22.35.25:891][269]PIE:Warning: Warning Mobility of OrbReticleFadeOut_BP_2 : RenderComponent has to be 'Movable' if you'd like to move. 
[2016.08.18-22.35.25:906][270]PIE:Warning: Warning Mobility of OrbReticleFadeOut_BP_2 : RenderComponent has to be 'Movable' if you'd like to move. 
[2016.08.18-22.35.25:923][271]PIE:Warning: Warning Mobility of OrbReticleFadeOut_BP_2 : RenderComponent has to be 'Movable' if you'd like to move. 
[2016.08.18-22.35.25:939][272]PIE:Warning: Warning Mobility of OrbReticleFadeOut_BP_2 : RenderComponent has to be 'Movable' if you'd like to move. 
[2016.08.18-22.35.25:955][273]PIE:Warning: Warning Mobility of OrbReticleFadeOut_BP_2 : RenderComponent has to be 'Movable' if you'd like to move. 
[2016.08.18-22.35.25:971][274]PIE:Warning: Warning Mobility of OrbReticleFadeOut_BP_2 : RenderComponent has to be 'Movable' if you'd like to move. 
[2016.08.18-22.35.25:987][275]PIE:Warning: Warning Mobility of OrbReticleFadeOut_BP_2 : RenderComponent has to be 'Movable' if you'd like to move. 
[2016.08.18-22.35.26:003][276]PIE:Warning: Warning Mobility of OrbReticleFadeOut_BP_2 : RenderComponent has to be 'Movable' if you'd like to move. 
[2016.08.18-22.35.26:020][277]PIE:Warning: Warning Mobility of OrbReticleFadeOut_BP_2 : RenderComponent has to be 'Movable' if you'd like to move. 
[2016.08.18-22.35.26:036][278]PIE:Warning: Warning Mobility of OrbReticleFadeOut_BP_2 : RenderComponent has to be 'Movable' if you'd like to move. 
[2016.08.18-22.35.26:052][279]PIE:Warning: Warning Mobility of OrbReticleFadeOut_BP_2 : RenderComponent has to be 'Movable' if you'd like to move. 
[2016.08.18-22.35.26:069][280]PIE:Warning: Warning Mobility of OrbReticleFadeOut_BP_2 : RenderComponent has to be 'Movable' if you'd like to move. 
[2016.08.18-22.35.26:084][281]PIE:Warning: Warning Mobility of OrbReticleFadeOut_BP_2 : RenderComponent has to be 'Movable' if you'd like to move. 
[2016.08.18-22.35.26:100][282]PIE:Warning: Warning Mobility of OrbReticleFadeOut_BP_2 : RenderComponent has to be 'Movable' if you'd like to move. 
[2016.08.18-22.35.26:116][283]PIE:Warning: Warning Mobility of OrbReticleFadeOut_BP_2 : RenderComponent has to be 'Movable' if you'd like to move. 
[2016.08.18-22.35.26:133][284]PIE:Warning: Warning Mobility of OrbReticleFadeOut_BP_2 : RenderComponent has to be 'Movable' if you'd like to move. 
[2016.08.18-22.35.26:148][285]PIE:Warning: Warning Mobility of OrbReticleFadeOut_BP_2 : RenderComponent has to be 'Movable' if you'd like to move. 
[2016.08.18-22.35.26:166][286]PIE:Warning: Warning Mobility of OrbReticleFadeOut_BP_2 : RenderComponent has to be 'Movable' if you'd like to move. 
[2016.08.18-22.35.26:181][287]PIE:Warning: Warning Mobility of OrbReticleFadeOut_BP_2 : RenderComponent has to be 'Movable' if you'd like to move. 
[2016.08.18-22.35.26:197][288]PIE:Warning: Warning Mobility of OrbReticleFadeOut_BP_2 : RenderComponent has to be 'Movable' if you'd like to move. 
[2016.08.18-22.35.26:213][289]PIE:Warning: Warning Mobility of OrbReticleFadeOut_BP_2 : RenderComponent has to be 'Movable' if you'd like to move. 
[2016.08.18-22.35.26:228][290]PIE:Warning: Warning Mobility of OrbReticleFadeOut_BP_2 : RenderComponent has to be 'Movable' if you'd like to move. 
[2016.08.18-22.35.26:244][291]PIE:Warning: Warning Mobility of OrbReticleFadeOut_BP_2 : RenderComponent has to be 'Movable' if you'd like to move. 
[2016.08.18-22.35.26:260][292]PIE:Warning: Warning Mobility of OrbReticleFadeOut_BP_2 : RenderComponent has to be 'Movable' if you'd like to move. 
[2016.08.18-22.35.26:276][293]PIE:Warning: Warning Mobility of OrbReticleFadeOut_BP_2 : RenderComponent has to be 'Movable' if you'd like to move. 
[2016.08.18-22.35.26:292][294]PIE:Warning: Warning Mobility of OrbReticleFadeOut_BP_2 : RenderComponent has to be 'Movable' if you'd like to move. 
[2016.08.18-22.35.26:309][295]PIE:Warning: Warning Mobility of OrbReticleFadeOut_BP_2 : RenderComponent has to be 'Movable' if you'd like to move. 
[2016.08.18-22.35.26:325][296]PIE:Warning: Warning Mobility of OrbReticleFadeOut_BP_2 : RenderComponent has to be 'Movable' if you'd like to move. 
[2016.08.18-22.35.26:341][297]PIE:Warning: Warning Mobility of OrbReticleFadeOut_BP_2 : RenderComponent has to be 'Movable' if you'd like to move. 
[2016.08.18-22.35.26:357][298]PIE:Warning: Warning Mobility of OrbReticleFadeOut_BP_2 : RenderComponent has to be 'Movable' if you'd like to move. 
[2016.08.18-22.35.26:373][299]PIE:Warning: Warning Mobility of OrbReticleFadeOut_BP_2 : RenderComponent has to be 'Movable' if you'd like to move. 
[2016.08.18-22.35.26:389][300]PIE:Warning: Warning Mobility of OrbReticleFadeOut_BP_2 : RenderComponent has to be 'Movable' if you'd like to move. 
[2016.08.18-22.35.26:405][301]PIE:Warning: Warning Mobility of OrbReticleFadeOut_BP_2 : RenderComponent has to be 'Movable' if you'd like to move. 
[2016.08.18-22.35.26:421][302]PIE:Warning: Warning Mobility of OrbReticleFadeOut_BP_2 : RenderComponent has to be 'Movable' if you'd like to move. 
[2016.08.18-22.35.26:437][303]PIE:Warning: Warning Mobility of OrbReticleFadeOut_BP_2 : RenderComponent has to be 'Movable' if you'd like to move. 
[2016.08.18-22.35.26:453][304]PIE:Warning: Warning Mobility of OrbReticleFadeOut_BP_2 : RenderComponent has to be 'Movable' if you'd like to move. 
[2016.08.18-22.35.26:470][305]PIE:Warning: Warning Mobility of OrbReticleFadeOut_BP_2 : RenderComponent has to be 'Movable' if you'd like to move. 
[2016.08.18-22.35.26:490][306]PIE:Warning: Warning Mobility of OrbReticleFadeOut_BP_2 : RenderComponent has to be 'Movable' if you'd like to move. 
[2016.08.18-22.35.26:504][307]PIE:Warning: Warning Mobility of OrbReticleFadeOut_BP_2 : RenderComponent has to be 'Movable' if you'd like to move. 
[2016.08.18-22.35.26:518][308]PIE:Warning: Warning Mobility of OrbReticleFadeOut_BP_2 : RenderComponent has to be 'Movable' if you'd like to move. 
[2016.08.18-22.35.26:536][309]PIE:Warning: Warning Mobility of OrbReticleFadeOut_BP_2 : RenderComponent has to be 'Movable' if you'd like to move. 
[2016.08.18-22.35.26:551][310]PIE:Warning: Warning Mobility of OrbReticleFadeOut_BP_2 : RenderComponent has to be 'Movable' if you'd like to move. 
[2016.08.18-22.35.26:567][311]PIE:Warning: Warning Mobility of OrbReticleFadeOut_BP_2 : RenderComponent has to be 'Movable' if you'd like to move. 
[2016.08.18-22.35.26:583][312]PIE:Warning: Warning Mobility of OrbReticleFadeOut_BP_2 : RenderComponent has to be 'Movable' if you'd like to move. 
[2016.08.18-22.35.26:600][313]PIE:Warning: Warning Mobility of OrbReticleFadeOut_BP_2 : RenderComponent has to be 'Movable' if you'd like to move. 
[2016.08.18-22.35.26:615][314]PIE:Warning: Warning Mobility of OrbReticleFadeOut_BP_2 : RenderComponent has to be 'Movable' if you'd like to move. 
[2016.08.18-22.35.26:632][315]PIE:Warning: Warning Mobility of OrbReticleFadeOut_BP_2 : RenderComponent has to be 'Movable' if you'd like to move. 
[2016.08.18-22.35.26:648][316]PIE:Warning: Warning Mobility of OrbReticleFadeOut_BP_2 : RenderComponent has to be 'Movable' if you'd like to move. 
[2016.08.18-22.35.26:664][317]PIE:Warning: Warning Mobility of OrbReticleFadeOut_BP_2 : RenderComponent has to be 'Movable' if you'd like to move. 
[2016.08.18-22.35.26:681][318]PIE:Warning: Warning Mobility of OrbReticleFadeOut_BP_2 : RenderComponent has to be 'Movable' if you'd like to move. 
[2016.08.18-22.35.26:697][319]PIE:Warning: Warning Mobility of OrbReticleFadeOut_BP_2 : RenderComponent has to be 'Movable' if you'd like to move. 
[2016.08.18-22.35.26:712][320]PIE:Warning: Warning Mobility of OrbReticleFadeOut_BP_2 : RenderComponent has to be 'Movable' if you'd like to move. 
[2016.08.18-22.35.26:728][321]PIE:Warning: Warning Mobility of OrbReticleFadeOut_BP_2 : RenderComponent has to be 'Movable' if you'd like to move. 
[2016.08.18-22.35.26:744][322]PIE:Warning: Warning Mobility of OrbReticleFadeOut_BP_2 : RenderComponent has to be 'Movable' if you'd like to move. 
[2016.08.18-22.35.26:760][323]PIE:Warning: Warning Mobility of OrbReticleFadeOut_BP_2 : RenderComponent has to be 'Movable' if you'd like to move. 
[2016.08.18-22.35.26:776][324]PIE:Warning: Warning Mobility of OrbReticleFadeOut_BP_2 : RenderComponent has to be 'Movable' if you'd like to move. 
[2016.08.18-22.35.26:792][325]PIE:Warning: Warning Mobility of OrbReticleFadeOut_BP_2 : RenderComponent has to be 'Movable' if you'd like to move. 
[2016.08.18-22.35.26:808][326]PIE:Warning: Warning Mobility of OrbReticleFadeOut_BP_2 : RenderComponent has to be 'Movable' if you'd like to move. 
[2016.08.18-22.35.26:824][327]PIE:Warning: Warning Mobility of OrbReticleFadeOut_BP_2 : RenderComponent has to be 'Movable' if you'd like to move. 
[2016.08.18-22.35.26:840][328]PIE:Warning: Warning Mobility of OrbReticleFadeOut_BP_2 : RenderComponent has to be 'Movable' if you'd like to move. 
[2016.08.18-22.35.26:857][329]PIE:Warning: Warning Mobility of OrbReticleFadeOut_BP_2 : RenderComponent has to be 'Movable' if you'd like to move. 
[2016.08.18-22.35.26:873][330]PIE:Warning: Warning Mobility of OrbReticleFadeOut_BP_2 : RenderComponent has to be 'Movable' if you'd like to move. 
[2016.08.18-22.35.26:889][331]PIE:Warning: Warning Mobility of OrbReticleFadeOut_BP_2 : RenderComponent has to be 'Movable' if you'd like to move. 
[2016.08.18-22.35.26:905][332]PIE:Warning: Warning Mobility of OrbReticleFadeOut_BP_2 : RenderComponent has to be 'Movable' if you'd like to move. 
[2016.08.18-22.35.26:921][333]PIE:Warning: Warning Mobility of OrbReticleFadeOut_BP_2 : RenderComponent has to be 'Movable' if you'd like to move. 
[2016.08.18-22.35.26:938][334]PIE:Warning: Warning Mobility of OrbReticleFadeOut_BP_2 : RenderComponent has to be 'Movable' if you'd like to move. 
[2016.08.18-22.35.26:954][335]PIE:Warning: Warning Mobility of OrbReticleFadeOut_BP_2 : RenderComponent has to be 'Movable' if you'd like to move. 
[2016.08.18-22.35.26:970][336]PIE:Warning: Warning Mobility of OrbReticleFadeOut_BP_2 : RenderComponent has to be 'Movable' if you'd like to move. 
[2016.08.18-22.35.26:986][337]PIE:Warning: Warning Mobility of OrbReticleFadeOut_BP_2 : RenderComponent has to be 'Movable' if you'd like to move. 
[2016.08.18-22.35.27:002][338]PIE:Warning: Warning Mobility of OrbReticleFadeOut_BP_2 : RenderComponent has to be 'Movable' if you'd like to move. 
[2016.08.18-22.35.27:018][339]PIE:Warning: Warning Mobility of OrbReticleFadeOut_BP_2 : RenderComponent has to be 'Movable' if you'd like to move. 
[2016.08.18-22.35.27:034][340]PIE:Warning: Warning Mobility of OrbReticleFadeOut_BP_2 : RenderComponent has to be 'Movable' if you'd like to move. 
[2016.08.18-22.35.27:050][341]PIE:Warning: Warning Mobility of OrbReticleFadeOut_BP_2 : RenderComponent has to be 'Movable' if you'd like to move. 
[2016.08.18-22.35.27:067][342]PIE:Warning: Warning Mobility of OrbReticleFadeOut_BP_2 : RenderComponent has to be 'Movable' if you'd like to move. 
[2016.08.18-22.35.27:083][343]PIE:Warning: Warning Mobility of OrbReticleFadeOut_BP_2 : RenderComponent has to be 'Movable' if you'd like to move. 
[2016.08.18-22.35.27:099][344]PIE:Warning: Warning Mobility of OrbReticleFadeOut_BP_2 : RenderComponent has to be 'Movable' if you'd like to move. 
[2016.08.18-22.35.27:115][345]PIE:Warning: Warning Mobility of OrbReticleFadeOut_BP_2 : RenderComponent has to be 'Movable' if you'd like to move. 
[2016.08.18-22.35.27:131][346]PIE:Warning: Warning Mobility of OrbReticleFadeOut_BP_2 : RenderComponent has to be 'Movable' if you'd like to move. 
[2016.08.18-22.35.27:147][347]PIE:Warning: Warning Mobility of OrbReticleFadeOut_BP_2 : RenderComponent has to be 'Movable' if you'd like to move. 
[2016.08.18-22.35.27:163][348]PIE:Warning: Warning Mobility of OrbReticleFadeOut_BP_2 : RenderComponent has to be 'Movable' if you'd like to move. 
[2016.08.18-22.35.27:179][349]PIE:Warning: Warning Mobility of OrbReticleFadeOut_BP_2 : RenderComponent has to be 'Movable' if you'd like to move. 
[2016.08.18-22.35.27:196][350]PIE:Warning: Warning Mobility of OrbReticleFadeOut_BP_2 : RenderComponent has to be 'Movable' if you'd like to move. 
[2016.08.18-22.35.27:212][351]PIE:Warning: Warning Mobility of OrbReticleFadeOut_BP_2 : RenderComponent has to be 'Movable' if you'd like to move. 
[2016.08.18-22.35.27:228][352]PIE:Warning: Warning Mobility of OrbReticleFadeOut_BP_2 : RenderComponent has to be 'Movable' if you'd like to move. 
[2016.08.18-22.35.27:244][353]PIE:Warning: Warning Mobility of OrbReticleFadeOut_BP_2 : RenderComponent has to be 'Movable' if you'd like to move. 
[2016.08.18-22.35.27:260][354]PIE:Warning: Warning Mobility of OrbReticleFadeOut_BP_2 : RenderComponent has to be 'Movable' if you'd like to move. 
[2016.08.18-22.35.27:276][355]PIE:Warning: Warning Mobility of OrbReticleFadeOut_BP_2 : RenderComponent has to be 'Movable' if you'd like to move. 
[2016.08.18-22.35.27:292][356]PIE:Warning: Warning Mobility of OrbReticleFadeOut_BP_2 : RenderComponent has to be 'Movable' if you'd like to move. 
[2016.08.18-22.35.27:309][357]PIE:Warning: Warning Mobility of OrbReticleFadeOut_BP_2 : RenderComponent has to be 'Movable' if you'd like to move. 
[2016.08.18-22.35.27:325][358]PIE:Warning: Warning Mobility of OrbReticleFadeOut_BP_2 : RenderComponent has to be 'Movable' if you'd like to move. 
[2016.08.18-22.35.27:341][359]PIE:Warning: Warning Mobility of OrbReticleFadeOut_BP_2 : RenderComponent has to be 'Movable' if you'd like to move. 
[2016.08.18-22.35.27:357][360]PIE:Warning: Warning Mobility of OrbReticleFadeOut_BP_2 : RenderComponent has to be 'Movable' if you'd like to move. 
[2016.08.18-22.35.27:373][361]PIE:Warning: Warning Mobility of OrbReticleFadeOut_BP_2 : RenderComponent has to be 'Movable' if you'd like to move. 
[2016.08.18-22.35.27:389][362]PIE:Warning: Warning Mobility of OrbReticleFadeOut_BP_2 : RenderComponent has to be 'Movable' if you'd like to move. 
[2016.08.18-22.35.27:405][363]PIE:Warning: Warning Mobility of OrbReticleFadeOut_BP_2 : RenderComponent has to be 'Movable' if you'd like to move. 
[2016.08.18-22.35.27:421][364]PIE:Warning: Warning Mobility of OrbReticleFadeOut_BP_2 : RenderComponent has to be 'Movable' if you'd like to move. 
[2016.08.18-22.35.27:438][365]PIE:Warning: Warning Mobility of OrbReticleFadeOut_BP_2 : RenderComponent has to be 'Movable' if you'd like to move. 
[2016.08.18-22.35.27:454][366]PIE:Warning: Warning Mobility of OrbReticleFadeOut_BP_2 : RenderComponent has to be 'Movable' if you'd like to move. 
[2016.08.18-22.35.27:470][367]PIE:Warning: Warning Mobility of OrbReticleFadeOut_BP_2 : RenderComponent has to be 'Movable' if you'd like to move. 
[2016.08.18-22.35.27:486][368]PIE:Warning: Warning Mobility of OrbReticleFadeOut_BP_2 : RenderComponent has to be 'Movable' if you'd like to move. 
[2016.08.18-22.35.27:502][369]PIE:Warning: Warning Mobility of OrbReticleFadeOut_BP_2 : RenderComponent has to be 'Movable' if you'd like to move. 
[2016.08.18-22.35.27:518][370]PIE:Warning: Warning Mobility of OrbReticleFadeOut_BP_2 : RenderComponent has to be 'Movable' if you'd like to move. 
[2016.08.18-22.35.27:534][371]PIE:Warning: Warning Mobility of OrbReticleFadeOut_BP_2 : RenderComponent has to be 'Movable' if you'd like to move. 
[2016.08.18-22.35.27:550][372]PIE:Warning: Warning Mobility of OrbReticleFadeOut_BP_2 : RenderComponent has to be 'Movable' if you'd like to move. 
[2016.08.18-22.35.27:566][373]PIE:Warning: Warning Mobility of OrbReticleFadeOut_BP_2 : RenderComponent has to be 'Movable' if you'd like to move. 
[2016.08.18-22.35.27:582][374]PIE:Warning: Warning Mobility of OrbReticleFadeOut_BP_2 : RenderComponent has to be 'Movable' if you'd like to move. 
[2016.08.18-22.35.27:599][375]PIE:Warning: Warning Mobility of OrbReticleFadeOut_BP_2 : RenderComponent has to be 'Movable' if you'd like to move. 
[2016.08.18-22.35.27:615][376]PIE:Warning: Warning Mobility of OrbReticleFadeOut_BP_2 : RenderComponent has to be 'Movable' if you'd like to move. 
[2016.08.18-22.35.27:631][377]PIE:Warning: Warning Mobility of OrbReticleFadeOut_BP_2 : RenderComponent has to be 'Movable' if you'd like to move. 
[2016.08.18-22.35.27:647][378]PIE:Warning: Warning Mobility of OrbReticleFadeOut_BP_2 : RenderComponent has to be 'Movable' if you'd like to move. 
[2016.08.18-22.35.27:663][379]PIE:Warning: Warning Mobility of OrbReticleFadeOut_BP_2 : RenderComponent has to be 'Movable' if you'd like to move. 
[2016.08.18-22.35.27:679][380]PIE:Warning: Warning Mobility of OrbReticleFadeOut_BP_2 : RenderComponent has to be 'Movable' if you'd like to move. 
[2016.08.18-22.35.27:696][381]PIE:Warning: Warning Mobility of OrbReticleFadeOut_BP_2 : RenderComponent has to be 'Movable' if you'd like to move. 
[2016.08.18-22.35.27:712][382]PIE:Warning: Warning Mobility of OrbReticleFadeOut_BP_2 : RenderComponent has to be 'Movable' if you'd like to move. 
[2016.08.18-22.35.27:728][383]PIE:Warning: Warning Mobility of OrbReticleFadeOut_BP_2 : RenderComponent has to be 'Movable' if you'd like to move. 
[2016.08.18-22.35.27:744][384]PIE:Warning: Warning Mobility of OrbReticleFadeOut_BP_2 : RenderComponent has to be 'Movable' if you'd like to move. 
[2016.08.18-22.35.27:760][385]PIE:Warning: Warning Mobility of OrbReticleFadeOut_BP_2 : RenderComponent has to be 'Movable' if you'd like to move. 
[2016.08.18-22.35.27:776][386]PIE:Warning: Warning Mobility of OrbReticleFadeOut_BP_2 : RenderComponent has to be 'Movable' if you'd like to move. 
[2016.08.18-22.35.27:792][387]PIE:Warning: Warning Mobility of OrbReticleFadeOut_BP_2 : RenderComponent has to be 'Movable' if you'd like to move. 
[2016.08.18-22.35.27:808][388]PIE:Warning: Warning Mobility of OrbReticleFadeOut_BP_2 : RenderComponent has to be 'Movable' if you'd like to move. 
[2016.08.18-22.35.27:824][389]PIE:Warning: Warning Mobility of OrbReticleFadeOut_BP_2 : RenderComponent has to be 'Movable' if you'd like to move. 
[2016.08.18-22.35.27:840][390]PIE:Warning: Warning Mobility of OrbReticleFadeOut_BP_2 : RenderComponent has to be 'Movable' if you'd like to move. 
[2016.08.18-22.35.27:857][391]PIE:Warning: Warning Mobility of OrbReticleFadeOut_BP_2 : RenderComponent has to be 'Movable' if you'd like to move. 
[2016.08.18-22.35.27:873][392]PIE:Warning: Warning Mobility of OrbReticleFadeOut_BP_2 : RenderComponent has to be 'Movable' if you'd like to move. 
[2016.08.18-22.35.27:889][393]PIE:Warning: Warning Mobility of OrbReticleFadeOut_BP_2 : RenderComponent has to be 'Movable' if you'd like to move. 
[2016.08.18-22.35.27:905][394]PIE:Warning: Warning Mobility of OrbReticleFadeOut_BP_2 : RenderComponent has to be 'Movable' if you'd like to move. 
[2016.08.18-22.35.27:922][395]PIE:Warning: Warning Mobility of OrbReticleFadeOut_BP_2 : RenderComponent has to be 'Movable' if you'd like to move. 
[2016.08.18-22.35.27:938][396]PIE:Warning: Warning Mobility of OrbReticleFadeOut_BP_2 : RenderComponent has to be 'Movable' if you'd like to move. 
[2016.08.18-22.35.27:954][397]PIE:Warning: Warning Mobility of OrbReticleFadeOut_BP_2 : RenderComponent has to be 'Movable' if you'd like to move. 
[2016.08.18-22.35.27:970][398]PIE:Warning: Warning Mobility of OrbReticleFadeOut_BP_2 : RenderComponent has to be 'Movable' if you'd like to move. 
[2016.08.18-22.35.27:987][399]PIE:Warning: Warning Mobility of OrbReticleFadeOut_BP_2 : RenderComponent has to be 'Movable' if you'd like to move. 
[2016.08.18-22.35.28:002][400]PIE:Warning: Warning Mobility of OrbReticleFadeOut_BP_2 : RenderComponent has to be 'Movable' if you'd like to move. 
[2016.08.18-22.35.28:018][401]PIE:Warning: Warning Mobility of OrbReticleFadeOut_BP_2 : RenderComponent has to be 'Movable' if you'd like to move. 
[2016.08.18-22.35.28:034][402]PIE:Warning: Warning Mobility of OrbReticleFadeOut_BP_2 : RenderComponent has to be 'Movable' if you'd like to move. 
[2016.08.18-22.35.28:051][403]PIE:Warning: Warning Mobility of OrbReticleFadeOut_BP_2 : RenderComponent has to be 'Movable' if you'd like to move. 
[2016.08.18-22.35.28:067][404]PIE:Warning: Warning Mobility of OrbReticleFadeOut_BP_2 : RenderComponent has to be 'Movable' if you'd like to move. 
[2016.08.18-22.35.28:083][405]PIE:Warning: Warning Mobility of OrbReticleFadeOut_BP_2 : RenderComponent has to be 'Movable' if you'd like to move. 
[2016.08.18-22.35.28:099][406]PIE:Warning: Warning Mobility of OrbReticleFadeOut_BP_2 : RenderComponent has to be 'Movable' if you'd like to move. 
[2016.08.18-22.35.28:115][407]PIE:Warning: Warning Mobility of OrbReticleFadeOut_BP_2 : RenderComponent has to be 'Movable' if you'd like to move. 
[2016.08.18-22.35.28:131][408]PIE:Warning: Warning Mobility of OrbReticleFadeOut_BP_2 : RenderComponent has to be 'Movable' if you'd like to move. 
[2016.08.18-22.35.28:147][409]PIE:Warning: Warning Mobility of OrbReticleFadeOut_BP_2 : RenderComponent has to be 'Movable' if you'd like to move. 
[2016.08.18-22.35.28:163][410]PIE:Warning: Warning Mobility of OrbReticleFadeOut_BP_2 : RenderComponent has to be 'Movable' if you'd like to move. 
[2016.08.18-22.35.28:180][411]PIE:Warning: Warning Mobility of OrbReticleFadeOut_BP_2 : RenderComponent has to be 'Movable' if you'd like to move. 
[2016.08.18-22.35.28:196][412]PIE:Warning: Warning Mobility of OrbReticleFadeOut_BP_2 : RenderComponent has to be 'Movable' if you'd like to move. 
[2016.08.18-22.35.28:212][413]PIE:Warning: Warning Mobility of OrbReticleFadeOut_BP_2 : RenderComponent has to be 'Movable' if you'd like to move. 
[2016.08.18-22.35.28:228][414]PIE:Warning: Warning Mobility of OrbReticleFadeOut_BP_2 : RenderComponent has to be 'Movable' if you'd like to move. 
[2016.08.18-22.35.28:244][415]PIE:Warning: Warning Mobility of OrbReticleFadeOut_BP_2 : RenderComponent has to be 'Movable' if you'd like to move. 
[2016.08.18-22.35.28:260][416]PIE:Warning: Warning Mobility of OrbReticleFadeOut_BP_2 : RenderComponent has to be 'Movable' if you'd like to move. 
[2016.08.18-22.35.28:276][417]PIE:Warning: Warning Mobility of OrbReticleFadeOut_BP_2 : RenderComponent has to be 'Movable' if you'd like to move. 
[2016.08.18-22.35.28:293][418]PIE:Warning: Warning Mobility of OrbReticleFadeOut_BP_2 : RenderComponent has to be 'Movable' if you'd like to move. 
[2016.08.18-22.35.28:309][419]PIE:Warning: Warning Mobility of OrbReticleFadeOut_BP_2 : RenderComponent has to be 'Movable' if you'd like to move. 
[2016.08.18-22.35.28:325][420]PIE:Warning: Warning Mobility of OrbReticleFadeOut_BP_2 : RenderComponent has to be 'Movable' if you'd like to move. 
[2016.08.18-22.35.28:341][421]PIE:Warning: Warning Mobility of OrbReticleFadeOut_BP_2 : RenderComponent has to be 'Movable' if you'd like to move. 
[2016.08.18-22.35.28:357][422]PIE:Warning: Warning Mobility of OrbReticleFadeOut_BP_2 : RenderComponent has to be 'Movable' if you'd like to move. 
[2016.08.18-22.35.28:373][423]PIE:Warning: Warning Mobility of OrbReticleFadeOut_BP_2 : RenderComponent has to be 'Movable' if you'd like to move. 
[2016.08.18-22.35.28:389][424]PIE:Warning: Warning Mobility of OrbReticleFadeOut_BP_2 : RenderComponent has to be 'Movable' if you'd like to move. 
[2016.08.18-22.35.28:405][425]PIE:Warning: Warning Mobility of OrbReticleFadeOut_BP_2 : RenderComponent has to be 'Movable' if you'd like to move. 
[2016.08.18-22.35.28:422][426]PIE:Warning: Warning Mobility of OrbReticleFadeOut_BP_2 : RenderComponent has to be 'Movable' if you'd like to move. 
[2016.08.18-22.35.28:438][427]PIE:Warning: Warning Mobility of OrbReticleFadeOut_BP_2 : RenderComponent has to be 'Movable' if you'd like to move. 
[2016.08.18-22.35.28:454][428]PIE:Warning: Warning Mobility of OrbReticleFadeOut_BP_2 : RenderComponent has to be 'Movable' if you'd like to move. 
[2016.08.18-22.35.28:470][429]PIE:Warning: Warning Mobility of OrbReticleFadeOut_BP_2 : RenderComponent has to be 'Movable' if you'd like to move. 
[2016.08.18-22.35.28:486][430]PIE:Warning: Warning Mobility of OrbReticleFadeOut_BP_2 : RenderComponent has to be 'Movable' if you'd like to move. 
[2016.08.18-22.35.28:502][431]PIE:Warning: Warning Mobility of OrbReticleFadeOut_BP_2 : RenderComponent has to be 'Movable' if you'd like to move. 
[2016.08.18-22.35.28:518][432]PIE:Warning: Warning Mobility of OrbReticleFadeOut_BP_2 : RenderComponent has to be 'Movable' if you'd like to move. 
[2016.08.18-22.35.28:534][433]PIE:Warning: Warning Mobility of OrbReticleFadeOut_BP_2 : RenderComponent has to be 'Movable' if you'd like to move. 
[2016.08.18-22.35.28:551][434]PIE:Warning: Warning Mobility of OrbReticleFadeOut_BP_2 : RenderComponent has to be 'Movable' if you'd like to move. 
[2016.08.18-22.35.28:567][435]PIE:Warning: Warning Mobility of OrbReticleFadeOut_BP_2 : RenderComponent has to be 'Movable' if you'd like to move. 
[2016.08.18-22.35.28:583][436]PIE:Warning: Warning Mobility of OrbReticleFadeOut_BP_2 : RenderComponent has to be 'Movable' if you'd like to move. 
[2016.08.18-22.35.28:599][437]PIE:Warning: Warning Mobility of OrbReticleFadeOut_BP_2 : RenderComponent has to be 'Movable' if you'd like to move. 
[2016.08.18-22.35.28:615][438]PIE:Warning: Warning Mobility of OrbReticleFadeOut_BP_2 : RenderComponent has to be 'Movable' if you'd like to move. 
[2016.08.18-22.35.28:631][439]PIE:Warning: Warning Mobility of OrbReticleFadeOut_BP_2 : RenderComponent has to be 'Movable' if you'd like to move. 
[2016.08.18-22.35.28:647][440]PIE:Warning: Warning Mobility of OrbReticleFadeOut_BP_2 : RenderComponent has to be 'Movable' if you'd like to move. 
[2016.08.18-22.35.28:663][441]PIE:Warning: Warning Mobility of OrbReticleFadeOut_BP_2 : RenderComponent has to be 'Movable' if you'd like to move. 
[2016.08.18-22.35.28:680][442]PIE:Warning: Warning Mobility of OrbReticleFadeOut_BP_2 : RenderComponent has to be 'Movable' if you'd like to move. 
[2016.08.18-22.35.28:696][443]PIE:Warning: Warning Mobility of OrbReticleFadeOut_BP_2 : RenderComponent has to be 'Movable' if you'd like to move. 
[2016.08.18-22.35.28:712][444]PIE:Warning: Warning Mobility of OrbReticleFadeOut_BP_2 : RenderComponent has to be 'Movable' if you'd like to move. 
[2016.08.18-22.35.28:728][445]PIE:Warning: Warning Mobility of OrbReticleFadeOut_BP_2 : RenderComponent has to be 'Movable' if you'd like to move. 
[2016.08.18-22.35.28:744][446]PIE:Warning: Warning Mobility of OrbReticleFadeOut_BP_2 : RenderComponent has to be 'Movable' if you'd like to move. 
[2016.08.18-22.35.28:760][447]PIE:Warning: Warning Mobility of OrbReticleFadeOut_BP_2 : RenderComponent has to be 'Movable' if you'd like to move. 
[2016.08.18-22.35.28:776][448]PIE:Warning: Warning Mobility of OrbReticleFadeOut_BP_2 : RenderComponent has to be 'Movable' if you'd like to move. 
[2016.08.18-22.35.28:792][449]PIE:Warning: Warning Mobility of OrbReticleFadeOut_BP_2 : RenderComponent has to be 'Movable' if you'd like to move. 
[2016.08.18-22.35.28:809][450]PIE:Warning: Warning Mobility of OrbReticleFadeOut_BP_2 : RenderComponent has to be 'Movable' if you'd like to move. 
[2016.08.18-22.35.28:825][451]PIE:Warning: Warning Mobility of OrbReticleFadeOut_BP_2 : RenderComponent has to be 'Movable' if you'd like to move. 
[2016.08.18-22.35.28:841][452]PIE:Warning: Warning Mobility of OrbReticleFadeOut_BP_2 : RenderComponent has to be 'Movable' if you'd like to move. 
[2016.08.18-22.35.28:857][453]PIE:Warning: Warning Mobility of OrbReticleFadeOut_BP_2 : RenderComponent has to be 'Movable' if you'd like to move. 
[2016.08.18-22.35.28:873][454]PIE:Warning: Warning Mobility of OrbReticleFadeOut_BP_2 : RenderComponent has to be 'Movable' if you'd like to move. 
[2016.08.18-22.35.28:889][455]PIE:Warning: Warning Mobility of OrbReticleFadeOut_BP_2 : RenderComponent has to be 'Movable' if you'd like to move. 
[2016.08.18-22.35.28:905][456]PIE:Warning: Warning Mobility of OrbReticleFadeOut_BP_2 : RenderComponent has to be 'Movable' if you'd like to move. 
[2016.08.18-22.35.28:921][457]PIE:Warning: Warning Mobility of OrbReticleFadeOut_BP_2 : RenderComponent has to be 'Movable' if you'd like to move. 
[2016.08.18-22.35.28:938][458]PIE:Warning: Warning Mobility of OrbReticleFadeOut_BP_2 : RenderComponent has to be 'Movable' if you'd like to move. 
[2016.08.18-22.35.28:954][459]PIE:Warning: Warning Mobility of OrbReticleFadeOut_BP_2 : RenderComponent has to be 'Movable' if you'd like to move. 
[2016.08.18-22.35.28:970][460]PIE:Warning: Warning Mobility of OrbReticleFadeOut_BP_2 : RenderComponent has to be 'Movable' if you'd like to move. 
[2016.08.18-22.35.28:986][461]PIE:Warning: Warning Mobility of OrbReticleFadeOut_BP_2 : RenderComponent has to be 'Movable' if you'd like to move. 
[2016.08.18-22.35.29:002][462]PIE:Warning: Warning Mobility of OrbReticleFadeOut_BP_2 : RenderComponent has to be 'Movable' if you'd like to move. 
[2016.08.18-22.35.29:018][463]PIE:Warning: Warning Mobility of OrbReticleFadeOut_BP_2 : RenderComponent has to be 'Movable' if you'd like to move. 
[2016.08.18-22.35.29:034][464]PIE:Warning: Warning Mobility of OrbReticleFadeOut_BP_2 : RenderComponent has to be 'Movable' if you'd like to move. 
[2016.08.18-22.35.29:050][465]PIE:Warning: Warning Mobility of OrbReticleFadeOut_BP_2 : RenderComponent has to be 'Movable' if you'd like to move. 
[2016.08.18-22.35.29:066][466]PIE:Warning: Warning Mobility of OrbReticleFadeOut_BP_2 : RenderComponent has to be 'Movable' if you'd like to move. 
[2016.08.18-22.35.29:083][467]PIE:Warning: Warning Mobility of OrbReticleFadeOut_BP_2 : RenderComponent has to be 'Movable' if you'd like to move. 
[2016.08.18-22.35.29:099][468]PIE:Warning: Warning Mobility of OrbReticleFadeOut_BP_2 : RenderComponent has to be 'Movable' if you'd like to move. 
[2016.08.18-22.35.29:115][469]PIE:Warning: Warning Mobility of OrbReticleFadeOut_BP_2 : RenderComponent has to be 'Movable' if you'd like to move. 
[2016.08.18-22.35.29:131][470]PIE:Warning: Warning Mobility of OrbReticleFadeOut_BP_2 : RenderComponent has to be 'Movable' if you'd like to move. 
[2016.08.18-22.35.29:148][471]PIE:Warning: Warning Mobility of OrbReticleFadeOut_BP_2 : RenderComponent has to be 'Movable' if you'd like to move. 
[2016.08.18-22.35.29:164][472]PIE:Warning: Warning Mobility of OrbReticleFadeOut_BP_2 : RenderComponent has to be 'Movable' if you'd like to move. 
[2016.08.18-22.35.29:180][473]PIE:Warning: Warning Mobility of OrbReticleFadeOut_BP_2 : RenderComponent has to be 'Movable' if you'd like to move. 
[2016.08.18-22.35.29:196][474]PIE:Warning: Warning Mobility of OrbReticleFadeOut_BP_2 : RenderComponent has to be 'Movable' if you'd like to move. 
[2016.08.18-22.35.29:212][475]PIE:Warning: Warning Mobility of OrbReticleFadeOut_BP_2 : RenderComponent has to be 'Movable' if you'd like to move. 
[2016.08.18-22.35.29:352][476]LogWindowsTextInputMethodSystem:Display: IME system now deactivated.
[2016.08.18-22.35.29:364][476]LogEngine: All Windows Closed
[2016.08.18-22.35.29:364][476]LogWindows: FPlatformMisc::RequestExit(0)
[2016.08.18-22.35.29:794][477]LogExit: Preparing to exit.
[2016.08.18-22.35.30:597][477]LogExit: Game engine shut down
[2016.08.18-22.35.30:711][477]LogObj: Freed 0b from 0 cluster array pools.
[2016.08.18-22.35.30:711][477]LogExit: Object subsystem successfully closed.
[2016.08.18-22.35.30:726][477]LogD3D11RHI: Shutdown
[2016.08.18-22.35.30:726][477]LogD3D11RHI: CleanupD3DDevice
[2016.08.18-22.35.30:786][477]LogD3D11RHI: ~FD3D11DynamicRHI
[2016.08.18-22.35.30:954][477]LogDerivedDataCache: Shutdown
[2016.08.18-22.35.30:954][477]LogModuleManager: Shutting down and abandoning module AndroidDeviceDetection (126)
[2016.08.18-22.35.31:395][477]LogModuleManager: Shutting down and abandoning module AutomationController (125)
[2016.08.18-22.35.31:395][477]LogModuleManager: Shutting down and abandoning module AutomationWorker (124)
[2016.08.18-22.35.31:395][477]LogModuleManager: Shutting down and abandoning module CharacterAI (123)
[2016.08.18-22.35.31:395][477]LogModuleManager: Shutting down and abandoning module AITestSuite (122)
[2016.08.18-22.35.31:395][477]LogModuleManager: Shutting down and abandoning module GameplayDebugger (121)
[2016.08.18-22.35.31:395][477]LogModuleManager: Shutting down and abandoning module AIModule (120)
[2016.08.18-22.35.31:395][477]LogModuleManager: Shutting down and abandoning module AssetRegistry (119)
[2016.08.18-22.35.31:395][477]LogModuleManager: Shutting down and abandoning module MovieSceneCapture (118)
[2016.08.18-22.35.31:395][477]LogModuleManager: Shutting down and abandoning module StreamingPauseRendering (117)
[2016.08.18-22.35.31:395][477]LogModuleManager: Shutting down and abandoning module PortalServices (116)
[2016.08.18-22.35.31:395][477]LogModuleManager: Shutting down and abandoning module PortalRpc (115)
[2016.08.18-22.35.31:395][477]LogModuleManager: Shutting down and abandoning module MessagingRpc (114)
[2016.08.18-22.35.31:395][477]LogModuleManager: Shutting down and abandoning module ProfilerService (113)
[2016.08.18-22.35.31:501][477]LogModuleManager: Shutting down and abandoning module TaskGraph (112)
[2016.08.18-22.35.31:501][477]LogModuleManager: Shutting down and abandoning module SlateRemote (111)
[2016.08.18-22.35.31:502][477]LogModuleManager: Shutting down and abandoning module SteamVRController (110)
[2016.08.18-22.35.31:502][477]LogModuleManager: Shutting down and abandoning module SteamVR (109)
[2016.08.18-22.35.31:502][477]LogModuleManager: Shutting down and abandoning module ProceduralMeshComponent (108)
[2016.08.18-22.35.31:502][477]LogModuleManager: Shutting down and abandoning module OculusLibrary (107)
[2016.08.18-22.35.31:502][477]LogModuleManager: Shutting down and abandoning module OculusInput (106)
[2016.08.18-22.35.31:502][477]LogModuleManager: Shutting down and abandoning module CustomMeshComponent (105)
[2016.08.18-22.35.31:502][477]LogModuleManager: Shutting down and abandoning module CableComponent (104)
[2016.08.18-22.35.31:502][477]LogModuleManager: Shutting down and abandoning module ArchVisCharacter (103)
[2016.08.18-22.35.31:502][477]LogModuleManager: Shutting down and abandoning module HTML5Networking (102)
[2016.08.18-22.35.31:502][477]LogModuleManager: Shutting down and abandoning module DesktopPlatform (101)
[2016.08.18-22.35.31:502][477]LogModuleManager: Shutting down and abandoning module DirectoryWatcher (100)
[2016.08.18-22.35.31:502][477]LogModuleManager: Shutting down and abandoning module HotReload (99)
[2016.08.18-22.35.31:502][477]LogModuleManager: Shutting down and abandoning module VisualStudioSourceCodeAccess (98)
[2016.08.18-22.35.31:502][477]LogModuleManager: Shutting down and abandoning module UObjectPlugin (97)
[2016.08.18-22.35.31:502][477]LogModuleManager: Shutting down and abandoning module SubversionSourceControl (96)
[2016.08.18-22.35.31:502][477]LogModuleManager: Shutting down and abandoning module SourceControl (95)
[2016.08.18-22.35.31:502][477]LogModuleManager: Shutting down and abandoning module PerforceSourceControl (94)
[2016.08.18-22.35.31:502][477]LogModuleManager: Shutting down and abandoning module ProjectOne (93)
[2016.08.18-22.35.31:502][477]LogModuleManager: Shutting down and abandoning module UdpMessaging (92)
[2016.08.18-22.35.31:602][477]LogModuleManager: Shutting down and abandoning module LightPropagationVolumeRuntime (91)
[2016.08.18-22.35.31:602][477]LogModuleManager: Shutting down and abandoning module Paper2D (90)
[2016.08.18-22.35.31:602][477]LogModuleManager: Shutting down and abandoning module WindowsMoviePlayer (89)
[2016.08.18-22.35.31:602][477]LogModuleManager: Shutting down and abandoning module Media (88)
[2016.08.18-22.35.31:602][477]LogModuleManager: Shutting down and abandoning module WmfMedia (87)
[2016.08.18-22.35.31:602][477]LogModuleManager: Shutting down and abandoning module MediaAssets (86)
[2016.08.18-22.35.31:602][477]LogModuleManager: Shutting down and abandoning module GameLiveStreaming (85)
[2016.08.18-22.35.31:602][477]LogModuleManager: Shutting down and abandoning module GameplayTagsEditor (84)
[2016.08.18-22.35.31:602][477]LogModuleManager: Shutting down and abandoning module OnlineBlueprintSupport (83)
[2016.08.18-22.35.31:602][477]LogModuleManager: Shutting down and abandoning module GameplayTasksEditor (82)
[2016.08.18-22.35.31:602][477]LogModuleManager: Shutting down and abandoning module PropertyEditor (81)
[2016.08.18-22.35.31:602][477]LogModuleManager: Shutting down and abandoning module BehaviorTreeEditor (80)
[2016.08.18-22.35.31:602][477]LogModuleManager: Shutting down and abandoning module FunctionalTesting (79)
[2016.08.18-22.35.31:602][477]LogModuleManager: Shutting down and abandoning module CollisionAnalyzer (78)
[2016.08.18-22.35.31:602][477]LogModuleManager: Shutting down and abandoning module WorkspaceMenuStructure (77)
[2016.08.18-22.35.31:602][477]LogModuleManager: Shutting down and abandoning module MessageLog (76)
[2016.08.18-22.35.31:602][477]LogModuleManager: Shutting down and abandoning module Sequencer (75)
[2016.08.18-22.35.31:602][477]LogModuleManager: Shutting down and abandoning module AssetTools (74)
[2016.08.18-22.35.31:602][477]LogModuleManager: Shutting down and abandoning module UMGEditor (73)
[2016.08.18-22.35.31:602][477]LogModuleManager: Shutting down and abandoning module UMG (72)
[2016.08.18-22.35.31:602][477]LogModuleManager: Shutting down and abandoning module SlateReflector (71)
[2016.08.18-22.35.31:603][477]LogModuleManager: Shutting down and abandoning module Slate (70)
[2016.08.18-22.35.31:603][477]LogModuleManager: Shutting down and abandoning module EditorStyle (69)
[2016.08.18-22.35.31:604][477]LogModuleManager: Shutting down and abandoning module SessionServices (68)
[2016.08.18-22.35.31:604][477]LogModuleManager: Shutting down and abandoning module SourceCodeAccess (67)
[2016.08.18-22.35.31:604][477]LogModuleManager: Shutting down and abandoning module HeadMountedDisplay (66)
[2016.08.18-22.35.31:604][477]LogModuleManager: Shutting down and abandoning module XAudio2 (65)
[2016.08.18-22.35.31:604][477]LogModuleManager: Shutting down and abandoning module Networking (63)
[2016.08.18-22.35.31:604][477]LogModuleManager: Shutting down and abandoning module Core (62)
[2016.08.18-22.35.31:604][477]LogModuleManager: Shutting down and abandoning module KismetCompiler (61)
[2016.08.18-22.35.31:604][477]LogModuleManager: Shutting down and abandoning module PhysXFormats (60)
[2016.08.18-22.35.31:604][477]LogModuleManager: Shutting down and abandoning module MeshUtilities (59)
[2016.08.18-22.35.31:604][477]LogModuleManager: Shutting down and abandoning module CookingStats (58)
[2016.08.18-22.35.31:604][477]LogModuleManager: Shutting down and abandoning module DerivedDataCache (57)
[2016.08.18-22.35.31:604][477]LogDerivedDataCache: Shutdown
[2016.08.18-22.35.31:604][477]LogModuleManager: Shutting down and abandoning module ShaderFormatOpenGL (56)
[2016.08.18-22.35.31:604][477]LogModuleManager: Shutting down and abandoning module ShaderFormatD3D (55)
[2016.08.18-22.35.31:605][477]LogModuleManager: Shutting down and abandoning module MetalShaderFormat (54)
[2016.08.18-22.35.31:605][477]LogModuleManager: Shutting down and abandoning module TextureFormatUncompressed (53)
[2016.08.18-22.35.31:605][477]LogModuleManager: Shutting down and abandoning module TextureFormatPVR (52)
[2016.08.18-22.35.31:605][477]LogModuleManager: Shutting down and abandoning module TextureFormatIntelISPCTexComp (51)
[2016.08.18-22.35.31:605][477]LogModuleManager: Shutting down and abandoning module TextureFormatDXT (50)
[2016.08.18-22.35.31:605][477]LogModuleManager: Shutting down and abandoning module ImageWrapper (49)
[2016.08.18-22.35.31:605][477]LogModuleManager: Shutting down and abandoning module TextureFormatASTC (48)
[2016.08.18-22.35.31:605][477]LogModuleManager: Shutting down and abandoning module TextureFormatAndroid (47)
[2016.08.18-22.35.31:605][477]LogModuleManager: Shutting down and abandoning module AudioFormatOpus (46)
[2016.08.18-22.35.31:605][477]LogModuleManager: Shutting down and abandoning module AudioFormatOgg (45)
[2016.08.18-22.35.31:605][477]LogModuleManager: Shutting down and abandoning module AudioFormatADPCM (44)
[2016.08.18-22.35.31:605][477]LogModuleManager: Shutting down and abandoning module LinuxTargetPlatform (43)
[2016.08.18-22.35.31:605][477]LogModuleManager: Shutting down and abandoning module LinuxServerTargetPlatform (42)
[2016.08.18-22.35.31:605][477]LogModuleManager: Shutting down and abandoning module LinuxNoEditorTargetPlatform (41)
[2016.08.18-22.35.31:605][477]LogModuleManager: Shutting down and abandoning module TVOSTargetPlatform (40)
[2016.08.18-22.35.31:605][477]LogModuleManager: Shutting down and abandoning module Messaging (39)
[2016.08.18-22.35.31:605][477]LogModuleManager: Shutting down and abandoning module IOSTargetPlatform (38)
[2016.08.18-22.35.31:605][477]LogModuleManager: Shutting down and abandoning module HTML5TargetPlatform (37)
[2016.08.18-22.35.31:605][477]LogModuleManager: Shutting down and abandoning module Android_PVRTCTargetPlatform (36)
[2016.08.18-22.35.31:605][477]LogModuleManager: Shutting down and abandoning module Android_MultiTargetPlatform (35)
[2016.08.18-22.35.31:605][477]LogModuleManager: Shutting down and abandoning module Android_ETC2TargetPlatform (34)
[2016.08.18-22.35.31:605][477]LogModuleManager: Shutting down and abandoning module Android_ETC1TargetPlatform (33)
[2016.08.18-22.35.31:605][477]LogModuleManager: Shutting down and abandoning module Android_DXTTargetPlatform (32)
[2016.08.18-22.35.31:605][477]LogModuleManager: Shutting down and abandoning module Android_ATCTargetPlatform (31)
[2016.08.18-22.35.31:605][477]LogModuleManager: Shutting down and abandoning module Android_ASTCTargetPlatform (30)
[2016.08.18-22.35.31:605][477]LogModuleManager: Shutting down and abandoning module AndroidTargetPlatform (29)
[2016.08.18-22.35.31:605][477]LogModuleManager: Shutting down and abandoning module WindowsTargetPlatform (28)
[2016.08.18-22.35.31:605][477]LogModuleManager: Shutting down and abandoning module WindowsServerTargetPlatform (27)
[2016.08.18-22.35.31:605][477]LogModuleManager: Shutting down and abandoning module WindowsNoEditorTargetPlatform (26)
[2016.08.18-22.35.31:605][477]LogModuleManager: Shutting down and abandoning module WindowsClientTargetPlatform (25)
[2016.08.18-22.35.31:605][477]LogModuleManager: Shutting down and abandoning module AllDesktopTargetPlatform (24)
[2016.08.18-22.35.31:605][477]LogModuleManager: Shutting down and abandoning module TargetPlatform (23)
[2016.08.18-22.35.31:605][477]LogModuleManager: Shutting down and abandoning module InputCore (22)
[2016.08.18-22.35.31:605][477]LogModuleManager: Shutting down and abandoning module Settings (21)
[2016.08.18-22.35.31:605][477]LogModuleManager: Shutting down and abandoning module OnlineSubsystem (19)
[2016.08.18-22.35.31:605][477]LogModuleManager: Shutting down and abandoning module HTTP (18)
[2016.08.18-22.35.31:605][477]LogModuleManager: Shutting down and abandoning module XMPP (17)
[2016.08.18-22.35.31:605][477]LogModuleManager: Shutting down and abandoning module OculusRift (16)
[2016.08.18-22.35.31:605][477]LogModuleManager: Shutting down and abandoning module ExampleDeviceProfileSelector (15)
[2016.08.18-22.35.31:605][477]LogModuleManager: Shutting down and abandoning module TextureCompressor (14)
[2016.08.18-22.35.31:605][477]LogModuleManager: Shutting down and abandoning module ShaderCore (13)
[2016.08.18-22.35.31:605][477]LogModuleManager: Shutting down and abandoning module Landscape (12)
[2016.08.18-22.35.31:605][477]LogModuleManager: Shutting down and abandoning module SlateRHIRenderer (11)
[2016.08.18-22.35.31:605][477]LogModuleManager: Shutting down and abandoning module OpenGLDrv (10)
[2016.08.18-22.35.31:606][477]LogModuleManager: Shutting down and abandoning module D3D11RHI (9)
[2016.08.18-22.35.31:606][477]LogModuleManager: Shutting down and abandoning module AnimGraphRuntime (8)
[2016.08.18-22.35.31:606][477]LogModuleManager: Shutting down and abandoning module Renderer (7)
[2016.08.18-22.35.31:606][477]LogModuleManager: Shutting down and abandoning module Engine (6)
[2016.08.18-22.35.31:606][477]LogModuleManager: Shutting down and abandoning module CoreUObject (5)
[2016.08.18-22.35.31:606][477]LogModuleManager: Shutting down and abandoning module NetworkFile (4)
[2016.08.18-22.35.31:606][477]LogModuleManager: Shutting down and abandoning module StreamingFile (3)
[2016.08.18-22.35.31:606][477]LogModuleManager: Shutting down and abandoning module SandboxFile (2)
[2016.08.18-22.35.31:606][477]LogModuleManager: Shutting down and abandoning module PakFile (1)
[2016.08.18-22.35.31:606][477]LogExit: Exiting.
[2016.08.18-22.35.31:608][477]Log file closed, 08/18/16 18:35:31
