Log file open, 08/18/16 14:45:16
LogInit:Display: Running engine for game: ProjectOne
LogPlatformFile: Not using cached read wrapper
LogInit:Display: RandInit(1982734293) SRandInit(1982734295).
LogTaskGraph: Started task graph with 4 named threads and 7 total threads.
LogStats: Stats thread started at 0.087248
LogInit: Version: 4.11.2-2946394+++UE4+Release-4.11
LogInit: API Version: 2927265
LogInit: Compiled (64-bit): Apr 18 2016 02:18:46
LogInit: Compiled with Visual C++: 19.00.23026.00
LogInit: Build Configuration: Development
LogInit: Branch Name: ++UE4+Release-4.11
LogInit: Command line:  /Temp/Autosaves/Game/Levels/UEDPCOverworldLevel -game -PIEVIACONSOLE -ResX=1280 -ResY=720  -Multiprocess -messaging -SessionName="Play in Standalone Game" 
LogInit: Base directory: C:/Program Files/Epic Games/4.11/Engine/Binaries/Win64/
LogInit: Installed Engine Build: 1
LogInit: Using libcurl 7.41.0
LogInit:  - built for x86_64-pc-win32
LogInit:  - supports SSL with WinSSL
LogInit:  - other features:
LogInit:      CURL_VERSION_SSL
LogInit:      CURL_VERSION_IPV6
LogInit:      CURL_VERSION_ASYNCHDNS
LogInit:      CURL_VERSION_LARGEFILE
LogInit:      CURL_VERSION_IDN
LogInit:  CurlRequestOptions (configurable via config and command line):
LogInit:  - bVerifyPeer = true  - Libcurl will verify peer certificate
LogInit:  - bUseHttpProxy = false  - Libcurl will NOT use HTTP proxy
LogInit:  - bDontReuseConnections = false  - Libcurl will reuse connections
LogInit:  - CertBundlePath = nullptr  - Libcurl will use whatever was configured at build time.
LogInit: Presizing for max 16777216 objects, including 0 objects not considered by GC, pre-allocating 0 bytes for permanent pool.
LogInit: Object subsystem initialized
[2016.08.18-18.45.16:575][  0]LogInit: Selected Device Profile: [Windows]
[2016.08.18-18.45.16:575][  0]LogInit: Applying CVar settings loaded from the selected device profile: [Windows]
[2016.08.18-18.45.16:578][  0]LogInit: Computer: FAHAD-PC
[2016.08.18-18.45.16:578][  0]LogInit: User: Fahad
[2016.08.18-18.45.16:578][  0]LogInit: CPU Page size=65536, Cores=4
[2016.08.18-18.45.16:578][  0]LogInit: High frequency timer resolution =3.215352 MHz
[2016.08.18-18.45.16:579][  0]LogMemory: Memory total: Physical=8.0GB (8GB approx)
[2016.08.18-18.45.16:579][  0]LogMemory: Platform Memory Stats for Windows
[2016.08.18-18.45.16:579][  0]LogMemory: Process Physical Memory: 313.45 MB used, 313.45 MB peak
[2016.08.18-18.45.16:579][  0]LogMemory: Process Virtual Memory: 315.74 MB used, 315.74 MB peak
[2016.08.18-18.45.16:579][  0]LogMemory: Physical Memory: 6617.95 MB used, 8174.67 MB total
[2016.08.18-18.45.16:579][  0]LogMemory: Virtual Memory: 652.82 MB used, 134217728.00 MB total
[2016.08.18-18.45.16:630][  0]LogTextLocalizationManager: No specific translations for ('en-US') exist, so ('en') translations will be used.
[2016.08.18-18.45.17:035][  0]LogD3D11RHI: D3D11 adapters:
[2016.08.18-18.45.17:073][  0]LogD3D11RHI:    0. 'NVIDIA GeForce GTX 970' (Feature Level 11_0)
[2016.08.18-18.45.17:073][  0]LogD3D11RHI:       4007MB of dedicated video memory, 0MB of dedicated system memory, and 4087MB of shared system memory, 2 output[s]
[2016.08.18-18.45.17:076][  0]LogD3D11RHI:    1. 'Microsoft Basic Render Driver' (Feature Level 11_0)
[2016.08.18-18.45.17:076][  0]LogD3D11RHI:       0MB of dedicated video memory, 0MB of dedicated system memory, and 4087MB of shared system memory, 0 output[s]
[2016.08.18-18.45.17:076][  0]LogD3D11RHI: Chosen D3D11 Adapter: 0
[2016.08.18-18.45.17:080][  0]LogD3D11RHI: Creating new Direct3DDevice
[2016.08.18-18.45.17:080][  0]LogD3D11RHI:     Adapter Name: NVIDIA GeForce GTX 970
[2016.08.18-18.45.17:080][  0]LogD3D11RHI:   Driver Version: 10.18.13.6510 (internal 10.18.13.6510)
[2016.08.18-18.45.17:080][  0]LogD3D11RHI:      Driver Date: 4-27-2016
[2016.08.18-18.45.17:080][  0]LogRHI: Texture pool is 1361 MB (70% of 1945 MB)
[2016.08.18-18.45.17:096][  0]LogD3D11RHI: Async texture creation enabled
[2016.08.18-18.45.17:560][  0]LogShaderCompilers: Guid format shader working directory is -48 characters bigger than the processId version (../../../../../../Users/Fahad/Desktop/MX2 Game Suite/GitHub Directory/project-1-mx2/ProjectOne/Intermediate/Shaders/WorkingDirectory/5012/).
[2016.08.18-18.45.17:560][  0]LogShaderCompilers: Cleaned the shader compiler working directory 'C:/Users/Fahad/AppData/Local/Temp/UnrealShaderWorkingDir/970742664457141A6871E4B7B5FB85CB/'.
[2016.08.18-18.45.17:560][  0]LogShaderCompilers:Display: Using Local Shader Compiler.
[2016.08.18-18.45.18:610][  0]LogTemp:Display: Loaded TP AllDesktopTargetPlatform
[2016.08.18-18.45.18:617][  0]LogTemp:Display: Loaded TP WindowsClientTargetPlatform
[2016.08.18-18.45.18:624][  0]LogTemp:Display: Loaded TP WindowsNoEditorTargetPlatform
[2016.08.18-18.45.18:631][  0]LogTemp:Display: Loaded TP WindowsServerTargetPlatform
[2016.08.18-18.45.18:637][  0]LogTemp:Display: Loaded TP WindowsTargetPlatform
[2016.08.18-18.45.18:642][  0]LogTemp:Display: Loaded TP AndroidTargetPlatform
[2016.08.18-18.45.18:646][  0]LogTemp:Display: Loaded TP Android_ASTCTargetPlatform
[2016.08.18-18.45.18:650][  0]LogTemp:Display: Loaded TP Android_ATCTargetPlatform
[2016.08.18-18.45.18:654][  0]LogTemp:Display: Loaded TP Android_DXTTargetPlatform
[2016.08.18-18.45.18:658][  0]LogTemp:Display: Loaded TP Android_ETC1TargetPlatform
[2016.08.18-18.45.18:662][  0]LogTemp:Display: Loaded TP Android_ETC2TargetPlatform
[2016.08.18-18.45.18:671][  0]LogTemp:Display: Loaded TP Android_MultiTargetPlatform
[2016.08.18-18.45.18:671][  0]LogTemp:Display: Loaded TP Android_PVRTCTargetPlatform
[2016.08.18-18.45.18:672][  0]LogTemp:Display: Loaded TP HTML5TargetPlatform
[2016.08.18-18.45.18:692][  0]LogTemp:Display: Loaded TP IOSTargetPlatform
[2016.08.18-18.45.18:696][  0]LogTemp:Display: Loaded TP TVOSTargetPlatform
[2016.08.18-18.45.18:699][  0]LogTemp:Display: Loaded TP LinuxNoEditorTargetPlatform
[2016.08.18-18.45.18:703][  0]LogTemp:Display: Loaded TP LinuxServerTargetPlatform
[2016.08.18-18.45.18:707][  0]LogTemp:Display: Loaded TP LinuxTargetPlatform
[2016.08.18-18.45.18:707][  0]LogTargetPlatformManager:Display: Building Assets For Windows
[2016.08.18-18.45.18:824][  0]LogDerivedDataCache:Display: Max Cache Size: 512 MB
[2016.08.18-18.45.18:893][  0]LogDerivedDataCache: Loaded boot cache 0.07s 65MB C:/Users/Fahad/AppData/Local/UnrealEngine/4.11/DerivedDataCache/Boot.ddc.
[2016.08.18-18.45.18:893][  0]LogDerivedDataCache:Display: Loaded Boot cache: C:/Users/Fahad/AppData/Local/UnrealEngine/4.11/DerivedDataCache/Boot.ddc
[2016.08.18-18.45.18:894][  0]LogDerivedDataCache: FDerivedDataBackendGraph:  Pak pak cache file ../../../../../../Users/Fahad/Desktop/MX2 Game Suite/GitHub Directory/project-1-mx2/ProjectOne/DerivedDataCache/DDC.ddp not found, will not use a pak cache.
[2016.08.18-18.45.18:894][  0]LogDerivedDataCache: Unable to find inner node Pak for hierarchical cache Hierarchy.
[2016.08.18-18.45.18:894][  0]LogDerivedDataCache: FDerivedDataBackendGraph:  CompressedPak pak cache file ../../../../../../Users/Fahad/Desktop/MX2 Game Suite/GitHub Directory/project-1-mx2/ProjectOne/DerivedDataCache/Compressed.ddp not found, will not use a pak cache.
[2016.08.18-18.45.18:894][  0]LogDerivedDataCache: Unable to find inner node CompressedPak for hierarchical cache Hierarchy.
[2016.08.18-18.45.18:910][  0]LogDerivedDataCache:Display: Pak cache opened for reading ../../../Engine/DerivedDataCache/Compressed.ddp.
[2016.08.18-18.45.18:923][  0]LogDerivedDataCache: Using Local data cache path C:/Users/Fahad/AppData/Local/UnrealEngine/Common/DerivedDataCache: Writable
[2016.08.18-18.45.19:168][  0]LogInit: Selected Device Profile: [Windows]
[2016.08.18-18.45.19:174][  0]LogMaterial: Uniform references updated for custom material expression Custom.
[2016.08.18-18.45.19:174][  0]LogContentStreaming: Texture pool size is 1000.00 MB
[2016.08.18-18.45.19:312][  0]LogMeshUtilities: No automatic mesh reduction module available
[2016.08.18-18.45.19:312][  0]LogMeshUtilities: No automatic mesh merging module available
[2016.08.18-18.45.19:312][  0]LogMeshUtilities: No distributed automatic mesh merging module available
[2016.08.18-18.45.19:555][  0]LogInit: WinSock: version 1.1 (2.2), MaxSocks=32767, MaxUdp=65467
[2016.08.18-18.45.19:660][  0]LogSlate: SlateFontCache - WITH_FREETYPE: 1, WITH_HARFBUZZ: 1
[2016.08.18-18.45.19:660][  0]LogSlate: SlateFontCache - WITH_FREETYPE: 1, WITH_HARFBUZZ: 1
[2016.08.18-18.45.19:845][  0]LogWindowsMoviePlayer: Unable to load movie: ../../../../../../Users/Fahad/Desktop/MX2 Game Suite/GitHub Directory/project-1-mx2/ProjectOne/Content/Movies/Default_Startup.mp4
[2016.08.18-18.45.19:934][  0]LogUdpMessaging: Initializing bridge on interface 0.0.0.0:0 to multicast group 230.0.0.1:6666.
[2016.08.18-18.45.20:005][  0]LogTemp:Warning: No World
[2016.08.18-18.45.20:027][  0]SourceControl: Info Source control is disabled
[2016.08.18-18.45.20:027][  0]SourceControl: Info Source control is disabled
[2016.08.18-18.45.20:042][  0]SourceControl: Info Source control is disabled
[2016.08.18-18.45.20:187][  0]LogHMD: Failed to initialize OpenVR with code 108
[2016.08.18-18.45.20:216][  0]LogUObjectArray: 29307 objects as part of root set at end of initial load.
[2016.08.18-18.45.20:216][  0]LogUObjectAllocator: 6107216 out of 0 bytes used by permanent object pool.
[2016.08.18-18.45.20:216][  0]LogUObjectArray: CloseDisregardForGC: 0/0 objects in disregard for GC pool
[2016.08.18-18.45.20:278][  0]LogEngine: Initializing Engine...
[2016.08.18-18.45.20:973][  0]LogInit: XAudio2 using 'Speakers (5- Logitech USB Headset)' : 2 channels at 44.1 kHz using 16 bits per sample (channel mask 0x3)
[2016.08.18-18.45.20:985][  0]LogInit: FAudioDevice initialized.
[2016.08.18-18.45.20:994][  0]LogInit: Texture streaming: Enabled
[2016.08.18-18.45.21:080][  0]LogNet: Browse: /Temp/Autosaves/Game/Levels/UEDPCOverworldLevel?Name=Player
[2016.08.18-18.45.21:080][  0]LogLoad: LoadMap: /Temp/Autosaves/Game/Levels/UEDPCOverworldLevel?Name=Player
[2016.08.18-18.45.21:114][  0]LogMemory: Platform Memory Stats for Windows
[2016.08.18-18.45.21:114][  0]LogMemory: Process Physical Memory: 776.66 MB used, 780.11 MB peak
[2016.08.18-18.45.21:114][  0]LogMemory: Process Virtual Memory: 900.66 MB used, 900.66 MB peak
[2016.08.18-18.45.21:114][  0]LogMemory: Physical Memory: 7017.94 MB used, 8174.67 MB total
[2016.08.18-18.45.21:114][  0]LogMemory: Virtual Memory: 1470.12 MB used, 134217728.00 MB total
[2016.08.18-18.45.21:114][  0]LogMemory: 
[2016.08.18-18.45.21:114][  0]Allocator Stats for TBB: (not implemented)
[2016.08.18-18.45.21:118][  0]LogTemp:Warning: No World
[2016.08.18-18.45.21:216][  0]LogAssetRegistry: FAssetRegistry took 0.0001 seconds to start up
[2016.08.18-18.45.21:453][  0]LogTemp:Warning: No World
[2016.08.18-18.45.21:550][  0]LogTemp:Warning: No World
[2016.08.18-18.45.21:604][  0]LogAIModule: Creating AISystem for world OverworldLevel
[2016.08.18-18.45.21:604][  0]LogWorld: Game class is 'BattleGameMode_BP_C'
[2016.08.18-18.45.21:607][  0]LogWorld: Bringing World /Temp/Autosaves/Game/Levels/UEDPCOverworldLevel.OverworldLevel up for play (max tick rate 0) at 2016.08.18-14.45.21
[2016.08.18-18.45.21:608][  0]LogWorld: Bringing up level for play took: 0.002590
[2016.08.18-18.45.21:609][  0]LogInit:Display: Game Engine Initialized.
[2016.08.18-18.45.21:832][  0]LogLoad: Full Startup: 6.24 seconds (BP compile: 0.36 seconds)
[2016.08.18-18.45.21:832][  0]LogExternalProfiler: Found external profiler: VSPerf
[2016.08.18-18.45.21:832][  0]LogExternalProfiler: Using external profiler: VSPerf
[2016.08.18-18.45.21:854][  0]LogWindowsTextInputMethodSystem:Display: IME system now deactivated.
[2016.08.18-18.45.21:854][  0]LogOcInput: OculusInput pre-init called
[2016.08.18-18.45.21:970][  2]LogRenderer: Reallocating scene render targets to support 1280x720 (Frame:2).
[2016.08.18-18.45.25:720][231]LogTemp:Warning: got player controller successfully
[2016.08.18-18.45.25:720][231]LogTemp:Warning: Entity #:0: Entity Name: Beck
[2016.08.18-18.45.25:720][231]LogTemp:Warning: Entity #:1: Entity Name: Sluagh
[2016.08.18-18.45.25:720][231]LogTemp:Warning: Entity #:2: Entity Name: Sluagh2
[2016.08.18-18.45.25:721][231]LogTemp:Warning: Entity #:3: Entity Name: Beck
[2016.08.18-18.45.25:721][231]LogTemp:Warning: Entity #:4: Entity Name: Sluagh
[2016.08.18-18.45.25:721][231]LogTemp:Warning: Entity #:5: Entity Name: Sluagh2
[2016.08.18-18.45.25:721][231]LogTemp:Warning: Entity #:6: Entity Name: Beck
[2016.08.18-18.45.25:883][241]LogTemp:Warning: Round: 6	Entity: Beck
[2016.08.18-18.45.25:883][241]LogTemp:Warning: Entity #:0: Entity Name: Beck
[2016.08.18-18.45.25:883][241]LogTemp:Warning: Entity #:1: Entity Name: Sluagh
[2016.08.18-18.45.25:883][241]LogTemp:Warning: Entity #:2: Entity Name: Sluagh2
[2016.08.18-18.45.25:883][241]LogTemp:Warning: Entity #:3: Entity Name: Beck
[2016.08.18-18.45.25:883][241]LogTemp:Warning: Entity #:4: Entity Name: Sluagh
[2016.08.18-18.45.25:883][241]LogTemp:Warning: Entity #:5: Entity Name: Sluagh2
[2016.08.18-18.45.25:883][241]LogTemp:Warning: Entity #:6: Entity Name: Beck
[2016.08.18-18.45.26:656][289]LogBlueprintUserMessages: [BattleGameMode_BP_C_0] Animation
[2016.08.18-18.45.26:656][289]LogTemp:Warning: Round: 6	Entity: Sluagh
[2016.08.18-18.45.26:656][289]LogTemp:Warning: Entity #:0: Entity Name: Sluagh
[2016.08.18-18.45.26:656][289]LogTemp:Warning: Entity #:1: Entity Name: Sluagh2
[2016.08.18-18.45.26:656][289]LogTemp:Warning: Entity #:2: Entity Name: Beck
[2016.08.18-18.45.26:656][289]LogTemp:Warning: Entity #:3: Entity Name: Sluagh
[2016.08.18-18.45.26:656][289]LogTemp:Warning: Entity #:4: Entity Name: Sluagh2
[2016.08.18-18.45.26:656][289]LogTemp:Warning: Entity #:5: Entity Name: Beck
[2016.08.18-18.45.26:656][289]LogTemp:Warning: Entity #:6: Entity Name: Sluagh
[2016.08.18-18.45.26:656][289]LogTemp:Warning: Sluagh Timer Active.
[2016.08.18-18.45.27:673][352]LogBlueprintUserMessages: [AttackBroadcaster_BP] Attack Time Set
[2016.08.18-18.45.27:769][358]LogBlueprintUserMessages: [OrbPattern_Sluagh1_BP_C_0] Floor
[2016.08.18-18.45.28:269][389]LogBlueprintUserMessages: [OrbPattern_Sluagh1_BP_C_0] Floor
[2016.08.18-18.45.28:768][420]LogBlueprintUserMessages: [OrbPattern_Sluagh1_BP_C_0] Floor
[2016.08.18-18.45.29:269][451]LogBlueprintUserMessages: [OrbPattern_Sluagh1_BP_C_0] Floor
[2016.08.18-18.45.29:771][482]LogBlueprintUserMessages: [OrbPattern_Sluagh1_BP_C_0] OrbReticle_BP
[2016.08.18-18.45.30:270][513]LogBlueprintUserMessages: [OrbPattern_Sluagh1_BP_C_0] Floor
[2016.08.18-18.45.30:771][544]LogBlueprintUserMessages: [OrbPattern_Sluagh1_BP_C_0] Floor
[2016.08.18-18.45.31:270][575]LogBlueprintUserMessages: [OrbPattern_Sluagh1_BP_C_0] Floor
[2016.08.18-18.45.31:770][606]LogBlueprintUserMessages: [OrbPattern_Sluagh1_BP_C_0] Floor
[2016.08.18-18.45.32:270][637]LogBlueprintUserMessages: [OrbPattern_Sluagh1_BP_C_0] OrbReticle_BP
[2016.08.18-18.45.32:768][668]LogBlueprintUserMessages: [OrbPattern_Sluagh1_BP_C_0] Floor
[2016.08.18-18.45.33:704][726]LogBlueprintUserMessages: [BattleGameMode_BP_C_0] Animation
[2016.08.18-18.45.33:704][726]LogTemp:Warning: Round: 6	Entity: Sluagh2
[2016.08.18-18.45.33:704][726]LogTemp:Warning: Entity #:0: Entity Name: Sluagh2
[2016.08.18-18.45.33:704][726]LogTemp:Warning: Entity #:1: Entity Name: Beck
[2016.08.18-18.45.33:705][726]LogTemp:Warning: Entity #:2: Entity Name: Sluagh
[2016.08.18-18.45.33:705][726]LogTemp:Warning: Entity #:3: Entity Name: Sluagh2
[2016.08.18-18.45.33:705][726]LogTemp:Warning: Entity #:4: Entity Name: Beck
[2016.08.18-18.45.33:705][726]LogTemp:Warning: Entity #:5: Entity Name: Sluagh
[2016.08.18-18.45.33:705][726]LogTemp:Warning: Entity #:6: Entity Name: Sluagh2
[2016.08.18-18.45.33:705][726]LogTemp:Warning: Sluagh Timer Active.
[2016.08.18-18.45.34:723][789]LogBlueprintUserMessages: [AttackBroadcaster_BP] Attack Time Set
[2016.08.18-18.45.34:819][795]LogBlueprintUserMessages: [OrbPattern_Sluagh1_BP_C_1] Floor
[2016.08.18-18.45.35:319][826]LogBlueprintUserMessages: [OrbPattern_Sluagh1_BP_C_1] Floor
[2016.08.18-18.45.35:819][857]LogBlueprintUserMessages: [OrbPattern_Sluagh1_BP_C_1] Floor
[2016.08.18-18.45.36:318][888]LogBlueprintUserMessages: [OrbPattern_Sluagh1_BP_C_1] Floor
[2016.08.18-18.45.36:819][919]LogBlueprintUserMessages: [OrbPattern_Sluagh1_BP_C_1] OrbReticle_BP1
[2016.08.18-18.45.37:319][950]LogBlueprintUserMessages: [OrbPattern_Sluagh1_BP_C_1] Floor
[2016.08.18-18.45.37:819][981]LogBlueprintUserMessages: [OrbPattern_Sluagh1_BP_C_1] Floor
[2016.08.18-18.45.38:319][ 12]LogBlueprintUserMessages: [OrbPattern_Sluagh1_BP_C_1] OrbReticle_BP1
[2016.08.18-18.45.38:819][ 43]LogBlueprintUserMessages: [OrbPattern_Sluagh1_BP_C_1] Floor
[2016.08.18-18.45.39:317][ 74]LogBlueprintUserMessages: [OrbPattern_Sluagh1_BP_C_1] Floor
[2016.08.18-18.45.39:817][105]LogBlueprintUserMessages: [OrbPattern_Sluagh1_BP_C_1] Floor
[2016.08.18-18.45.40:754][163]LogBlueprintUserMessages: [BattleGameMode_BP_C_0] Animation
[2016.08.18-18.45.40:947][175]LogTemp:Warning: Round: 12	Entity: Beck
[2016.08.18-18.45.40:947][175]LogTemp:Warning: Entity #:0: Entity Name: Beck
[2016.08.18-18.45.40:947][175]LogTemp:Warning: Entity #:1: Entity Name: Sluagh
[2016.08.18-18.45.40:947][175]LogTemp:Warning: Entity #:2: Entity Name: Sluagh2
[2016.08.18-18.45.40:947][175]LogTemp:Warning: Entity #:3: Entity Name: Beck
[2016.08.18-18.45.40:947][175]LogTemp:Warning: Entity #:4: Entity Name: Sluagh
[2016.08.18-18.45.40:947][175]LogTemp:Warning: Entity #:5: Entity Name: Sluagh2
[2016.08.18-18.45.40:947][175]LogTemp:Warning: Entity #:6: Entity Name: Beck
[2016.08.18-18.45.42:027][242]LogBlueprintUserMessages: [BattleGameMode_BP_C_0] Animation
[2016.08.18-18.45.42:027][242]LogTemp:Warning: Round: 12	Entity: Sluagh
[2016.08.18-18.45.42:028][242]LogTemp:Warning: Entity #:0: Entity Name: Sluagh
[2016.08.18-18.45.42:028][242]LogTemp:Warning: Entity #:1: Entity Name: Sluagh2
[2016.08.18-18.45.42:028][242]LogTemp:Warning: Entity #:2: Entity Name: Beck
[2016.08.18-18.45.42:028][242]LogTemp:Warning: Entity #:3: Entity Name: Sluagh
[2016.08.18-18.45.42:028][242]LogTemp:Warning: Entity #:4: Entity Name: Sluagh2
[2016.08.18-18.45.42:028][242]LogTemp:Warning: Entity #:5: Entity Name: Beck
[2016.08.18-18.45.42:028][242]LogTemp:Warning: Entity #:6: Entity Name: Sluagh
[2016.08.18-18.45.42:028][242]LogTemp:Warning: Sluagh Timer Active.
[2016.08.18-18.45.43:044][305]LogBlueprintUserMessages: [AttackBroadcaster_BP] Attack Time Set
[2016.08.18-18.45.43:141][311]LogBlueprintUserMessages: [OrbPattern_Sluagh1_BP_C_2] Floor
[2016.08.18-18.45.43:643][342]LogBlueprintUserMessages: [OrbPattern_Sluagh1_BP_C_2] Floor
[2016.08.18-18.45.44:141][373]LogBlueprintUserMessages: [OrbPattern_Sluagh1_BP_C_2] Floor
[2016.08.18-18.45.44:642][404]LogBlueprintUserMessages: [OrbPattern_Sluagh1_BP_C_2] Floor
[2016.08.18-18.45.45:142][435]LogBlueprintUserMessages: [OrbPattern_Sluagh1_BP_C_2] Floor
[2016.08.18-18.45.45:640][466]LogBlueprintUserMessages: [OrbPattern_Sluagh1_BP_C_2] Floor
[2016.08.18-18.45.46:142][497]LogBlueprintUserMessages: [OrbPattern_Sluagh1_BP_C_2] Floor
[2016.08.18-18.45.46:642][528]LogBlueprintUserMessages: [OrbPattern_Sluagh1_BP_C_2] OrbReticle_BP2
[2016.08.18-18.45.47:142][559]LogBlueprintUserMessages: [OrbPattern_Sluagh1_BP_C_2] OrbReticle_BP2
[2016.08.18-18.45.47:641][590]LogBlueprintUserMessages: [OrbPattern_Sluagh1_BP_C_2] Floor
[2016.08.18-18.45.48:142][621]LogBlueprintUserMessages: [OrbPattern_Sluagh1_BP_C_2] Floor
[2016.08.18-18.45.49:076][679]LogBlueprintUserMessages: [BattleGameMode_BP_C_0] Animation
[2016.08.18-18.45.49:077][679]LogTemp:Warning: Round: 12	Entity: Sluagh2
[2016.08.18-18.45.49:077][679]LogTemp:Warning: Entity #:0: Entity Name: Sluagh2
[2016.08.18-18.45.49:077][679]LogTemp:Warning: Entity #:1: Entity Name: Beck
[2016.08.18-18.45.49:077][679]LogTemp:Warning: Entity #:2: Entity Name: Sluagh
[2016.08.18-18.45.49:077][679]LogTemp:Warning: Entity #:3: Entity Name: Sluagh2
[2016.08.18-18.45.49:077][679]LogTemp:Warning: Entity #:4: Entity Name: Beck
[2016.08.18-18.45.49:077][679]LogTemp:Warning: Entity #:5: Entity Name: Sluagh
[2016.08.18-18.45.49:077][679]LogTemp:Warning: Entity #:6: Entity Name: Sluagh2
[2016.08.18-18.45.49:077][679]LogTemp:Warning: Sluagh Timer Active.
[2016.08.18-18.45.50:094][742]LogBlueprintUserMessages: [AttackBroadcaster_BP] Attack Time Set
[2016.08.18-18.45.50:190][748]LogBlueprintUserMessages: [OrbPattern_Sluagh1_BP_C_3] OrbReticle_BP3
[2016.08.18-18.45.50:690][779]LogBlueprintUserMessages: [OrbPattern_Sluagh1_BP_C_3] Floor
[2016.08.18-18.45.51:191][810]LogBlueprintUserMessages: [OrbPattern_Sluagh1_BP_C_3] Floor
[2016.08.18-18.45.51:691][841]LogBlueprintUserMessages: [OrbPattern_Sluagh1_BP_C_3] OrbReticle_BP3
[2016.08.18-18.45.52:190][872]LogBlueprintUserMessages: [OrbPattern_Sluagh1_BP_C_3] Floor
[2016.08.18-18.45.52:691][903]LogBlueprintUserMessages: [OrbPattern_Sluagh1_BP_C_3] Floor
[2016.08.18-18.45.53:191][934]LogBlueprintUserMessages: [OrbPattern_Sluagh1_BP_C_3] OrbReticle_BP3
[2016.08.18-18.45.53:690][965]LogBlueprintUserMessages: [OrbPattern_Sluagh1_BP_C_3] Floor
[2016.08.18-18.45.54:191][996]LogBlueprintUserMessages: [OrbPattern_Sluagh1_BP_C_3] OrbReticle_BP3
[2016.08.18-18.45.54:691][ 27]LogBlueprintUserMessages: [OrbPattern_Sluagh1_BP_C_3] Floor
[2016.08.18-18.45.55:190][ 58]LogBlueprintUserMessages: [OrbPattern_Sluagh1_BP_C_3] Floor
[2016.08.18-18.45.56:127][116]LogBlueprintUserMessages: [BattleGameMode_BP_C_0] Animation
[2016.08.18-18.45.56:319][128]LogTemp:Warning: Round: 18	Entity: Beck
[2016.08.18-18.45.56:319][128]LogTemp:Warning: Entity #:0: Entity Name: Beck
[2016.08.18-18.45.56:319][128]LogTemp:Warning: Entity #:1: Entity Name: Sluagh
[2016.08.18-18.45.56:319][128]LogTemp:Warning: Entity #:2: Entity Name: Sluagh2
[2016.08.18-18.45.56:319][128]LogTemp:Warning: Entity #:3: Entity Name: Beck
[2016.08.18-18.45.56:319][128]LogTemp:Warning: Entity #:4: Entity Name: Sluagh
[2016.08.18-18.45.56:319][128]LogTemp:Warning: Entity #:5: Entity Name: Sluagh2
[2016.08.18-18.45.56:319][128]LogTemp:Warning: Entity #:6: Entity Name: Beck
[2016.08.18-18.45.57:351][192]LogBlueprintUserMessages: [BattleGameMode_BP_C_0] Animation
[2016.08.18-18.45.57:352][192]LogTemp:Warning: Round: 18	Entity: Sluagh
[2016.08.18-18.45.57:352][192]LogTemp:Warning: Entity #:0: Entity Name: Sluagh
[2016.08.18-18.45.57:352][192]LogTemp:Warning: Entity #:1: Entity Name: Sluagh2
[2016.08.18-18.45.57:352][192]LogTemp:Warning: Entity #:2: Entity Name: Beck
[2016.08.18-18.45.57:352][192]LogTemp:Warning: Entity #:3: Entity Name: Sluagh
[2016.08.18-18.45.57:352][192]LogTemp:Warning: Entity #:4: Entity Name: Sluagh2
[2016.08.18-18.45.57:352][192]LogTemp:Warning: Entity #:5: Entity Name: Beck
[2016.08.18-18.45.57:352][192]LogTemp:Warning: Entity #:6: Entity Name: Sluagh
[2016.08.18-18.45.57:352][192]LogTemp:Warning: Sluagh Timer Active.
[2016.08.18-18.45.58:368][255]LogBlueprintUserMessages: [AttackBroadcaster_BP] Attack Time Set
[2016.08.18-18.45.58:464][261]LogBlueprintUserMessages: [OrbPattern_Sluagh1_BP_C_4] OrbReticle_BP4
[2016.08.18-18.45.58:965][292]LogBlueprintUserMessages: [OrbPattern_Sluagh1_BP_C_4] Floor
[2016.08.18-18.45.59:464][323]LogBlueprintUserMessages: [OrbPattern_Sluagh1_BP_C_4] Floor
[2016.08.18-18.45.59:965][354]LogBlueprintUserMessages: [OrbPattern_Sluagh1_BP_C_4] Floor
[2016.08.18-18.46.00:464][385]LogBlueprintUserMessages: [OrbPattern_Sluagh1_BP_C_4] Floor
[2016.08.18-18.46.00:969][416]LogBlueprintUserMessages: [OrbPattern_Sluagh1_BP_C_4] Floor
[2016.08.18-18.46.01:469][447]LogBlueprintUserMessages: [OrbPattern_Sluagh1_BP_C_4] Floor
[2016.08.18-18.46.01:973][478]LogBlueprintUserMessages: [OrbPattern_Sluagh1_BP_C_4] Floor
[2016.08.18-18.46.02:474][509]LogBlueprintUserMessages: [OrbPattern_Sluagh1_BP_C_4] OrbReticle_BP4
[2016.08.18-18.46.02:971][540]LogBlueprintUserMessages: [OrbPattern_Sluagh1_BP_C_4] Floor
[2016.08.18-18.46.03:474][571]LogBlueprintUserMessages: [OrbPattern_Sluagh1_BP_C_4] Floor
[2016.08.18-18.46.04:409][629]LogBlueprintUserMessages: [BattleGameMode_BP_C_0] Animation
[2016.08.18-18.46.04:410][629]LogTemp:Warning: Round: 18	Entity: Sluagh2
[2016.08.18-18.46.04:410][629]LogTemp:Warning: Entity #:0: Entity Name: Sluagh2
[2016.08.18-18.46.04:410][629]LogTemp:Warning: Entity #:1: Entity Name: Beck
[2016.08.18-18.46.04:410][629]LogTemp:Warning: Entity #:2: Entity Name: Sluagh
[2016.08.18-18.46.04:410][629]LogTemp:Warning: Entity #:3: Entity Name: Sluagh2
[2016.08.18-18.46.04:410][629]LogTemp:Warning: Entity #:4: Entity Name: Beck
[2016.08.18-18.46.04:410][629]LogTemp:Warning: Entity #:5: Entity Name: Sluagh
[2016.08.18-18.46.04:410][629]LogTemp:Warning: Entity #:6: Entity Name: Sluagh2
[2016.08.18-18.46.04:410][629]LogTemp:Warning: Sluagh Timer Active.
[2016.08.18-18.46.05:424][692]LogBlueprintUserMessages: [AttackBroadcaster_BP] Attack Time Set
[2016.08.18-18.46.05:520][698]LogBlueprintUserMessages: [OrbPattern_Sluagh1_BP_C_5] Floor
[2016.08.18-18.46.06:021][729]LogBlueprintUserMessages: [OrbPattern_Sluagh1_BP_C_5] Floor
[2016.08.18-18.46.06:520][760]LogBlueprintUserMessages: [OrbPattern_Sluagh1_BP_C_5] Floor
[2016.08.18-18.46.07:020][791]LogBlueprintUserMessages: [OrbPattern_Sluagh1_BP_C_5] Floor
[2016.08.18-18.46.07:521][822]LogBlueprintUserMessages: [OrbPattern_Sluagh1_BP_C_5] Floor
[2016.08.18-18.46.08:021][853]LogBlueprintUserMessages: [OrbPattern_Sluagh1_BP_C_5] Floor
[2016.08.18-18.46.08:520][884]LogBlueprintUserMessages: [OrbPattern_Sluagh1_BP_C_5] Floor
[2016.08.18-18.46.09:020][915]LogBlueprintUserMessages: [OrbPattern_Sluagh1_BP_C_5] Floor
[2016.08.18-18.46.09:521][946]LogBlueprintUserMessages: [OrbPattern_Sluagh1_BP_C_5] OrbReticle_BP5
[2016.08.18-18.46.10:020][977]LogBlueprintUserMessages: [OrbPattern_Sluagh1_BP_C_5] Floor
[2016.08.18-18.46.10:521][  8]LogBlueprintUserMessages: [OrbPattern_Sluagh1_BP_C_5] Floor
[2016.08.18-18.46.11:457][ 66]LogBlueprintUserMessages: [BattleGameMode_BP_C_0] Animation
[2016.08.18-18.46.16:933][404]LogWindowsTextInputMethodSystem:Display: IME system now deactivated.
[2016.08.18-18.46.16:945][404]LogEngine: All Windows Closed
[2016.08.18-18.46.16:945][404]LogWindows: FPlatformMisc::RequestExit(0)
[2016.08.18-18.46.17:301][405]LogExit: Preparing to exit.
[2016.08.18-18.46.18:093][405]LogExit: Game engine shut down
[2016.08.18-18.46.18:215][405]LogObj: Freed 0b from 0 cluster array pools.
[2016.08.18-18.46.18:215][405]LogExit: Object subsystem successfully closed.
[2016.08.18-18.46.18:227][405]LogD3D11RHI: Shutdown
[2016.08.18-18.46.18:227][405]LogD3D11RHI: CleanupD3DDevice
[2016.08.18-18.46.18:294][405]LogD3D11RHI: ~FD3D11DynamicRHI
[2016.08.18-18.46.18:453][405]LogDerivedDataCache: Shutdown
[2016.08.18-18.46.18:453][405]LogModuleManager: Shutting down and abandoning module AndroidDeviceDetection (126)
[2016.08.18-18.46.18:856][405]LogModuleManager: Shutting down and abandoning module AutomationController (125)
[2016.08.18-18.46.18:856][405]LogModuleManager: Shutting down and abandoning module AutomationWorker (124)
[2016.08.18-18.46.18:856][405]LogModuleManager: Shutting down and abandoning module CharacterAI (123)
[2016.08.18-18.46.18:857][405]LogModuleManager: Shutting down and abandoning module AITestSuite (122)
[2016.08.18-18.46.18:857][405]LogModuleManager: Shutting down and abandoning module GameplayDebugger (121)
[2016.08.18-18.46.18:857][405]LogModuleManager: Shutting down and abandoning module AIModule (120)
[2016.08.18-18.46.18:857][405]LogModuleManager: Shutting down and abandoning module AssetRegistry (119)
[2016.08.18-18.46.18:857][405]LogModuleManager: Shutting down and abandoning module MovieSceneCapture (118)
[2016.08.18-18.46.18:857][405]LogModuleManager: Shutting down and abandoning module StreamingPauseRendering (117)
[2016.08.18-18.46.18:857][405]LogModuleManager: Shutting down and abandoning module PortalServices (116)
[2016.08.18-18.46.18:857][405]LogModuleManager: Shutting down and abandoning module PortalRpc (115)
[2016.08.18-18.46.18:857][405]LogModuleManager: Shutting down and abandoning module MessagingRpc (114)
[2016.08.18-18.46.18:857][405]LogModuleManager: Shutting down and abandoning module ProfilerService (113)
[2016.08.18-18.46.19:047][405]LogModuleManager: Shutting down and abandoning module TaskGraph (112)
[2016.08.18-18.46.19:047][405]LogModuleManager: Shutting down and abandoning module SlateRemote (111)
[2016.08.18-18.46.19:047][405]LogModuleManager: Shutting down and abandoning module SteamVRController (110)
[2016.08.18-18.46.19:047][405]LogModuleManager: Shutting down and abandoning module SteamVR (109)
[2016.08.18-18.46.19:047][405]LogModuleManager: Shutting down and abandoning module ProceduralMeshComponent (108)
[2016.08.18-18.46.19:047][405]LogModuleManager: Shutting down and abandoning module OculusLibrary (107)
[2016.08.18-18.46.19:047][405]LogModuleManager: Shutting down and abandoning module OculusInput (106)
[2016.08.18-18.46.19:047][405]LogModuleManager: Shutting down and abandoning module CustomMeshComponent (105)
[2016.08.18-18.46.19:047][405]LogModuleManager: Shutting down and abandoning module CableComponent (104)
[2016.08.18-18.46.19:047][405]LogModuleManager: Shutting down and abandoning module ArchVisCharacter (103)
[2016.08.18-18.46.19:047][405]LogModuleManager: Shutting down and abandoning module HTML5Networking (102)
[2016.08.18-18.46.19:047][405]LogModuleManager: Shutting down and abandoning module DesktopPlatform (101)
[2016.08.18-18.46.19:047][405]LogModuleManager: Shutting down and abandoning module DirectoryWatcher (100)
[2016.08.18-18.46.19:047][405]LogModuleManager: Shutting down and abandoning module HotReload (99)
[2016.08.18-18.46.19:047][405]LogModuleManager: Shutting down and abandoning module VisualStudioSourceCodeAccess (98)
[2016.08.18-18.46.19:047][405]LogModuleManager: Shutting down and abandoning module UObjectPlugin (97)
[2016.08.18-18.46.19:047][405]LogModuleManager: Shutting down and abandoning module SubversionSourceControl (96)
[2016.08.18-18.46.19:047][405]LogModuleManager: Shutting down and abandoning module SourceControl (95)
[2016.08.18-18.46.19:047][405]LogModuleManager: Shutting down and abandoning module PerforceSourceControl (94)
[2016.08.18-18.46.19:047][405]LogModuleManager: Shutting down and abandoning module ProjectOne (93)
[2016.08.18-18.46.19:047][405]LogModuleManager: Shutting down and abandoning module UdpMessaging (92)
[2016.08.18-18.46.19:148][405]LogModuleManager: Shutting down and abandoning module LightPropagationVolumeRuntime (91)
[2016.08.18-18.46.19:148][405]LogModuleManager: Shutting down and abandoning module Paper2D (90)
[2016.08.18-18.46.19:148][405]LogModuleManager: Shutting down and abandoning module WindowsMoviePlayer (89)
[2016.08.18-18.46.19:148][405]LogModuleManager: Shutting down and abandoning module Media (88)
[2016.08.18-18.46.19:148][405]LogModuleManager: Shutting down and abandoning module WmfMedia (87)
[2016.08.18-18.46.19:148][405]LogModuleManager: Shutting down and abandoning module MediaAssets (86)
[2016.08.18-18.46.19:148][405]LogModuleManager: Shutting down and abandoning module GameLiveStreaming (85)
[2016.08.18-18.46.19:148][405]LogModuleManager: Shutting down and abandoning module GameplayTagsEditor (84)
[2016.08.18-18.46.19:148][405]LogModuleManager: Shutting down and abandoning module OnlineBlueprintSupport (83)
[2016.08.18-18.46.19:148][405]LogModuleManager: Shutting down and abandoning module GameplayTasksEditor (82)
[2016.08.18-18.46.19:148][405]LogModuleManager: Shutting down and abandoning module PropertyEditor (81)
[2016.08.18-18.46.19:148][405]LogModuleManager: Shutting down and abandoning module BehaviorTreeEditor (80)
[2016.08.18-18.46.19:148][405]LogModuleManager: Shutting down and abandoning module FunctionalTesting (79)
[2016.08.18-18.46.19:148][405]LogModuleManager: Shutting down and abandoning module CollisionAnalyzer (78)
[2016.08.18-18.46.19:148][405]LogModuleManager: Shutting down and abandoning module WorkspaceMenuStructure (77)
[2016.08.18-18.46.19:148][405]LogModuleManager: Shutting down and abandoning module MessageLog (76)
[2016.08.18-18.46.19:148][405]LogModuleManager: Shutting down and abandoning module Sequencer (75)
[2016.08.18-18.46.19:148][405]LogModuleManager: Shutting down and abandoning module AssetTools (74)
[2016.08.18-18.46.19:149][405]LogModuleManager: Shutting down and abandoning module UMGEditor (73)
[2016.08.18-18.46.19:149][405]LogModuleManager: Shutting down and abandoning module UMG (72)
[2016.08.18-18.46.19:149][405]LogModuleManager: Shutting down and abandoning module SlateReflector (71)
[2016.08.18-18.46.19:149][405]LogModuleManager: Shutting down and abandoning module Slate (70)
[2016.08.18-18.46.19:149][405]LogModuleManager: Shutting down and abandoning module EditorStyle (69)
[2016.08.18-18.46.19:150][405]LogModuleManager: Shutting down and abandoning module SessionServices (68)
[2016.08.18-18.46.19:150][405]LogModuleManager: Shutting down and abandoning module SourceCodeAccess (67)
[2016.08.18-18.46.19:150][405]LogModuleManager: Shutting down and abandoning module HeadMountedDisplay (66)
[2016.08.18-18.46.19:150][405]LogModuleManager: Shutting down and abandoning module XAudio2 (65)
[2016.08.18-18.46.19:150][405]LogModuleManager: Shutting down and abandoning module Networking (63)
[2016.08.18-18.46.19:151][405]LogModuleManager: Shutting down and abandoning module Core (62)
[2016.08.18-18.46.19:151][405]LogModuleManager: Shutting down and abandoning module KismetCompiler (61)
[2016.08.18-18.46.19:151][405]LogModuleManager: Shutting down and abandoning module PhysXFormats (60)
[2016.08.18-18.46.19:151][405]LogModuleManager: Shutting down and abandoning module MeshUtilities (59)
[2016.08.18-18.46.19:151][405]LogModuleManager: Shutting down and abandoning module CookingStats (58)
[2016.08.18-18.46.19:151][405]LogModuleManager: Shutting down and abandoning module DerivedDataCache (57)
[2016.08.18-18.46.19:151][405]LogDerivedDataCache: Shutdown
[2016.08.18-18.46.19:151][405]LogModuleManager: Shutting down and abandoning module ShaderFormatOpenGL (56)
[2016.08.18-18.46.19:151][405]LogModuleManager: Shutting down and abandoning module ShaderFormatD3D (55)
[2016.08.18-18.46.19:151][405]LogModuleManager: Shutting down and abandoning module MetalShaderFormat (54)
[2016.08.18-18.46.19:151][405]LogModuleManager: Shutting down and abandoning module TextureFormatUncompressed (53)
[2016.08.18-18.46.19:151][405]LogModuleManager: Shutting down and abandoning module TextureFormatPVR (52)
[2016.08.18-18.46.19:151][405]LogModuleManager: Shutting down and abandoning module TextureFormatIntelISPCTexComp (51)
[2016.08.18-18.46.19:151][405]LogModuleManager: Shutting down and abandoning module TextureFormatDXT (50)
[2016.08.18-18.46.19:151][405]LogModuleManager: Shutting down and abandoning module ImageWrapper (49)
[2016.08.18-18.46.19:151][405]LogModuleManager: Shutting down and abandoning module TextureFormatASTC (48)
[2016.08.18-18.46.19:151][405]LogModuleManager: Shutting down and abandoning module TextureFormatAndroid (47)
[2016.08.18-18.46.19:151][405]LogModuleManager: Shutting down and abandoning module AudioFormatOpus (46)
[2016.08.18-18.46.19:151][405]LogModuleManager: Shutting down and abandoning module AudioFormatOgg (45)
[2016.08.18-18.46.19:151][405]LogModuleManager: Shutting down and abandoning module AudioFormatADPCM (44)
[2016.08.18-18.46.19:151][405]LogModuleManager: Shutting down and abandoning module LinuxTargetPlatform (43)
[2016.08.18-18.46.19:151][405]LogModuleManager: Shutting down and abandoning module LinuxServerTargetPlatform (42)
[2016.08.18-18.46.19:151][405]LogModuleManager: Shutting down and abandoning module LinuxNoEditorTargetPlatform (41)
[2016.08.18-18.46.19:151][405]LogModuleManager: Shutting down and abandoning module TVOSTargetPlatform (40)
[2016.08.18-18.46.19:151][405]LogModuleManager: Shutting down and abandoning module Messaging (39)
[2016.08.18-18.46.19:151][405]LogModuleManager: Shutting down and abandoning module IOSTargetPlatform (38)
[2016.08.18-18.46.19:151][405]LogModuleManager: Shutting down and abandoning module HTML5TargetPlatform (37)
[2016.08.18-18.46.19:151][405]LogModuleManager: Shutting down and abandoning module Android_PVRTCTargetPlatform (36)
[2016.08.18-18.46.19:151][405]LogModuleManager: Shutting down and abandoning module Android_MultiTargetPlatform (35)
[2016.08.18-18.46.19:151][405]LogModuleManager: Shutting down and abandoning module Android_ETC2TargetPlatform (34)
[2016.08.18-18.46.19:151][405]LogModuleManager: Shutting down and abandoning module Android_ETC1TargetPlatform (33)
[2016.08.18-18.46.19:151][405]LogModuleManager: Shutting down and abandoning module Android_DXTTargetPlatform (32)
[2016.08.18-18.46.19:151][405]LogModuleManager: Shutting down and abandoning module Android_ATCTargetPlatform (31)
[2016.08.18-18.46.19:151][405]LogModuleManager: Shutting down and abandoning module Android_ASTCTargetPlatform (30)
[2016.08.18-18.46.19:151][405]LogModuleManager: Shutting down and abandoning module AndroidTargetPlatform (29)
[2016.08.18-18.46.19:151][405]LogModuleManager: Shutting down and abandoning module WindowsTargetPlatform (28)
[2016.08.18-18.46.19:151][405]LogModuleManager: Shutting down and abandoning module WindowsServerTargetPlatform (27)
[2016.08.18-18.46.19:151][405]LogModuleManager: Shutting down and abandoning module WindowsNoEditorTargetPlatform (26)
[2016.08.18-18.46.19:151][405]LogModuleManager: Shutting down and abandoning module WindowsClientTargetPlatform (25)
[2016.08.18-18.46.19:151][405]LogModuleManager: Shutting down and abandoning module AllDesktopTargetPlatform (24)
[2016.08.18-18.46.19:151][405]LogModuleManager: Shutting down and abandoning module TargetPlatform (23)
[2016.08.18-18.46.19:151][405]LogModuleManager: Shutting down and abandoning module InputCore (22)
[2016.08.18-18.46.19:151][405]LogModuleManager: Shutting down and abandoning module Settings (21)
[2016.08.18-18.46.19:151][405]LogModuleManager: Shutting down and abandoning module OnlineSubsystem (19)
[2016.08.18-18.46.19:151][405]LogModuleManager: Shutting down and abandoning module HTTP (18)
[2016.08.18-18.46.19:151][405]LogModuleManager: Shutting down and abandoning module XMPP (17)
[2016.08.18-18.46.19:151][405]LogModuleManager: Shutting down and abandoning module OculusRift (16)
[2016.08.18-18.46.19:151][405]LogModuleManager: Shutting down and abandoning module ExampleDeviceProfileSelector (15)
[2016.08.18-18.46.19:151][405]LogModuleManager: Shutting down and abandoning module TextureCompressor (14)
[2016.08.18-18.46.19:151][405]LogModuleManager: Shutting down and abandoning module ShaderCore (13)
[2016.08.18-18.46.19:151][405]LogModuleManager: Shutting down and abandoning module Landscape (12)
[2016.08.18-18.46.19:151][405]LogModuleManager: Shutting down and abandoning module SlateRHIRenderer (11)
[2016.08.18-18.46.19:152][405]LogModuleManager: Shutting down and abandoning module OpenGLDrv (10)
[2016.08.18-18.46.19:152][405]LogModuleManager: Shutting down and abandoning module D3D11RHI (9)
[2016.08.18-18.46.19:152][405]LogModuleManager: Shutting down and abandoning module AnimGraphRuntime (8)
[2016.08.18-18.46.19:152][405]LogModuleManager: Shutting down and abandoning module Renderer (7)
[2016.08.18-18.46.19:152][405]LogModuleManager: Shutting down and abandoning module Engine (6)
[2016.08.18-18.46.19:152][405]LogModuleManager: Shutting down and abandoning module CoreUObject (5)
[2016.08.18-18.46.19:152][405]LogModuleManager: Shutting down and abandoning module NetworkFile (4)
[2016.08.18-18.46.19:152][405]LogModuleManager: Shutting down and abandoning module StreamingFile (3)
[2016.08.18-18.46.19:152][405]LogModuleManager: Shutting down and abandoning module SandboxFile (2)
[2016.08.18-18.46.19:152][405]LogModuleManager: Shutting down and abandoning module PakFile (1)
[2016.08.18-18.46.19:153][405]LogExit: Exiting.
[2016.08.18-18.46.19:154][405]Log file closed, 08/18/16 14:46:19
